[2025-04-04T09:04:45.482+0000] {processor.py:186} INFO - Started process (PID=161) to work on /home/airflow/.local/lib/python3.12/site-packages/airflow/example_dags/example_xcom.py
[2025-04-04T09:04:45.519+0000] {processor.py:914} INFO - Processing file /home/airflow/.local/lib/python3.12/site-packages/airflow/example_dags/example_xcom.py for tasks to queue
[2025-04-04T09:04:45.576+0000] {logging_mixin.py:190} INFO - [2025-04-04T09:04:45.563+0000] {dagbag.py:588} INFO - Filling up the DagBag from /home/airflow/.local/lib/python3.12/site-packages/airflow/example_dags/example_xcom.py
[2025-04-04T09:04:45.827+0000] {processor.py:925} INFO - DAG(s) 'example_xcom' retrieved from /home/airflow/.local/lib/python3.12/site-packages/airflow/example_dags/example_xcom.py
[2025-04-04T09:04:48.804+0000] {logging_mixin.py:190} INFO - [2025-04-04T09:04:48.802+0000] {override.py:1912} INFO - Created Permission View: can delete on DAG:example_xcom
[2025-04-04T09:04:49.098+0000] {logging_mixin.py:190} INFO - [2025-04-04T09:04:49.097+0000] {override.py:1912} INFO - Created Permission View: can edit on DAG:example_xcom
[2025-04-04T09:04:49.236+0000] {logging_mixin.py:190} INFO - [2025-04-04T09:04:49.235+0000] {override.py:1912} INFO - Created Permission View: can read on DAG:example_xcom
[2025-04-04T09:04:49.415+0000] {logging_mixin.py:190} INFO - [2025-04-04T09:04:49.414+0000] {override.py:1912} INFO - Created Permission View: menu access on DAG Run:example_xcom
[2025-04-04T09:04:49.551+0000] {logging_mixin.py:190} INFO - [2025-04-04T09:04:49.550+0000] {override.py:1912} INFO - Created Permission View: can create on DAG Run:example_xcom
[2025-04-04T09:04:49.654+0000] {logging_mixin.py:190} INFO - [2025-04-04T09:04:49.652+0000] {override.py:1912} INFO - Created Permission View: can delete on DAG Run:example_xcom
[2025-04-04T09:04:49.798+0000] {logging_mixin.py:190} INFO - [2025-04-04T09:04:49.787+0000] {override.py:1912} INFO - Created Permission View: can read on DAG Run:example_xcom
[2025-04-04T09:04:49.804+0000] {logging_mixin.py:190} INFO - [2025-04-04T09:04:49.803+0000] {dag.py:3239} INFO - Sync 1 DAGs
[2025-04-04T09:04:49.998+0000] {logging_mixin.py:190} INFO - [2025-04-04T09:04:49.997+0000] {dag.py:3262} INFO - Creating ORM DAG for example_xcom
[2025-04-04T09:04:50.137+0000] {logging_mixin.py:190} INFO - [2025-04-04T09:04:50.136+0000] {dag.py:4180} INFO - Setting next_dagrun for example_xcom to 2021-01-01 00:00:00+00:00, run_after=2021-01-01 00:00:00+00:00
[2025-04-04T09:04:50.483+0000] {processor.py:208} INFO - Processing /home/airflow/.local/lib/python3.12/site-packages/airflow/example_dags/example_xcom.py took 5.177 seconds
[2025-04-04T09:16:59.029+0000] {processor.py:186} INFO - Started process (PID=136) to work on /home/airflow/.local/lib/python3.12/site-packages/airflow/example_dags/example_xcom.py
[2025-04-04T09:16:59.045+0000] {processor.py:914} INFO - Processing file /home/airflow/.local/lib/python3.12/site-packages/airflow/example_dags/example_xcom.py for tasks to queue
[2025-04-04T09:16:59.175+0000] {logging_mixin.py:190} INFO - [2025-04-04T09:16:59.162+0000] {dagbag.py:588} INFO - Filling up the DagBag from /home/airflow/.local/lib/python3.12/site-packages/airflow/example_dags/example_xcom.py
[2025-04-04T09:16:59.479+0000] {processor.py:925} INFO - DAG(s) 'example_xcom' retrieved from /home/airflow/.local/lib/python3.12/site-packages/airflow/example_dags/example_xcom.py
[2025-04-04T09:16:59.927+0000] {logging_mixin.py:190} INFO - [2025-04-04T09:16:59.926+0000] {dag.py:3239} INFO - Sync 1 DAGs
[2025-04-04T09:17:00.610+0000] {logging_mixin.py:190} INFO - [2025-04-04T09:17:00.609+0000] {dag.py:4180} INFO - Setting next_dagrun for example_xcom to 2021-01-01 00:00:00+00:00, run_after=2021-01-01 00:00:00+00:00
[2025-04-04T09:17:01.159+0000] {processor.py:208} INFO - Processing /home/airflow/.local/lib/python3.12/site-packages/airflow/example_dags/example_xcom.py took 2.399 seconds
[2025-04-04T09:18:09.910+0000] {processor.py:186} INFO - Started process (PID=211) to work on /home/airflow/.local/lib/python3.12/site-packages/airflow/example_dags/example_xcom.py
[2025-04-04T09:18:09.918+0000] {processor.py:914} INFO - Processing file /home/airflow/.local/lib/python3.12/site-packages/airflow/example_dags/example_xcom.py for tasks to queue
[2025-04-04T09:18:09.951+0000] {logging_mixin.py:190} INFO - [2025-04-04T09:18:09.949+0000] {dagbag.py:588} INFO - Filling up the DagBag from /home/airflow/.local/lib/python3.12/site-packages/airflow/example_dags/example_xcom.py
[2025-04-04T09:18:10.067+0000] {processor.py:925} INFO - DAG(s) 'example_xcom' retrieved from /home/airflow/.local/lib/python3.12/site-packages/airflow/example_dags/example_xcom.py
[2025-04-04T09:18:10.262+0000] {logging_mixin.py:190} INFO - [2025-04-04T09:18:10.260+0000] {dag.py:3239} INFO - Sync 1 DAGs
[2025-04-04T09:18:10.412+0000] {logging_mixin.py:190} INFO - [2025-04-04T09:18:10.411+0000] {dag.py:4180} INFO - Setting next_dagrun for example_xcom to 2021-01-01 00:00:00+00:00, run_after=2021-01-01 00:00:00+00:00
[2025-04-04T09:18:10.549+0000] {processor.py:208} INFO - Processing /home/airflow/.local/lib/python3.12/site-packages/airflow/example_dags/example_xcom.py took 0.676 seconds
[2025-04-04T09:19:00.305+0000] {processor.py:186} INFO - Started process (PID=277) to work on /home/airflow/.local/lib/python3.12/site-packages/airflow/example_dags/example_xcom.py
[2025-04-04T09:19:00.312+0000] {processor.py:914} INFO - Processing file /home/airflow/.local/lib/python3.12/site-packages/airflow/example_dags/example_xcom.py for tasks to queue
[2025-04-04T09:19:00.347+0000] {logging_mixin.py:190} INFO - [2025-04-04T09:19:00.336+0000] {dagbag.py:588} INFO - Filling up the DagBag from /home/airflow/.local/lib/python3.12/site-packages/airflow/example_dags/example_xcom.py
[2025-04-04T09:19:00.492+0000] {processor.py:925} INFO - DAG(s) 'example_xcom' retrieved from /home/airflow/.local/lib/python3.12/site-packages/airflow/example_dags/example_xcom.py
[2025-04-04T09:19:00.671+0000] {logging_mixin.py:190} INFO - [2025-04-04T09:19:00.670+0000] {dag.py:3239} INFO - Sync 1 DAGs
[2025-04-04T09:19:00.902+0000] {logging_mixin.py:190} INFO - [2025-04-04T09:19:00.895+0000] {dag.py:4180} INFO - Setting next_dagrun for example_xcom to 2021-01-01 00:00:00+00:00, run_after=2021-01-01 00:00:00+00:00
[2025-04-04T09:19:01.267+0000] {processor.py:208} INFO - Processing /home/airflow/.local/lib/python3.12/site-packages/airflow/example_dags/example_xcom.py took 1.046 seconds
[2025-04-04T09:20:38.044+0000] {processor.py:186} INFO - Started process (PID=366) to work on /home/airflow/.local/lib/python3.12/site-packages/airflow/example_dags/example_xcom.py
[2025-04-04T09:20:38.062+0000] {processor.py:914} INFO - Processing file /home/airflow/.local/lib/python3.12/site-packages/airflow/example_dags/example_xcom.py for tasks to queue
[2025-04-04T09:20:38.141+0000] {logging_mixin.py:190} INFO - [2025-04-04T09:20:38.139+0000] {dagbag.py:588} INFO - Filling up the DagBag from /home/airflow/.local/lib/python3.12/site-packages/airflow/example_dags/example_xcom.py
[2025-04-04T09:20:38.398+0000] {processor.py:925} INFO - DAG(s) 'example_xcom' retrieved from /home/airflow/.local/lib/python3.12/site-packages/airflow/example_dags/example_xcom.py
[2025-04-04T09:20:38.903+0000] {logging_mixin.py:190} INFO - [2025-04-04T09:20:38.895+0000] {dag.py:3239} INFO - Sync 1 DAGs
[2025-04-04T09:20:39.261+0000] {logging_mixin.py:190} INFO - [2025-04-04T09:20:39.260+0000] {dag.py:4180} INFO - Setting next_dagrun for example_xcom to 2021-01-01 00:00:00+00:00, run_after=2021-01-01 00:00:00+00:00
[2025-04-04T09:20:39.516+0000] {processor.py:208} INFO - Processing /home/airflow/.local/lib/python3.12/site-packages/airflow/example_dags/example_xcom.py took 1.602 seconds
[2025-04-04T09:21:29.136+0000] {processor.py:186} INFO - Started process (PID=435) to work on /home/airflow/.local/lib/python3.12/site-packages/airflow/example_dags/example_xcom.py
[2025-04-04T09:21:29.141+0000] {processor.py:914} INFO - Processing file /home/airflow/.local/lib/python3.12/site-packages/airflow/example_dags/example_xcom.py for tasks to queue
[2025-04-04T09:21:29.165+0000] {logging_mixin.py:190} INFO - [2025-04-04T09:21:29.161+0000] {dagbag.py:588} INFO - Filling up the DagBag from /home/airflow/.local/lib/python3.12/site-packages/airflow/example_dags/example_xcom.py
[2025-04-04T09:21:29.244+0000] {processor.py:925} INFO - DAG(s) 'example_xcom' retrieved from /home/airflow/.local/lib/python3.12/site-packages/airflow/example_dags/example_xcom.py
[2025-04-04T09:21:29.407+0000] {logging_mixin.py:190} INFO - [2025-04-04T09:21:29.405+0000] {dag.py:3239} INFO - Sync 1 DAGs
[2025-04-04T09:21:29.543+0000] {logging_mixin.py:190} INFO - [2025-04-04T09:21:29.542+0000] {dag.py:4180} INFO - Setting next_dagrun for example_xcom to 2021-01-01 00:00:00+00:00, run_after=2021-01-01 00:00:00+00:00
[2025-04-04T09:21:29.698+0000] {processor.py:208} INFO - Processing /home/airflow/.local/lib/python3.12/site-packages/airflow/example_dags/example_xcom.py took 0.615 seconds
[2025-04-04T09:22:16.048+0000] {processor.py:186} INFO - Started process (PID=508) to work on /home/airflow/.local/lib/python3.12/site-packages/airflow/example_dags/example_xcom.py
[2025-04-04T09:22:16.107+0000] {processor.py:914} INFO - Processing file /home/airflow/.local/lib/python3.12/site-packages/airflow/example_dags/example_xcom.py for tasks to queue
[2025-04-04T09:22:16.147+0000] {logging_mixin.py:190} INFO - [2025-04-04T09:22:16.145+0000] {dagbag.py:588} INFO - Filling up the DagBag from /home/airflow/.local/lib/python3.12/site-packages/airflow/example_dags/example_xcom.py
[2025-04-04T09:22:16.328+0000] {processor.py:925} INFO - DAG(s) 'example_xcom' retrieved from /home/airflow/.local/lib/python3.12/site-packages/airflow/example_dags/example_xcom.py
[2025-04-04T09:22:16.691+0000] {logging_mixin.py:190} INFO - [2025-04-04T09:22:16.679+0000] {dag.py:3239} INFO - Sync 1 DAGs
[2025-04-04T09:22:17.075+0000] {logging_mixin.py:190} INFO - [2025-04-04T09:22:17.073+0000] {dag.py:4180} INFO - Setting next_dagrun for example_xcom to 2021-01-01 00:00:00+00:00, run_after=2021-01-01 00:00:00+00:00
[2025-04-04T09:22:17.358+0000] {processor.py:208} INFO - Processing /home/airflow/.local/lib/python3.12/site-packages/airflow/example_dags/example_xcom.py took 1.397 seconds
[2025-04-04T09:23:36.830+0000] {processor.py:186} INFO - Started process (PID=598) to work on /home/airflow/.local/lib/python3.12/site-packages/airflow/example_dags/example_xcom.py
[2025-04-04T09:23:36.840+0000] {processor.py:914} INFO - Processing file /home/airflow/.local/lib/python3.12/site-packages/airflow/example_dags/example_xcom.py for tasks to queue
[2025-04-04T09:23:36.864+0000] {logging_mixin.py:190} INFO - [2025-04-04T09:23:36.862+0000] {dagbag.py:588} INFO - Filling up the DagBag from /home/airflow/.local/lib/python3.12/site-packages/airflow/example_dags/example_xcom.py
[2025-04-04T09:23:37.004+0000] {processor.py:925} INFO - DAG(s) 'example_xcom' retrieved from /home/airflow/.local/lib/python3.12/site-packages/airflow/example_dags/example_xcom.py
[2025-04-04T09:23:37.222+0000] {logging_mixin.py:190} INFO - [2025-04-04T09:23:37.219+0000] {dag.py:3239} INFO - Sync 1 DAGs
[2025-04-04T09:23:37.417+0000] {logging_mixin.py:190} INFO - [2025-04-04T09:23:37.416+0000] {dag.py:4180} INFO - Setting next_dagrun for example_xcom to 2021-01-01 00:00:00+00:00, run_after=2021-01-01 00:00:00+00:00
[2025-04-04T09:23:37.527+0000] {processor.py:208} INFO - Processing /home/airflow/.local/lib/python3.12/site-packages/airflow/example_dags/example_xcom.py took 0.747 seconds
[2025-04-04T09:24:08.343+0000] {processor.py:186} INFO - Started process (PID=661) to work on /home/airflow/.local/lib/python3.12/site-packages/airflow/example_dags/example_xcom.py
[2025-04-04T09:24:08.347+0000] {processor.py:914} INFO - Processing file /home/airflow/.local/lib/python3.12/site-packages/airflow/example_dags/example_xcom.py for tasks to queue
[2025-04-04T09:24:08.360+0000] {logging_mixin.py:190} INFO - [2025-04-04T09:24:08.359+0000] {dagbag.py:588} INFO - Filling up the DagBag from /home/airflow/.local/lib/python3.12/site-packages/airflow/example_dags/example_xcom.py
[2025-04-04T09:24:08.398+0000] {processor.py:925} INFO - DAG(s) 'example_xcom' retrieved from /home/airflow/.local/lib/python3.12/site-packages/airflow/example_dags/example_xcom.py
[2025-04-04T09:24:08.498+0000] {logging_mixin.py:190} INFO - [2025-04-04T09:24:08.497+0000] {dag.py:3239} INFO - Sync 1 DAGs
[2025-04-04T09:24:08.622+0000] {logging_mixin.py:190} INFO - [2025-04-04T09:24:08.621+0000] {dag.py:4180} INFO - Setting next_dagrun for example_xcom to 2021-01-01 00:00:00+00:00, run_after=2021-01-01 00:00:00+00:00
[2025-04-04T09:24:08.704+0000] {processor.py:208} INFO - Processing /home/airflow/.local/lib/python3.12/site-packages/airflow/example_dags/example_xcom.py took 0.385 seconds
[2025-04-04T09:24:50.270+0000] {processor.py:186} INFO - Started process (PID=730) to work on /home/airflow/.local/lib/python3.12/site-packages/airflow/example_dags/example_xcom.py
[2025-04-04T09:24:50.281+0000] {processor.py:914} INFO - Processing file /home/airflow/.local/lib/python3.12/site-packages/airflow/example_dags/example_xcom.py for tasks to queue
[2025-04-04T09:24:50.328+0000] {logging_mixin.py:190} INFO - [2025-04-04T09:24:50.325+0000] {dagbag.py:588} INFO - Filling up the DagBag from /home/airflow/.local/lib/python3.12/site-packages/airflow/example_dags/example_xcom.py
[2025-04-04T09:24:50.492+0000] {processor.py:925} INFO - DAG(s) 'example_xcom' retrieved from /home/airflow/.local/lib/python3.12/site-packages/airflow/example_dags/example_xcom.py
[2025-04-04T09:24:50.790+0000] {logging_mixin.py:190} INFO - [2025-04-04T09:24:50.789+0000] {dag.py:3239} INFO - Sync 1 DAGs
[2025-04-04T09:24:51.028+0000] {logging_mixin.py:190} INFO - [2025-04-04T09:24:51.027+0000] {dag.py:4180} INFO - Setting next_dagrun for example_xcom to 2021-01-01 00:00:00+00:00, run_after=2021-01-01 00:00:00+00:00
[2025-04-04T09:24:51.157+0000] {processor.py:208} INFO - Processing /home/airflow/.local/lib/python3.12/site-packages/airflow/example_dags/example_xcom.py took 0.950 seconds
[2025-04-04T09:25:24.559+0000] {processor.py:186} INFO - Started process (PID=794) to work on /home/airflow/.local/lib/python3.12/site-packages/airflow/example_dags/example_xcom.py
[2025-04-04T09:25:24.565+0000] {processor.py:914} INFO - Processing file /home/airflow/.local/lib/python3.12/site-packages/airflow/example_dags/example_xcom.py for tasks to queue
[2025-04-04T09:25:24.587+0000] {logging_mixin.py:190} INFO - [2025-04-04T09:25:24.584+0000] {dagbag.py:588} INFO - Filling up the DagBag from /home/airflow/.local/lib/python3.12/site-packages/airflow/example_dags/example_xcom.py
[2025-04-04T09:25:24.658+0000] {processor.py:925} INFO - DAG(s) 'example_xcom' retrieved from /home/airflow/.local/lib/python3.12/site-packages/airflow/example_dags/example_xcom.py
[2025-04-04T09:25:24.786+0000] {logging_mixin.py:190} INFO - [2025-04-04T09:25:24.785+0000] {dag.py:3239} INFO - Sync 1 DAGs
[2025-04-04T09:25:24.959+0000] {logging_mixin.py:190} INFO - [2025-04-04T09:25:24.958+0000] {dag.py:4180} INFO - Setting next_dagrun for example_xcom to 2021-01-01 00:00:00+00:00, run_after=2021-01-01 00:00:00+00:00
[2025-04-04T09:25:25.076+0000] {processor.py:208} INFO - Processing /home/airflow/.local/lib/python3.12/site-packages/airflow/example_dags/example_xcom.py took 0.570 seconds
[2025-04-04T09:26:14.413+0000] {processor.py:186} INFO - Started process (PID=870) to work on /home/airflow/.local/lib/python3.12/site-packages/airflow/example_dags/example_xcom.py
[2025-04-04T09:26:14.430+0000] {processor.py:914} INFO - Processing file /home/airflow/.local/lib/python3.12/site-packages/airflow/example_dags/example_xcom.py for tasks to queue
[2025-04-04T09:26:14.478+0000] {logging_mixin.py:190} INFO - [2025-04-04T09:26:14.474+0000] {dagbag.py:588} INFO - Filling up the DagBag from /home/airflow/.local/lib/python3.12/site-packages/airflow/example_dags/example_xcom.py
[2025-04-04T09:26:14.576+0000] {processor.py:925} INFO - DAG(s) 'example_xcom' retrieved from /home/airflow/.local/lib/python3.12/site-packages/airflow/example_dags/example_xcom.py
[2025-04-04T09:26:14.798+0000] {logging_mixin.py:190} INFO - [2025-04-04T09:26:14.797+0000] {dag.py:3239} INFO - Sync 1 DAGs
[2025-04-04T09:26:14.989+0000] {logging_mixin.py:190} INFO - [2025-04-04T09:26:14.979+0000] {dag.py:4180} INFO - Setting next_dagrun for example_xcom to 2021-01-01 00:00:00+00:00, run_after=2021-01-01 00:00:00+00:00
[2025-04-04T09:26:15.197+0000] {processor.py:208} INFO - Processing /home/airflow/.local/lib/python3.12/site-packages/airflow/example_dags/example_xcom.py took 0.883 seconds
[2025-04-04T09:26:50.632+0000] {processor.py:186} INFO - Started process (PID=932) to work on /home/airflow/.local/lib/python3.12/site-packages/airflow/example_dags/example_xcom.py
[2025-04-04T09:26:50.636+0000] {processor.py:914} INFO - Processing file /home/airflow/.local/lib/python3.12/site-packages/airflow/example_dags/example_xcom.py for tasks to queue
[2025-04-04T09:26:50.648+0000] {logging_mixin.py:190} INFO - [2025-04-04T09:26:50.646+0000] {dagbag.py:588} INFO - Filling up the DagBag from /home/airflow/.local/lib/python3.12/site-packages/airflow/example_dags/example_xcom.py
[2025-04-04T09:26:50.693+0000] {processor.py:925} INFO - DAG(s) 'example_xcom' retrieved from /home/airflow/.local/lib/python3.12/site-packages/airflow/example_dags/example_xcom.py
[2025-04-04T09:26:50.811+0000] {logging_mixin.py:190} INFO - [2025-04-04T09:26:50.810+0000] {dag.py:3239} INFO - Sync 1 DAGs
[2025-04-04T09:26:50.937+0000] {logging_mixin.py:190} INFO - [2025-04-04T09:26:50.936+0000] {dag.py:4180} INFO - Setting next_dagrun for example_xcom to 2021-01-01 00:00:00+00:00, run_after=2021-01-01 00:00:00+00:00
[2025-04-04T09:26:51.028+0000] {processor.py:208} INFO - Processing /home/airflow/.local/lib/python3.12/site-packages/airflow/example_dags/example_xcom.py took 0.428 seconds
[2025-04-04T09:33:23.776+0000] {processor.py:186} INFO - Started process (PID=151) to work on /home/airflow/.local/lib/python3.12/site-packages/airflow/example_dags/example_xcom.py
[2025-04-04T09:33:23.793+0000] {processor.py:914} INFO - Processing file /home/airflow/.local/lib/python3.12/site-packages/airflow/example_dags/example_xcom.py for tasks to queue
[2025-04-04T09:33:23.854+0000] {logging_mixin.py:190} INFO - [2025-04-04T09:33:23.844+0000] {dagbag.py:588} INFO - Filling up the DagBag from /home/airflow/.local/lib/python3.12/site-packages/airflow/example_dags/example_xcom.py
[2025-04-04T09:33:24.107+0000] {processor.py:925} INFO - DAG(s) 'example_xcom' retrieved from /home/airflow/.local/lib/python3.12/site-packages/airflow/example_dags/example_xcom.py
[2025-04-04T09:33:24.373+0000] {logging_mixin.py:190} INFO - [2025-04-04T09:33:24.371+0000] {dag.py:3239} INFO - Sync 1 DAGs
[2025-04-04T09:33:24.638+0000] {logging_mixin.py:190} INFO - [2025-04-04T09:33:24.636+0000] {dag.py:4180} INFO - Setting next_dagrun for example_xcom to 2021-01-01 00:00:00+00:00, run_after=2021-01-01 00:00:00+00:00
[2025-04-04T09:33:24.848+0000] {processor.py:208} INFO - Processing /home/airflow/.local/lib/python3.12/site-packages/airflow/example_dags/example_xcom.py took 1.258 seconds
