[2025-04-04T09:17:26.658+0000] {processor.py:186} INFO - Started process (PID=154) to work on /home/airflow/.local/lib/python3.12/site-packages/airflow/example_dags/example_bash_operator.py
[2025-04-04T09:17:26.678+0000] {processor.py:914} INFO - Processing file /home/airflow/.local/lib/python3.12/site-packages/airflow/example_dags/example_bash_operator.py for tasks to queue
[2025-04-04T09:17:26.697+0000] {logging_mixin.py:190} INFO - [2025-04-04T09:17:26.695+0000] {dagbag.py:588} INFO - Filling up the DagBag from /home/airflow/.local/lib/python3.12/site-packages/airflow/example_dags/example_bash_operator.py
[2025-04-04T09:17:26.871+0000] {processor.py:925} INFO - DAG(s) 'example_bash_operator' retrieved from /home/airflow/.local/lib/python3.12/site-packages/airflow/example_dags/example_bash_operator.py
[2025-04-04T09:17:28.232+0000] {logging_mixin.py:190} INFO - [2025-04-04T09:17:28.223+0000] {override.py:1912} INFO - Created Permission View: can delete on DAG:example_bash_operator
[2025-04-04T09:17:28.385+0000] {logging_mixin.py:190} INFO - [2025-04-04T09:17:28.383+0000] {override.py:1912} INFO - Created Permission View: can edit on DAG:example_bash_operator
[2025-04-04T09:17:28.471+0000] {logging_mixin.py:190} INFO - [2025-04-04T09:17:28.469+0000] {override.py:1912} INFO - Created Permission View: can read on DAG:example_bash_operator
[2025-04-04T09:17:28.637+0000] {logging_mixin.py:190} INFO - [2025-04-04T09:17:28.635+0000] {override.py:1912} INFO - Created Permission View: menu access on DAG Run:example_bash_operator
[2025-04-04T09:17:28.733+0000] {logging_mixin.py:190} INFO - [2025-04-04T09:17:28.724+0000] {override.py:1912} INFO - Created Permission View: can delete on DAG Run:example_bash_operator
[2025-04-04T09:17:28.798+0000] {logging_mixin.py:190} INFO - [2025-04-04T09:17:28.796+0000] {override.py:1912} INFO - Created Permission View: can read on DAG Run:example_bash_operator
[2025-04-04T09:17:28.862+0000] {logging_mixin.py:190} INFO - [2025-04-04T09:17:28.861+0000] {override.py:1912} INFO - Created Permission View: can create on DAG Run:example_bash_operator
[2025-04-04T09:17:28.887+0000] {logging_mixin.py:190} INFO - [2025-04-04T09:17:28.886+0000] {dag.py:3239} INFO - Sync 1 DAGs
[2025-04-04T09:17:29.088+0000] {logging_mixin.py:190} INFO - [2025-04-04T09:17:29.087+0000] {dag.py:3262} INFO - Creating ORM DAG for example_bash_operator
[2025-04-04T09:17:29.284+0000] {logging_mixin.py:190} INFO - [2025-04-04T09:17:29.283+0000] {dag.py:4180} INFO - Setting next_dagrun for example_bash_operator to 2025-04-03 00:00:00+00:00, run_after=2025-04-04 00:00:00+00:00
[2025-04-04T09:17:29.509+0000] {processor.py:208} INFO - Processing /home/airflow/.local/lib/python3.12/site-packages/airflow/example_dags/example_bash_operator.py took 2.919 seconds
[2025-04-04T09:18:18.333+0000] {processor.py:186} INFO - Started process (PID=225) to work on /home/airflow/.local/lib/python3.12/site-packages/airflow/example_dags/example_bash_operator.py
[2025-04-04T09:18:18.338+0000] {processor.py:914} INFO - Processing file /home/airflow/.local/lib/python3.12/site-packages/airflow/example_dags/example_bash_operator.py for tasks to queue
[2025-04-04T09:18:18.355+0000] {logging_mixin.py:190} INFO - [2025-04-04T09:18:18.353+0000] {dagbag.py:588} INFO - Filling up the DagBag from /home/airflow/.local/lib/python3.12/site-packages/airflow/example_dags/example_bash_operator.py
[2025-04-04T09:18:18.458+0000] {processor.py:925} INFO - DAG(s) 'example_bash_operator' retrieved from /home/airflow/.local/lib/python3.12/site-packages/airflow/example_dags/example_bash_operator.py
[2025-04-04T09:18:18.592+0000] {logging_mixin.py:190} INFO - [2025-04-04T09:18:18.591+0000] {dag.py:3239} INFO - Sync 1 DAGs
[2025-04-04T09:18:18.747+0000] {logging_mixin.py:190} INFO - [2025-04-04T09:18:18.746+0000] {dag.py:4180} INFO - Setting next_dagrun for example_bash_operator to 2025-04-03 00:00:00+00:00, run_after=2025-04-04 00:00:00+00:00
[2025-04-04T09:18:18.830+0000] {processor.py:208} INFO - Processing /home/airflow/.local/lib/python3.12/site-packages/airflow/example_dags/example_bash_operator.py took 0.541 seconds
[2025-04-04T09:20:09.172+0000] {processor.py:186} INFO - Started process (PID=337) to work on /home/airflow/.local/lib/python3.12/site-packages/airflow/example_dags/example_bash_operator.py
[2025-04-04T09:20:09.186+0000] {processor.py:914} INFO - Processing file /home/airflow/.local/lib/python3.12/site-packages/airflow/example_dags/example_bash_operator.py for tasks to queue
[2025-04-04T09:20:09.230+0000] {logging_mixin.py:190} INFO - [2025-04-04T09:20:09.227+0000] {dagbag.py:588} INFO - Filling up the DagBag from /home/airflow/.local/lib/python3.12/site-packages/airflow/example_dags/example_bash_operator.py
[2025-04-04T09:20:09.374+0000] {processor.py:925} INFO - DAG(s) 'example_bash_operator' retrieved from /home/airflow/.local/lib/python3.12/site-packages/airflow/example_dags/example_bash_operator.py
[2025-04-04T09:20:09.681+0000] {logging_mixin.py:190} INFO - [2025-04-04T09:20:09.679+0000] {dag.py:3239} INFO - Sync 1 DAGs
[2025-04-04T09:20:09.879+0000] {logging_mixin.py:190} INFO - [2025-04-04T09:20:09.874+0000] {dag.py:4180} INFO - Setting next_dagrun for example_bash_operator to 2025-04-03 00:00:00+00:00, run_after=2025-04-04 00:00:00+00:00
[2025-04-04T09:20:10.088+0000] {processor.py:208} INFO - Processing /home/airflow/.local/lib/python3.12/site-packages/airflow/example_dags/example_bash_operator.py took 0.968 seconds
[2025-04-04T09:21:13.016+0000] {processor.py:186} INFO - Started process (PID=413) to work on /home/airflow/.local/lib/python3.12/site-packages/airflow/example_dags/example_bash_operator.py
[2025-04-04T09:21:13.022+0000] {processor.py:914} INFO - Processing file /home/airflow/.local/lib/python3.12/site-packages/airflow/example_dags/example_bash_operator.py for tasks to queue
[2025-04-04T09:21:13.042+0000] {logging_mixin.py:190} INFO - [2025-04-04T09:21:13.040+0000] {dagbag.py:588} INFO - Filling up the DagBag from /home/airflow/.local/lib/python3.12/site-packages/airflow/example_dags/example_bash_operator.py
[2025-04-04T09:21:13.176+0000] {processor.py:925} INFO - DAG(s) 'example_bash_operator' retrieved from /home/airflow/.local/lib/python3.12/site-packages/airflow/example_dags/example_bash_operator.py
[2025-04-04T09:21:13.436+0000] {logging_mixin.py:190} INFO - [2025-04-04T09:21:13.434+0000] {dag.py:3239} INFO - Sync 1 DAGs
[2025-04-04T09:21:13.616+0000] {logging_mixin.py:190} INFO - [2025-04-04T09:21:13.614+0000] {dag.py:4180} INFO - Setting next_dagrun for example_bash_operator to 2025-04-03 00:00:00+00:00, run_after=2025-04-04 00:00:00+00:00
[2025-04-04T09:21:13.741+0000] {processor.py:208} INFO - Processing /home/airflow/.local/lib/python3.12/site-packages/airflow/example_dags/example_bash_operator.py took 0.768 seconds
[2025-04-04T09:21:50.687+0000] {processor.py:186} INFO - Started process (PID=476) to work on /home/airflow/.local/lib/python3.12/site-packages/airflow/example_dags/example_bash_operator.py
[2025-04-04T09:21:50.702+0000] {processor.py:914} INFO - Processing file /home/airflow/.local/lib/python3.12/site-packages/airflow/example_dags/example_bash_operator.py for tasks to queue
[2025-04-04T09:21:50.731+0000] {logging_mixin.py:190} INFO - [2025-04-04T09:21:50.725+0000] {dagbag.py:588} INFO - Filling up the DagBag from /home/airflow/.local/lib/python3.12/site-packages/airflow/example_dags/example_bash_operator.py
[2025-04-04T09:21:50.849+0000] {processor.py:925} INFO - DAG(s) 'example_bash_operator' retrieved from /home/airflow/.local/lib/python3.12/site-packages/airflow/example_dags/example_bash_operator.py
[2025-04-04T09:21:51.031+0000] {logging_mixin.py:190} INFO - [2025-04-04T09:21:51.030+0000] {dag.py:3239} INFO - Sync 1 DAGs
[2025-04-04T09:21:51.234+0000] {logging_mixin.py:190} INFO - [2025-04-04T09:21:51.233+0000] {dag.py:4180} INFO - Setting next_dagrun for example_bash_operator to 2025-04-03 00:00:00+00:00, run_after=2025-04-04 00:00:00+00:00
[2025-04-04T09:21:51.338+0000] {processor.py:208} INFO - Processing /home/airflow/.local/lib/python3.12/site-packages/airflow/example_dags/example_bash_operator.py took 0.723 seconds
[2025-04-04T09:23:12.543+0000] {processor.py:186} INFO - Started process (PID=570) to work on /home/airflow/.local/lib/python3.12/site-packages/airflow/example_dags/example_bash_operator.py
[2025-04-04T09:23:12.561+0000] {processor.py:914} INFO - Processing file /home/airflow/.local/lib/python3.12/site-packages/airflow/example_dags/example_bash_operator.py for tasks to queue
[2025-04-04T09:23:12.601+0000] {logging_mixin.py:190} INFO - [2025-04-04T09:23:12.586+0000] {dagbag.py:588} INFO - Filling up the DagBag from /home/airflow/.local/lib/python3.12/site-packages/airflow/example_dags/example_bash_operator.py
[2025-04-04T09:23:12.810+0000] {processor.py:925} INFO - DAG(s) 'example_bash_operator' retrieved from /home/airflow/.local/lib/python3.12/site-packages/airflow/example_dags/example_bash_operator.py
[2025-04-04T09:23:13.232+0000] {logging_mixin.py:190} INFO - [2025-04-04T09:23:13.231+0000] {dag.py:3239} INFO - Sync 1 DAGs
[2025-04-04T09:23:13.604+0000] {logging_mixin.py:190} INFO - [2025-04-04T09:23:13.602+0000] {dag.py:4180} INFO - Setting next_dagrun for example_bash_operator to 2025-04-03 00:00:00+00:00, run_after=2025-04-04 00:00:00+00:00
[2025-04-04T09:23:13.879+0000] {processor.py:208} INFO - Processing /home/airflow/.local/lib/python3.12/site-packages/airflow/example_dags/example_bash_operator.py took 1.432 seconds
[2025-04-04T09:23:56.551+0000] {processor.py:186} INFO - Started process (PID=637) to work on /home/airflow/.local/lib/python3.12/site-packages/airflow/example_dags/example_bash_operator.py
[2025-04-04T09:23:56.555+0000] {processor.py:914} INFO - Processing file /home/airflow/.local/lib/python3.12/site-packages/airflow/example_dags/example_bash_operator.py for tasks to queue
[2025-04-04T09:23:56.603+0000] {logging_mixin.py:190} INFO - [2025-04-04T09:23:56.591+0000] {dagbag.py:588} INFO - Filling up the DagBag from /home/airflow/.local/lib/python3.12/site-packages/airflow/example_dags/example_bash_operator.py
[2025-04-04T09:23:56.762+0000] {processor.py:925} INFO - DAG(s) 'example_bash_operator' retrieved from /home/airflow/.local/lib/python3.12/site-packages/airflow/example_dags/example_bash_operator.py
[2025-04-04T09:23:56.996+0000] {logging_mixin.py:190} INFO - [2025-04-04T09:23:56.995+0000] {dag.py:3239} INFO - Sync 1 DAGs
[2025-04-04T09:23:57.246+0000] {logging_mixin.py:190} INFO - [2025-04-04T09:23:57.245+0000] {dag.py:4180} INFO - Setting next_dagrun for example_bash_operator to 2025-04-03 00:00:00+00:00, run_after=2025-04-04 00:00:00+00:00
[2025-04-04T09:23:57.401+0000] {processor.py:208} INFO - Processing /home/airflow/.local/lib/python3.12/site-packages/airflow/example_dags/example_bash_operator.py took 0.888 seconds
[2025-04-04T09:24:31.780+0000] {processor.py:186} INFO - Started process (PID=699) to work on /home/airflow/.local/lib/python3.12/site-packages/airflow/example_dags/example_bash_operator.py
[2025-04-04T09:24:31.786+0000] {processor.py:914} INFO - Processing file /home/airflow/.local/lib/python3.12/site-packages/airflow/example_dags/example_bash_operator.py for tasks to queue
[2025-04-04T09:24:31.831+0000] {logging_mixin.py:190} INFO - [2025-04-04T09:24:31.806+0000] {dagbag.py:588} INFO - Filling up the DagBag from /home/airflow/.local/lib/python3.12/site-packages/airflow/example_dags/example_bash_operator.py
[2025-04-04T09:24:31.944+0000] {processor.py:925} INFO - DAG(s) 'example_bash_operator' retrieved from /home/airflow/.local/lib/python3.12/site-packages/airflow/example_dags/example_bash_operator.py
[2025-04-04T09:24:32.165+0000] {logging_mixin.py:190} INFO - [2025-04-04T09:24:32.164+0000] {dag.py:3239} INFO - Sync 1 DAGs
[2025-04-04T09:24:32.347+0000] {logging_mixin.py:190} INFO - [2025-04-04T09:24:32.346+0000] {dag.py:4180} INFO - Setting next_dagrun for example_bash_operator to 2025-04-03 00:00:00+00:00, run_after=2025-04-04 00:00:00+00:00
[2025-04-04T09:24:32.481+0000] {processor.py:208} INFO - Processing /home/airflow/.local/lib/python3.12/site-packages/airflow/example_dags/example_bash_operator.py took 0.751 seconds
[2025-04-04T09:25:14.626+0000] {processor.py:186} INFO - Started process (PID=776) to work on /home/airflow/.local/lib/python3.12/site-packages/airflow/example_dags/example_bash_operator.py
[2025-04-04T09:25:14.638+0000] {processor.py:914} INFO - Processing file /home/airflow/.local/lib/python3.12/site-packages/airflow/example_dags/example_bash_operator.py for tasks to queue
[2025-04-04T09:25:14.653+0000] {logging_mixin.py:190} INFO - [2025-04-04T09:25:14.651+0000] {dagbag.py:588} INFO - Filling up the DagBag from /home/airflow/.local/lib/python3.12/site-packages/airflow/example_dags/example_bash_operator.py
[2025-04-04T09:25:14.788+0000] {processor.py:925} INFO - DAG(s) 'example_bash_operator' retrieved from /home/airflow/.local/lib/python3.12/site-packages/airflow/example_dags/example_bash_operator.py
[2025-04-04T09:25:15.060+0000] {logging_mixin.py:190} INFO - [2025-04-04T09:25:15.058+0000] {dag.py:3239} INFO - Sync 1 DAGs
[2025-04-04T09:25:15.311+0000] {logging_mixin.py:190} INFO - [2025-04-04T09:25:15.310+0000] {dag.py:4180} INFO - Setting next_dagrun for example_bash_operator to 2025-04-03 00:00:00+00:00, run_after=2025-04-04 00:00:00+00:00
[2025-04-04T09:25:15.444+0000] {processor.py:208} INFO - Processing /home/airflow/.local/lib/python3.12/site-packages/airflow/example_dags/example_bash_operator.py took 0.881 seconds
[2025-04-04T09:26:04.157+0000] {processor.py:186} INFO - Started process (PID=846) to work on /home/airflow/.local/lib/python3.12/site-packages/airflow/example_dags/example_bash_operator.py
[2025-04-04T09:26:04.162+0000] {processor.py:914} INFO - Processing file /home/airflow/.local/lib/python3.12/site-packages/airflow/example_dags/example_bash_operator.py for tasks to queue
[2025-04-04T09:26:04.181+0000] {logging_mixin.py:190} INFO - [2025-04-04T09:26:04.179+0000] {dagbag.py:588} INFO - Filling up the DagBag from /home/airflow/.local/lib/python3.12/site-packages/airflow/example_dags/example_bash_operator.py
[2025-04-04T09:26:04.339+0000] {processor.py:925} INFO - DAG(s) 'example_bash_operator' retrieved from /home/airflow/.local/lib/python3.12/site-packages/airflow/example_dags/example_bash_operator.py
[2025-04-04T09:26:04.597+0000] {logging_mixin.py:190} INFO - [2025-04-04T09:26:04.596+0000] {dag.py:3239} INFO - Sync 1 DAGs
[2025-04-04T09:26:04.839+0000] {logging_mixin.py:190} INFO - [2025-04-04T09:26:04.838+0000] {dag.py:4180} INFO - Setting next_dagrun for example_bash_operator to 2025-04-03 00:00:00+00:00, run_after=2025-04-04 00:00:00+00:00
[2025-04-04T09:26:05.085+0000] {processor.py:208} INFO - Processing /home/airflow/.local/lib/python3.12/site-packages/airflow/example_dags/example_bash_operator.py took 0.978 seconds
[2025-04-04T09:26:40.797+0000] {processor.py:186} INFO - Started process (PID=909) to work on /home/airflow/.local/lib/python3.12/site-packages/airflow/example_dags/example_bash_operator.py
[2025-04-04T09:26:40.803+0000] {processor.py:914} INFO - Processing file /home/airflow/.local/lib/python3.12/site-packages/airflow/example_dags/example_bash_operator.py for tasks to queue
[2025-04-04T09:26:40.819+0000] {logging_mixin.py:190} INFO - [2025-04-04T09:26:40.817+0000] {dagbag.py:588} INFO - Filling up the DagBag from /home/airflow/.local/lib/python3.12/site-packages/airflow/example_dags/example_bash_operator.py
[2025-04-04T09:26:40.938+0000] {processor.py:925} INFO - DAG(s) 'example_bash_operator' retrieved from /home/airflow/.local/lib/python3.12/site-packages/airflow/example_dags/example_bash_operator.py
[2025-04-04T09:26:41.255+0000] {logging_mixin.py:190} INFO - [2025-04-04T09:26:41.254+0000] {dag.py:3239} INFO - Sync 1 DAGs
[2025-04-04T09:26:41.457+0000] {logging_mixin.py:190} INFO - [2025-04-04T09:26:41.456+0000] {dag.py:4180} INFO - Setting next_dagrun for example_bash_operator to 2025-04-03 00:00:00+00:00, run_after=2025-04-04 00:00:00+00:00
[2025-04-04T09:26:41.689+0000] {processor.py:208} INFO - Processing /home/airflow/.local/lib/python3.12/site-packages/airflow/example_dags/example_bash_operator.py took 0.934 seconds
[2025-04-04T09:33:39.105+0000] {processor.py:186} INFO - Started process (PID=168) to work on /home/airflow/.local/lib/python3.12/site-packages/airflow/example_dags/example_bash_operator.py
[2025-04-04T09:33:39.113+0000] {processor.py:914} INFO - Processing file /home/airflow/.local/lib/python3.12/site-packages/airflow/example_dags/example_bash_operator.py for tasks to queue
[2025-04-04T09:33:39.129+0000] {logging_mixin.py:190} INFO - [2025-04-04T09:33:39.128+0000] {dagbag.py:588} INFO - Filling up the DagBag from /home/airflow/.local/lib/python3.12/site-packages/airflow/example_dags/example_bash_operator.py
[2025-04-04T09:33:39.246+0000] {processor.py:925} INFO - DAG(s) 'example_bash_operator' retrieved from /home/airflow/.local/lib/python3.12/site-packages/airflow/example_dags/example_bash_operator.py
[2025-04-04T09:33:39.551+0000] {logging_mixin.py:190} INFO - [2025-04-04T09:33:39.550+0000] {dag.py:3239} INFO - Sync 1 DAGs
[2025-04-04T09:33:39.900+0000] {logging_mixin.py:190} INFO - [2025-04-04T09:33:39.888+0000] {dag.py:4180} INFO - Setting next_dagrun for example_bash_operator to 2025-04-03 00:00:00+00:00, run_after=2025-04-04 00:00:00+00:00
[2025-04-04T09:33:40.170+0000] {processor.py:208} INFO - Processing /home/airflow/.local/lib/python3.12/site-packages/airflow/example_dags/example_bash_operator.py took 1.092 seconds
