[2025-04-04T09:17:22.320+0000] {processor.py:186} INFO - Started process (PID=152) to work on /home/airflow/.local/lib/python3.12/site-packages/airflow/example_dags/example_dataset_alias_with_no_taskflow.py
[2025-04-04T09:17:22.333+0000] {processor.py:914} INFO - Processing file /home/airflow/.local/lib/python3.12/site-packages/airflow/example_dags/example_dataset_alias_with_no_taskflow.py for tasks to queue
[2025-04-04T09:17:22.359+0000] {logging_mixin.py:190} INFO - [2025-04-04T09:17:22.356+0000] {dagbag.py:588} INFO - Filling up the DagBag from /home/airflow/.local/lib/python3.12/site-packages/airflow/example_dags/example_dataset_alias_with_no_taskflow.py
[2025-04-04T09:17:28.761+0000] {processor.py:925} INFO - DAG(s) 'dataset_s3_bucket_consumer_with_no_taskflow', 'dataset_alias_example_alias_producer_with_no_taskflow', 'dataset_alias_example_alias_consumer_with_no_taskflow', 'dataset_s3_bucket_producer_with_no_taskflow' retrieved from /home/airflow/.local/lib/python3.12/site-packages/airflow/example_dags/example_dataset_alias_with_no_taskflow.py
[2025-04-04T09:17:30.339+0000] {logging_mixin.py:190} INFO - [2025-04-04T09:17:30.336+0000] {override.py:1912} INFO - Created Permission View: can delete on DAG:dataset_s3_bucket_consumer_with_no_taskflow
[2025-04-04T09:17:30.457+0000] {logging_mixin.py:190} INFO - [2025-04-04T09:17:30.456+0000] {override.py:1912} INFO - Created Permission View: can edit on DAG:dataset_s3_bucket_consumer_with_no_taskflow
[2025-04-04T09:17:30.499+0000] {logging_mixin.py:190} INFO - [2025-04-04T09:17:30.498+0000] {override.py:1912} INFO - Created Permission View: can read on DAG:dataset_s3_bucket_consumer_with_no_taskflow
[2025-04-04T09:17:30.550+0000] {logging_mixin.py:190} INFO - [2025-04-04T09:17:30.548+0000] {override.py:1912} INFO - Created Permission View: menu access on DAG Run:dataset_s3_bucket_consumer_with_no_taskflow
[2025-04-04T09:17:30.607+0000] {logging_mixin.py:190} INFO - [2025-04-04T09:17:30.606+0000] {override.py:1912} INFO - Created Permission View: can delete on DAG Run:dataset_s3_bucket_consumer_with_no_taskflow
[2025-04-04T09:17:30.747+0000] {logging_mixin.py:190} INFO - [2025-04-04T09:17:30.733+0000] {override.py:1912} INFO - Created Permission View: can read on DAG Run:dataset_s3_bucket_consumer_with_no_taskflow
[2025-04-04T09:17:30.843+0000] {logging_mixin.py:190} INFO - [2025-04-04T09:17:30.842+0000] {override.py:1912} INFO - Created Permission View: can create on DAG Run:dataset_s3_bucket_consumer_with_no_taskflow
[2025-04-04T09:17:31.036+0000] {logging_mixin.py:190} INFO - [2025-04-04T09:17:31.034+0000] {override.py:1912} INFO - Created Permission View: can delete on DAG:dataset_alias_example_alias_producer_with_no_taskflow
[2025-04-04T09:17:31.199+0000] {logging_mixin.py:190} INFO - [2025-04-04T09:17:31.196+0000] {override.py:1912} INFO - Created Permission View: can edit on DAG:dataset_alias_example_alias_producer_with_no_taskflow
[2025-04-04T09:17:31.294+0000] {logging_mixin.py:190} INFO - [2025-04-04T09:17:31.292+0000] {override.py:1912} INFO - Created Permission View: can read on DAG:dataset_alias_example_alias_producer_with_no_taskflow
[2025-04-04T09:17:31.347+0000] {logging_mixin.py:190} INFO - [2025-04-04T09:17:31.346+0000] {override.py:1912} INFO - Created Permission View: menu access on DAG Run:dataset_alias_example_alias_producer_with_no_taskflow
[2025-04-04T09:17:31.385+0000] {logging_mixin.py:190} INFO - [2025-04-04T09:17:31.384+0000] {override.py:1912} INFO - Created Permission View: can delete on DAG Run:dataset_alias_example_alias_producer_with_no_taskflow
[2025-04-04T09:17:31.427+0000] {logging_mixin.py:190} INFO - [2025-04-04T09:17:31.425+0000] {override.py:1912} INFO - Created Permission View: can read on DAG Run:dataset_alias_example_alias_producer_with_no_taskflow
[2025-04-04T09:17:31.485+0000] {logging_mixin.py:190} INFO - [2025-04-04T09:17:31.483+0000] {override.py:1912} INFO - Created Permission View: can create on DAG Run:dataset_alias_example_alias_producer_with_no_taskflow
[2025-04-04T09:17:31.699+0000] {logging_mixin.py:190} INFO - [2025-04-04T09:17:31.690+0000] {override.py:1912} INFO - Created Permission View: can delete on DAG:dataset_alias_example_alias_consumer_with_no_taskflow
[2025-04-04T09:17:31.784+0000] {logging_mixin.py:190} INFO - [2025-04-04T09:17:31.782+0000] {override.py:1912} INFO - Created Permission View: can edit on DAG:dataset_alias_example_alias_consumer_with_no_taskflow
[2025-04-04T09:17:31.940+0000] {logging_mixin.py:190} INFO - [2025-04-04T09:17:31.934+0000] {override.py:1912} INFO - Created Permission View: can read on DAG:dataset_alias_example_alias_consumer_with_no_taskflow
[2025-04-04T09:17:32.042+0000] {logging_mixin.py:190} INFO - [2025-04-04T09:17:32.040+0000] {override.py:1912} INFO - Created Permission View: menu access on DAG Run:dataset_alias_example_alias_consumer_with_no_taskflow
[2025-04-04T09:17:32.147+0000] {logging_mixin.py:190} INFO - [2025-04-04T09:17:32.139+0000] {override.py:1912} INFO - Created Permission View: can delete on DAG Run:dataset_alias_example_alias_consumer_with_no_taskflow
[2025-04-04T09:17:32.223+0000] {logging_mixin.py:190} INFO - [2025-04-04T09:17:32.222+0000] {override.py:1912} INFO - Created Permission View: can read on DAG Run:dataset_alias_example_alias_consumer_with_no_taskflow
[2025-04-04T09:17:32.339+0000] {logging_mixin.py:190} INFO - [2025-04-04T09:17:32.337+0000] {override.py:1912} INFO - Created Permission View: can create on DAG Run:dataset_alias_example_alias_consumer_with_no_taskflow
[2025-04-04T09:17:32.514+0000] {logging_mixin.py:190} INFO - [2025-04-04T09:17:32.512+0000] {override.py:1912} INFO - Created Permission View: can delete on DAG:dataset_s3_bucket_producer_with_no_taskflow
[2025-04-04T09:17:32.583+0000] {logging_mixin.py:190} INFO - [2025-04-04T09:17:32.578+0000] {override.py:1912} INFO - Created Permission View: can edit on DAG:dataset_s3_bucket_producer_with_no_taskflow
[2025-04-04T09:17:32.662+0000] {logging_mixin.py:190} INFO - [2025-04-04T09:17:32.661+0000] {override.py:1912} INFO - Created Permission View: can read on DAG:dataset_s3_bucket_producer_with_no_taskflow
[2025-04-04T09:17:32.825+0000] {logging_mixin.py:190} INFO - [2025-04-04T09:17:32.819+0000] {override.py:1912} INFO - Created Permission View: menu access on DAG Run:dataset_s3_bucket_producer_with_no_taskflow
[2025-04-04T09:17:32.923+0000] {logging_mixin.py:190} INFO - [2025-04-04T09:17:32.920+0000] {override.py:1912} INFO - Created Permission View: can delete on DAG Run:dataset_s3_bucket_producer_with_no_taskflow
[2025-04-04T09:17:33.022+0000] {logging_mixin.py:190} INFO - [2025-04-04T09:17:33.021+0000] {override.py:1912} INFO - Created Permission View: can read on DAG Run:dataset_s3_bucket_producer_with_no_taskflow
[2025-04-04T09:17:33.091+0000] {logging_mixin.py:190} INFO - [2025-04-04T09:17:33.089+0000] {override.py:1912} INFO - Created Permission View: can create on DAG Run:dataset_s3_bucket_producer_with_no_taskflow
[2025-04-04T09:17:33.108+0000] {logging_mixin.py:190} INFO - [2025-04-04T09:17:33.106+0000] {dag.py:3239} INFO - Sync 4 DAGs
[2025-04-04T09:17:33.393+0000] {logging_mixin.py:190} INFO - [2025-04-04T09:17:33.387+0000] {dag.py:3262} INFO - Creating ORM DAG for dataset_s3_bucket_producer_with_no_taskflow
[2025-04-04T09:17:33.400+0000] {logging_mixin.py:190} INFO - [2025-04-04T09:17:33.398+0000] {dag.py:3262} INFO - Creating ORM DAG for dataset_s3_bucket_consumer_with_no_taskflow
[2025-04-04T09:17:33.431+0000] {logging_mixin.py:190} INFO - [2025-04-04T09:17:33.430+0000] {dag.py:3262} INFO - Creating ORM DAG for dataset_alias_example_alias_producer_with_no_taskflow
[2025-04-04T09:17:33.439+0000] {logging_mixin.py:190} INFO - [2025-04-04T09:17:33.438+0000] {dag.py:3262} INFO - Creating ORM DAG for dataset_alias_example_alias_consumer_with_no_taskflow
[2025-04-04T09:17:33.530+0000] {logging_mixin.py:190} INFO - [2025-04-04T09:17:33.528+0000] {dag.py:4180} INFO - Setting next_dagrun for dataset_alias_example_alias_consumer_with_no_taskflow to None, run_after=None
[2025-04-04T09:17:33.540+0000] {logging_mixin.py:190} INFO - [2025-04-04T09:17:33.539+0000] {dag.py:4180} INFO - Setting next_dagrun for dataset_alias_example_alias_producer_with_no_taskflow to None, run_after=None
[2025-04-04T09:17:33.545+0000] {logging_mixin.py:190} INFO - [2025-04-04T09:17:33.544+0000] {dag.py:4180} INFO - Setting next_dagrun for dataset_s3_bucket_consumer_with_no_taskflow to None, run_after=None
[2025-04-04T09:17:33.561+0000] {logging_mixin.py:190} INFO - [2025-04-04T09:17:33.560+0000] {dag.py:4180} INFO - Setting next_dagrun for dataset_s3_bucket_producer_with_no_taskflow to None, run_after=None
[2025-04-04T09:17:33.794+0000] {processor.py:208} INFO - Processing /home/airflow/.local/lib/python3.12/site-packages/airflow/example_dags/example_dataset_alias_with_no_taskflow.py took 11.527 seconds
[2025-04-04T09:18:17.336+0000] {processor.py:186} INFO - Started process (PID=223) to work on /home/airflow/.local/lib/python3.12/site-packages/airflow/example_dags/example_dataset_alias_with_no_taskflow.py
[2025-04-04T09:18:17.341+0000] {processor.py:914} INFO - Processing file /home/airflow/.local/lib/python3.12/site-packages/airflow/example_dags/example_dataset_alias_with_no_taskflow.py for tasks to queue
[2025-04-04T09:18:17.351+0000] {logging_mixin.py:190} INFO - [2025-04-04T09:18:17.350+0000] {dagbag.py:588} INFO - Filling up the DagBag from /home/airflow/.local/lib/python3.12/site-packages/airflow/example_dags/example_dataset_alias_with_no_taskflow.py
[2025-04-04T09:18:20.475+0000] {processor.py:925} INFO - DAG(s) 'dataset_s3_bucket_producer_with_no_taskflow', 'dataset_alias_example_alias_producer_with_no_taskflow', 'dataset_alias_example_alias_consumer_with_no_taskflow', 'dataset_s3_bucket_consumer_with_no_taskflow' retrieved from /home/airflow/.local/lib/python3.12/site-packages/airflow/example_dags/example_dataset_alias_with_no_taskflow.py
[2025-04-04T09:18:20.643+0000] {logging_mixin.py:190} INFO - [2025-04-04T09:18:20.640+0000] {dag.py:3239} INFO - Sync 4 DAGs
[2025-04-04T09:18:20.774+0000] {logging_mixin.py:190} INFO - [2025-04-04T09:18:20.772+0000] {dag.py:4180} INFO - Setting next_dagrun for dataset_alias_example_alias_consumer_with_no_taskflow to None, run_after=None
[2025-04-04T09:18:20.787+0000] {logging_mixin.py:190} INFO - [2025-04-04T09:18:20.786+0000] {dag.py:4180} INFO - Setting next_dagrun for dataset_alias_example_alias_producer_with_no_taskflow to None, run_after=None
[2025-04-04T09:18:20.800+0000] {logging_mixin.py:190} INFO - [2025-04-04T09:18:20.799+0000] {dag.py:4180} INFO - Setting next_dagrun for dataset_s3_bucket_consumer_with_no_taskflow to None, run_after=None
[2025-04-04T09:18:20.809+0000] {logging_mixin.py:190} INFO - [2025-04-04T09:18:20.808+0000] {dag.py:4180} INFO - Setting next_dagrun for dataset_s3_bucket_producer_with_no_taskflow to None, run_after=None
[2025-04-04T09:18:20.918+0000] {processor.py:208} INFO - Processing /home/airflow/.local/lib/python3.12/site-packages/airflow/example_dags/example_dataset_alias_with_no_taskflow.py took 3.614 seconds
[2025-04-04T09:20:08.058+0000] {processor.py:186} INFO - Started process (PID=330) to work on /home/airflow/.local/lib/python3.12/site-packages/airflow/example_dags/example_dataset_alias_with_no_taskflow.py
[2025-04-04T09:20:08.077+0000] {processor.py:914} INFO - Processing file /home/airflow/.local/lib/python3.12/site-packages/airflow/example_dags/example_dataset_alias_with_no_taskflow.py for tasks to queue
[2025-04-04T09:20:08.104+0000] {logging_mixin.py:190} INFO - [2025-04-04T09:20:08.091+0000] {dagbag.py:588} INFO - Filling up the DagBag from /home/airflow/.local/lib/python3.12/site-packages/airflow/example_dags/example_dataset_alias_with_no_taskflow.py
[2025-04-04T09:20:15.273+0000] {processor.py:925} INFO - DAG(s) 'dataset_s3_bucket_producer_with_no_taskflow', 'dataset_s3_bucket_consumer_with_no_taskflow', 'dataset_alias_example_alias_consumer_with_no_taskflow', 'dataset_alias_example_alias_producer_with_no_taskflow' retrieved from /home/airflow/.local/lib/python3.12/site-packages/airflow/example_dags/example_dataset_alias_with_no_taskflow.py
[2025-04-04T09:20:15.557+0000] {logging_mixin.py:190} INFO - [2025-04-04T09:20:15.543+0000] {dag.py:3239} INFO - Sync 4 DAGs
[2025-04-04T09:20:15.999+0000] {logging_mixin.py:190} INFO - [2025-04-04T09:20:15.998+0000] {dag.py:4180} INFO - Setting next_dagrun for dataset_alias_example_alias_consumer_with_no_taskflow to None, run_after=None
[2025-04-04T09:20:16.059+0000] {logging_mixin.py:190} INFO - [2025-04-04T09:20:16.048+0000] {dag.py:4180} INFO - Setting next_dagrun for dataset_alias_example_alias_producer_with_no_taskflow to None, run_after=None
[2025-04-04T09:20:16.099+0000] {logging_mixin.py:190} INFO - [2025-04-04T09:20:16.098+0000] {dag.py:4180} INFO - Setting next_dagrun for dataset_s3_bucket_consumer_with_no_taskflow to None, run_after=None
[2025-04-04T09:20:16.123+0000] {logging_mixin.py:190} INFO - [2025-04-04T09:20:16.119+0000] {dag.py:4180} INFO - Setting next_dagrun for dataset_s3_bucket_producer_with_no_taskflow to None, run_after=None
[2025-04-04T09:20:16.450+0000] {processor.py:208} INFO - Processing /home/airflow/.local/lib/python3.12/site-packages/airflow/example_dags/example_dataset_alias_with_no_taskflow.py took 8.527 seconds
[2025-04-04T09:21:12.631+0000] {processor.py:186} INFO - Started process (PID=412) to work on /home/airflow/.local/lib/python3.12/site-packages/airflow/example_dags/example_dataset_alias_with_no_taskflow.py
[2025-04-04T09:21:12.652+0000] {processor.py:914} INFO - Processing file /home/airflow/.local/lib/python3.12/site-packages/airflow/example_dags/example_dataset_alias_with_no_taskflow.py for tasks to queue
[2025-04-04T09:21:12.697+0000] {logging_mixin.py:190} INFO - [2025-04-04T09:21:12.695+0000] {dagbag.py:588} INFO - Filling up the DagBag from /home/airflow/.local/lib/python3.12/site-packages/airflow/example_dags/example_dataset_alias_with_no_taskflow.py
[2025-04-04T09:21:16.881+0000] {processor.py:925} INFO - DAG(s) 'dataset_alias_example_alias_producer_with_no_taskflow', 'dataset_s3_bucket_producer_with_no_taskflow', 'dataset_s3_bucket_consumer_with_no_taskflow', 'dataset_alias_example_alias_consumer_with_no_taskflow' retrieved from /home/airflow/.local/lib/python3.12/site-packages/airflow/example_dags/example_dataset_alias_with_no_taskflow.py
[2025-04-04T09:21:16.995+0000] {logging_mixin.py:190} INFO - [2025-04-04T09:21:16.991+0000] {dag.py:3239} INFO - Sync 4 DAGs
[2025-04-04T09:21:17.170+0000] {logging_mixin.py:190} INFO - [2025-04-04T09:21:17.170+0000] {dag.py:4180} INFO - Setting next_dagrun for dataset_alias_example_alias_consumer_with_no_taskflow to None, run_after=None
[2025-04-04T09:21:17.185+0000] {logging_mixin.py:190} INFO - [2025-04-04T09:21:17.184+0000] {dag.py:4180} INFO - Setting next_dagrun for dataset_alias_example_alias_producer_with_no_taskflow to None, run_after=None
[2025-04-04T09:21:17.196+0000] {logging_mixin.py:190} INFO - [2025-04-04T09:21:17.193+0000] {dag.py:4180} INFO - Setting next_dagrun for dataset_s3_bucket_consumer_with_no_taskflow to None, run_after=None
[2025-04-04T09:21:17.205+0000] {logging_mixin.py:190} INFO - [2025-04-04T09:21:17.204+0000] {dag.py:4180} INFO - Setting next_dagrun for dataset_s3_bucket_producer_with_no_taskflow to None, run_after=None
[2025-04-04T09:21:17.335+0000] {processor.py:208} INFO - Processing /home/airflow/.local/lib/python3.12/site-packages/airflow/example_dags/example_dataset_alias_with_no_taskflow.py took 4.827 seconds
[2025-04-04T09:21:50.053+0000] {processor.py:186} INFO - Started process (PID=475) to work on /home/airflow/.local/lib/python3.12/site-packages/airflow/example_dags/example_dataset_alias_with_no_taskflow.py
[2025-04-04T09:21:50.069+0000] {processor.py:914} INFO - Processing file /home/airflow/.local/lib/python3.12/site-packages/airflow/example_dags/example_dataset_alias_with_no_taskflow.py for tasks to queue
[2025-04-04T09:21:50.104+0000] {logging_mixin.py:190} INFO - [2025-04-04T09:21:50.102+0000] {dagbag.py:588} INFO - Filling up the DagBag from /home/airflow/.local/lib/python3.12/site-packages/airflow/example_dags/example_dataset_alias_with_no_taskflow.py
[2025-04-04T09:21:54.737+0000] {processor.py:925} INFO - DAG(s) 'dataset_s3_bucket_consumer_with_no_taskflow', 'dataset_s3_bucket_producer_with_no_taskflow', 'dataset_alias_example_alias_producer_with_no_taskflow', 'dataset_alias_example_alias_consumer_with_no_taskflow' retrieved from /home/airflow/.local/lib/python3.12/site-packages/airflow/example_dags/example_dataset_alias_with_no_taskflow.py
[2025-04-04T09:21:54.890+0000] {logging_mixin.py:190} INFO - [2025-04-04T09:21:54.888+0000] {dag.py:3239} INFO - Sync 4 DAGs
[2025-04-04T09:21:55.042+0000] {logging_mixin.py:190} INFO - [2025-04-04T09:21:55.041+0000] {dag.py:4180} INFO - Setting next_dagrun for dataset_alias_example_alias_consumer_with_no_taskflow to None, run_after=None
[2025-04-04T09:21:55.056+0000] {logging_mixin.py:190} INFO - [2025-04-04T09:21:55.055+0000] {dag.py:4180} INFO - Setting next_dagrun for dataset_alias_example_alias_producer_with_no_taskflow to None, run_after=None
[2025-04-04T09:21:55.065+0000] {logging_mixin.py:190} INFO - [2025-04-04T09:21:55.064+0000] {dag.py:4180} INFO - Setting next_dagrun for dataset_s3_bucket_consumer_with_no_taskflow to None, run_after=None
[2025-04-04T09:21:55.072+0000] {logging_mixin.py:190} INFO - [2025-04-04T09:21:55.071+0000] {dag.py:4180} INFO - Setting next_dagrun for dataset_s3_bucket_producer_with_no_taskflow to None, run_after=None
[2025-04-04T09:21:55.199+0000] {processor.py:208} INFO - Processing /home/airflow/.local/lib/python3.12/site-packages/airflow/example_dags/example_dataset_alias_with_no_taskflow.py took 5.217 seconds
[2025-04-04T09:23:10.751+0000] {processor.py:186} INFO - Started process (PID=563) to work on /home/airflow/.local/lib/python3.12/site-packages/airflow/example_dags/example_dataset_alias_with_no_taskflow.py
[2025-04-04T09:23:10.782+0000] {processor.py:914} INFO - Processing file /home/airflow/.local/lib/python3.12/site-packages/airflow/example_dags/example_dataset_alias_with_no_taskflow.py for tasks to queue
[2025-04-04T09:23:10.957+0000] {logging_mixin.py:190} INFO - [2025-04-04T09:23:10.925+0000] {dagbag.py:588} INFO - Filling up the DagBag from /home/airflow/.local/lib/python3.12/site-packages/airflow/example_dags/example_dataset_alias_with_no_taskflow.py
[2025-04-04T09:23:19.885+0000] {processor.py:925} INFO - DAG(s) 'dataset_s3_bucket_producer_with_no_taskflow', 'dataset_alias_example_alias_producer_with_no_taskflow', 'dataset_alias_example_alias_consumer_with_no_taskflow', 'dataset_s3_bucket_consumer_with_no_taskflow' retrieved from /home/airflow/.local/lib/python3.12/site-packages/airflow/example_dags/example_dataset_alias_with_no_taskflow.py
[2025-04-04T09:23:20.092+0000] {logging_mixin.py:190} INFO - [2025-04-04T09:23:20.090+0000] {dag.py:3239} INFO - Sync 4 DAGs
[2025-04-04T09:23:20.320+0000] {logging_mixin.py:190} INFO - [2025-04-04T09:23:20.319+0000] {dag.py:4180} INFO - Setting next_dagrun for dataset_alias_example_alias_consumer_with_no_taskflow to None, run_after=None
[2025-04-04T09:23:20.339+0000] {logging_mixin.py:190} INFO - [2025-04-04T09:23:20.338+0000] {dag.py:4180} INFO - Setting next_dagrun for dataset_alias_example_alias_producer_with_no_taskflow to None, run_after=None
[2025-04-04T09:23:20.350+0000] {logging_mixin.py:190} INFO - [2025-04-04T09:23:20.349+0000] {dag.py:4180} INFO - Setting next_dagrun for dataset_s3_bucket_consumer_with_no_taskflow to None, run_after=None
[2025-04-04T09:23:20.358+0000] {logging_mixin.py:190} INFO - [2025-04-04T09:23:20.357+0000] {dag.py:4180} INFO - Setting next_dagrun for dataset_s3_bucket_producer_with_no_taskflow to None, run_after=None
[2025-04-04T09:23:20.566+0000] {processor.py:208} INFO - Processing /home/airflow/.local/lib/python3.12/site-packages/airflow/example_dags/example_dataset_alias_with_no_taskflow.py took 9.958 seconds
[2025-04-04T09:23:55.791+0000] {processor.py:186} INFO - Started process (PID=636) to work on /home/airflow/.local/lib/python3.12/site-packages/airflow/example_dags/example_dataset_alias_with_no_taskflow.py
[2025-04-04T09:23:55.796+0000] {processor.py:914} INFO - Processing file /home/airflow/.local/lib/python3.12/site-packages/airflow/example_dags/example_dataset_alias_with_no_taskflow.py for tasks to queue
[2025-04-04T09:23:55.810+0000] {logging_mixin.py:190} INFO - [2025-04-04T09:23:55.808+0000] {dagbag.py:588} INFO - Filling up the DagBag from /home/airflow/.local/lib/python3.12/site-packages/airflow/example_dags/example_dataset_alias_with_no_taskflow.py
[2025-04-04T09:24:00.298+0000] {processor.py:925} INFO - DAG(s) 'dataset_s3_bucket_consumer_with_no_taskflow', 'dataset_alias_example_alias_producer_with_no_taskflow', 'dataset_alias_example_alias_consumer_with_no_taskflow', 'dataset_s3_bucket_producer_with_no_taskflow' retrieved from /home/airflow/.local/lib/python3.12/site-packages/airflow/example_dags/example_dataset_alias_with_no_taskflow.py
[2025-04-04T09:24:00.487+0000] {logging_mixin.py:190} INFO - [2025-04-04T09:24:00.485+0000] {dag.py:3239} INFO - Sync 4 DAGs
[2025-04-04T09:24:00.670+0000] {logging_mixin.py:190} INFO - [2025-04-04T09:24:00.660+0000] {dag.py:4180} INFO - Setting next_dagrun for dataset_alias_example_alias_consumer_with_no_taskflow to None, run_after=None
[2025-04-04T09:24:00.706+0000] {logging_mixin.py:190} INFO - [2025-04-04T09:24:00.705+0000] {dag.py:4180} INFO - Setting next_dagrun for dataset_alias_example_alias_producer_with_no_taskflow to None, run_after=None
[2025-04-04T09:24:00.718+0000] {logging_mixin.py:190} INFO - [2025-04-04T09:24:00.716+0000] {dag.py:4180} INFO - Setting next_dagrun for dataset_s3_bucket_consumer_with_no_taskflow to None, run_after=None
[2025-04-04T09:24:00.730+0000] {logging_mixin.py:190} INFO - [2025-04-04T09:24:00.729+0000] {dag.py:4180} INFO - Setting next_dagrun for dataset_s3_bucket_producer_with_no_taskflow to None, run_after=None
[2025-04-04T09:24:00.883+0000] {processor.py:208} INFO - Processing /home/airflow/.local/lib/python3.12/site-packages/airflow/example_dags/example_dataset_alias_with_no_taskflow.py took 5.135 seconds
[2025-04-04T09:24:39.761+0000] {processor.py:186} INFO - Started process (PID=713) to work on /home/airflow/.local/lib/python3.12/site-packages/airflow/example_dags/example_dataset_alias_with_no_taskflow.py
[2025-04-04T09:24:39.773+0000] {processor.py:914} INFO - Processing file /home/airflow/.local/lib/python3.12/site-packages/airflow/example_dags/example_dataset_alias_with_no_taskflow.py for tasks to queue
[2025-04-04T09:24:39.867+0000] {logging_mixin.py:190} INFO - [2025-04-04T09:24:39.865+0000] {dagbag.py:588} INFO - Filling up the DagBag from /home/airflow/.local/lib/python3.12/site-packages/airflow/example_dags/example_dataset_alias_with_no_taskflow.py
[2025-04-04T09:24:47.057+0000] {processor.py:925} INFO - DAG(s) 'dataset_alias_example_alias_consumer_with_no_taskflow', 'dataset_s3_bucket_producer_with_no_taskflow', 'dataset_s3_bucket_consumer_with_no_taskflow', 'dataset_alias_example_alias_producer_with_no_taskflow' retrieved from /home/airflow/.local/lib/python3.12/site-packages/airflow/example_dags/example_dataset_alias_with_no_taskflow.py
[2025-04-04T09:24:47.290+0000] {logging_mixin.py:190} INFO - [2025-04-04T09:24:47.287+0000] {dag.py:3239} INFO - Sync 4 DAGs
[2025-04-04T09:24:47.514+0000] {logging_mixin.py:190} INFO - [2025-04-04T09:24:47.512+0000] {dag.py:4180} INFO - Setting next_dagrun for dataset_alias_example_alias_consumer_with_no_taskflow to None, run_after=None
[2025-04-04T09:24:47.535+0000] {logging_mixin.py:190} INFO - [2025-04-04T09:24:47.534+0000] {dag.py:4180} INFO - Setting next_dagrun for dataset_alias_example_alias_producer_with_no_taskflow to None, run_after=None
[2025-04-04T09:24:47.545+0000] {logging_mixin.py:190} INFO - [2025-04-04T09:24:47.544+0000] {dag.py:4180} INFO - Setting next_dagrun for dataset_s3_bucket_consumer_with_no_taskflow to None, run_after=None
[2025-04-04T09:24:47.555+0000] {logging_mixin.py:190} INFO - [2025-04-04T09:24:47.554+0000] {dag.py:4180} INFO - Setting next_dagrun for dataset_s3_bucket_producer_with_no_taskflow to None, run_after=None
[2025-04-04T09:24:47.750+0000] {processor.py:208} INFO - Processing /home/airflow/.local/lib/python3.12/site-packages/airflow/example_dags/example_dataset_alias_with_no_taskflow.py took 8.075 seconds
[2025-04-04T09:25:20.288+0000] {processor.py:186} INFO - Started process (PID=789) to work on /home/airflow/.local/lib/python3.12/site-packages/airflow/example_dags/example_dataset_alias_with_no_taskflow.py
[2025-04-04T09:25:20.296+0000] {processor.py:914} INFO - Processing file /home/airflow/.local/lib/python3.12/site-packages/airflow/example_dags/example_dataset_alias_with_no_taskflow.py for tasks to queue
[2025-04-04T09:25:20.312+0000] {logging_mixin.py:190} INFO - [2025-04-04T09:25:20.309+0000] {dagbag.py:588} INFO - Filling up the DagBag from /home/airflow/.local/lib/python3.12/site-packages/airflow/example_dags/example_dataset_alias_with_no_taskflow.py
[2025-04-04T09:25:25.005+0000] {processor.py:925} INFO - DAG(s) 'dataset_s3_bucket_producer_with_no_taskflow', 'dataset_alias_example_alias_producer_with_no_taskflow', 'dataset_s3_bucket_consumer_with_no_taskflow', 'dataset_alias_example_alias_consumer_with_no_taskflow' retrieved from /home/airflow/.local/lib/python3.12/site-packages/airflow/example_dags/example_dataset_alias_with_no_taskflow.py
[2025-04-04T09:25:25.138+0000] {logging_mixin.py:190} INFO - [2025-04-04T09:25:25.135+0000] {dag.py:3239} INFO - Sync 4 DAGs
[2025-04-04T09:25:25.256+0000] {logging_mixin.py:190} INFO - [2025-04-04T09:25:25.255+0000] {dag.py:4180} INFO - Setting next_dagrun for dataset_alias_example_alias_consumer_with_no_taskflow to None, run_after=None
[2025-04-04T09:25:25.269+0000] {logging_mixin.py:190} INFO - [2025-04-04T09:25:25.268+0000] {dag.py:4180} INFO - Setting next_dagrun for dataset_alias_example_alias_producer_with_no_taskflow to None, run_after=None
[2025-04-04T09:25:25.281+0000] {logging_mixin.py:190} INFO - [2025-04-04T09:25:25.279+0000] {dag.py:4180} INFO - Setting next_dagrun for dataset_s3_bucket_consumer_with_no_taskflow to None, run_after=None
[2025-04-04T09:25:25.294+0000] {logging_mixin.py:190} INFO - [2025-04-04T09:25:25.292+0000] {dag.py:4180} INFO - Setting next_dagrun for dataset_s3_bucket_producer_with_no_taskflow to None, run_after=None
[2025-04-04T09:25:25.456+0000] {processor.py:208} INFO - Processing /home/airflow/.local/lib/python3.12/site-packages/airflow/example_dags/example_dataset_alias_with_no_taskflow.py took 5.213 seconds
[2025-04-04T09:26:18.526+0000] {processor.py:186} INFO - Started process (PID=876) to work on /home/airflow/.local/lib/python3.12/site-packages/airflow/example_dags/example_dataset_alias_with_no_taskflow.py
[2025-04-04T09:26:18.532+0000] {processor.py:914} INFO - Processing file /home/airflow/.local/lib/python3.12/site-packages/airflow/example_dags/example_dataset_alias_with_no_taskflow.py for tasks to queue
[2025-04-04T09:26:18.549+0000] {logging_mixin.py:190} INFO - [2025-04-04T09:26:18.547+0000] {dagbag.py:588} INFO - Filling up the DagBag from /home/airflow/.local/lib/python3.12/site-packages/airflow/example_dags/example_dataset_alias_with_no_taskflow.py
[2025-04-04T09:26:21.245+0000] {processor.py:925} INFO - DAG(s) 'dataset_alias_example_alias_consumer_with_no_taskflow', 'dataset_s3_bucket_producer_with_no_taskflow', 'dataset_alias_example_alias_producer_with_no_taskflow', 'dataset_s3_bucket_consumer_with_no_taskflow' retrieved from /home/airflow/.local/lib/python3.12/site-packages/airflow/example_dags/example_dataset_alias_with_no_taskflow.py
[2025-04-04T09:26:21.333+0000] {logging_mixin.py:190} INFO - [2025-04-04T09:26:21.331+0000] {dag.py:3239} INFO - Sync 4 DAGs
[2025-04-04T09:26:21.411+0000] {logging_mixin.py:190} INFO - [2025-04-04T09:26:21.410+0000] {dag.py:4180} INFO - Setting next_dagrun for dataset_alias_example_alias_consumer_with_no_taskflow to None, run_after=None
[2025-04-04T09:26:21.422+0000] {logging_mixin.py:190} INFO - [2025-04-04T09:26:21.421+0000] {dag.py:4180} INFO - Setting next_dagrun for dataset_alias_example_alias_producer_with_no_taskflow to None, run_after=None
[2025-04-04T09:26:21.435+0000] {logging_mixin.py:190} INFO - [2025-04-04T09:26:21.434+0000] {dag.py:4180} INFO - Setting next_dagrun for dataset_s3_bucket_consumer_with_no_taskflow to None, run_after=None
[2025-04-04T09:26:21.441+0000] {logging_mixin.py:190} INFO - [2025-04-04T09:26:21.441+0000] {dag.py:4180} INFO - Setting next_dagrun for dataset_s3_bucket_producer_with_no_taskflow to None, run_after=None
[2025-04-04T09:26:21.539+0000] {processor.py:208} INFO - Processing /home/airflow/.local/lib/python3.12/site-packages/airflow/example_dags/example_dataset_alias_with_no_taskflow.py took 3.042 seconds
[2025-04-04T09:33:34.209+0000] {processor.py:186} INFO - Started process (PID=166) to work on /home/airflow/.local/lib/python3.12/site-packages/airflow/example_dags/example_dataset_alias_with_no_taskflow.py
[2025-04-04T09:33:34.223+0000] {processor.py:914} INFO - Processing file /home/airflow/.local/lib/python3.12/site-packages/airflow/example_dags/example_dataset_alias_with_no_taskflow.py for tasks to queue
[2025-04-04T09:33:34.248+0000] {logging_mixin.py:190} INFO - [2025-04-04T09:33:34.246+0000] {dagbag.py:588} INFO - Filling up the DagBag from /home/airflow/.local/lib/python3.12/site-packages/airflow/example_dags/example_dataset_alias_with_no_taskflow.py
[2025-04-04T09:33:39.987+0000] {processor.py:925} INFO - DAG(s) 'dataset_s3_bucket_producer_with_no_taskflow', 'dataset_alias_example_alias_producer_with_no_taskflow', 'dataset_alias_example_alias_consumer_with_no_taskflow', 'dataset_s3_bucket_consumer_with_no_taskflow' retrieved from /home/airflow/.local/lib/python3.12/site-packages/airflow/example_dags/example_dataset_alias_with_no_taskflow.py
[2025-04-04T09:33:40.323+0000] {logging_mixin.py:190} INFO - [2025-04-04T09:33:40.321+0000] {dag.py:3239} INFO - Sync 4 DAGs
[2025-04-04T09:33:40.769+0000] {logging_mixin.py:190} INFO - [2025-04-04T09:33:40.767+0000] {dag.py:4180} INFO - Setting next_dagrun for dataset_alias_example_alias_consumer_with_no_taskflow to None, run_after=None
[2025-04-04T09:33:40.846+0000] {logging_mixin.py:190} INFO - [2025-04-04T09:33:40.835+0000] {dag.py:4180} INFO - Setting next_dagrun for dataset_alias_example_alias_producer_with_no_taskflow to None, run_after=None
[2025-04-04T09:33:40.896+0000] {logging_mixin.py:190} INFO - [2025-04-04T09:33:40.884+0000] {dag.py:4180} INFO - Setting next_dagrun for dataset_s3_bucket_consumer_with_no_taskflow to None, run_after=None
[2025-04-04T09:33:40.930+0000] {logging_mixin.py:190} INFO - [2025-04-04T09:33:40.917+0000] {dag.py:4180} INFO - Setting next_dagrun for dataset_s3_bucket_producer_with_no_taskflow to None, run_after=None
[2025-04-04T09:33:41.256+0000] {processor.py:208} INFO - Processing /home/airflow/.local/lib/python3.12/site-packages/airflow/example_dags/example_dataset_alias_with_no_taskflow.py took 7.106 seconds
