[2025-04-04T09:04:57.328+0000] {processor.py:186} INFO - Started process (PID=165) to work on /home/airflow/.local/lib/python3.12/site-packages/airflow/example_dags/example_complex.py
[2025-04-04T09:04:57.340+0000] {processor.py:914} INFO - Processing file /home/airflow/.local/lib/python3.12/site-packages/airflow/example_dags/example_complex.py for tasks to queue
[2025-04-04T09:04:57.375+0000] {logging_mixin.py:190} INFO - [2025-04-04T09:04:57.370+0000] {dagbag.py:588} INFO - Filling up the DagBag from /home/airflow/.local/lib/python3.12/site-packages/airflow/example_dags/example_complex.py
[2025-04-04T09:04:57.566+0000] {processor.py:925} INFO - DAG(s) 'example_complex' retrieved from /home/airflow/.local/lib/python3.12/site-packages/airflow/example_dags/example_complex.py
[2025-04-04T09:04:59.800+0000] {logging_mixin.py:190} INFO - [2025-04-04T09:04:59.787+0000] {override.py:1912} INFO - Created Permission View: can delete on DAG:example_complex
[2025-04-04T09:04:59.900+0000] {logging_mixin.py:190} INFO - [2025-04-04T09:04:59.899+0000] {override.py:1912} INFO - Created Permission View: can edit on DAG:example_complex
[2025-04-04T09:05:00.045+0000] {logging_mixin.py:190} INFO - [2025-04-04T09:05:00.042+0000] {override.py:1912} INFO - Created Permission View: can read on DAG:example_complex
[2025-04-04T09:05:00.348+0000] {logging_mixin.py:190} INFO - [2025-04-04T09:05:00.346+0000] {override.py:1912} INFO - Created Permission View: menu access on DAG Run:example_complex
[2025-04-04T09:05:00.453+0000] {logging_mixin.py:190} INFO - [2025-04-04T09:05:00.451+0000] {override.py:1912} INFO - Created Permission View: can create on DAG Run:example_complex
[2025-04-04T09:05:00.611+0000] {logging_mixin.py:190} INFO - [2025-04-04T09:05:00.601+0000] {override.py:1912} INFO - Created Permission View: can delete on DAG Run:example_complex
[2025-04-04T09:05:00.743+0000] {logging_mixin.py:190} INFO - [2025-04-04T09:05:00.742+0000] {override.py:1912} INFO - Created Permission View: can read on DAG Run:example_complex
[2025-04-04T09:05:00.775+0000] {logging_mixin.py:190} INFO - [2025-04-04T09:05:00.774+0000] {dag.py:3239} INFO - Sync 1 DAGs
[2025-04-04T09:05:00.901+0000] {logging_mixin.py:190} INFO - [2025-04-04T09:05:00.900+0000] {dag.py:3262} INFO - Creating ORM DAG for example_complex
[2025-04-04T09:05:00.921+0000] {logging_mixin.py:190} INFO - [2025-04-04T09:05:00.919+0000] {dag.py:4180} INFO - Setting next_dagrun for example_complex to None, run_after=None
[2025-04-04T09:05:01.231+0000] {processor.py:208} INFO - Processing /home/airflow/.local/lib/python3.12/site-packages/airflow/example_dags/example_complex.py took 3.993 seconds
[2025-04-04T09:17:05.441+0000] {processor.py:186} INFO - Started process (PID=147) to work on /home/airflow/.local/lib/python3.12/site-packages/airflow/example_dags/example_complex.py
[2025-04-04T09:17:05.450+0000] {processor.py:914} INFO - Processing file /home/airflow/.local/lib/python3.12/site-packages/airflow/example_dags/example_complex.py for tasks to queue
[2025-04-04T09:17:05.515+0000] {logging_mixin.py:190} INFO - [2025-04-04T09:17:05.512+0000] {dagbag.py:588} INFO - Filling up the DagBag from /home/airflow/.local/lib/python3.12/site-packages/airflow/example_dags/example_complex.py
[2025-04-04T09:17:05.689+0000] {processor.py:925} INFO - DAG(s) 'example_complex' retrieved from /home/airflow/.local/lib/python3.12/site-packages/airflow/example_dags/example_complex.py
[2025-04-04T09:17:06.481+0000] {logging_mixin.py:190} INFO - [2025-04-04T09:17:06.480+0000] {dag.py:3239} INFO - Sync 1 DAGs
[2025-04-04T09:17:06.670+0000] {logging_mixin.py:190} INFO - [2025-04-04T09:17:06.669+0000] {dag.py:4180} INFO - Setting next_dagrun for example_complex to None, run_after=None
[2025-04-04T09:17:06.948+0000] {processor.py:208} INFO - Processing /home/airflow/.local/lib/python3.12/site-packages/airflow/example_dags/example_complex.py took 1.579 seconds
[2025-04-04T09:18:12.534+0000] {processor.py:186} INFO - Started process (PID=218) to work on /home/airflow/.local/lib/python3.12/site-packages/airflow/example_dags/example_complex.py
[2025-04-04T09:18:12.539+0000] {processor.py:914} INFO - Processing file /home/airflow/.local/lib/python3.12/site-packages/airflow/example_dags/example_complex.py for tasks to queue
[2025-04-04T09:18:12.551+0000] {logging_mixin.py:190} INFO - [2025-04-04T09:18:12.549+0000] {dagbag.py:588} INFO - Filling up the DagBag from /home/airflow/.local/lib/python3.12/site-packages/airflow/example_dags/example_complex.py
[2025-04-04T09:18:12.610+0000] {processor.py:925} INFO - DAG(s) 'example_complex' retrieved from /home/airflow/.local/lib/python3.12/site-packages/airflow/example_dags/example_complex.py
[2025-04-04T09:18:12.805+0000] {logging_mixin.py:190} INFO - [2025-04-04T09:18:12.804+0000] {dag.py:3239} INFO - Sync 1 DAGs
[2025-04-04T09:18:12.883+0000] {logging_mixin.py:190} INFO - [2025-04-04T09:18:12.883+0000] {dag.py:4180} INFO - Setting next_dagrun for example_complex to None, run_after=None
[2025-04-04T09:18:12.994+0000] {processor.py:208} INFO - Processing /home/airflow/.local/lib/python3.12/site-packages/airflow/example_dags/example_complex.py took 0.499 seconds
[2025-04-04T09:19:04.615+0000] {processor.py:186} INFO - Started process (PID=281) to work on /home/airflow/.local/lib/python3.12/site-packages/airflow/example_dags/example_complex.py
[2025-04-04T09:19:04.625+0000] {processor.py:914} INFO - Processing file /home/airflow/.local/lib/python3.12/site-packages/airflow/example_dags/example_complex.py for tasks to queue
[2025-04-04T09:19:04.663+0000] {logging_mixin.py:190} INFO - [2025-04-04T09:19:04.660+0000] {dagbag.py:588} INFO - Filling up the DagBag from /home/airflow/.local/lib/python3.12/site-packages/airflow/example_dags/example_complex.py
[2025-04-04T09:19:05.104+0000] {processor.py:925} INFO - DAG(s) 'example_complex' retrieved from /home/airflow/.local/lib/python3.12/site-packages/airflow/example_dags/example_complex.py
[2025-04-04T09:19:06.069+0000] {logging_mixin.py:190} INFO - [2025-04-04T09:19:06.068+0000] {dag.py:3239} INFO - Sync 1 DAGs
[2025-04-04T09:19:06.337+0000] {logging_mixin.py:190} INFO - [2025-04-04T09:19:06.334+0000] {dag.py:4180} INFO - Setting next_dagrun for example_complex to None, run_after=None
[2025-04-04T09:19:06.625+0000] {processor.py:208} INFO - Processing /home/airflow/.local/lib/python3.12/site-packages/airflow/example_dags/example_complex.py took 2.168 seconds
[2025-04-04T09:20:42.140+0000] {processor.py:186} INFO - Started process (PID=376) to work on /home/airflow/.local/lib/python3.12/site-packages/airflow/example_dags/example_complex.py
[2025-04-04T09:20:42.183+0000] {processor.py:914} INFO - Processing file /home/airflow/.local/lib/python3.12/site-packages/airflow/example_dags/example_complex.py for tasks to queue
[2025-04-04T09:20:42.211+0000] {logging_mixin.py:190} INFO - [2025-04-04T09:20:42.208+0000] {dagbag.py:588} INFO - Filling up the DagBag from /home/airflow/.local/lib/python3.12/site-packages/airflow/example_dags/example_complex.py
[2025-04-04T09:20:42.550+0000] {processor.py:925} INFO - DAG(s) 'example_complex' retrieved from /home/airflow/.local/lib/python3.12/site-packages/airflow/example_dags/example_complex.py
[2025-04-04T09:20:43.210+0000] {logging_mixin.py:190} INFO - [2025-04-04T09:20:43.197+0000] {dag.py:3239} INFO - Sync 1 DAGs
[2025-04-04T09:20:43.454+0000] {logging_mixin.py:190} INFO - [2025-04-04T09:20:43.453+0000] {dag.py:4180} INFO - Setting next_dagrun for example_complex to None, run_after=None
[2025-04-04T09:20:43.693+0000] {processor.py:208} INFO - Processing /home/airflow/.local/lib/python3.12/site-packages/airflow/example_dags/example_complex.py took 1.648 seconds
[2025-04-04T09:21:30.579+0000] {processor.py:186} INFO - Started process (PID=439) to work on /home/airflow/.local/lib/python3.12/site-packages/airflow/example_dags/example_complex.py
[2025-04-04T09:21:30.584+0000] {processor.py:914} INFO - Processing file /home/airflow/.local/lib/python3.12/site-packages/airflow/example_dags/example_complex.py for tasks to queue
[2025-04-04T09:21:30.606+0000] {logging_mixin.py:190} INFO - [2025-04-04T09:21:30.604+0000] {dagbag.py:588} INFO - Filling up the DagBag from /home/airflow/.local/lib/python3.12/site-packages/airflow/example_dags/example_complex.py
[2025-04-04T09:21:30.710+0000] {processor.py:925} INFO - DAG(s) 'example_complex' retrieved from /home/airflow/.local/lib/python3.12/site-packages/airflow/example_dags/example_complex.py
[2025-04-04T09:21:30.923+0000] {logging_mixin.py:190} INFO - [2025-04-04T09:21:30.921+0000] {dag.py:3239} INFO - Sync 1 DAGs
[2025-04-04T09:21:31.012+0000] {logging_mixin.py:190} INFO - [2025-04-04T09:21:31.011+0000] {dag.py:4180} INFO - Setting next_dagrun for example_complex to None, run_after=None
[2025-04-04T09:21:31.102+0000] {processor.py:208} INFO - Processing /home/airflow/.local/lib/python3.12/site-packages/airflow/example_dags/example_complex.py took 0.559 seconds
[2025-04-04T09:22:19.593+0000] {processor.py:186} INFO - Started process (PID=512) to work on /home/airflow/.local/lib/python3.12/site-packages/airflow/example_dags/example_complex.py
[2025-04-04T09:22:19.606+0000] {processor.py:914} INFO - Processing file /home/airflow/.local/lib/python3.12/site-packages/airflow/example_dags/example_complex.py for tasks to queue
[2025-04-04T09:22:19.631+0000] {logging_mixin.py:190} INFO - [2025-04-04T09:22:19.627+0000] {dagbag.py:588} INFO - Filling up the DagBag from /home/airflow/.local/lib/python3.12/site-packages/airflow/example_dags/example_complex.py
[2025-04-04T09:22:19.778+0000] {processor.py:925} INFO - DAG(s) 'example_complex' retrieved from /home/airflow/.local/lib/python3.12/site-packages/airflow/example_dags/example_complex.py
[2025-04-04T09:22:20.166+0000] {logging_mixin.py:190} INFO - [2025-04-04T09:22:20.165+0000] {dag.py:3239} INFO - Sync 1 DAGs
[2025-04-04T09:22:20.344+0000] {logging_mixin.py:190} INFO - [2025-04-04T09:22:20.341+0000] {dag.py:4180} INFO - Setting next_dagrun for example_complex to None, run_after=None
[2025-04-04T09:22:20.523+0000] {processor.py:208} INFO - Processing /home/airflow/.local/lib/python3.12/site-packages/airflow/example_dags/example_complex.py took 1.002 seconds
[2025-04-04T09:23:38.260+0000] {processor.py:186} INFO - Started process (PID=601) to work on /home/airflow/.local/lib/python3.12/site-packages/airflow/example_dags/example_complex.py
[2025-04-04T09:23:38.265+0000] {processor.py:914} INFO - Processing file /home/airflow/.local/lib/python3.12/site-packages/airflow/example_dags/example_complex.py for tasks to queue
[2025-04-04T09:23:38.285+0000] {logging_mixin.py:190} INFO - [2025-04-04T09:23:38.282+0000] {dagbag.py:588} INFO - Filling up the DagBag from /home/airflow/.local/lib/python3.12/site-packages/airflow/example_dags/example_complex.py
[2025-04-04T09:23:38.376+0000] {processor.py:925} INFO - DAG(s) 'example_complex' retrieved from /home/airflow/.local/lib/python3.12/site-packages/airflow/example_dags/example_complex.py
[2025-04-04T09:23:38.599+0000] {logging_mixin.py:190} INFO - [2025-04-04T09:23:38.592+0000] {dag.py:3239} INFO - Sync 1 DAGs
[2025-04-04T09:23:38.681+0000] {logging_mixin.py:190} INFO - [2025-04-04T09:23:38.680+0000] {dag.py:4180} INFO - Setting next_dagrun for example_complex to None, run_after=None
[2025-04-04T09:23:38.778+0000] {processor.py:208} INFO - Processing /home/airflow/.local/lib/python3.12/site-packages/airflow/example_dags/example_complex.py took 0.565 seconds
[2025-04-04T09:24:09.999+0000] {processor.py:186} INFO - Started process (PID=664) to work on /home/airflow/.local/lib/python3.12/site-packages/airflow/example_dags/example_complex.py
[2025-04-04T09:24:10.005+0000] {processor.py:914} INFO - Processing file /home/airflow/.local/lib/python3.12/site-packages/airflow/example_dags/example_complex.py for tasks to queue
[2025-04-04T09:24:10.015+0000] {logging_mixin.py:190} INFO - [2025-04-04T09:24:10.014+0000] {dagbag.py:588} INFO - Filling up the DagBag from /home/airflow/.local/lib/python3.12/site-packages/airflow/example_dags/example_complex.py
[2025-04-04T09:24:10.069+0000] {processor.py:925} INFO - DAG(s) 'example_complex' retrieved from /home/airflow/.local/lib/python3.12/site-packages/airflow/example_dags/example_complex.py
[2025-04-04T09:24:10.188+0000] {logging_mixin.py:190} INFO - [2025-04-04T09:24:10.187+0000] {dag.py:3239} INFO - Sync 1 DAGs
[2025-04-04T09:24:10.254+0000] {logging_mixin.py:190} INFO - [2025-04-04T09:24:10.254+0000] {dag.py:4180} INFO - Setting next_dagrun for example_complex to None, run_after=None
[2025-04-04T09:24:10.363+0000] {processor.py:208} INFO - Processing /home/airflow/.local/lib/python3.12/site-packages/airflow/example_dags/example_complex.py took 0.398 seconds
[2025-04-04T09:24:56.438+0000] {processor.py:186} INFO - Started process (PID=742) to work on /home/airflow/.local/lib/python3.12/site-packages/airflow/example_dags/example_complex.py
[2025-04-04T09:24:56.442+0000] {processor.py:914} INFO - Processing file /home/airflow/.local/lib/python3.12/site-packages/airflow/example_dags/example_complex.py for tasks to queue
[2025-04-04T09:24:56.451+0000] {logging_mixin.py:190} INFO - [2025-04-04T09:24:56.450+0000] {dagbag.py:588} INFO - Filling up the DagBag from /home/airflow/.local/lib/python3.12/site-packages/airflow/example_dags/example_complex.py
[2025-04-04T09:24:56.507+0000] {processor.py:925} INFO - DAG(s) 'example_complex' retrieved from /home/airflow/.local/lib/python3.12/site-packages/airflow/example_dags/example_complex.py
[2025-04-04T09:24:56.682+0000] {logging_mixin.py:190} INFO - [2025-04-04T09:24:56.681+0000] {dag.py:3239} INFO - Sync 1 DAGs
[2025-04-04T09:24:56.769+0000] {logging_mixin.py:190} INFO - [2025-04-04T09:24:56.768+0000] {dag.py:4180} INFO - Setting next_dagrun for example_complex to None, run_after=None
[2025-04-04T09:24:56.856+0000] {processor.py:208} INFO - Processing /home/airflow/.local/lib/python3.12/site-packages/airflow/example_dags/example_complex.py took 0.445 seconds
[2025-04-04T09:25:28.984+0000] {processor.py:186} INFO - Started process (PID=804) to work on /home/airflow/.local/lib/python3.12/site-packages/airflow/example_dags/example_complex.py
[2025-04-04T09:25:29.000+0000] {processor.py:914} INFO - Processing file /home/airflow/.local/lib/python3.12/site-packages/airflow/example_dags/example_complex.py for tasks to queue
[2025-04-04T09:25:29.025+0000] {logging_mixin.py:190} INFO - [2025-04-04T09:25:29.023+0000] {dagbag.py:588} INFO - Filling up the DagBag from /home/airflow/.local/lib/python3.12/site-packages/airflow/example_dags/example_complex.py
[2025-04-04T09:25:29.236+0000] {processor.py:925} INFO - DAG(s) 'example_complex' retrieved from /home/airflow/.local/lib/python3.12/site-packages/airflow/example_dags/example_complex.py
[2025-04-04T09:25:29.494+0000] {logging_mixin.py:190} INFO - [2025-04-04T09:25:29.492+0000] {dag.py:3239} INFO - Sync 1 DAGs
[2025-04-04T09:25:29.579+0000] {logging_mixin.py:190} INFO - [2025-04-04T09:25:29.578+0000] {dag.py:4180} INFO - Setting next_dagrun for example_complex to None, run_after=None
[2025-04-04T09:25:29.673+0000] {processor.py:208} INFO - Processing /home/airflow/.local/lib/python3.12/site-packages/airflow/example_dags/example_complex.py took 0.803 seconds
[2025-04-04T09:26:17.441+0000] {processor.py:186} INFO - Started process (PID=873) to work on /home/airflow/.local/lib/python3.12/site-packages/airflow/example_dags/example_complex.py
[2025-04-04T09:26:17.446+0000] {processor.py:914} INFO - Processing file /home/airflow/.local/lib/python3.12/site-packages/airflow/example_dags/example_complex.py for tasks to queue
[2025-04-04T09:26:17.476+0000] {logging_mixin.py:190} INFO - [2025-04-04T09:26:17.474+0000] {dagbag.py:588} INFO - Filling up the DagBag from /home/airflow/.local/lib/python3.12/site-packages/airflow/example_dags/example_complex.py
[2025-04-04T09:26:17.558+0000] {processor.py:925} INFO - DAG(s) 'example_complex' retrieved from /home/airflow/.local/lib/python3.12/site-packages/airflow/example_dags/example_complex.py
[2025-04-04T09:26:17.710+0000] {logging_mixin.py:190} INFO - [2025-04-04T09:26:17.710+0000] {dag.py:3239} INFO - Sync 1 DAGs
[2025-04-04T09:26:17.777+0000] {logging_mixin.py:190} INFO - [2025-04-04T09:26:17.776+0000] {dag.py:4180} INFO - Setting next_dagrun for example_complex to None, run_after=None
[2025-04-04T09:26:17.856+0000] {processor.py:208} INFO - Processing /home/airflow/.local/lib/python3.12/site-packages/airflow/example_dags/example_complex.py took 0.461 seconds
[2025-04-04T09:26:53.009+0000] {processor.py:186} INFO - Started process (PID=937) to work on /home/airflow/.local/lib/python3.12/site-packages/airflow/example_dags/example_complex.py
[2025-04-04T09:26:53.015+0000] {processor.py:914} INFO - Processing file /home/airflow/.local/lib/python3.12/site-packages/airflow/example_dags/example_complex.py for tasks to queue
[2025-04-04T09:26:53.029+0000] {logging_mixin.py:190} INFO - [2025-04-04T09:26:53.027+0000] {dagbag.py:588} INFO - Filling up the DagBag from /home/airflow/.local/lib/python3.12/site-packages/airflow/example_dags/example_complex.py
[2025-04-04T09:26:53.134+0000] {processor.py:925} INFO - DAG(s) 'example_complex' retrieved from /home/airflow/.local/lib/python3.12/site-packages/airflow/example_dags/example_complex.py
[2025-04-04T09:26:53.301+0000] {logging_mixin.py:190} INFO - [2025-04-04T09:26:53.300+0000] {dag.py:3239} INFO - Sync 1 DAGs
[2025-04-04T09:26:53.367+0000] {logging_mixin.py:190} INFO - [2025-04-04T09:26:53.366+0000] {dag.py:4180} INFO - Setting next_dagrun for example_complex to None, run_after=None
[2025-04-04T09:26:53.441+0000] {processor.py:208} INFO - Processing /home/airflow/.local/lib/python3.12/site-packages/airflow/example_dags/example_complex.py took 0.463 seconds
[2025-04-04T09:33:26.486+0000] {processor.py:186} INFO - Started process (PID=155) to work on /home/airflow/.local/lib/python3.12/site-packages/airflow/example_dags/example_complex.py
[2025-04-04T09:33:26.497+0000] {processor.py:914} INFO - Processing file /home/airflow/.local/lib/python3.12/site-packages/airflow/example_dags/example_complex.py for tasks to queue
[2025-04-04T09:33:26.520+0000] {logging_mixin.py:190} INFO - [2025-04-04T09:33:26.517+0000] {dagbag.py:588} INFO - Filling up the DagBag from /home/airflow/.local/lib/python3.12/site-packages/airflow/example_dags/example_complex.py
[2025-04-04T09:33:26.708+0000] {processor.py:925} INFO - DAG(s) 'example_complex' retrieved from /home/airflow/.local/lib/python3.12/site-packages/airflow/example_dags/example_complex.py
[2025-04-04T09:33:27.139+0000] {logging_mixin.py:190} INFO - [2025-04-04T09:33:27.138+0000] {dag.py:3239} INFO - Sync 1 DAGs
[2025-04-04T09:33:27.267+0000] {logging_mixin.py:190} INFO - [2025-04-04T09:33:27.266+0000] {dag.py:4180} INFO - Setting next_dagrun for example_complex to None, run_after=None
[2025-04-04T09:33:27.384+0000] {processor.py:208} INFO - Processing /home/airflow/.local/lib/python3.12/site-packages/airflow/example_dags/example_complex.py took 0.968 seconds
