[2025-04-04T09:03:36.963+0000] {processor.py:186} INFO - Started process (PID=111) to work on /home/airflow/.local/lib/python3.12/site-packages/airflow/example_dags/example_sensors.py
[2025-04-04T09:03:36.973+0000] {processor.py:914} INFO - Processing file /home/airflow/.local/lib/python3.12/site-packages/airflow/example_dags/example_sensors.py for tasks to queue
[2025-04-04T09:03:36.993+0000] {logging_mixin.py:190} INFO - [2025-04-04T09:03:36.991+0000] {dagbag.py:588} INFO - Filling up the DagBag from /home/airflow/.local/lib/python3.12/site-packages/airflow/example_dags/example_sensors.py
[2025-04-04T09:03:37.106+0000] {processor.py:925} INFO - DAG(s) 'example_sensors' retrieved from /home/airflow/.local/lib/python3.12/site-packages/airflow/example_dags/example_sensors.py
[2025-04-04T09:03:38.599+0000] {logging_mixin.py:190} INFO - [2025-04-04T09:03:38.597+0000] {override.py:1912} INFO - Created Permission View: can delete on DAG:example_sensors
[2025-04-04T09:03:38.675+0000] {logging_mixin.py:190} INFO - [2025-04-04T09:03:38.674+0000] {override.py:1912} INFO - Created Permission View: can edit on DAG:example_sensors
[2025-04-04T09:03:38.732+0000] {logging_mixin.py:190} INFO - [2025-04-04T09:03:38.731+0000] {override.py:1912} INFO - Created Permission View: can read on DAG:example_sensors
[2025-04-04T09:03:38.786+0000] {logging_mixin.py:190} INFO - [2025-04-04T09:03:38.785+0000] {override.py:1912} INFO - Created Permission View: menu access on DAG Run:example_sensors
[2025-04-04T09:03:38.846+0000] {logging_mixin.py:190} INFO - [2025-04-04T09:03:38.841+0000] {override.py:1912} INFO - Created Permission View: can create on DAG Run:example_sensors
[2025-04-04T09:03:38.896+0000] {logging_mixin.py:190} INFO - [2025-04-04T09:03:38.894+0000] {override.py:1912} INFO - Created Permission View: can delete on DAG Run:example_sensors
[2025-04-04T09:03:38.955+0000] {logging_mixin.py:190} INFO - [2025-04-04T09:03:38.954+0000] {override.py:1912} INFO - Created Permission View: can read on DAG Run:example_sensors
[2025-04-04T09:03:38.982+0000] {logging_mixin.py:190} INFO - [2025-04-04T09:03:38.976+0000] {dag.py:3239} INFO - Sync 1 DAGs
[2025-04-04T09:03:39.120+0000] {logging_mixin.py:190} INFO - [2025-04-04T09:03:39.119+0000] {dag.py:3262} INFO - Creating ORM DAG for example_sensors
[2025-04-04T09:03:39.126+0000] {logging_mixin.py:190} INFO - [2025-04-04T09:03:39.125+0000] {dag.py:4180} INFO - Setting next_dagrun for example_sensors to None, run_after=None
[2025-04-04T09:03:39.239+0000] {processor.py:208} INFO - Processing /home/airflow/.local/lib/python3.12/site-packages/airflow/example_dags/example_sensors.py took 2.352 seconds
[2025-04-04T09:11:50.904+0000] {processor.py:186} INFO - Started process (PID=108) to work on /home/airflow/.local/lib/python3.12/site-packages/airflow/example_dags/example_sensors.py
[2025-04-04T09:11:50.911+0000] {processor.py:914} INFO - Processing file /home/airflow/.local/lib/python3.12/site-packages/airflow/example_dags/example_sensors.py for tasks to queue
[2025-04-04T09:11:50.941+0000] {logging_mixin.py:190} INFO - [2025-04-04T09:11:50.936+0000] {dagbag.py:588} INFO - Filling up the DagBag from /home/airflow/.local/lib/python3.12/site-packages/airflow/example_dags/example_sensors.py
[2025-04-04T09:11:51.053+0000] {processor.py:925} INFO - DAG(s) 'example_sensors' retrieved from /home/airflow/.local/lib/python3.12/site-packages/airflow/example_dags/example_sensors.py
[2025-04-04T09:11:51.388+0000] {logging_mixin.py:190} INFO - [2025-04-04T09:11:51.386+0000] {dag.py:3239} INFO - Sync 1 DAGs
[2025-04-04T09:11:51.580+0000] {logging_mixin.py:190} INFO - [2025-04-04T09:11:51.579+0000] {dag.py:4180} INFO - Setting next_dagrun for example_sensors to None, run_after=None
[2025-04-04T09:11:51.864+0000] {processor.py:208} INFO - Processing /home/airflow/.local/lib/python3.12/site-packages/airflow/example_dags/example_sensors.py took 1.027 seconds
[2025-04-04T09:16:35.994+0000] {processor.py:186} INFO - Started process (PID=104) to work on /home/airflow/.local/lib/python3.12/site-packages/airflow/example_dags/example_sensors.py
[2025-04-04T09:16:36.002+0000] {processor.py:914} INFO - Processing file /home/airflow/.local/lib/python3.12/site-packages/airflow/example_dags/example_sensors.py for tasks to queue
[2025-04-04T09:16:36.020+0000] {logging_mixin.py:190} INFO - [2025-04-04T09:16:36.018+0000] {dagbag.py:588} INFO - Filling up the DagBag from /home/airflow/.local/lib/python3.12/site-packages/airflow/example_dags/example_sensors.py
[2025-04-04T09:16:36.109+0000] {processor.py:925} INFO - DAG(s) 'example_sensors' retrieved from /home/airflow/.local/lib/python3.12/site-packages/airflow/example_dags/example_sensors.py
[2025-04-04T09:16:36.345+0000] {logging_mixin.py:190} INFO - [2025-04-04T09:16:36.344+0000] {dag.py:3239} INFO - Sync 1 DAGs
[2025-04-04T09:16:36.448+0000] {logging_mixin.py:190} INFO - [2025-04-04T09:16:36.447+0000] {dag.py:4180} INFO - Setting next_dagrun for example_sensors to None, run_after=None
[2025-04-04T09:16:36.554+0000] {processor.py:208} INFO - Processing /home/airflow/.local/lib/python3.12/site-packages/airflow/example_dags/example_sensors.py took 0.617 seconds
[2025-04-04T09:17:44.852+0000] {processor.py:186} INFO - Started process (PID=173) to work on /home/airflow/.local/lib/python3.12/site-packages/airflow/example_dags/example_sensors.py
[2025-04-04T09:17:44.859+0000] {processor.py:914} INFO - Processing file /home/airflow/.local/lib/python3.12/site-packages/airflow/example_dags/example_sensors.py for tasks to queue
[2025-04-04T09:17:44.887+0000] {logging_mixin.py:190} INFO - [2025-04-04T09:17:44.882+0000] {dagbag.py:588} INFO - Filling up the DagBag from /home/airflow/.local/lib/python3.12/site-packages/airflow/example_dags/example_sensors.py
[2025-04-04T09:17:44.979+0000] {processor.py:925} INFO - DAG(s) 'example_sensors' retrieved from /home/airflow/.local/lib/python3.12/site-packages/airflow/example_dags/example_sensors.py
[2025-04-04T09:17:45.141+0000] {logging_mixin.py:190} INFO - [2025-04-04T09:17:45.139+0000] {dag.py:3239} INFO - Sync 1 DAGs
[2025-04-04T09:17:45.311+0000] {logging_mixin.py:190} INFO - [2025-04-04T09:17:45.309+0000] {dag.py:4180} INFO - Setting next_dagrun for example_sensors to None, run_after=None
[2025-04-04T09:17:45.499+0000] {processor.py:208} INFO - Processing /home/airflow/.local/lib/python3.12/site-packages/airflow/example_dags/example_sensors.py took 0.704 seconds
[2025-04-04T09:18:23.970+0000] {processor.py:186} INFO - Started process (PID=236) to work on /home/airflow/.local/lib/python3.12/site-packages/airflow/example_dags/example_sensors.py
[2025-04-04T09:18:23.997+0000] {processor.py:914} INFO - Processing file /home/airflow/.local/lib/python3.12/site-packages/airflow/example_dags/example_sensors.py for tasks to queue
[2025-04-04T09:18:24.025+0000] {logging_mixin.py:190} INFO - [2025-04-04T09:18:24.024+0000] {dagbag.py:588} INFO - Filling up the DagBag from /home/airflow/.local/lib/python3.12/site-packages/airflow/example_dags/example_sensors.py
[2025-04-04T09:18:24.133+0000] {processor.py:925} INFO - DAG(s) 'example_sensors' retrieved from /home/airflow/.local/lib/python3.12/site-packages/airflow/example_dags/example_sensors.py
[2025-04-04T09:18:24.273+0000] {logging_mixin.py:190} INFO - [2025-04-04T09:18:24.271+0000] {dag.py:3239} INFO - Sync 1 DAGs
[2025-04-04T09:18:24.425+0000] {logging_mixin.py:190} INFO - [2025-04-04T09:18:24.424+0000] {dag.py:4180} INFO - Setting next_dagrun for example_sensors to None, run_after=None
[2025-04-04T09:18:24.576+0000] {processor.py:208} INFO - Processing /home/airflow/.local/lib/python3.12/site-packages/airflow/example_dags/example_sensors.py took 0.664 seconds
[2025-04-04T09:19:28.968+0000] {processor.py:186} INFO - Started process (PID=297) to work on /home/airflow/.local/lib/python3.12/site-packages/airflow/example_dags/example_sensors.py
[2025-04-04T09:19:28.983+0000] {processor.py:914} INFO - Processing file /home/airflow/.local/lib/python3.12/site-packages/airflow/example_dags/example_sensors.py for tasks to queue
[2025-04-04T09:19:29.018+0000] {logging_mixin.py:190} INFO - [2025-04-04T09:19:29.014+0000] {dagbag.py:588} INFO - Filling up the DagBag from /home/airflow/.local/lib/python3.12/site-packages/airflow/example_dags/example_sensors.py
[2025-04-04T09:19:29.152+0000] {processor.py:925} INFO - DAG(s) 'example_sensors' retrieved from /home/airflow/.local/lib/python3.12/site-packages/airflow/example_dags/example_sensors.py
[2025-04-04T09:19:29.550+0000] {logging_mixin.py:190} INFO - [2025-04-04T09:19:29.549+0000] {dag.py:3239} INFO - Sync 1 DAGs
[2025-04-04T09:19:29.778+0000] {logging_mixin.py:190} INFO - [2025-04-04T09:19:29.778+0000] {dag.py:4180} INFO - Setting next_dagrun for example_sensors to None, run_after=None
[2025-04-04T09:19:29.986+0000] {processor.py:208} INFO - Processing /home/airflow/.local/lib/python3.12/site-packages/airflow/example_dags/example_sensors.py took 1.109 seconds
[2025-04-04T09:20:24.184+0000] {processor.py:186} INFO - Started process (PID=351) to work on /home/airflow/.local/lib/python3.12/site-packages/airflow/example_dags/example_sensors.py
[2025-04-04T09:20:24.193+0000] {processor.py:914} INFO - Processing file /home/airflow/.local/lib/python3.12/site-packages/airflow/example_dags/example_sensors.py for tasks to queue
[2025-04-04T09:20:24.224+0000] {logging_mixin.py:190} INFO - [2025-04-04T09:20:24.222+0000] {dagbag.py:588} INFO - Filling up the DagBag from /home/airflow/.local/lib/python3.12/site-packages/airflow/example_dags/example_sensors.py
[2025-04-04T09:20:24.368+0000] {processor.py:925} INFO - DAG(s) 'example_sensors' retrieved from /home/airflow/.local/lib/python3.12/site-packages/airflow/example_dags/example_sensors.py
[2025-04-04T09:20:24.951+0000] {logging_mixin.py:190} INFO - [2025-04-04T09:20:24.951+0000] {dag.py:3239} INFO - Sync 1 DAGs
[2025-04-04T09:20:25.086+0000] {logging_mixin.py:190} INFO - [2025-04-04T09:20:25.082+0000] {dag.py:4180} INFO - Setting next_dagrun for example_sensors to None, run_after=None
[2025-04-04T09:20:25.289+0000] {processor.py:208} INFO - Processing /home/airflow/.local/lib/python3.12/site-packages/airflow/example_dags/example_sensors.py took 1.210 seconds
[2025-04-04T09:21:00.523+0000] {processor.py:186} INFO - Started process (PID=388) to work on /home/airflow/.local/lib/python3.12/site-packages/airflow/example_dags/example_sensors.py
[2025-04-04T09:21:00.528+0000] {processor.py:914} INFO - Processing file /home/airflow/.local/lib/python3.12/site-packages/airflow/example_dags/example_sensors.py for tasks to queue
[2025-04-04T09:21:00.543+0000] {logging_mixin.py:190} INFO - [2025-04-04T09:21:00.541+0000] {dagbag.py:588} INFO - Filling up the DagBag from /home/airflow/.local/lib/python3.12/site-packages/airflow/example_dags/example_sensors.py
[2025-04-04T09:21:00.657+0000] {processor.py:925} INFO - DAG(s) 'example_sensors' retrieved from /home/airflow/.local/lib/python3.12/site-packages/airflow/example_dags/example_sensors.py
[2025-04-04T09:21:00.927+0000] {logging_mixin.py:190} INFO - [2025-04-04T09:21:00.926+0000] {dag.py:3239} INFO - Sync 1 DAGs
[2025-04-04T09:21:01.049+0000] {logging_mixin.py:190} INFO - [2025-04-04T09:21:01.048+0000] {dag.py:4180} INFO - Setting next_dagrun for example_sensors to None, run_after=None
[2025-04-04T09:21:01.225+0000] {processor.py:208} INFO - Processing /home/airflow/.local/lib/python3.12/site-packages/airflow/example_dags/example_sensors.py took 0.761 seconds
[2025-04-04T09:21:38.393+0000] {processor.py:186} INFO - Started process (PID=451) to work on /home/airflow/.local/lib/python3.12/site-packages/airflow/example_dags/example_sensors.py
[2025-04-04T09:21:38.406+0000] {processor.py:914} INFO - Processing file /home/airflow/.local/lib/python3.12/site-packages/airflow/example_dags/example_sensors.py for tasks to queue
[2025-04-04T09:21:38.424+0000] {logging_mixin.py:190} INFO - [2025-04-04T09:21:38.422+0000] {dagbag.py:588} INFO - Filling up the DagBag from /home/airflow/.local/lib/python3.12/site-packages/airflow/example_dags/example_sensors.py
[2025-04-04T09:21:38.542+0000] {processor.py:925} INFO - DAG(s) 'example_sensors' retrieved from /home/airflow/.local/lib/python3.12/site-packages/airflow/example_dags/example_sensors.py
[2025-04-04T09:21:38.694+0000] {logging_mixin.py:190} INFO - [2025-04-04T09:21:38.693+0000] {dag.py:3239} INFO - Sync 1 DAGs
[2025-04-04T09:21:38.789+0000] {logging_mixin.py:190} INFO - [2025-04-04T09:21:38.787+0000] {dag.py:4180} INFO - Setting next_dagrun for example_sensors to None, run_after=None
[2025-04-04T09:21:38.906+0000] {processor.py:208} INFO - Processing /home/airflow/.local/lib/python3.12/site-packages/airflow/example_dags/example_sensors.py took 0.546 seconds
[2025-04-04T09:22:21.104+0000] {processor.py:186} INFO - Started process (PID=514) to work on /home/airflow/.local/lib/python3.12/site-packages/airflow/example_dags/example_sensors.py
[2025-04-04T09:22:21.121+0000] {processor.py:914} INFO - Processing file /home/airflow/.local/lib/python3.12/site-packages/airflow/example_dags/example_sensors.py for tasks to queue
[2025-04-04T09:22:21.183+0000] {logging_mixin.py:190} INFO - [2025-04-04T09:22:21.152+0000] {dagbag.py:588} INFO - Filling up the DagBag from /home/airflow/.local/lib/python3.12/site-packages/airflow/example_dags/example_sensors.py
[2025-04-04T09:22:21.418+0000] {processor.py:925} INFO - DAG(s) 'example_sensors' retrieved from /home/airflow/.local/lib/python3.12/site-packages/airflow/example_dags/example_sensors.py
[2025-04-04T09:22:21.672+0000] {logging_mixin.py:190} INFO - [2025-04-04T09:22:21.671+0000] {dag.py:3239} INFO - Sync 1 DAGs
[2025-04-04T09:22:21.785+0000] {logging_mixin.py:190} INFO - [2025-04-04T09:22:21.784+0000] {dag.py:4180} INFO - Setting next_dagrun for example_sensors to None, run_after=None
[2025-04-04T09:22:21.969+0000] {processor.py:208} INFO - Processing /home/airflow/.local/lib/python3.12/site-packages/airflow/example_dags/example_sensors.py took 0.958 seconds
[2025-04-04T09:23:22.123+0000] {processor.py:186} INFO - Started process (PID=579) to work on /home/airflow/.local/lib/python3.12/site-packages/airflow/example_dags/example_sensors.py
[2025-04-04T09:23:22.128+0000] {processor.py:914} INFO - Processing file /home/airflow/.local/lib/python3.12/site-packages/airflow/example_dags/example_sensors.py for tasks to queue
[2025-04-04T09:23:22.147+0000] {logging_mixin.py:190} INFO - [2025-04-04T09:23:22.145+0000] {dagbag.py:588} INFO - Filling up the DagBag from /home/airflow/.local/lib/python3.12/site-packages/airflow/example_dags/example_sensors.py
[2025-04-04T09:23:22.325+0000] {processor.py:925} INFO - DAG(s) 'example_sensors' retrieved from /home/airflow/.local/lib/python3.12/site-packages/airflow/example_dags/example_sensors.py
[2025-04-04T09:23:22.693+0000] {logging_mixin.py:190} INFO - [2025-04-04T09:23:22.692+0000] {dag.py:3239} INFO - Sync 1 DAGs
[2025-04-04T09:23:22.879+0000] {logging_mixin.py:190} INFO - [2025-04-04T09:23:22.877+0000] {dag.py:4180} INFO - Setting next_dagrun for example_sensors to None, run_after=None
[2025-04-04T09:23:23.059+0000] {processor.py:208} INFO - Processing /home/airflow/.local/lib/python3.12/site-packages/airflow/example_dags/example_sensors.py took 1.025 seconds
[2025-04-04T09:23:54.786+0000] {processor.py:186} INFO - Started process (PID=634) to work on /home/airflow/.local/lib/python3.12/site-packages/airflow/example_dags/example_sensors.py
[2025-04-04T09:23:54.791+0000] {processor.py:914} INFO - Processing file /home/airflow/.local/lib/python3.12/site-packages/airflow/example_dags/example_sensors.py for tasks to queue
[2025-04-04T09:23:54.810+0000] {logging_mixin.py:190} INFO - [2025-04-04T09:23:54.808+0000] {dagbag.py:588} INFO - Filling up the DagBag from /home/airflow/.local/lib/python3.12/site-packages/airflow/example_dags/example_sensors.py
[2025-04-04T09:23:54.964+0000] {processor.py:925} INFO - DAG(s) 'example_sensors' retrieved from /home/airflow/.local/lib/python3.12/site-packages/airflow/example_dags/example_sensors.py
[2025-04-04T09:23:55.169+0000] {logging_mixin.py:190} INFO - [2025-04-04T09:23:55.166+0000] {dag.py:3239} INFO - Sync 1 DAGs
[2025-04-04T09:23:55.297+0000] {logging_mixin.py:190} INFO - [2025-04-04T09:23:55.296+0000] {dag.py:4180} INFO - Setting next_dagrun for example_sensors to None, run_after=None
[2025-04-04T09:23:55.406+0000] {processor.py:208} INFO - Processing /home/airflow/.local/lib/python3.12/site-packages/airflow/example_dags/example_sensors.py took 0.674 seconds
[2025-04-04T09:24:27.607+0000] {processor.py:186} INFO - Started process (PID=693) to work on /home/airflow/.local/lib/python3.12/site-packages/airflow/example_dags/example_sensors.py
[2025-04-04T09:24:27.619+0000] {processor.py:914} INFO - Processing file /home/airflow/.local/lib/python3.12/site-packages/airflow/example_dags/example_sensors.py for tasks to queue
[2025-04-04T09:24:27.641+0000] {logging_mixin.py:190} INFO - [2025-04-04T09:24:27.639+0000] {dagbag.py:588} INFO - Filling up the DagBag from /home/airflow/.local/lib/python3.12/site-packages/airflow/example_dags/example_sensors.py
[2025-04-04T09:24:27.806+0000] {processor.py:925} INFO - DAG(s) 'example_sensors' retrieved from /home/airflow/.local/lib/python3.12/site-packages/airflow/example_dags/example_sensors.py
[2025-04-04T09:24:28.285+0000] {logging_mixin.py:190} INFO - [2025-04-04T09:24:28.284+0000] {dag.py:3239} INFO - Sync 1 DAGs
[2025-04-04T09:24:28.466+0000] {logging_mixin.py:190} INFO - [2025-04-04T09:24:28.465+0000] {dag.py:4180} INFO - Setting next_dagrun for example_sensors to None, run_after=None
[2025-04-04T09:24:28.603+0000] {processor.py:208} INFO - Processing /home/airflow/.local/lib/python3.12/site-packages/airflow/example_dags/example_sensors.py took 1.042 seconds
[2025-04-04T09:25:04.294+0000] {processor.py:186} INFO - Started process (PID=751) to work on /home/airflow/.local/lib/python3.12/site-packages/airflow/example_dags/example_sensors.py
[2025-04-04T09:25:04.300+0000] {processor.py:914} INFO - Processing file /home/airflow/.local/lib/python3.12/site-packages/airflow/example_dags/example_sensors.py for tasks to queue
[2025-04-04T09:25:04.311+0000] {logging_mixin.py:190} INFO - [2025-04-04T09:25:04.310+0000] {dagbag.py:588} INFO - Filling up the DagBag from /home/airflow/.local/lib/python3.12/site-packages/airflow/example_dags/example_sensors.py
[2025-04-04T09:25:04.368+0000] {processor.py:925} INFO - DAG(s) 'example_sensors' retrieved from /home/airflow/.local/lib/python3.12/site-packages/airflow/example_dags/example_sensors.py
[2025-04-04T09:25:04.566+0000] {logging_mixin.py:190} INFO - [2025-04-04T09:25:04.565+0000] {dag.py:3239} INFO - Sync 1 DAGs
[2025-04-04T09:25:04.649+0000] {logging_mixin.py:190} INFO - [2025-04-04T09:25:04.649+0000] {dag.py:4180} INFO - Setting next_dagrun for example_sensors to None, run_after=None
[2025-04-04T09:25:04.786+0000] {processor.py:208} INFO - Processing /home/airflow/.local/lib/python3.12/site-packages/airflow/example_dags/example_sensors.py took 0.523 seconds
[2025-04-04T09:25:38.497+0000] {processor.py:186} INFO - Started process (PID=811) to work on /home/airflow/.local/lib/python3.12/site-packages/airflow/example_dags/example_sensors.py
[2025-04-04T09:25:38.505+0000] {processor.py:914} INFO - Processing file /home/airflow/.local/lib/python3.12/site-packages/airflow/example_dags/example_sensors.py for tasks to queue
[2025-04-04T09:25:38.526+0000] {logging_mixin.py:190} INFO - [2025-04-04T09:25:38.522+0000] {dagbag.py:588} INFO - Filling up the DagBag from /home/airflow/.local/lib/python3.12/site-packages/airflow/example_dags/example_sensors.py
[2025-04-04T09:25:38.585+0000] {processor.py:925} INFO - DAG(s) 'example_sensors' retrieved from /home/airflow/.local/lib/python3.12/site-packages/airflow/example_dags/example_sensors.py
[2025-04-04T09:25:38.724+0000] {logging_mixin.py:190} INFO - [2025-04-04T09:25:38.723+0000] {dag.py:3239} INFO - Sync 1 DAGs
[2025-04-04T09:25:38.863+0000] {logging_mixin.py:190} INFO - [2025-04-04T09:25:38.861+0000] {dag.py:4180} INFO - Setting next_dagrun for example_sensors to None, run_after=None
[2025-04-04T09:25:38.980+0000] {processor.py:208} INFO - Processing /home/airflow/.local/lib/python3.12/site-packages/airflow/example_dags/example_sensors.py took 0.532 seconds
[2025-04-04T09:26:22.262+0000] {processor.py:186} INFO - Started process (PID=880) to work on /home/airflow/.local/lib/python3.12/site-packages/airflow/example_dags/example_sensors.py
[2025-04-04T09:26:22.266+0000] {processor.py:914} INFO - Processing file /home/airflow/.local/lib/python3.12/site-packages/airflow/example_dags/example_sensors.py for tasks to queue
[2025-04-04T09:26:22.276+0000] {logging_mixin.py:190} INFO - [2025-04-04T09:26:22.275+0000] {dagbag.py:588} INFO - Filling up the DagBag from /home/airflow/.local/lib/python3.12/site-packages/airflow/example_dags/example_sensors.py
[2025-04-04T09:26:22.346+0000] {processor.py:925} INFO - DAG(s) 'example_sensors' retrieved from /home/airflow/.local/lib/python3.12/site-packages/airflow/example_dags/example_sensors.py
[2025-04-04T09:26:22.514+0000] {logging_mixin.py:190} INFO - [2025-04-04T09:26:22.514+0000] {dag.py:3239} INFO - Sync 1 DAGs
[2025-04-04T09:26:22.580+0000] {logging_mixin.py:190} INFO - [2025-04-04T09:26:22.580+0000] {dag.py:4180} INFO - Setting next_dagrun for example_sensors to None, run_after=None
[2025-04-04T09:26:22.656+0000] {processor.py:208} INFO - Processing /home/airflow/.local/lib/python3.12/site-packages/airflow/example_dags/example_sensors.py took 0.421 seconds
[2025-04-04T09:26:57.615+0000] {processor.py:186} INFO - Started process (PID=942) to work on /home/airflow/.local/lib/python3.12/site-packages/airflow/example_dags/example_sensors.py
[2025-04-04T09:26:57.619+0000] {processor.py:914} INFO - Processing file /home/airflow/.local/lib/python3.12/site-packages/airflow/example_dags/example_sensors.py for tasks to queue
[2025-04-04T09:26:57.632+0000] {logging_mixin.py:190} INFO - [2025-04-04T09:26:57.630+0000] {dagbag.py:588} INFO - Filling up the DagBag from /home/airflow/.local/lib/python3.12/site-packages/airflow/example_dags/example_sensors.py
[2025-04-04T09:26:57.724+0000] {processor.py:925} INFO - DAG(s) 'example_sensors' retrieved from /home/airflow/.local/lib/python3.12/site-packages/airflow/example_dags/example_sensors.py
[2025-04-04T09:26:57.845+0000] {logging_mixin.py:190} INFO - [2025-04-04T09:26:57.845+0000] {dag.py:3239} INFO - Sync 1 DAGs
[2025-04-04T09:26:57.929+0000] {logging_mixin.py:190} INFO - [2025-04-04T09:26:57.928+0000] {dag.py:4180} INFO - Setting next_dagrun for example_sensors to None, run_after=None
[2025-04-04T09:26:58.018+0000] {processor.py:208} INFO - Processing /home/airflow/.local/lib/python3.12/site-packages/airflow/example_dags/example_sensors.py took 0.431 seconds
[2025-04-04T09:32:54.787+0000] {processor.py:186} INFO - Started process (PID=112) to work on /home/airflow/.local/lib/python3.12/site-packages/airflow/example_dags/example_sensors.py
[2025-04-04T09:32:54.800+0000] {processor.py:914} INFO - Processing file /home/airflow/.local/lib/python3.12/site-packages/airflow/example_dags/example_sensors.py for tasks to queue
[2025-04-04T09:32:54.819+0000] {logging_mixin.py:190} INFO - [2025-04-04T09:32:54.816+0000] {dagbag.py:588} INFO - Filling up the DagBag from /home/airflow/.local/lib/python3.12/site-packages/airflow/example_dags/example_sensors.py
[2025-04-04T09:32:54.916+0000] {processor.py:925} INFO - DAG(s) 'example_sensors' retrieved from /home/airflow/.local/lib/python3.12/site-packages/airflow/example_dags/example_sensors.py
[2025-04-04T09:32:55.160+0000] {logging_mixin.py:190} INFO - [2025-04-04T09:32:55.159+0000] {dag.py:3239} INFO - Sync 1 DAGs
[2025-04-04T09:32:55.390+0000] {logging_mixin.py:190} INFO - [2025-04-04T09:32:55.389+0000] {dag.py:4180} INFO - Setting next_dagrun for example_sensors to None, run_after=None
[2025-04-04T09:32:55.632+0000] {processor.py:208} INFO - Processing /home/airflow/.local/lib/python3.12/site-packages/airflow/example_dags/example_sensors.py took 0.889 seconds
