[2025-04-04T09:03:50.709+0000] {processor.py:186} INFO - Started process (PID=125) to work on /home/airflow/.local/lib/python3.12/site-packages/airflow/example_dags/example_latest_only_with_trigger.py
[2025-04-04T09:03:50.721+0000] {processor.py:914} INFO - Processing file /home/airflow/.local/lib/python3.12/site-packages/airflow/example_dags/example_latest_only_with_trigger.py for tasks to queue
[2025-04-04T09:03:50.741+0000] {logging_mixin.py:190} INFO - [2025-04-04T09:03:50.739+0000] {dagbag.py:588} INFO - Filling up the DagBag from /home/airflow/.local/lib/python3.12/site-packages/airflow/example_dags/example_latest_only_with_trigger.py
[2025-04-04T09:03:50.826+0000] {processor.py:925} INFO - DAG(s) 'latest_only_with_trigger' retrieved from /home/airflow/.local/lib/python3.12/site-packages/airflow/example_dags/example_latest_only_with_trigger.py
[2025-04-04T09:03:53.127+0000] {logging_mixin.py:190} INFO - [2025-04-04T09:03:53.124+0000] {override.py:1912} INFO - Created Permission View: can delete on DAG:latest_only_with_trigger
[2025-04-04T09:03:53.330+0000] {logging_mixin.py:190} INFO - [2025-04-04T09:03:53.328+0000] {override.py:1912} INFO - Created Permission View: can edit on DAG:latest_only_with_trigger
[2025-04-04T09:03:53.567+0000] {logging_mixin.py:190} INFO - [2025-04-04T09:03:53.566+0000] {override.py:1912} INFO - Created Permission View: can read on DAG:latest_only_with_trigger
[2025-04-04T09:03:53.740+0000] {logging_mixin.py:190} INFO - [2025-04-04T09:03:53.738+0000] {override.py:1912} INFO - Created Permission View: menu access on DAG Run:latest_only_with_trigger
[2025-04-04T09:03:53.867+0000] {logging_mixin.py:190} INFO - [2025-04-04T09:03:53.866+0000] {override.py:1912} INFO - Created Permission View: can create on DAG Run:latest_only_with_trigger
[2025-04-04T09:03:53.952+0000] {logging_mixin.py:190} INFO - [2025-04-04T09:03:53.951+0000] {override.py:1912} INFO - Created Permission View: can delete on DAG Run:latest_only_with_trigger
[2025-04-04T09:03:54.051+0000] {logging_mixin.py:190} INFO - [2025-04-04T09:03:54.045+0000] {override.py:1912} INFO - Created Permission View: can read on DAG Run:latest_only_with_trigger
[2025-04-04T09:03:54.057+0000] {logging_mixin.py:190} INFO - [2025-04-04T09:03:54.056+0000] {dag.py:3239} INFO - Sync 1 DAGs
[2025-04-04T09:03:54.252+0000] {logging_mixin.py:190} INFO - [2025-04-04T09:03:54.251+0000] {dag.py:3262} INFO - Creating ORM DAG for latest_only_with_trigger
[2025-04-04T09:03:54.414+0000] {logging_mixin.py:190} INFO - [2025-04-04T09:03:54.399+0000] {dag.py:4180} INFO - Setting next_dagrun for latest_only_with_trigger to 2025-04-04 04:00:00+00:00, run_after=2025-04-04 08:00:00+00:00
[2025-04-04T09:03:54.636+0000] {processor.py:208} INFO - Processing /home/airflow/.local/lib/python3.12/site-packages/airflow/example_dags/example_latest_only_with_trigger.py took 3.968 seconds
[2025-04-04T09:12:02.789+0000] {processor.py:186} INFO - Started process (PID=116) to work on /home/airflow/.local/lib/python3.12/site-packages/airflow/example_dags/example_latest_only_with_trigger.py
[2025-04-04T09:12:02.814+0000] {processor.py:914} INFO - Processing file /home/airflow/.local/lib/python3.12/site-packages/airflow/example_dags/example_latest_only_with_trigger.py for tasks to queue
[2025-04-04T09:12:02.856+0000] {logging_mixin.py:190} INFO - [2025-04-04T09:12:02.841+0000] {dagbag.py:588} INFO - Filling up the DagBag from /home/airflow/.local/lib/python3.12/site-packages/airflow/example_dags/example_latest_only_with_trigger.py
[2025-04-04T09:12:03.018+0000] {processor.py:925} INFO - DAG(s) 'latest_only_with_trigger' retrieved from /home/airflow/.local/lib/python3.12/site-packages/airflow/example_dags/example_latest_only_with_trigger.py
[2025-04-04T09:12:03.313+0000] {logging_mixin.py:190} INFO - [2025-04-04T09:12:03.312+0000] {dag.py:3239} INFO - Sync 1 DAGs
[2025-04-04T09:12:03.581+0000] {logging_mixin.py:190} INFO - [2025-04-04T09:12:03.580+0000] {dag.py:4180} INFO - Setting next_dagrun for latest_only_with_trigger to 2025-04-04 04:00:00+00:00, run_after=2025-04-04 08:00:00+00:00
[2025-04-04T09:12:03.810+0000] {processor.py:208} INFO - Processing /home/airflow/.local/lib/python3.12/site-packages/airflow/example_dags/example_latest_only_with_trigger.py took 1.173 seconds
[2025-04-04T09:16:45.152+0000] {processor.py:186} INFO - Started process (PID=112) to work on /home/airflow/.local/lib/python3.12/site-packages/airflow/example_dags/example_latest_only_with_trigger.py
[2025-04-04T09:16:45.156+0000] {processor.py:914} INFO - Processing file /home/airflow/.local/lib/python3.12/site-packages/airflow/example_dags/example_latest_only_with_trigger.py for tasks to queue
[2025-04-04T09:16:45.169+0000] {logging_mixin.py:190} INFO - [2025-04-04T09:16:45.168+0000] {dagbag.py:588} INFO - Filling up the DagBag from /home/airflow/.local/lib/python3.12/site-packages/airflow/example_dags/example_latest_only_with_trigger.py
[2025-04-04T09:16:45.207+0000] {processor.py:925} INFO - DAG(s) 'latest_only_with_trigger' retrieved from /home/airflow/.local/lib/python3.12/site-packages/airflow/example_dags/example_latest_only_with_trigger.py
[2025-04-04T09:16:45.314+0000] {logging_mixin.py:190} INFO - [2025-04-04T09:16:45.313+0000] {dag.py:3239} INFO - Sync 1 DAGs
[2025-04-04T09:16:45.487+0000] {logging_mixin.py:190} INFO - [2025-04-04T09:16:45.482+0000] {dag.py:4180} INFO - Setting next_dagrun for latest_only_with_trigger to 2025-04-04 04:00:00+00:00, run_after=2025-04-04 08:00:00+00:00
[2025-04-04T09:16:45.612+0000] {processor.py:208} INFO - Processing /home/airflow/.local/lib/python3.12/site-packages/airflow/example_dags/example_latest_only_with_trigger.py took 0.490 seconds
[2025-04-04T09:17:50.215+0000] {processor.py:186} INFO - Started process (PID=181) to work on /home/airflow/.local/lib/python3.12/site-packages/airflow/example_dags/example_latest_only_with_trigger.py
[2025-04-04T09:17:50.221+0000] {processor.py:914} INFO - Processing file /home/airflow/.local/lib/python3.12/site-packages/airflow/example_dags/example_latest_only_with_trigger.py for tasks to queue
[2025-04-04T09:17:50.249+0000] {logging_mixin.py:190} INFO - [2025-04-04T09:17:50.243+0000] {dagbag.py:588} INFO - Filling up the DagBag from /home/airflow/.local/lib/python3.12/site-packages/airflow/example_dags/example_latest_only_with_trigger.py
[2025-04-04T09:17:50.303+0000] {processor.py:925} INFO - DAG(s) 'latest_only_with_trigger' retrieved from /home/airflow/.local/lib/python3.12/site-packages/airflow/example_dags/example_latest_only_with_trigger.py
[2025-04-04T09:17:50.463+0000] {logging_mixin.py:190} INFO - [2025-04-04T09:17:50.461+0000] {dag.py:3239} INFO - Sync 1 DAGs
[2025-04-04T09:17:50.650+0000] {logging_mixin.py:190} INFO - [2025-04-04T09:17:50.648+0000] {dag.py:4180} INFO - Setting next_dagrun for latest_only_with_trigger to 2025-04-04 04:00:00+00:00, run_after=2025-04-04 08:00:00+00:00
[2025-04-04T09:17:50.759+0000] {processor.py:208} INFO - Processing /home/airflow/.local/lib/python3.12/site-packages/airflow/example_dags/example_latest_only_with_trigger.py took 0.600 seconds
[2025-04-04T09:18:29.032+0000] {processor.py:186} INFO - Started process (PID=244) to work on /home/airflow/.local/lib/python3.12/site-packages/airflow/example_dags/example_latest_only_with_trigger.py
[2025-04-04T09:18:29.074+0000] {processor.py:914} INFO - Processing file /home/airflow/.local/lib/python3.12/site-packages/airflow/example_dags/example_latest_only_with_trigger.py for tasks to queue
[2025-04-04T09:18:29.106+0000] {logging_mixin.py:190} INFO - [2025-04-04T09:18:29.104+0000] {dagbag.py:588} INFO - Filling up the DagBag from /home/airflow/.local/lib/python3.12/site-packages/airflow/example_dags/example_latest_only_with_trigger.py
[2025-04-04T09:18:29.231+0000] {processor.py:925} INFO - DAG(s) 'latest_only_with_trigger' retrieved from /home/airflow/.local/lib/python3.12/site-packages/airflow/example_dags/example_latest_only_with_trigger.py
[2025-04-04T09:18:29.510+0000] {logging_mixin.py:190} INFO - [2025-04-04T09:18:29.509+0000] {dag.py:3239} INFO - Sync 1 DAGs
[2025-04-04T09:18:29.670+0000] {logging_mixin.py:190} INFO - [2025-04-04T09:18:29.668+0000] {dag.py:4180} INFO - Setting next_dagrun for latest_only_with_trigger to 2025-04-04 04:00:00+00:00, run_after=2025-04-04 08:00:00+00:00
[2025-04-04T09:18:29.797+0000] {processor.py:208} INFO - Processing /home/airflow/.local/lib/python3.12/site-packages/airflow/example_dags/example_latest_only_with_trigger.py took 0.847 seconds
[2025-04-04T09:19:41.600+0000] {processor.py:186} INFO - Started process (PID=311) to work on /home/airflow/.local/lib/python3.12/site-packages/airflow/example_dags/example_latest_only_with_trigger.py
[2025-04-04T09:19:41.619+0000] {processor.py:914} INFO - Processing file /home/airflow/.local/lib/python3.12/site-packages/airflow/example_dags/example_latest_only_with_trigger.py for tasks to queue
[2025-04-04T09:19:41.718+0000] {logging_mixin.py:190} INFO - [2025-04-04T09:19:41.703+0000] {dagbag.py:588} INFO - Filling up the DagBag from /home/airflow/.local/lib/python3.12/site-packages/airflow/example_dags/example_latest_only_with_trigger.py
[2025-04-04T09:19:42.134+0000] {processor.py:925} INFO - DAG(s) 'latest_only_with_trigger' retrieved from /home/airflow/.local/lib/python3.12/site-packages/airflow/example_dags/example_latest_only_with_trigger.py
[2025-04-04T09:19:42.440+0000] {logging_mixin.py:190} INFO - [2025-04-04T09:19:42.438+0000] {dag.py:3239} INFO - Sync 1 DAGs
[2025-04-04T09:19:42.882+0000] {logging_mixin.py:190} INFO - [2025-04-04T09:19:42.881+0000] {dag.py:4180} INFO - Setting next_dagrun for latest_only_with_trigger to 2025-04-04 04:00:00+00:00, run_after=2025-04-04 08:00:00+00:00
[2025-04-04T09:19:43.366+0000] {processor.py:208} INFO - Processing /home/airflow/.local/lib/python3.12/site-packages/airflow/example_dags/example_latest_only_with_trigger.py took 1.924 seconds
[2025-04-04T09:20:30.938+0000] {processor.py:186} INFO - Started process (PID=359) to work on /home/airflow/.local/lib/python3.12/site-packages/airflow/example_dags/example_latest_only_with_trigger.py
[2025-04-04T09:20:30.945+0000] {processor.py:914} INFO - Processing file /home/airflow/.local/lib/python3.12/site-packages/airflow/example_dags/example_latest_only_with_trigger.py for tasks to queue
[2025-04-04T09:20:31.015+0000] {logging_mixin.py:190} INFO - [2025-04-04T09:20:30.998+0000] {dagbag.py:588} INFO - Filling up the DagBag from /home/airflow/.local/lib/python3.12/site-packages/airflow/example_dags/example_latest_only_with_trigger.py
[2025-04-04T09:20:31.109+0000] {processor.py:925} INFO - DAG(s) 'latest_only_with_trigger' retrieved from /home/airflow/.local/lib/python3.12/site-packages/airflow/example_dags/example_latest_only_with_trigger.py
[2025-04-04T09:20:31.365+0000] {logging_mixin.py:190} INFO - [2025-04-04T09:20:31.364+0000] {dag.py:3239} INFO - Sync 1 DAGs
[2025-04-04T09:20:31.811+0000] {logging_mixin.py:190} INFO - [2025-04-04T09:20:31.810+0000] {dag.py:4180} INFO - Setting next_dagrun for latest_only_with_trigger to 2025-04-04 04:00:00+00:00, run_after=2025-04-04 08:00:00+00:00
[2025-04-04T09:20:32.056+0000] {processor.py:208} INFO - Processing /home/airflow/.local/lib/python3.12/site-packages/airflow/example_dags/example_latest_only_with_trigger.py took 1.209 seconds
[2025-04-04T09:21:25.775+0000] {processor.py:186} INFO - Started process (PID=428) to work on /home/airflow/.local/lib/python3.12/site-packages/airflow/example_dags/example_latest_only_with_trigger.py
[2025-04-04T09:21:25.781+0000] {processor.py:914} INFO - Processing file /home/airflow/.local/lib/python3.12/site-packages/airflow/example_dags/example_latest_only_with_trigger.py for tasks to queue
[2025-04-04T09:21:25.799+0000] {logging_mixin.py:190} INFO - [2025-04-04T09:21:25.798+0000] {dagbag.py:588} INFO - Filling up the DagBag from /home/airflow/.local/lib/python3.12/site-packages/airflow/example_dags/example_latest_only_with_trigger.py
[2025-04-04T09:21:25.852+0000] {processor.py:925} INFO - DAG(s) 'latest_only_with_trigger' retrieved from /home/airflow/.local/lib/python3.12/site-packages/airflow/example_dags/example_latest_only_with_trigger.py
[2025-04-04T09:21:26.002+0000] {logging_mixin.py:190} INFO - [2025-04-04T09:21:25.995+0000] {dag.py:3239} INFO - Sync 1 DAGs
[2025-04-04T09:21:26.290+0000] {logging_mixin.py:190} INFO - [2025-04-04T09:21:26.289+0000] {dag.py:4180} INFO - Setting next_dagrun for latest_only_with_trigger to 2025-04-04 04:00:00+00:00, run_after=2025-04-04 08:00:00+00:00
[2025-04-04T09:21:26.486+0000] {processor.py:208} INFO - Processing /home/airflow/.local/lib/python3.12/site-packages/airflow/example_dags/example_latest_only_with_trigger.py took 0.743 seconds
[2025-04-04T09:22:02.119+0000] {processor.py:186} INFO - Started process (PID=490) to work on /home/airflow/.local/lib/python3.12/site-packages/airflow/example_dags/example_latest_only_with_trigger.py
[2025-04-04T09:22:02.137+0000] {processor.py:914} INFO - Processing file /home/airflow/.local/lib/python3.12/site-packages/airflow/example_dags/example_latest_only_with_trigger.py for tasks to queue
[2025-04-04T09:22:02.182+0000] {logging_mixin.py:190} INFO - [2025-04-04T09:22:02.168+0000] {dagbag.py:588} INFO - Filling up the DagBag from /home/airflow/.local/lib/python3.12/site-packages/airflow/example_dags/example_latest_only_with_trigger.py
[2025-04-04T09:22:02.337+0000] {processor.py:925} INFO - DAG(s) 'latest_only_with_trigger' retrieved from /home/airflow/.local/lib/python3.12/site-packages/airflow/example_dags/example_latest_only_with_trigger.py
[2025-04-04T09:22:02.738+0000] {logging_mixin.py:190} INFO - [2025-04-04T09:22:02.736+0000] {dag.py:3239} INFO - Sync 1 DAGs
[2025-04-04T09:22:03.012+0000] {logging_mixin.py:190} INFO - [2025-04-04T09:22:03.007+0000] {dag.py:4180} INFO - Setting next_dagrun for latest_only_with_trigger to 2025-04-04 04:00:00+00:00, run_after=2025-04-04 08:00:00+00:00
[2025-04-04T09:22:03.209+0000] {processor.py:208} INFO - Processing /home/airflow/.local/lib/python3.12/site-packages/airflow/example_dags/example_latest_only_with_trigger.py took 1.249 seconds
[2025-04-04T09:23:03.861+0000] {processor.py:186} INFO - Started process (PID=555) to work on /home/airflow/.local/lib/python3.12/site-packages/airflow/example_dags/example_latest_only_with_trigger.py
[2025-04-04T09:23:03.893+0000] {processor.py:914} INFO - Processing file /home/airflow/.local/lib/python3.12/site-packages/airflow/example_dags/example_latest_only_with_trigger.py for tasks to queue
[2025-04-04T09:23:03.929+0000] {logging_mixin.py:190} INFO - [2025-04-04T09:23:03.927+0000] {dagbag.py:588} INFO - Filling up the DagBag from /home/airflow/.local/lib/python3.12/site-packages/airflow/example_dags/example_latest_only_with_trigger.py
[2025-04-04T09:23:04.072+0000] {processor.py:925} INFO - DAG(s) 'latest_only_with_trigger' retrieved from /home/airflow/.local/lib/python3.12/site-packages/airflow/example_dags/example_latest_only_with_trigger.py
[2025-04-04T09:23:04.455+0000] {logging_mixin.py:190} INFO - [2025-04-04T09:23:04.449+0000] {dag.py:3239} INFO - Sync 1 DAGs
[2025-04-04T09:23:04.955+0000] {logging_mixin.py:190} INFO - [2025-04-04T09:23:04.953+0000] {dag.py:4180} INFO - Setting next_dagrun for latest_only_with_trigger to 2025-04-04 04:00:00+00:00, run_after=2025-04-04 08:00:00+00:00
[2025-04-04T09:23:05.180+0000] {processor.py:208} INFO - Processing /home/airflow/.local/lib/python3.12/site-packages/airflow/example_dags/example_latest_only_with_trigger.py took 1.445 seconds
[2025-04-04T09:23:50.184+0000] {processor.py:186} INFO - Started process (PID=624) to work on /home/airflow/.local/lib/python3.12/site-packages/airflow/example_dags/example_latest_only_with_trigger.py
[2025-04-04T09:23:50.193+0000] {processor.py:914} INFO - Processing file /home/airflow/.local/lib/python3.12/site-packages/airflow/example_dags/example_latest_only_with_trigger.py for tasks to queue
[2025-04-04T09:23:50.220+0000] {logging_mixin.py:190} INFO - [2025-04-04T09:23:50.217+0000] {dagbag.py:588} INFO - Filling up the DagBag from /home/airflow/.local/lib/python3.12/site-packages/airflow/example_dags/example_latest_only_with_trigger.py
[2025-04-04T09:23:50.278+0000] {processor.py:925} INFO - DAG(s) 'latest_only_with_trigger' retrieved from /home/airflow/.local/lib/python3.12/site-packages/airflow/example_dags/example_latest_only_with_trigger.py
[2025-04-04T09:23:50.455+0000] {logging_mixin.py:190} INFO - [2025-04-04T09:23:50.454+0000] {dag.py:3239} INFO - Sync 1 DAGs
[2025-04-04T09:23:50.630+0000] {logging_mixin.py:190} INFO - [2025-04-04T09:23:50.629+0000] {dag.py:4180} INFO - Setting next_dagrun for latest_only_with_trigger to 2025-04-04 04:00:00+00:00, run_after=2025-04-04 08:00:00+00:00
[2025-04-04T09:23:50.722+0000] {processor.py:208} INFO - Processing /home/airflow/.local/lib/python3.12/site-packages/airflow/example_dags/example_latest_only_with_trigger.py took 0.591 seconds
[2025-04-04T09:24:24.081+0000] {processor.py:186} INFO - Started process (PID=687) to work on /home/airflow/.local/lib/python3.12/site-packages/airflow/example_dags/example_latest_only_with_trigger.py
[2025-04-04T09:24:24.099+0000] {processor.py:914} INFO - Processing file /home/airflow/.local/lib/python3.12/site-packages/airflow/example_dags/example_latest_only_with_trigger.py for tasks to queue
[2025-04-04T09:24:24.163+0000] {logging_mixin.py:190} INFO - [2025-04-04T09:24:24.151+0000] {dagbag.py:588} INFO - Filling up the DagBag from /home/airflow/.local/lib/python3.12/site-packages/airflow/example_dags/example_latest_only_with_trigger.py
[2025-04-04T09:24:24.265+0000] {processor.py:925} INFO - DAG(s) 'latest_only_with_trigger' retrieved from /home/airflow/.local/lib/python3.12/site-packages/airflow/example_dags/example_latest_only_with_trigger.py
[2025-04-04T09:24:24.427+0000] {logging_mixin.py:190} INFO - [2025-04-04T09:24:24.426+0000] {dag.py:3239} INFO - Sync 1 DAGs
[2025-04-04T09:24:24.611+0000] {logging_mixin.py:190} INFO - [2025-04-04T09:24:24.610+0000] {dag.py:4180} INFO - Setting next_dagrun for latest_only_with_trigger to 2025-04-04 04:00:00+00:00, run_after=2025-04-04 08:00:00+00:00
[2025-04-04T09:24:24.764+0000] {processor.py:208} INFO - Processing /home/airflow/.local/lib/python3.12/site-packages/airflow/example_dags/example_latest_only_with_trigger.py took 0.755 seconds
[2025-04-04T09:25:07.167+0000] {processor.py:186} INFO - Started process (PID=755) to work on /home/airflow/.local/lib/python3.12/site-packages/airflow/example_dags/example_latest_only_with_trigger.py
[2025-04-04T09:25:07.176+0000] {processor.py:914} INFO - Processing file /home/airflow/.local/lib/python3.12/site-packages/airflow/example_dags/example_latest_only_with_trigger.py for tasks to queue
[2025-04-04T09:25:07.199+0000] {logging_mixin.py:190} INFO - [2025-04-04T09:25:07.197+0000] {dagbag.py:588} INFO - Filling up the DagBag from /home/airflow/.local/lib/python3.12/site-packages/airflow/example_dags/example_latest_only_with_trigger.py
[2025-04-04T09:25:07.263+0000] {processor.py:925} INFO - DAG(s) 'latest_only_with_trigger' retrieved from /home/airflow/.local/lib/python3.12/site-packages/airflow/example_dags/example_latest_only_with_trigger.py
[2025-04-04T09:25:07.414+0000] {logging_mixin.py:190} INFO - [2025-04-04T09:25:07.413+0000] {dag.py:3239} INFO - Sync 1 DAGs
[2025-04-04T09:25:07.542+0000] {logging_mixin.py:190} INFO - [2025-04-04T09:25:07.541+0000] {dag.py:4180} INFO - Setting next_dagrun for latest_only_with_trigger to 2025-04-04 04:00:00+00:00, run_after=2025-04-04 08:00:00+00:00
[2025-04-04T09:25:07.634+0000] {processor.py:208} INFO - Processing /home/airflow/.local/lib/python3.12/site-packages/airflow/example_dags/example_latest_only_with_trigger.py took 0.524 seconds
[2025-04-04T09:25:47.502+0000] {processor.py:186} INFO - Started process (PID=824) to work on /home/airflow/.local/lib/python3.12/site-packages/airflow/example_dags/example_latest_only_with_trigger.py
[2025-04-04T09:25:47.516+0000] {processor.py:914} INFO - Processing file /home/airflow/.local/lib/python3.12/site-packages/airflow/example_dags/example_latest_only_with_trigger.py for tasks to queue
[2025-04-04T09:25:47.540+0000] {logging_mixin.py:190} INFO - [2025-04-04T09:25:47.538+0000] {dagbag.py:588} INFO - Filling up the DagBag from /home/airflow/.local/lib/python3.12/site-packages/airflow/example_dags/example_latest_only_with_trigger.py
[2025-04-04T09:25:47.639+0000] {processor.py:925} INFO - DAG(s) 'latest_only_with_trigger' retrieved from /home/airflow/.local/lib/python3.12/site-packages/airflow/example_dags/example_latest_only_with_trigger.py
[2025-04-04T09:25:47.882+0000] {logging_mixin.py:190} INFO - [2025-04-04T09:25:47.881+0000] {dag.py:3239} INFO - Sync 1 DAGs
[2025-04-04T09:25:48.139+0000] {logging_mixin.py:190} INFO - [2025-04-04T09:25:48.138+0000] {dag.py:4180} INFO - Setting next_dagrun for latest_only_with_trigger to 2025-04-04 04:00:00+00:00, run_after=2025-04-04 08:00:00+00:00
[2025-04-04T09:25:48.310+0000] {processor.py:208} INFO - Processing /home/airflow/.local/lib/python3.12/site-packages/airflow/example_dags/example_latest_only_with_trigger.py took 0.882 seconds
[2025-04-04T09:26:24.839+0000] {processor.py:186} INFO - Started process (PID=884) to work on /home/airflow/.local/lib/python3.12/site-packages/airflow/example_dags/example_latest_only_with_trigger.py
[2025-04-04T09:26:24.845+0000] {processor.py:914} INFO - Processing file /home/airflow/.local/lib/python3.12/site-packages/airflow/example_dags/example_latest_only_with_trigger.py for tasks to queue
[2025-04-04T09:26:24.864+0000] {logging_mixin.py:190} INFO - [2025-04-04T09:26:24.862+0000] {dagbag.py:588} INFO - Filling up the DagBag from /home/airflow/.local/lib/python3.12/site-packages/airflow/example_dags/example_latest_only_with_trigger.py
[2025-04-04T09:26:24.923+0000] {processor.py:925} INFO - DAG(s) 'latest_only_with_trigger' retrieved from /home/airflow/.local/lib/python3.12/site-packages/airflow/example_dags/example_latest_only_with_trigger.py
[2025-04-04T09:26:25.046+0000] {logging_mixin.py:190} INFO - [2025-04-04T09:26:25.045+0000] {dag.py:3239} INFO - Sync 1 DAGs
[2025-04-04T09:26:25.202+0000] {logging_mixin.py:190} INFO - [2025-04-04T09:26:25.201+0000] {dag.py:4180} INFO - Setting next_dagrun for latest_only_with_trigger to 2025-04-04 04:00:00+00:00, run_after=2025-04-04 08:00:00+00:00
[2025-04-04T09:26:25.309+0000] {processor.py:208} INFO - Processing /home/airflow/.local/lib/python3.12/site-packages/airflow/example_dags/example_latest_only_with_trigger.py took 0.503 seconds
[2025-04-04T09:33:04.565+0000] {processor.py:186} INFO - Started process (PID=127) to work on /home/airflow/.local/lib/python3.12/site-packages/airflow/example_dags/example_latest_only_with_trigger.py
[2025-04-04T09:33:04.571+0000] {processor.py:914} INFO - Processing file /home/airflow/.local/lib/python3.12/site-packages/airflow/example_dags/example_latest_only_with_trigger.py for tasks to queue
[2025-04-04T09:33:04.588+0000] {logging_mixin.py:190} INFO - [2025-04-04T09:33:04.586+0000] {dagbag.py:588} INFO - Filling up the DagBag from /home/airflow/.local/lib/python3.12/site-packages/airflow/example_dags/example_latest_only_with_trigger.py
[2025-04-04T09:33:04.646+0000] {processor.py:925} INFO - DAG(s) 'latest_only_with_trigger' retrieved from /home/airflow/.local/lib/python3.12/site-packages/airflow/example_dags/example_latest_only_with_trigger.py
[2025-04-04T09:33:04.774+0000] {logging_mixin.py:190} INFO - [2025-04-04T09:33:04.773+0000] {dag.py:3239} INFO - Sync 1 DAGs
[2025-04-04T09:33:04.930+0000] {logging_mixin.py:190} INFO - [2025-04-04T09:33:04.929+0000] {dag.py:4180} INFO - Setting next_dagrun for latest_only_with_trigger to 2025-04-04 04:00:00+00:00, run_after=2025-04-04 08:00:00+00:00
[2025-04-04T09:33:05.040+0000] {processor.py:208} INFO - Processing /home/airflow/.local/lib/python3.12/site-packages/airflow/example_dags/example_latest_only_with_trigger.py took 0.530 seconds
