[2025-04-04T09:03:46.165+0000] {processor.py:186} INFO - Started process (PID=121) to work on /home/airflow/.local/lib/python3.12/site-packages/airflow/example_dags/example_task_group_decorator.py
[2025-04-04T09:03:46.171+0000] {processor.py:914} INFO - Processing file /home/airflow/.local/lib/python3.12/site-packages/airflow/example_dags/example_task_group_decorator.py for tasks to queue
[2025-04-04T09:03:46.195+0000] {logging_mixin.py:190} INFO - [2025-04-04T09:03:46.193+0000] {dagbag.py:588} INFO - Filling up the DagBag from /home/airflow/.local/lib/python3.12/site-packages/airflow/example_dags/example_task_group_decorator.py
[2025-04-04T09:03:46.380+0000] {processor.py:925} INFO - DAG(s) 'example_task_group_decorator' retrieved from /home/airflow/.local/lib/python3.12/site-packages/airflow/example_dags/example_task_group_decorator.py
[2025-04-04T09:03:47.526+0000] {logging_mixin.py:190} INFO - [2025-04-04T09:03:47.523+0000] {override.py:1912} INFO - Created Permission View: can delete on DAG:example_task_group_decorator
[2025-04-04T09:03:47.611+0000] {logging_mixin.py:190} INFO - [2025-04-04T09:03:47.610+0000] {override.py:1912} INFO - Created Permission View: can edit on DAG:example_task_group_decorator
[2025-04-04T09:03:47.670+0000] {logging_mixin.py:190} INFO - [2025-04-04T09:03:47.669+0000] {override.py:1912} INFO - Created Permission View: can read on DAG:example_task_group_decorator
[2025-04-04T09:03:47.737+0000] {logging_mixin.py:190} INFO - [2025-04-04T09:03:47.735+0000] {override.py:1912} INFO - Created Permission View: menu access on DAG Run:example_task_group_decorator
[2025-04-04T09:03:47.791+0000] {logging_mixin.py:190} INFO - [2025-04-04T09:03:47.790+0000] {override.py:1912} INFO - Created Permission View: can create on DAG Run:example_task_group_decorator
[2025-04-04T09:03:47.842+0000] {logging_mixin.py:190} INFO - [2025-04-04T09:03:47.841+0000] {override.py:1912} INFO - Created Permission View: can delete on DAG Run:example_task_group_decorator
[2025-04-04T09:03:47.893+0000] {logging_mixin.py:190} INFO - [2025-04-04T09:03:47.891+0000] {override.py:1912} INFO - Created Permission View: can read on DAG Run:example_task_group_decorator
[2025-04-04T09:03:47.896+0000] {logging_mixin.py:190} INFO - [2025-04-04T09:03:47.895+0000] {dag.py:3239} INFO - Sync 1 DAGs
[2025-04-04T09:03:48.018+0000] {logging_mixin.py:190} INFO - [2025-04-04T09:03:48.017+0000] {dag.py:3262} INFO - Creating ORM DAG for example_task_group_decorator
[2025-04-04T09:03:48.026+0000] {logging_mixin.py:190} INFO - [2025-04-04T09:03:48.023+0000] {dag.py:4180} INFO - Setting next_dagrun for example_task_group_decorator to None, run_after=None
[2025-04-04T09:03:48.153+0000] {processor.py:208} INFO - Processing /home/airflow/.local/lib/python3.12/site-packages/airflow/example_dags/example_task_group_decorator.py took 2.040 seconds
[2025-04-04T09:11:57.849+0000] {processor.py:186} INFO - Started process (PID=112) to work on /home/airflow/.local/lib/python3.12/site-packages/airflow/example_dags/example_task_group_decorator.py
[2025-04-04T09:11:57.858+0000] {processor.py:914} INFO - Processing file /home/airflow/.local/lib/python3.12/site-packages/airflow/example_dags/example_task_group_decorator.py for tasks to queue
[2025-04-04T09:11:57.887+0000] {logging_mixin.py:190} INFO - [2025-04-04T09:11:57.884+0000] {dagbag.py:588} INFO - Filling up the DagBag from /home/airflow/.local/lib/python3.12/site-packages/airflow/example_dags/example_task_group_decorator.py
[2025-04-04T09:11:58.114+0000] {processor.py:925} INFO - DAG(s) 'example_task_group_decorator' retrieved from /home/airflow/.local/lib/python3.12/site-packages/airflow/example_dags/example_task_group_decorator.py
[2025-04-04T09:11:58.557+0000] {logging_mixin.py:190} INFO - [2025-04-04T09:11:58.555+0000] {dag.py:3239} INFO - Sync 1 DAGs
[2025-04-04T09:11:58.856+0000] {logging_mixin.py:190} INFO - [2025-04-04T09:11:58.855+0000] {dag.py:4180} INFO - Setting next_dagrun for example_task_group_decorator to None, run_after=None
[2025-04-04T09:11:59.044+0000] {processor.py:208} INFO - Processing /home/airflow/.local/lib/python3.12/site-packages/airflow/example_dags/example_task_group_decorator.py took 1.241 seconds
[2025-04-04T09:16:42.514+0000] {processor.py:186} INFO - Started process (PID=108) to work on /home/airflow/.local/lib/python3.12/site-packages/airflow/example_dags/example_task_group_decorator.py
[2025-04-04T09:16:42.528+0000] {processor.py:914} INFO - Processing file /home/airflow/.local/lib/python3.12/site-packages/airflow/example_dags/example_task_group_decorator.py for tasks to queue
[2025-04-04T09:16:42.548+0000] {logging_mixin.py:190} INFO - [2025-04-04T09:16:42.546+0000] {dagbag.py:588} INFO - Filling up the DagBag from /home/airflow/.local/lib/python3.12/site-packages/airflow/example_dags/example_task_group_decorator.py
[2025-04-04T09:16:42.679+0000] {processor.py:925} INFO - DAG(s) 'example_task_group_decorator' retrieved from /home/airflow/.local/lib/python3.12/site-packages/airflow/example_dags/example_task_group_decorator.py
[2025-04-04T09:16:42.900+0000] {logging_mixin.py:190} INFO - [2025-04-04T09:16:42.898+0000] {dag.py:3239} INFO - Sync 1 DAGs
[2025-04-04T09:16:43.053+0000] {logging_mixin.py:190} INFO - [2025-04-04T09:16:43.052+0000] {dag.py:4180} INFO - Setting next_dagrun for example_task_group_decorator to None, run_after=None
[2025-04-04T09:16:43.262+0000] {processor.py:208} INFO - Processing /home/airflow/.local/lib/python3.12/site-packages/airflow/example_dags/example_task_group_decorator.py took 0.809 seconds
[2025-04-04T09:17:47.578+0000] {processor.py:186} INFO - Started process (PID=177) to work on /home/airflow/.local/lib/python3.12/site-packages/airflow/example_dags/example_task_group_decorator.py
[2025-04-04T09:17:47.617+0000] {processor.py:914} INFO - Processing file /home/airflow/.local/lib/python3.12/site-packages/airflow/example_dags/example_task_group_decorator.py for tasks to queue
[2025-04-04T09:17:47.706+0000] {logging_mixin.py:190} INFO - [2025-04-04T09:17:47.704+0000] {dagbag.py:588} INFO - Filling up the DagBag from /home/airflow/.local/lib/python3.12/site-packages/airflow/example_dags/example_task_group_decorator.py
[2025-04-04T09:17:48.025+0000] {processor.py:925} INFO - DAG(s) 'example_task_group_decorator' retrieved from /home/airflow/.local/lib/python3.12/site-packages/airflow/example_dags/example_task_group_decorator.py
[2025-04-04T09:17:48.376+0000] {logging_mixin.py:190} INFO - [2025-04-04T09:17:48.375+0000] {dag.py:3239} INFO - Sync 1 DAGs
[2025-04-04T09:17:48.506+0000] {logging_mixin.py:190} INFO - [2025-04-04T09:17:48.505+0000] {dag.py:4180} INFO - Setting next_dagrun for example_task_group_decorator to None, run_after=None
[2025-04-04T09:17:48.650+0000] {processor.py:208} INFO - Processing /home/airflow/.local/lib/python3.12/site-packages/airflow/example_dags/example_task_group_decorator.py took 1.168 seconds
[2025-04-04T09:18:26.907+0000] {processor.py:186} INFO - Started process (PID=240) to work on /home/airflow/.local/lib/python3.12/site-packages/airflow/example_dags/example_task_group_decorator.py
[2025-04-04T09:18:26.912+0000] {processor.py:914} INFO - Processing file /home/airflow/.local/lib/python3.12/site-packages/airflow/example_dags/example_task_group_decorator.py for tasks to queue
[2025-04-04T09:18:26.927+0000] {logging_mixin.py:190} INFO - [2025-04-04T09:18:26.925+0000] {dagbag.py:588} INFO - Filling up the DagBag from /home/airflow/.local/lib/python3.12/site-packages/airflow/example_dags/example_task_group_decorator.py
[2025-04-04T09:18:27.030+0000] {processor.py:925} INFO - DAG(s) 'example_task_group_decorator' retrieved from /home/airflow/.local/lib/python3.12/site-packages/airflow/example_dags/example_task_group_decorator.py
[2025-04-04T09:18:27.189+0000] {logging_mixin.py:190} INFO - [2025-04-04T09:18:27.188+0000] {dag.py:3239} INFO - Sync 1 DAGs
[2025-04-04T09:18:27.333+0000] {logging_mixin.py:190} INFO - [2025-04-04T09:18:27.329+0000] {dag.py:4180} INFO - Setting next_dagrun for example_task_group_decorator to None, run_after=None
[2025-04-04T09:18:27.453+0000] {processor.py:208} INFO - Processing /home/airflow/.local/lib/python3.12/site-packages/airflow/example_dags/example_task_group_decorator.py took 0.591 seconds
[2025-04-04T09:19:34.759+0000] {processor.py:186} INFO - Started process (PID=301) to work on /home/airflow/.local/lib/python3.12/site-packages/airflow/example_dags/example_task_group_decorator.py
[2025-04-04T09:19:34.775+0000] {processor.py:914} INFO - Processing file /home/airflow/.local/lib/python3.12/site-packages/airflow/example_dags/example_task_group_decorator.py for tasks to queue
[2025-04-04T09:19:34.822+0000] {logging_mixin.py:190} INFO - [2025-04-04T09:19:34.810+0000] {dagbag.py:588} INFO - Filling up the DagBag from /home/airflow/.local/lib/python3.12/site-packages/airflow/example_dags/example_task_group_decorator.py
[2025-04-04T09:19:35.185+0000] {processor.py:925} INFO - DAG(s) 'example_task_group_decorator' retrieved from /home/airflow/.local/lib/python3.12/site-packages/airflow/example_dags/example_task_group_decorator.py
[2025-04-04T09:19:35.595+0000] {logging_mixin.py:190} INFO - [2025-04-04T09:19:35.594+0000] {dag.py:3239} INFO - Sync 1 DAGs
[2025-04-04T09:19:35.912+0000] {logging_mixin.py:190} INFO - [2025-04-04T09:19:35.911+0000] {dag.py:4180} INFO - Setting next_dagrun for example_task_group_decorator to None, run_after=None
[2025-04-04T09:19:36.598+0000] {processor.py:208} INFO - Processing /home/airflow/.local/lib/python3.12/site-packages/airflow/example_dags/example_task_group_decorator.py took 1.957 seconds
[2025-04-04T09:20:28.215+0000] {processor.py:186} INFO - Started process (PID=355) to work on /home/airflow/.local/lib/python3.12/site-packages/airflow/example_dags/example_task_group_decorator.py
[2025-04-04T09:20:28.220+0000] {processor.py:914} INFO - Processing file /home/airflow/.local/lib/python3.12/site-packages/airflow/example_dags/example_task_group_decorator.py for tasks to queue
[2025-04-04T09:20:28.252+0000] {logging_mixin.py:190} INFO - [2025-04-04T09:20:28.242+0000] {dagbag.py:588} INFO - Filling up the DagBag from /home/airflow/.local/lib/python3.12/site-packages/airflow/example_dags/example_task_group_decorator.py
[2025-04-04T09:20:28.438+0000] {processor.py:925} INFO - DAG(s) 'example_task_group_decorator' retrieved from /home/airflow/.local/lib/python3.12/site-packages/airflow/example_dags/example_task_group_decorator.py
[2025-04-04T09:20:28.592+0000] {logging_mixin.py:190} INFO - [2025-04-04T09:20:28.592+0000] {dag.py:3239} INFO - Sync 1 DAGs
[2025-04-04T09:20:28.726+0000] {logging_mixin.py:190} INFO - [2025-04-04T09:20:28.725+0000] {dag.py:4180} INFO - Setting next_dagrun for example_task_group_decorator to None, run_after=None
[2025-04-04T09:20:28.852+0000] {processor.py:208} INFO - Processing /home/airflow/.local/lib/python3.12/site-packages/airflow/example_dags/example_task_group_decorator.py took 0.723 seconds
[2025-04-04T09:21:20.652+0000] {processor.py:186} INFO - Started process (PID=424) to work on /home/airflow/.local/lib/python3.12/site-packages/airflow/example_dags/example_task_group_decorator.py
[2025-04-04T09:21:20.662+0000] {processor.py:914} INFO - Processing file /home/airflow/.local/lib/python3.12/site-packages/airflow/example_dags/example_task_group_decorator.py for tasks to queue
[2025-04-04T09:21:20.689+0000] {logging_mixin.py:190} INFO - [2025-04-04T09:21:20.686+0000] {dagbag.py:588} INFO - Filling up the DagBag from /home/airflow/.local/lib/python3.12/site-packages/airflow/example_dags/example_task_group_decorator.py
[2025-04-04T09:21:20.903+0000] {processor.py:925} INFO - DAG(s) 'example_task_group_decorator' retrieved from /home/airflow/.local/lib/python3.12/site-packages/airflow/example_dags/example_task_group_decorator.py
[2025-04-04T09:21:21.142+0000] {logging_mixin.py:190} INFO - [2025-04-04T09:21:21.141+0000] {dag.py:3239} INFO - Sync 1 DAGs
[2025-04-04T09:21:21.307+0000] {logging_mixin.py:190} INFO - [2025-04-04T09:21:21.306+0000] {dag.py:4180} INFO - Setting next_dagrun for example_task_group_decorator to None, run_after=None
[2025-04-04T09:21:21.442+0000] {processor.py:208} INFO - Processing /home/airflow/.local/lib/python3.12/site-packages/airflow/example_dags/example_task_group_decorator.py took 0.846 seconds
[2025-04-04T09:21:56.350+0000] {processor.py:186} INFO - Started process (PID=485) to work on /home/airflow/.local/lib/python3.12/site-packages/airflow/example_dags/example_task_group_decorator.py
[2025-04-04T09:21:56.364+0000] {processor.py:914} INFO - Processing file /home/airflow/.local/lib/python3.12/site-packages/airflow/example_dags/example_task_group_decorator.py for tasks to queue
[2025-04-04T09:21:56.386+0000] {logging_mixin.py:190} INFO - [2025-04-04T09:21:56.384+0000] {dagbag.py:588} INFO - Filling up the DagBag from /home/airflow/.local/lib/python3.12/site-packages/airflow/example_dags/example_task_group_decorator.py
[2025-04-04T09:21:56.528+0000] {processor.py:925} INFO - DAG(s) 'example_task_group_decorator' retrieved from /home/airflow/.local/lib/python3.12/site-packages/airflow/example_dags/example_task_group_decorator.py
[2025-04-04T09:21:56.783+0000] {logging_mixin.py:190} INFO - [2025-04-04T09:21:56.780+0000] {dag.py:3239} INFO - Sync 1 DAGs
[2025-04-04T09:21:56.914+0000] {logging_mixin.py:190} INFO - [2025-04-04T09:21:56.913+0000] {dag.py:4180} INFO - Setting next_dagrun for example_task_group_decorator to None, run_after=None
[2025-04-04T09:21:57.055+0000] {processor.py:208} INFO - Processing /home/airflow/.local/lib/python3.12/site-packages/airflow/example_dags/example_task_group_decorator.py took 0.767 seconds
[2025-04-04T09:23:00.121+0000] {processor.py:186} INFO - Started process (PID=551) to work on /home/airflow/.local/lib/python3.12/site-packages/airflow/example_dags/example_task_group_decorator.py
[2025-04-04T09:23:00.132+0000] {processor.py:914} INFO - Processing file /home/airflow/.local/lib/python3.12/site-packages/airflow/example_dags/example_task_group_decorator.py for tasks to queue
[2025-04-04T09:23:00.156+0000] {logging_mixin.py:190} INFO - [2025-04-04T09:23:00.154+0000] {dagbag.py:588} INFO - Filling up the DagBag from /home/airflow/.local/lib/python3.12/site-packages/airflow/example_dags/example_task_group_decorator.py
[2025-04-04T09:23:00.408+0000] {processor.py:925} INFO - DAG(s) 'example_task_group_decorator' retrieved from /home/airflow/.local/lib/python3.12/site-packages/airflow/example_dags/example_task_group_decorator.py
[2025-04-04T09:23:00.709+0000] {logging_mixin.py:190} INFO - [2025-04-04T09:23:00.708+0000] {dag.py:3239} INFO - Sync 1 DAGs
[2025-04-04T09:23:00.930+0000] {logging_mixin.py:190} INFO - [2025-04-04T09:23:00.929+0000] {dag.py:4180} INFO - Setting next_dagrun for example_task_group_decorator to None, run_after=None
[2025-04-04T09:23:01.210+0000] {processor.py:208} INFO - Processing /home/airflow/.local/lib/python3.12/site-packages/airflow/example_dags/example_task_group_decorator.py took 1.153 seconds
[2025-04-04T09:23:48.381+0000] {processor.py:186} INFO - Started process (PID=620) to work on /home/airflow/.local/lib/python3.12/site-packages/airflow/example_dags/example_task_group_decorator.py
[2025-04-04T09:23:48.387+0000] {processor.py:914} INFO - Processing file /home/airflow/.local/lib/python3.12/site-packages/airflow/example_dags/example_task_group_decorator.py for tasks to queue
[2025-04-04T09:23:48.407+0000] {logging_mixin.py:190} INFO - [2025-04-04T09:23:48.404+0000] {dagbag.py:588} INFO - Filling up the DagBag from /home/airflow/.local/lib/python3.12/site-packages/airflow/example_dags/example_task_group_decorator.py
[2025-04-04T09:23:48.511+0000] {processor.py:925} INFO - DAG(s) 'example_task_group_decorator' retrieved from /home/airflow/.local/lib/python3.12/site-packages/airflow/example_dags/example_task_group_decorator.py
[2025-04-04T09:23:48.655+0000] {logging_mixin.py:190} INFO - [2025-04-04T09:23:48.654+0000] {dag.py:3239} INFO - Sync 1 DAGs
[2025-04-04T09:23:48.747+0000] {logging_mixin.py:190} INFO - [2025-04-04T09:23:48.746+0000] {dag.py:4180} INFO - Setting next_dagrun for example_task_group_decorator to None, run_after=None
[2025-04-04T09:23:48.858+0000] {processor.py:208} INFO - Processing /home/airflow/.local/lib/python3.12/site-packages/airflow/example_dags/example_task_group_decorator.py took 0.509 seconds
[2025-04-04T09:24:20.346+0000] {processor.py:186} INFO - Started process (PID=683) to work on /home/airflow/.local/lib/python3.12/site-packages/airflow/example_dags/example_task_group_decorator.py
[2025-04-04T09:24:20.358+0000] {processor.py:914} INFO - Processing file /home/airflow/.local/lib/python3.12/site-packages/airflow/example_dags/example_task_group_decorator.py for tasks to queue
[2025-04-04T09:24:20.378+0000] {logging_mixin.py:190} INFO - [2025-04-04T09:24:20.377+0000] {dagbag.py:588} INFO - Filling up the DagBag from /home/airflow/.local/lib/python3.12/site-packages/airflow/example_dags/example_task_group_decorator.py
[2025-04-04T09:24:20.527+0000] {processor.py:925} INFO - DAG(s) 'example_task_group_decorator' retrieved from /home/airflow/.local/lib/python3.12/site-packages/airflow/example_dags/example_task_group_decorator.py
[2025-04-04T09:24:20.677+0000] {logging_mixin.py:190} INFO - [2025-04-04T09:24:20.676+0000] {dag.py:3239} INFO - Sync 1 DAGs
[2025-04-04T09:24:20.761+0000] {logging_mixin.py:190} INFO - [2025-04-04T09:24:20.760+0000] {dag.py:4180} INFO - Setting next_dagrun for example_task_group_decorator to None, run_after=None
[2025-04-04T09:24:20.883+0000] {processor.py:208} INFO - Processing /home/airflow/.local/lib/python3.12/site-packages/airflow/example_dags/example_task_group_decorator.py took 0.588 seconds
[2025-04-04T09:24:55.194+0000] {processor.py:186} INFO - Started process (PID=739) to work on /home/airflow/.local/lib/python3.12/site-packages/airflow/example_dags/example_task_group_decorator.py
[2025-04-04T09:24:55.199+0000] {processor.py:914} INFO - Processing file /home/airflow/.local/lib/python3.12/site-packages/airflow/example_dags/example_task_group_decorator.py for tasks to queue
[2025-04-04T09:24:55.220+0000] {logging_mixin.py:190} INFO - [2025-04-04T09:24:55.218+0000] {dagbag.py:588} INFO - Filling up the DagBag from /home/airflow/.local/lib/python3.12/site-packages/airflow/example_dags/example_task_group_decorator.py
[2025-04-04T09:24:55.351+0000] {processor.py:925} INFO - DAG(s) 'example_task_group_decorator' retrieved from /home/airflow/.local/lib/python3.12/site-packages/airflow/example_dags/example_task_group_decorator.py
[2025-04-04T09:24:55.580+0000] {logging_mixin.py:190} INFO - [2025-04-04T09:24:55.579+0000] {dag.py:3239} INFO - Sync 1 DAGs
[2025-04-04T09:24:55.702+0000] {logging_mixin.py:190} INFO - [2025-04-04T09:24:55.701+0000] {dag.py:4180} INFO - Setting next_dagrun for example_task_group_decorator to None, run_after=None
[2025-04-04T09:24:55.804+0000] {processor.py:208} INFO - Processing /home/airflow/.local/lib/python3.12/site-packages/airflow/example_dags/example_task_group_decorator.py took 0.670 seconds
[2025-04-04T09:25:28.096+0000] {processor.py:186} INFO - Started process (PID=802) to work on /home/airflow/.local/lib/python3.12/site-packages/airflow/example_dags/example_task_group_decorator.py
[2025-04-04T09:25:28.101+0000] {processor.py:914} INFO - Processing file /home/airflow/.local/lib/python3.12/site-packages/airflow/example_dags/example_task_group_decorator.py for tasks to queue
[2025-04-04T09:25:28.115+0000] {logging_mixin.py:190} INFO - [2025-04-04T09:25:28.114+0000] {dagbag.py:588} INFO - Filling up the DagBag from /home/airflow/.local/lib/python3.12/site-packages/airflow/example_dags/example_task_group_decorator.py
[2025-04-04T09:25:28.197+0000] {processor.py:925} INFO - DAG(s) 'example_task_group_decorator' retrieved from /home/airflow/.local/lib/python3.12/site-packages/airflow/example_dags/example_task_group_decorator.py
[2025-04-04T09:25:28.365+0000] {logging_mixin.py:190} INFO - [2025-04-04T09:25:28.364+0000] {dag.py:3239} INFO - Sync 1 DAGs
[2025-04-04T09:25:28.449+0000] {logging_mixin.py:190} INFO - [2025-04-04T09:25:28.449+0000] {dag.py:4180} INFO - Setting next_dagrun for example_task_group_decorator to None, run_after=None
[2025-04-04T09:25:28.560+0000] {processor.py:208} INFO - Processing /home/airflow/.local/lib/python3.12/site-packages/airflow/example_dags/example_task_group_decorator.py took 0.494 seconds
[2025-04-04T09:26:10.851+0000] {processor.py:186} INFO - Started process (PID=859) to work on /home/airflow/.local/lib/python3.12/site-packages/airflow/example_dags/example_task_group_decorator.py
[2025-04-04T09:26:10.857+0000] {processor.py:914} INFO - Processing file /home/airflow/.local/lib/python3.12/site-packages/airflow/example_dags/example_task_group_decorator.py for tasks to queue
[2025-04-04T09:26:10.879+0000] {logging_mixin.py:190} INFO - [2025-04-04T09:26:10.877+0000] {dagbag.py:588} INFO - Filling up the DagBag from /home/airflow/.local/lib/python3.12/site-packages/airflow/example_dags/example_task_group_decorator.py
[2025-04-04T09:26:10.976+0000] {processor.py:925} INFO - DAG(s) 'example_task_group_decorator' retrieved from /home/airflow/.local/lib/python3.12/site-packages/airflow/example_dags/example_task_group_decorator.py
[2025-04-04T09:26:11.173+0000] {logging_mixin.py:190} INFO - [2025-04-04T09:26:11.172+0000] {dag.py:3239} INFO - Sync 1 DAGs
[2025-04-04T09:26:11.324+0000] {logging_mixin.py:190} INFO - [2025-04-04T09:26:11.323+0000] {dag.py:4180} INFO - Setting next_dagrun for example_task_group_decorator to None, run_after=None
[2025-04-04T09:26:11.452+0000] {processor.py:208} INFO - Processing /home/airflow/.local/lib/python3.12/site-packages/airflow/example_dags/example_task_group_decorator.py took 0.643 seconds
[2025-04-04T09:26:48.088+0000] {processor.py:186} INFO - Started process (PID=928) to work on /home/airflow/.local/lib/python3.12/site-packages/airflow/example_dags/example_task_group_decorator.py
[2025-04-04T09:26:48.110+0000] {processor.py:914} INFO - Processing file /home/airflow/.local/lib/python3.12/site-packages/airflow/example_dags/example_task_group_decorator.py for tasks to queue
[2025-04-04T09:26:48.142+0000] {logging_mixin.py:190} INFO - [2025-04-04T09:26:48.140+0000] {dagbag.py:588} INFO - Filling up the DagBag from /home/airflow/.local/lib/python3.12/site-packages/airflow/example_dags/example_task_group_decorator.py
[2025-04-04T09:26:48.423+0000] {processor.py:925} INFO - DAG(s) 'example_task_group_decorator' retrieved from /home/airflow/.local/lib/python3.12/site-packages/airflow/example_dags/example_task_group_decorator.py
[2025-04-04T09:26:48.688+0000] {logging_mixin.py:190} INFO - [2025-04-04T09:26:48.686+0000] {dag.py:3239} INFO - Sync 1 DAGs
[2025-04-04T09:26:48.856+0000] {logging_mixin.py:190} INFO - [2025-04-04T09:26:48.855+0000] {dag.py:4180} INFO - Setting next_dagrun for example_task_group_decorator to None, run_after=None
[2025-04-04T09:26:49.026+0000] {processor.py:208} INFO - Processing /home/airflow/.local/lib/python3.12/site-packages/airflow/example_dags/example_task_group_decorator.py took 1.044 seconds
[2025-04-04T09:33:00.418+0000] {processor.py:186} INFO - Started process (PID=123) to work on /home/airflow/.local/lib/python3.12/site-packages/airflow/example_dags/example_task_group_decorator.py
[2025-04-04T09:33:00.431+0000] {processor.py:914} INFO - Processing file /home/airflow/.local/lib/python3.12/site-packages/airflow/example_dags/example_task_group_decorator.py for tasks to queue
[2025-04-04T09:33:00.450+0000] {logging_mixin.py:190} INFO - [2025-04-04T09:33:00.448+0000] {dagbag.py:588} INFO - Filling up the DagBag from /home/airflow/.local/lib/python3.12/site-packages/airflow/example_dags/example_task_group_decorator.py
[2025-04-04T09:33:00.726+0000] {processor.py:925} INFO - DAG(s) 'example_task_group_decorator' retrieved from /home/airflow/.local/lib/python3.12/site-packages/airflow/example_dags/example_task_group_decorator.py
[2025-04-04T09:33:01.239+0000] {logging_mixin.py:190} INFO - [2025-04-04T09:33:01.238+0000] {dag.py:3239} INFO - Sync 1 DAGs
[2025-04-04T09:33:01.474+0000] {logging_mixin.py:190} INFO - [2025-04-04T09:33:01.473+0000] {dag.py:4180} INFO - Setting next_dagrun for example_task_group_decorator to None, run_after=None
[2025-04-04T09:33:01.619+0000] {processor.py:208} INFO - Processing /home/airflow/.local/lib/python3.12/site-packages/airflow/example_dags/example_task_group_decorator.py took 1.280 seconds
