[2025-04-04T09:03:24.786+0000] {processor.py:186} INFO - Started process (PID=106) to work on /home/airflow/.local/lib/python3.12/site-packages/airflow/example_dags/example_inlet_event_extra.py
[2025-04-04T09:03:24.795+0000] {processor.py:914} INFO - Processing file /home/airflow/.local/lib/python3.12/site-packages/airflow/example_dags/example_inlet_event_extra.py for tasks to queue
[2025-04-04T09:03:24.822+0000] {logging_mixin.py:190} INFO - [2025-04-04T09:03:24.820+0000] {dagbag.py:588} INFO - Filling up the DagBag from /home/airflow/.local/lib/python3.12/site-packages/airflow/example_dags/example_inlet_event_extra.py
[2025-04-04T09:03:42.799+0000] {processor.py:925} INFO - DAG(s) 'read_dataset_event', 'read_dataset_event_from_classic' retrieved from /home/airflow/.local/lib/python3.12/site-packages/airflow/example_dags/example_inlet_event_extra.py
[2025-04-04T09:03:43.752+0000] {logging_mixin.py:190} INFO - [2025-04-04T09:03:43.748+0000] {override.py:1912} INFO - Created Permission View: can delete on DAG:read_dataset_event
[2025-04-04T09:03:44.000+0000] {logging_mixin.py:190} INFO - [2025-04-04T09:03:43.998+0000] {override.py:1912} INFO - Created Permission View: can edit on DAG:read_dataset_event
[2025-04-04T09:03:44.104+0000] {logging_mixin.py:190} INFO - [2025-04-04T09:03:44.102+0000] {override.py:1912} INFO - Created Permission View: can read on DAG:read_dataset_event
[2025-04-04T09:03:44.240+0000] {logging_mixin.py:190} INFO - [2025-04-04T09:03:44.239+0000] {override.py:1912} INFO - Created Permission View: menu access on DAG Run:read_dataset_event
[2025-04-04T09:03:44.332+0000] {logging_mixin.py:190} INFO - [2025-04-04T09:03:44.329+0000] {override.py:1912} INFO - Created Permission View: can create on DAG Run:read_dataset_event
[2025-04-04T09:03:44.440+0000] {logging_mixin.py:190} INFO - [2025-04-04T09:03:44.435+0000] {override.py:1912} INFO - Created Permission View: can delete on DAG Run:read_dataset_event
[2025-04-04T09:03:44.537+0000] {logging_mixin.py:190} INFO - [2025-04-04T09:03:44.525+0000] {override.py:1912} INFO - Created Permission View: can read on DAG Run:read_dataset_event
[2025-04-04T09:03:44.720+0000] {logging_mixin.py:190} INFO - [2025-04-04T09:03:44.718+0000] {override.py:1912} INFO - Created Permission View: can delete on DAG:read_dataset_event_from_classic
[2025-04-04T09:03:44.808+0000] {logging_mixin.py:190} INFO - [2025-04-04T09:03:44.807+0000] {override.py:1912} INFO - Created Permission View: can edit on DAG:read_dataset_event_from_classic
[2025-04-04T09:03:44.917+0000] {logging_mixin.py:190} INFO - [2025-04-04T09:03:44.911+0000] {override.py:1912} INFO - Created Permission View: can read on DAG:read_dataset_event_from_classic
[2025-04-04T09:03:44.992+0000] {logging_mixin.py:190} INFO - [2025-04-04T09:03:44.989+0000] {override.py:1912} INFO - Created Permission View: menu access on DAG Run:read_dataset_event_from_classic
[2025-04-04T09:03:45.101+0000] {logging_mixin.py:190} INFO - [2025-04-04T09:03:45.090+0000] {override.py:1912} INFO - Created Permission View: can create on DAG Run:read_dataset_event_from_classic
[2025-04-04T09:03:45.235+0000] {logging_mixin.py:190} INFO - [2025-04-04T09:03:45.232+0000] {override.py:1912} INFO - Created Permission View: can delete on DAG Run:read_dataset_event_from_classic
[2025-04-04T09:03:45.293+0000] {logging_mixin.py:190} INFO - [2025-04-04T09:03:45.292+0000] {override.py:1912} INFO - Created Permission View: can read on DAG Run:read_dataset_event_from_classic
[2025-04-04T09:03:45.299+0000] {logging_mixin.py:190} INFO - [2025-04-04T09:03:45.296+0000] {dag.py:3239} INFO - Sync 2 DAGs
[2025-04-04T09:03:45.405+0000] {logging_mixin.py:190} INFO - [2025-04-04T09:03:45.401+0000] {dag.py:3262} INFO - Creating ORM DAG for read_dataset_event
[2025-04-04T09:03:45.410+0000] {logging_mixin.py:190} INFO - [2025-04-04T09:03:45.409+0000] {dag.py:3262} INFO - Creating ORM DAG for read_dataset_event_from_classic
[2025-04-04T09:03:45.480+0000] {logging_mixin.py:190} INFO - [2025-04-04T09:03:45.479+0000] {dag.py:4180} INFO - Setting next_dagrun for read_dataset_event to 2025-04-03 00:00:00+00:00, run_after=2025-04-04 00:00:00+00:00
[2025-04-04T09:03:45.497+0000] {logging_mixin.py:190} INFO - [2025-04-04T09:03:45.496+0000] {dag.py:4180} INFO - Setting next_dagrun for read_dataset_event_from_classic to 2025-04-03 00:00:00+00:00, run_after=2025-04-04 00:00:00+00:00
[2025-04-04T09:03:45.664+0000] {processor.py:208} INFO - Processing /home/airflow/.local/lib/python3.12/site-packages/airflow/example_dags/example_inlet_event_extra.py took 20.930 seconds
[2025-04-04T09:11:42.667+0000] {processor.py:186} INFO - Started process (PID=103) to work on /home/airflow/.local/lib/python3.12/site-packages/airflow/example_dags/example_inlet_event_extra.py
[2025-04-04T09:11:42.673+0000] {processor.py:914} INFO - Processing file /home/airflow/.local/lib/python3.12/site-packages/airflow/example_dags/example_inlet_event_extra.py for tasks to queue
[2025-04-04T09:11:42.691+0000] {logging_mixin.py:190} INFO - [2025-04-04T09:11:42.689+0000] {dagbag.py:588} INFO - Filling up the DagBag from /home/airflow/.local/lib/python3.12/site-packages/airflow/example_dags/example_inlet_event_extra.py
[2025-04-04T09:12:00.772+0000] {processor.py:925} INFO - DAG(s) 'read_dataset_event_from_classic', 'read_dataset_event' retrieved from /home/airflow/.local/lib/python3.12/site-packages/airflow/example_dags/example_inlet_event_extra.py
[2025-04-04T09:12:01.046+0000] {logging_mixin.py:190} INFO - [2025-04-04T09:12:01.045+0000] {dag.py:3239} INFO - Sync 2 DAGs
[2025-04-04T09:12:01.618+0000] {logging_mixin.py:190} INFO - [2025-04-04T09:12:01.617+0000] {dag.py:4180} INFO - Setting next_dagrun for read_dataset_event to 2025-04-03 00:00:00+00:00, run_after=2025-04-04 00:00:00+00:00
[2025-04-04T09:12:01.681+0000] {logging_mixin.py:190} INFO - [2025-04-04T09:12:01.680+0000] {dag.py:4180} INFO - Setting next_dagrun for read_dataset_event_from_classic to 2025-04-03 00:00:00+00:00, run_after=2025-04-04 00:00:00+00:00
[2025-04-04T09:12:01.890+0000] {processor.py:208} INFO - Processing /home/airflow/.local/lib/python3.12/site-packages/airflow/example_dags/example_inlet_event_extra.py took 19.277 seconds
[2025-04-04T09:16:29.141+0000] {processor.py:186} INFO - Started process (PID=92) to work on /home/airflow/.local/lib/python3.12/site-packages/airflow/example_dags/example_inlet_event_extra.py
[2025-04-04T09:16:29.148+0000] {processor.py:914} INFO - Processing file /home/airflow/.local/lib/python3.12/site-packages/airflow/example_dags/example_inlet_event_extra.py for tasks to queue
[2025-04-04T09:16:29.185+0000] {logging_mixin.py:190} INFO - [2025-04-04T09:16:29.183+0000] {dagbag.py:588} INFO - Filling up the DagBag from /home/airflow/.local/lib/python3.12/site-packages/airflow/example_dags/example_inlet_event_extra.py
[2025-04-04T09:16:43.693+0000] {processor.py:925} INFO - DAG(s) 'read_dataset_event_from_classic', 'read_dataset_event' retrieved from /home/airflow/.local/lib/python3.12/site-packages/airflow/example_dags/example_inlet_event_extra.py
[2025-04-04T09:16:43.871+0000] {logging_mixin.py:190} INFO - [2025-04-04T09:16:43.870+0000] {dag.py:3239} INFO - Sync 2 DAGs
[2025-04-04T09:16:44.039+0000] {logging_mixin.py:190} INFO - [2025-04-04T09:16:44.038+0000] {dag.py:4180} INFO - Setting next_dagrun for read_dataset_event to 2025-04-03 00:00:00+00:00, run_after=2025-04-04 00:00:00+00:00
[2025-04-04T09:16:44.072+0000] {logging_mixin.py:190} INFO - [2025-04-04T09:16:44.071+0000] {dag.py:4180} INFO - Setting next_dagrun for read_dataset_event_from_classic to 2025-04-03 00:00:00+00:00, run_after=2025-04-04 00:00:00+00:00
[2025-04-04T09:16:44.190+0000] {processor.py:208} INFO - Processing /home/airflow/.local/lib/python3.12/site-packages/airflow/example_dags/example_inlet_event_extra.py took 15.087 seconds
[2025-04-04T09:17:38.798+0000] {processor.py:186} INFO - Started process (PID=168) to work on /home/airflow/.local/lib/python3.12/site-packages/airflow/example_dags/example_inlet_event_extra.py
[2025-04-04T09:17:38.814+0000] {processor.py:914} INFO - Processing file /home/airflow/.local/lib/python3.12/site-packages/airflow/example_dags/example_inlet_event_extra.py for tasks to queue
[2025-04-04T09:17:38.846+0000] {logging_mixin.py:190} INFO - [2025-04-04T09:17:38.843+0000] {dagbag.py:588} INFO - Filling up the DagBag from /home/airflow/.local/lib/python3.12/site-packages/airflow/example_dags/example_inlet_event_extra.py
[2025-04-04T09:17:44.665+0000] {processor.py:925} INFO - DAG(s) 'read_dataset_event_from_classic', 'read_dataset_event' retrieved from /home/airflow/.local/lib/python3.12/site-packages/airflow/example_dags/example_inlet_event_extra.py
[2025-04-04T09:17:44.893+0000] {logging_mixin.py:190} INFO - [2025-04-04T09:17:44.886+0000] {dag.py:3239} INFO - Sync 2 DAGs
[2025-04-04T09:17:45.043+0000] {logging_mixin.py:190} INFO - [2025-04-04T09:17:45.041+0000] {dag.py:4180} INFO - Setting next_dagrun for read_dataset_event to 2025-04-03 00:00:00+00:00, run_after=2025-04-04 00:00:00+00:00
[2025-04-04T09:17:45.091+0000] {logging_mixin.py:190} INFO - [2025-04-04T09:17:45.090+0000] {dag.py:4180} INFO - Setting next_dagrun for read_dataset_event_from_classic to 2025-04-03 00:00:00+00:00, run_after=2025-04-04 00:00:00+00:00
[2025-04-04T09:17:45.196+0000] {processor.py:208} INFO - Processing /home/airflow/.local/lib/python3.12/site-packages/airflow/example_dags/example_inlet_event_extra.py took 6.487 seconds
[2025-04-04T09:18:21.538+0000] {processor.py:186} INFO - Started process (PID=232) to work on /home/airflow/.local/lib/python3.12/site-packages/airflow/example_dags/example_inlet_event_extra.py
[2025-04-04T09:18:21.543+0000] {processor.py:914} INFO - Processing file /home/airflow/.local/lib/python3.12/site-packages/airflow/example_dags/example_inlet_event_extra.py for tasks to queue
[2025-04-04T09:18:21.557+0000] {logging_mixin.py:190} INFO - [2025-04-04T09:18:21.554+0000] {dagbag.py:588} INFO - Filling up the DagBag from /home/airflow/.local/lib/python3.12/site-packages/airflow/example_dags/example_inlet_event_extra.py
[2025-04-04T09:18:25.409+0000] {processor.py:925} INFO - DAG(s) 'read_dataset_event_from_classic', 'read_dataset_event' retrieved from /home/airflow/.local/lib/python3.12/site-packages/airflow/example_dags/example_inlet_event_extra.py
[2025-04-04T09:18:25.529+0000] {logging_mixin.py:190} INFO - [2025-04-04T09:18:25.528+0000] {dag.py:3239} INFO - Sync 2 DAGs
[2025-04-04T09:18:25.785+0000] {logging_mixin.py:190} INFO - [2025-04-04T09:18:25.783+0000] {dag.py:4180} INFO - Setting next_dagrun for read_dataset_event to 2025-04-03 00:00:00+00:00, run_after=2025-04-04 00:00:00+00:00
[2025-04-04T09:18:25.829+0000] {logging_mixin.py:190} INFO - [2025-04-04T09:18:25.828+0000] {dag.py:4180} INFO - Setting next_dagrun for read_dataset_event_from_classic to 2025-04-03 00:00:00+00:00, run_after=2025-04-04 00:00:00+00:00
[2025-04-04T09:18:25.924+0000] {processor.py:208} INFO - Processing /home/airflow/.local/lib/python3.12/site-packages/airflow/example_dags/example_inlet_event_extra.py took 4.427 seconds
[2025-04-04T09:19:22.952+0000] {processor.py:186} INFO - Started process (PID=293) to work on /home/airflow/.local/lib/python3.12/site-packages/airflow/example_dags/example_inlet_event_extra.py
[2025-04-04T09:19:22.957+0000] {processor.py:914} INFO - Processing file /home/airflow/.local/lib/python3.12/site-packages/airflow/example_dags/example_inlet_event_extra.py for tasks to queue
[2025-04-04T09:19:22.976+0000] {logging_mixin.py:190} INFO - [2025-04-04T09:19:22.971+0000] {dagbag.py:588} INFO - Filling up the DagBag from /home/airflow/.local/lib/python3.12/site-packages/airflow/example_dags/example_inlet_event_extra.py
[2025-04-04T09:19:32.342+0000] {processor.py:925} INFO - DAG(s) 'read_dataset_event', 'read_dataset_event_from_classic' retrieved from /home/airflow/.local/lib/python3.12/site-packages/airflow/example_dags/example_inlet_event_extra.py
[2025-04-04T09:19:32.626+0000] {logging_mixin.py:190} INFO - [2025-04-04T09:19:32.625+0000] {dag.py:3239} INFO - Sync 2 DAGs
[2025-04-04T09:19:32.911+0000] {logging_mixin.py:190} INFO - [2025-04-04T09:19:32.909+0000] {dag.py:4180} INFO - Setting next_dagrun for read_dataset_event to 2025-04-03 00:00:00+00:00, run_after=2025-04-04 00:00:00+00:00
[2025-04-04T09:19:33.017+0000] {logging_mixin.py:190} INFO - [2025-04-04T09:19:33.015+0000] {dag.py:4180} INFO - Setting next_dagrun for read_dataset_event_from_classic to 2025-04-03 00:00:00+00:00, run_after=2025-04-04 00:00:00+00:00
[2025-04-04T09:19:33.263+0000] {processor.py:208} INFO - Processing /home/airflow/.local/lib/python3.12/site-packages/airflow/example_dags/example_inlet_event_extra.py took 10.346 seconds
[2025-04-04T09:20:17.686+0000] {processor.py:186} INFO - Started process (PID=346) to work on /home/airflow/.local/lib/python3.12/site-packages/airflow/example_dags/example_inlet_event_extra.py
[2025-04-04T09:20:17.691+0000] {processor.py:914} INFO - Processing file /home/airflow/.local/lib/python3.12/site-packages/airflow/example_dags/example_inlet_event_extra.py for tasks to queue
[2025-04-04T09:20:17.706+0000] {logging_mixin.py:190} INFO - [2025-04-04T09:20:17.704+0000] {dagbag.py:588} INFO - Filling up the DagBag from /home/airflow/.local/lib/python3.12/site-packages/airflow/example_dags/example_inlet_event_extra.py
[2025-04-04T09:20:25.323+0000] {processor.py:925} INFO - DAG(s) 'read_dataset_event_from_classic', 'read_dataset_event' retrieved from /home/airflow/.local/lib/python3.12/site-packages/airflow/example_dags/example_inlet_event_extra.py
[2025-04-04T09:20:25.473+0000] {logging_mixin.py:190} INFO - [2025-04-04T09:20:25.461+0000] {dag.py:3239} INFO - Sync 2 DAGs
[2025-04-04T09:20:25.885+0000] {logging_mixin.py:190} INFO - [2025-04-04T09:20:25.882+0000] {dag.py:4180} INFO - Setting next_dagrun for read_dataset_event to 2025-04-03 00:00:00+00:00, run_after=2025-04-04 00:00:00+00:00
[2025-04-04T09:20:25.976+0000] {logging_mixin.py:190} INFO - [2025-04-04T09:20:25.975+0000] {dag.py:4180} INFO - Setting next_dagrun for read_dataset_event_from_classic to 2025-04-03 00:00:00+00:00, run_after=2025-04-04 00:00:00+00:00
[2025-04-04T09:20:26.165+0000] {processor.py:208} INFO - Processing /home/airflow/.local/lib/python3.12/site-packages/airflow/example_dags/example_inlet_event_extra.py took 8.537 seconds
[2025-04-04T09:21:17.716+0000] {processor.py:186} INFO - Started process (PID=420) to work on /home/airflow/.local/lib/python3.12/site-packages/airflow/example_dags/example_inlet_event_extra.py
[2025-04-04T09:21:17.721+0000] {processor.py:914} INFO - Processing file /home/airflow/.local/lib/python3.12/site-packages/airflow/example_dags/example_inlet_event_extra.py for tasks to queue
[2025-04-04T09:21:17.736+0000] {logging_mixin.py:190} INFO - [2025-04-04T09:21:17.734+0000] {dagbag.py:588} INFO - Filling up the DagBag from /home/airflow/.local/lib/python3.12/site-packages/airflow/example_dags/example_inlet_event_extra.py
[2025-04-04T09:21:22.807+0000] {processor.py:925} INFO - DAG(s) 'read_dataset_event_from_classic', 'read_dataset_event' retrieved from /home/airflow/.local/lib/python3.12/site-packages/airflow/example_dags/example_inlet_event_extra.py
[2025-04-04T09:21:23.071+0000] {logging_mixin.py:190} INFO - [2025-04-04T09:21:23.057+0000] {dag.py:3239} INFO - Sync 2 DAGs
[2025-04-04T09:21:23.620+0000] {logging_mixin.py:190} INFO - [2025-04-04T09:21:23.618+0000] {dag.py:4180} INFO - Setting next_dagrun for read_dataset_event to 2025-04-03 00:00:00+00:00, run_after=2025-04-04 00:00:00+00:00
[2025-04-04T09:21:23.736+0000] {logging_mixin.py:190} INFO - [2025-04-04T09:21:23.728+0000] {dag.py:4180} INFO - Setting next_dagrun for read_dataset_event_from_classic to 2025-04-03 00:00:00+00:00, run_after=2025-04-04 00:00:00+00:00
[2025-04-04T09:21:24.037+0000] {processor.py:208} INFO - Processing /home/airflow/.local/lib/python3.12/site-packages/airflow/example_dags/example_inlet_event_extra.py took 6.373 seconds
[2025-04-04T09:21:57.370+0000] {processor.py:186} INFO - Started process (PID=487) to work on /home/airflow/.local/lib/python3.12/site-packages/airflow/example_dags/example_inlet_event_extra.py
[2025-04-04T09:21:57.379+0000] {processor.py:914} INFO - Processing file /home/airflow/.local/lib/python3.12/site-packages/airflow/example_dags/example_inlet_event_extra.py for tasks to queue
[2025-04-04T09:21:57.396+0000] {logging_mixin.py:190} INFO - [2025-04-04T09:21:57.395+0000] {dagbag.py:588} INFO - Filling up the DagBag from /home/airflow/.local/lib/python3.12/site-packages/airflow/example_dags/example_inlet_event_extra.py
[2025-04-04T09:22:04.721+0000] {processor.py:925} INFO - DAG(s) 'read_dataset_event', 'read_dataset_event_from_classic' retrieved from /home/airflow/.local/lib/python3.12/site-packages/airflow/example_dags/example_inlet_event_extra.py
[2025-04-04T09:22:04.939+0000] {logging_mixin.py:190} INFO - [2025-04-04T09:22:04.938+0000] {dag.py:3239} INFO - Sync 2 DAGs
[2025-04-04T09:22:05.190+0000] {logging_mixin.py:190} INFO - [2025-04-04T09:22:05.189+0000] {dag.py:4180} INFO - Setting next_dagrun for read_dataset_event to 2025-04-03 00:00:00+00:00, run_after=2025-04-04 00:00:00+00:00
[2025-04-04T09:22:05.237+0000] {logging_mixin.py:190} INFO - [2025-04-04T09:22:05.234+0000] {dag.py:4180} INFO - Setting next_dagrun for read_dataset_event_from_classic to 2025-04-03 00:00:00+00:00, run_after=2025-04-04 00:00:00+00:00
[2025-04-04T09:22:05.367+0000] {processor.py:208} INFO - Processing /home/airflow/.local/lib/python3.12/site-packages/airflow/example_dags/example_inlet_event_extra.py took 8.037 seconds
[2025-04-04T09:22:49.258+0000] {processor.py:186} INFO - Started process (PID=544) to work on /home/airflow/.local/lib/python3.12/site-packages/airflow/example_dags/example_inlet_event_extra.py
[2025-04-04T09:22:49.266+0000] {processor.py:914} INFO - Processing file /home/airflow/.local/lib/python3.12/site-packages/airflow/example_dags/example_inlet_event_extra.py for tasks to queue
[2025-04-04T09:22:49.283+0000] {logging_mixin.py:190} INFO - [2025-04-04T09:22:49.282+0000] {dagbag.py:588} INFO - Filling up the DagBag from /home/airflow/.local/lib/python3.12/site-packages/airflow/example_dags/example_inlet_event_extra.py
[2025-04-04T09:22:57.703+0000] {processor.py:925} INFO - DAG(s) 'read_dataset_event', 'read_dataset_event_from_classic' retrieved from /home/airflow/.local/lib/python3.12/site-packages/airflow/example_dags/example_inlet_event_extra.py
[2025-04-04T09:22:57.937+0000] {logging_mixin.py:190} INFO - [2025-04-04T09:22:57.935+0000] {dag.py:3239} INFO - Sync 2 DAGs
[2025-04-04T09:22:58.334+0000] {logging_mixin.py:190} INFO - [2025-04-04T09:22:58.332+0000] {dag.py:4180} INFO - Setting next_dagrun for read_dataset_event to 2025-04-03 00:00:00+00:00, run_after=2025-04-04 00:00:00+00:00
[2025-04-04T09:22:58.405+0000] {logging_mixin.py:190} INFO - [2025-04-04T09:22:58.404+0000] {dag.py:4180} INFO - Setting next_dagrun for read_dataset_event_from_classic to 2025-04-03 00:00:00+00:00, run_after=2025-04-04 00:00:00+00:00
[2025-04-04T09:22:58.604+0000] {processor.py:208} INFO - Processing /home/airflow/.local/lib/python3.12/site-packages/airflow/example_dags/example_inlet_event_extra.py took 9.407 seconds
[2025-04-04T09:23:44.184+0000] {processor.py:186} INFO - Started process (PID=613) to work on /home/airflow/.local/lib/python3.12/site-packages/airflow/example_dags/example_inlet_event_extra.py
[2025-04-04T09:23:44.189+0000] {processor.py:914} INFO - Processing file /home/airflow/.local/lib/python3.12/site-packages/airflow/example_dags/example_inlet_event_extra.py for tasks to queue
[2025-04-04T09:23:44.201+0000] {logging_mixin.py:190} INFO - [2025-04-04T09:23:44.200+0000] {dagbag.py:588} INFO - Filling up the DagBag from /home/airflow/.local/lib/python3.12/site-packages/airflow/example_dags/example_inlet_event_extra.py
[2025-04-04T09:23:47.606+0000] {processor.py:925} INFO - DAG(s) 'read_dataset_event', 'read_dataset_event_from_classic' retrieved from /home/airflow/.local/lib/python3.12/site-packages/airflow/example_dags/example_inlet_event_extra.py
[2025-04-04T09:23:47.762+0000] {logging_mixin.py:190} INFO - [2025-04-04T09:23:47.761+0000] {dag.py:3239} INFO - Sync 2 DAGs
[2025-04-04T09:23:47.875+0000] {logging_mixin.py:190} INFO - [2025-04-04T09:23:47.874+0000] {dag.py:4180} INFO - Setting next_dagrun for read_dataset_event to 2025-04-03 00:00:00+00:00, run_after=2025-04-04 00:00:00+00:00
[2025-04-04T09:23:47.911+0000] {logging_mixin.py:190} INFO - [2025-04-04T09:23:47.910+0000] {dag.py:4180} INFO - Setting next_dagrun for read_dataset_event_from_classic to 2025-04-03 00:00:00+00:00, run_after=2025-04-04 00:00:00+00:00
[2025-04-04T09:23:48.013+0000] {processor.py:208} INFO - Processing /home/airflow/.local/lib/python3.12/site-packages/airflow/example_dags/example_inlet_event_extra.py took 3.864 seconds
[2025-04-04T09:24:19.088+0000] {processor.py:186} INFO - Started process (PID=680) to work on /home/airflow/.local/lib/python3.12/site-packages/airflow/example_dags/example_inlet_event_extra.py
[2025-04-04T09:24:19.093+0000] {processor.py:914} INFO - Processing file /home/airflow/.local/lib/python3.12/site-packages/airflow/example_dags/example_inlet_event_extra.py for tasks to queue
[2025-04-04T09:24:19.111+0000] {logging_mixin.py:190} INFO - [2025-04-04T09:24:19.108+0000] {dagbag.py:588} INFO - Filling up the DagBag from /home/airflow/.local/lib/python3.12/site-packages/airflow/example_dags/example_inlet_event_extra.py
[2025-04-04T09:24:22.622+0000] {processor.py:925} INFO - DAG(s) 'read_dataset_event', 'read_dataset_event_from_classic' retrieved from /home/airflow/.local/lib/python3.12/site-packages/airflow/example_dags/example_inlet_event_extra.py
[2025-04-04T09:24:22.843+0000] {logging_mixin.py:190} INFO - [2025-04-04T09:24:22.842+0000] {dag.py:3239} INFO - Sync 2 DAGs
[2025-04-04T09:24:23.228+0000] {logging_mixin.py:190} INFO - [2025-04-04T09:24:23.226+0000] {dag.py:4180} INFO - Setting next_dagrun for read_dataset_event to 2025-04-03 00:00:00+00:00, run_after=2025-04-04 00:00:00+00:00
[2025-04-04T09:24:23.282+0000] {logging_mixin.py:190} INFO - [2025-04-04T09:24:23.281+0000] {dag.py:4180} INFO - Setting next_dagrun for read_dataset_event_from_classic to 2025-04-03 00:00:00+00:00, run_after=2025-04-04 00:00:00+00:00
[2025-04-04T09:24:23.387+0000] {processor.py:208} INFO - Processing /home/airflow/.local/lib/python3.12/site-packages/airflow/example_dags/example_inlet_event_extra.py took 4.345 seconds
[2025-04-04T09:25:03.987+0000] {processor.py:186} INFO - Started process (PID=750) to work on /home/airflow/.local/lib/python3.12/site-packages/airflow/example_dags/example_inlet_event_extra.py
[2025-04-04T09:25:03.992+0000] {processor.py:914} INFO - Processing file /home/airflow/.local/lib/python3.12/site-packages/airflow/example_dags/example_inlet_event_extra.py for tasks to queue
[2025-04-04T09:25:04.003+0000] {logging_mixin.py:190} INFO - [2025-04-04T09:25:04.001+0000] {dagbag.py:588} INFO - Filling up the DagBag from /home/airflow/.local/lib/python3.12/site-packages/airflow/example_dags/example_inlet_event_extra.py
[2025-04-04T09:25:07.556+0000] {processor.py:925} INFO - DAG(s) 'read_dataset_event_from_classic', 'read_dataset_event' retrieved from /home/airflow/.local/lib/python3.12/site-packages/airflow/example_dags/example_inlet_event_extra.py
[2025-04-04T09:25:07.660+0000] {logging_mixin.py:190} INFO - [2025-04-04T09:25:07.659+0000] {dag.py:3239} INFO - Sync 2 DAGs
[2025-04-04T09:25:07.867+0000] {logging_mixin.py:190} INFO - [2025-04-04T09:25:07.866+0000] {dag.py:4180} INFO - Setting next_dagrun for read_dataset_event to 2025-04-03 00:00:00+00:00, run_after=2025-04-04 00:00:00+00:00
[2025-04-04T09:25:07.894+0000] {logging_mixin.py:190} INFO - [2025-04-04T09:25:07.893+0000] {dag.py:4180} INFO - Setting next_dagrun for read_dataset_event_from_classic to 2025-04-03 00:00:00+00:00, run_after=2025-04-04 00:00:00+00:00
[2025-04-04T09:25:08.015+0000] {processor.py:208} INFO - Processing /home/airflow/.local/lib/python3.12/site-packages/airflow/example_dags/example_inlet_event_extra.py took 4.058 seconds
[2025-04-04T09:25:41.417+0000] {processor.py:186} INFO - Started process (PID=817) to work on /home/airflow/.local/lib/python3.12/site-packages/airflow/example_dags/example_inlet_event_extra.py
[2025-04-04T09:25:41.423+0000] {processor.py:914} INFO - Processing file /home/airflow/.local/lib/python3.12/site-packages/airflow/example_dags/example_inlet_event_extra.py for tasks to queue
[2025-04-04T09:25:41.457+0000] {logging_mixin.py:190} INFO - [2025-04-04T09:25:41.455+0000] {dagbag.py:588} INFO - Filling up the DagBag from /home/airflow/.local/lib/python3.12/site-packages/airflow/example_dags/example_inlet_event_extra.py
[2025-04-04T09:25:47.509+0000] {processor.py:925} INFO - DAG(s) 'read_dataset_event_from_classic', 'read_dataset_event' retrieved from /home/airflow/.local/lib/python3.12/site-packages/airflow/example_dags/example_inlet_event_extra.py
[2025-04-04T09:25:47.732+0000] {logging_mixin.py:190} INFO - [2025-04-04T09:25:47.731+0000] {dag.py:3239} INFO - Sync 2 DAGs
[2025-04-04T09:25:48.081+0000] {logging_mixin.py:190} INFO - [2025-04-04T09:25:48.080+0000] {dag.py:4180} INFO - Setting next_dagrun for read_dataset_event to 2025-04-03 00:00:00+00:00, run_after=2025-04-04 00:00:00+00:00
[2025-04-04T09:25:48.143+0000] {logging_mixin.py:190} INFO - [2025-04-04T09:25:48.142+0000] {dag.py:4180} INFO - Setting next_dagrun for read_dataset_event_from_classic to 2025-04-03 00:00:00+00:00, run_after=2025-04-04 00:00:00+00:00
[2025-04-04T09:25:48.274+0000] {processor.py:208} INFO - Processing /home/airflow/.local/lib/python3.12/site-packages/airflow/example_dags/example_inlet_event_extra.py took 6.920 seconds
[2025-04-04T09:26:21.843+0000] {processor.py:186} INFO - Started process (PID=879) to work on /home/airflow/.local/lib/python3.12/site-packages/airflow/example_dags/example_inlet_event_extra.py
[2025-04-04T09:26:21.847+0000] {processor.py:914} INFO - Processing file /home/airflow/.local/lib/python3.12/site-packages/airflow/example_dags/example_inlet_event_extra.py for tasks to queue
[2025-04-04T09:26:21.866+0000] {logging_mixin.py:190} INFO - [2025-04-04T09:26:21.864+0000] {dagbag.py:588} INFO - Filling up the DagBag from /home/airflow/.local/lib/python3.12/site-packages/airflow/example_dags/example_inlet_event_extra.py
[2025-04-04T09:26:24.891+0000] {processor.py:925} INFO - DAG(s) 'read_dataset_event_from_classic', 'read_dataset_event' retrieved from /home/airflow/.local/lib/python3.12/site-packages/airflow/example_dags/example_inlet_event_extra.py
[2025-04-04T09:26:25.007+0000] {logging_mixin.py:190} INFO - [2025-04-04T09:26:25.006+0000] {dag.py:3239} INFO - Sync 2 DAGs
[2025-04-04T09:26:25.153+0000] {logging_mixin.py:190} INFO - [2025-04-04T09:26:25.151+0000] {dag.py:4180} INFO - Setting next_dagrun for read_dataset_event to 2025-04-03 00:00:00+00:00, run_after=2025-04-04 00:00:00+00:00
[2025-04-04T09:26:25.190+0000] {logging_mixin.py:190} INFO - [2025-04-04T09:26:25.187+0000] {dag.py:4180} INFO - Setting next_dagrun for read_dataset_event_from_classic to 2025-04-03 00:00:00+00:00, run_after=2025-04-04 00:00:00+00:00
[2025-04-04T09:26:25.300+0000] {processor.py:208} INFO - Processing /home/airflow/.local/lib/python3.12/site-packages/airflow/example_dags/example_inlet_event_extra.py took 3.495 seconds
[2025-04-04T09:26:57.328+0000] {processor.py:186} INFO - Started process (PID=941) to work on /home/airflow/.local/lib/python3.12/site-packages/airflow/example_dags/example_inlet_event_extra.py
[2025-04-04T09:26:57.331+0000] {processor.py:914} INFO - Processing file /home/airflow/.local/lib/python3.12/site-packages/airflow/example_dags/example_inlet_event_extra.py for tasks to queue
[2025-04-04T09:26:57.340+0000] {logging_mixin.py:190} INFO - [2025-04-04T09:26:57.339+0000] {dagbag.py:588} INFO - Filling up the DagBag from /home/airflow/.local/lib/python3.12/site-packages/airflow/example_dags/example_inlet_event_extra.py
[2025-04-04T09:32:48.595+0000] {processor.py:186} INFO - Started process (PID=107) to work on /home/airflow/.local/lib/python3.12/site-packages/airflow/example_dags/example_inlet_event_extra.py
[2025-04-04T09:32:48.601+0000] {processor.py:914} INFO - Processing file /home/airflow/.local/lib/python3.12/site-packages/airflow/example_dags/example_inlet_event_extra.py for tasks to queue
[2025-04-04T09:32:48.618+0000] {logging_mixin.py:190} INFO - [2025-04-04T09:32:48.616+0000] {dagbag.py:588} INFO - Filling up the DagBag from /home/airflow/.local/lib/python3.12/site-packages/airflow/example_dags/example_inlet_event_extra.py
[2025-04-04T09:33:03.597+0000] {processor.py:925} INFO - DAG(s) 'read_dataset_event', 'read_dataset_event_from_classic' retrieved from /home/airflow/.local/lib/python3.12/site-packages/airflow/example_dags/example_inlet_event_extra.py
[2025-04-04T09:33:03.729+0000] {logging_mixin.py:190} INFO - [2025-04-04T09:33:03.728+0000] {dag.py:3239} INFO - Sync 2 DAGs
[2025-04-04T09:33:03.927+0000] {logging_mixin.py:190} INFO - [2025-04-04T09:33:03.926+0000] {dag.py:4180} INFO - Setting next_dagrun for read_dataset_event to 2025-04-03 00:00:00+00:00, run_after=2025-04-04 00:00:00+00:00
[2025-04-04T09:33:03.970+0000] {logging_mixin.py:190} INFO - [2025-04-04T09:33:03.968+0000] {dag.py:4180} INFO - Setting next_dagrun for read_dataset_event_from_classic to 2025-04-03 00:00:00+00:00, run_after=2025-04-04 00:00:00+00:00
[2025-04-04T09:33:04.080+0000] {processor.py:208} INFO - Processing /home/airflow/.local/lib/python3.12/site-packages/airflow/example_dags/example_inlet_event_extra.py took 15.524 seconds
[2025-04-04T09:33:44.803+0000] {processor.py:186} INFO - Started process (PID=177) to work on /home/airflow/.local/lib/python3.12/site-packages/airflow/example_dags/example_inlet_event_extra.py
[2025-04-04T09:33:44.819+0000] {processor.py:914} INFO - Processing file /home/airflow/.local/lib/python3.12/site-packages/airflow/example_dags/example_inlet_event_extra.py for tasks to queue
[2025-04-04T09:33:44.867+0000] {logging_mixin.py:190} INFO - [2025-04-04T09:33:44.866+0000] {dagbag.py:588} INFO - Filling up the DagBag from /home/airflow/.local/lib/python3.12/site-packages/airflow/example_dags/example_inlet_event_extra.py
