[2025-04-04T09:04:24.902+0000] {processor.py:186} INFO - Started process (PID=148) to work on /home/airflow/.local/lib/python3.12/site-packages/airflow/example_dags/example_kubernetes_executor.py
[2025-04-04T09:04:24.950+0000] {processor.py:914} INFO - Processing file /home/airflow/.local/lib/python3.12/site-packages/airflow/example_dags/example_kubernetes_executor.py for tasks to queue
[2025-04-04T09:04:25.082+0000] {logging_mixin.py:190} INFO - [2025-04-04T09:04:25.068+0000] {dagbag.py:588} INFO - Filling up the DagBag from /home/airflow/.local/lib/python3.12/site-packages/airflow/example_dags/example_kubernetes_executor.py
[2025-04-04T09:04:25.458+0000] {processor.py:925} INFO - DAG(s) 'example_kubernetes_executor' retrieved from /home/airflow/.local/lib/python3.12/site-packages/airflow/example_dags/example_kubernetes_executor.py
[2025-04-04T09:04:27.455+0000] {logging_mixin.py:190} INFO - [2025-04-04T09:04:27.450+0000] {override.py:1912} INFO - Created Permission View: can delete on DAG:example_kubernetes_executor
[2025-04-04T09:04:27.624+0000] {logging_mixin.py:190} INFO - [2025-04-04T09:04:27.622+0000] {override.py:1912} INFO - Created Permission View: can edit on DAG:example_kubernetes_executor
[2025-04-04T09:04:27.948+0000] {logging_mixin.py:190} INFO - [2025-04-04T09:04:27.918+0000] {override.py:1912} INFO - Created Permission View: can read on DAG:example_kubernetes_executor
[2025-04-04T09:04:28.199+0000] {logging_mixin.py:190} INFO - [2025-04-04T09:04:28.164+0000] {override.py:1912} INFO - Created Permission View: menu access on DAG Run:example_kubernetes_executor
[2025-04-04T09:04:28.471+0000] {logging_mixin.py:190} INFO - [2025-04-04T09:04:28.470+0000] {override.py:1912} INFO - Created Permission View: can create on DAG Run:example_kubernetes_executor
[2025-04-04T09:04:28.616+0000] {logging_mixin.py:190} INFO - [2025-04-04T09:04:28.614+0000] {override.py:1912} INFO - Created Permission View: can delete on DAG Run:example_kubernetes_executor
[2025-04-04T09:04:28.773+0000] {logging_mixin.py:190} INFO - [2025-04-04T09:04:28.772+0000] {override.py:1912} INFO - Created Permission View: can read on DAG Run:example_kubernetes_executor
[2025-04-04T09:04:28.795+0000] {logging_mixin.py:190} INFO - [2025-04-04T09:04:28.794+0000] {dag.py:3239} INFO - Sync 1 DAGs
[2025-04-04T09:04:29.212+0000] {logging_mixin.py:190} INFO - [2025-04-04T09:04:29.211+0000] {dag.py:3262} INFO - Creating ORM DAG for example_kubernetes_executor
[2025-04-04T09:04:29.259+0000] {logging_mixin.py:190} INFO - [2025-04-04T09:04:29.258+0000] {dag.py:4180} INFO - Setting next_dagrun for example_kubernetes_executor to None, run_after=None
[2025-04-04T09:04:29.577+0000] {processor.py:208} INFO - Processing /home/airflow/.local/lib/python3.12/site-packages/airflow/example_dags/example_kubernetes_executor.py took 4.960 seconds
[2025-04-04T09:16:53.708+0000] {processor.py:186} INFO - Started process (PID=129) to work on /home/airflow/.local/lib/python3.12/site-packages/airflow/example_dags/example_kubernetes_executor.py
[2025-04-04T09:16:53.716+0000] {processor.py:914} INFO - Processing file /home/airflow/.local/lib/python3.12/site-packages/airflow/example_dags/example_kubernetes_executor.py for tasks to queue
[2025-04-04T09:16:53.734+0000] {logging_mixin.py:190} INFO - [2025-04-04T09:16:53.732+0000] {dagbag.py:588} INFO - Filling up the DagBag from /home/airflow/.local/lib/python3.12/site-packages/airflow/example_dags/example_kubernetes_executor.py
[2025-04-04T09:16:53.849+0000] {processor.py:925} INFO - DAG(s) 'example_kubernetes_executor' retrieved from /home/airflow/.local/lib/python3.12/site-packages/airflow/example_dags/example_kubernetes_executor.py
[2025-04-04T09:16:54.055+0000] {logging_mixin.py:190} INFO - [2025-04-04T09:16:54.054+0000] {dag.py:3239} INFO - Sync 1 DAGs
[2025-04-04T09:16:54.213+0000] {logging_mixin.py:190} INFO - [2025-04-04T09:16:54.212+0000] {dag.py:4180} INFO - Setting next_dagrun for example_kubernetes_executor to None, run_after=None
[2025-04-04T09:16:54.321+0000] {processor.py:208} INFO - Processing /home/airflow/.local/lib/python3.12/site-packages/airflow/example_dags/example_kubernetes_executor.py took 0.672 seconds
[2025-04-04T09:18:03.311+0000] {processor.py:186} INFO - Started process (PID=198) to work on /home/airflow/.local/lib/python3.12/site-packages/airflow/example_dags/example_kubernetes_executor.py
[2025-04-04T09:18:03.337+0000] {processor.py:914} INFO - Processing file /home/airflow/.local/lib/python3.12/site-packages/airflow/example_dags/example_kubernetes_executor.py for tasks to queue
[2025-04-04T09:18:03.380+0000] {logging_mixin.py:190} INFO - [2025-04-04T09:18:03.377+0000] {dagbag.py:588} INFO - Filling up the DagBag from /home/airflow/.local/lib/python3.12/site-packages/airflow/example_dags/example_kubernetes_executor.py
[2025-04-04T09:18:03.790+0000] {processor.py:925} INFO - DAG(s) 'example_kubernetes_executor' retrieved from /home/airflow/.local/lib/python3.12/site-packages/airflow/example_dags/example_kubernetes_executor.py
[2025-04-04T09:18:04.263+0000] {logging_mixin.py:190} INFO - [2025-04-04T09:18:04.262+0000] {dag.py:3239} INFO - Sync 1 DAGs
[2025-04-04T09:18:04.490+0000] {logging_mixin.py:190} INFO - [2025-04-04T09:18:04.489+0000] {dag.py:4180} INFO - Setting next_dagrun for example_kubernetes_executor to None, run_after=None
[2025-04-04T09:18:04.747+0000] {processor.py:208} INFO - Processing /home/airflow/.local/lib/python3.12/site-packages/airflow/example_dags/example_kubernetes_executor.py took 1.586 seconds
[2025-04-04T09:18:44.921+0000] {processor.py:186} INFO - Started process (PID=267) to work on /home/airflow/.local/lib/python3.12/site-packages/airflow/example_dags/example_kubernetes_executor.py
[2025-04-04T09:18:44.965+0000] {processor.py:914} INFO - Processing file /home/airflow/.local/lib/python3.12/site-packages/airflow/example_dags/example_kubernetes_executor.py for tasks to queue
[2025-04-04T09:18:45.015+0000] {logging_mixin.py:190} INFO - [2025-04-04T09:18:45.001+0000] {dagbag.py:588} INFO - Filling up the DagBag from /home/airflow/.local/lib/python3.12/site-packages/airflow/example_dags/example_kubernetes_executor.py
[2025-04-04T09:18:46.067+0000] {processor.py:925} INFO - DAG(s) 'example_kubernetes_executor' retrieved from /home/airflow/.local/lib/python3.12/site-packages/airflow/example_dags/example_kubernetes_executor.py
[2025-04-04T09:18:46.838+0000] {logging_mixin.py:190} INFO - [2025-04-04T09:18:46.837+0000] {dag.py:3239} INFO - Sync 1 DAGs
[2025-04-04T09:18:47.169+0000] {logging_mixin.py:190} INFO - [2025-04-04T09:18:47.168+0000] {dag.py:4180} INFO - Setting next_dagrun for example_kubernetes_executor to None, run_after=None
[2025-04-04T09:18:47.887+0000] {processor.py:208} INFO - Processing /home/airflow/.local/lib/python3.12/site-packages/airflow/example_dags/example_kubernetes_executor.py took 3.111 seconds
[2025-04-04T09:20:05.381+0000] {processor.py:186} INFO - Started process (PID=328) to work on /home/airflow/.local/lib/python3.12/site-packages/airflow/example_dags/example_kubernetes_executor.py
[2025-04-04T09:20:05.412+0000] {processor.py:914} INFO - Processing file /home/airflow/.local/lib/python3.12/site-packages/airflow/example_dags/example_kubernetes_executor.py for tasks to queue
[2025-04-04T09:20:05.447+0000] {logging_mixin.py:190} INFO - [2025-04-04T09:20:05.431+0000] {dagbag.py:588} INFO - Filling up the DagBag from /home/airflow/.local/lib/python3.12/site-packages/airflow/example_dags/example_kubernetes_executor.py
[2025-04-04T09:20:05.639+0000] {processor.py:925} INFO - DAG(s) 'example_kubernetes_executor' retrieved from /home/airflow/.local/lib/python3.12/site-packages/airflow/example_dags/example_kubernetes_executor.py
[2025-04-04T09:20:06.013+0000] {logging_mixin.py:190} INFO - [2025-04-04T09:20:06.006+0000] {dag.py:3239} INFO - Sync 1 DAGs
[2025-04-04T09:20:06.259+0000] {logging_mixin.py:190} INFO - [2025-04-04T09:20:06.258+0000] {dag.py:4180} INFO - Setting next_dagrun for example_kubernetes_executor to None, run_after=None
[2025-04-04T09:20:06.601+0000] {processor.py:208} INFO - Processing /home/airflow/.local/lib/python3.12/site-packages/airflow/example_dags/example_kubernetes_executor.py took 1.342 seconds
[2025-04-04T09:21:11.678+0000] {processor.py:186} INFO - Started process (PID=410) to work on /home/airflow/.local/lib/python3.12/site-packages/airflow/example_dags/example_kubernetes_executor.py
[2025-04-04T09:21:11.683+0000] {processor.py:914} INFO - Processing file /home/airflow/.local/lib/python3.12/site-packages/airflow/example_dags/example_kubernetes_executor.py for tasks to queue
[2025-04-04T09:21:11.697+0000] {logging_mixin.py:190} INFO - [2025-04-04T09:21:11.695+0000] {dagbag.py:588} INFO - Filling up the DagBag from /home/airflow/.local/lib/python3.12/site-packages/airflow/example_dags/example_kubernetes_executor.py
[2025-04-04T09:21:11.791+0000] {processor.py:925} INFO - DAG(s) 'example_kubernetes_executor' retrieved from /home/airflow/.local/lib/python3.12/site-packages/airflow/example_dags/example_kubernetes_executor.py
[2025-04-04T09:21:11.957+0000] {logging_mixin.py:190} INFO - [2025-04-04T09:21:11.956+0000] {dag.py:3239} INFO - Sync 1 DAGs
[2025-04-04T09:21:12.053+0000] {logging_mixin.py:190} INFO - [2025-04-04T09:21:12.052+0000] {dag.py:4180} INFO - Setting next_dagrun for example_kubernetes_executor to None, run_after=None
[2025-04-04T09:21:12.211+0000] {processor.py:208} INFO - Processing /home/airflow/.local/lib/python3.12/site-packages/airflow/example_dags/example_kubernetes_executor.py took 0.579 seconds
[2025-04-04T09:21:47.109+0000] {processor.py:186} INFO - Started process (PID=472) to work on /home/airflow/.local/lib/python3.12/site-packages/airflow/example_dags/example_kubernetes_executor.py
[2025-04-04T09:21:47.118+0000] {processor.py:914} INFO - Processing file /home/airflow/.local/lib/python3.12/site-packages/airflow/example_dags/example_kubernetes_executor.py for tasks to queue
[2025-04-04T09:21:47.141+0000] {logging_mixin.py:190} INFO - [2025-04-04T09:21:47.138+0000] {dagbag.py:588} INFO - Filling up the DagBag from /home/airflow/.local/lib/python3.12/site-packages/airflow/example_dags/example_kubernetes_executor.py
[2025-04-04T09:21:47.475+0000] {processor.py:925} INFO - DAG(s) 'example_kubernetes_executor' retrieved from /home/airflow/.local/lib/python3.12/site-packages/airflow/example_dags/example_kubernetes_executor.py
[2025-04-04T09:21:47.850+0000] {logging_mixin.py:190} INFO - [2025-04-04T09:21:47.848+0000] {dag.py:3239} INFO - Sync 1 DAGs
[2025-04-04T09:21:48.079+0000] {logging_mixin.py:190} INFO - [2025-04-04T09:21:48.078+0000] {dag.py:4180} INFO - Setting next_dagrun for example_kubernetes_executor to None, run_after=None
[2025-04-04T09:21:48.317+0000] {processor.py:208} INFO - Processing /home/airflow/.local/lib/python3.12/site-packages/airflow/example_dags/example_kubernetes_executor.py took 1.289 seconds
[2025-04-04T09:22:35.663+0000] {processor.py:186} INFO - Started process (PID=531) to work on /home/airflow/.local/lib/python3.12/site-packages/airflow/example_dags/example_kubernetes_executor.py
[2025-04-04T09:22:35.669+0000] {processor.py:914} INFO - Processing file /home/airflow/.local/lib/python3.12/site-packages/airflow/example_dags/example_kubernetes_executor.py for tasks to queue
[2025-04-04T09:22:35.691+0000] {logging_mixin.py:190} INFO - [2025-04-04T09:22:35.684+0000] {dagbag.py:588} INFO - Filling up the DagBag from /home/airflow/.local/lib/python3.12/site-packages/airflow/example_dags/example_kubernetes_executor.py
[2025-04-04T09:22:35.841+0000] {processor.py:925} INFO - DAG(s) 'example_kubernetes_executor' retrieved from /home/airflow/.local/lib/python3.12/site-packages/airflow/example_dags/example_kubernetes_executor.py
[2025-04-04T09:22:36.035+0000] {logging_mixin.py:190} INFO - [2025-04-04T09:22:36.034+0000] {dag.py:3239} INFO - Sync 1 DAGs
[2025-04-04T09:22:36.127+0000] {logging_mixin.py:190} INFO - [2025-04-04T09:22:36.126+0000] {dag.py:4180} INFO - Setting next_dagrun for example_kubernetes_executor to None, run_after=None
[2025-04-04T09:22:36.348+0000] {processor.py:208} INFO - Processing /home/airflow/.local/lib/python3.12/site-packages/airflow/example_dags/example_kubernetes_executor.py took 0.728 seconds
[2025-04-04T09:23:35.542+0000] {processor.py:186} INFO - Started process (PID=596) to work on /home/airflow/.local/lib/python3.12/site-packages/airflow/example_dags/example_kubernetes_executor.py
[2025-04-04T09:23:35.550+0000] {processor.py:914} INFO - Processing file /home/airflow/.local/lib/python3.12/site-packages/airflow/example_dags/example_kubernetes_executor.py for tasks to queue
[2025-04-04T09:23:35.573+0000] {logging_mixin.py:190} INFO - [2025-04-04T09:23:35.568+0000] {dagbag.py:588} INFO - Filling up the DagBag from /home/airflow/.local/lib/python3.12/site-packages/airflow/example_dags/example_kubernetes_executor.py
[2025-04-04T09:23:35.781+0000] {processor.py:925} INFO - DAG(s) 'example_kubernetes_executor' retrieved from /home/airflow/.local/lib/python3.12/site-packages/airflow/example_dags/example_kubernetes_executor.py
[2025-04-04T09:23:36.092+0000] {logging_mixin.py:190} INFO - [2025-04-04T09:23:36.091+0000] {dag.py:3239} INFO - Sync 1 DAGs
[2025-04-04T09:23:36.298+0000] {logging_mixin.py:190} INFO - [2025-04-04T09:23:36.297+0000] {dag.py:4180} INFO - Setting next_dagrun for example_kubernetes_executor to None, run_after=None
[2025-04-04T09:23:36.459+0000] {processor.py:208} INFO - Processing /home/airflow/.local/lib/python3.12/site-packages/airflow/example_dags/example_kubernetes_executor.py took 0.973 seconds
[2025-04-04T09:24:07.295+0000] {processor.py:186} INFO - Started process (PID=659) to work on /home/airflow/.local/lib/python3.12/site-packages/airflow/example_dags/example_kubernetes_executor.py
[2025-04-04T09:24:07.301+0000] {processor.py:914} INFO - Processing file /home/airflow/.local/lib/python3.12/site-packages/airflow/example_dags/example_kubernetes_executor.py for tasks to queue
[2025-04-04T09:24:07.313+0000] {logging_mixin.py:190} INFO - [2025-04-04T09:24:07.311+0000] {dagbag.py:588} INFO - Filling up the DagBag from /home/airflow/.local/lib/python3.12/site-packages/airflow/example_dags/example_kubernetes_executor.py
[2025-04-04T09:24:07.393+0000] {processor.py:925} INFO - DAG(s) 'example_kubernetes_executor' retrieved from /home/airflow/.local/lib/python3.12/site-packages/airflow/example_dags/example_kubernetes_executor.py
[2025-04-04T09:24:07.491+0000] {logging_mixin.py:190} INFO - [2025-04-04T09:24:07.490+0000] {dag.py:3239} INFO - Sync 1 DAGs
[2025-04-04T09:24:07.552+0000] {logging_mixin.py:190} INFO - [2025-04-04T09:24:07.552+0000] {dag.py:4180} INFO - Setting next_dagrun for example_kubernetes_executor to None, run_after=None
[2025-04-04T09:24:07.634+0000] {processor.py:208} INFO - Processing /home/airflow/.local/lib/python3.12/site-packages/airflow/example_dags/example_kubernetes_executor.py took 0.370 seconds
[2025-04-04T09:24:49.134+0000] {processor.py:186} INFO - Started process (PID=728) to work on /home/airflow/.local/lib/python3.12/site-packages/airflow/example_dags/example_kubernetes_executor.py
[2025-04-04T09:24:49.138+0000] {processor.py:914} INFO - Processing file /home/airflow/.local/lib/python3.12/site-packages/airflow/example_dags/example_kubernetes_executor.py for tasks to queue
[2025-04-04T09:24:49.153+0000] {logging_mixin.py:190} INFO - [2025-04-04T09:24:49.150+0000] {dagbag.py:588} INFO - Filling up the DagBag from /home/airflow/.local/lib/python3.12/site-packages/airflow/example_dags/example_kubernetes_executor.py
[2025-04-04T09:24:49.297+0000] {processor.py:925} INFO - DAG(s) 'example_kubernetes_executor' retrieved from /home/airflow/.local/lib/python3.12/site-packages/airflow/example_dags/example_kubernetes_executor.py
[2025-04-04T09:24:49.509+0000] {logging_mixin.py:190} INFO - [2025-04-04T09:24:49.508+0000] {dag.py:3239} INFO - Sync 1 DAGs
[2025-04-04T09:24:49.600+0000] {logging_mixin.py:190} INFO - [2025-04-04T09:24:49.598+0000] {dag.py:4180} INFO - Setting next_dagrun for example_kubernetes_executor to None, run_after=None
[2025-04-04T09:24:49.752+0000] {processor.py:208} INFO - Processing /home/airflow/.local/lib/python3.12/site-packages/airflow/example_dags/example_kubernetes_executor.py took 0.665 seconds
[2025-04-04T09:25:21.742+0000] {processor.py:186} INFO - Started process (PID=791) to work on /home/airflow/.local/lib/python3.12/site-packages/airflow/example_dags/example_kubernetes_executor.py
[2025-04-04T09:25:21.768+0000] {processor.py:914} INFO - Processing file /home/airflow/.local/lib/python3.12/site-packages/airflow/example_dags/example_kubernetes_executor.py for tasks to queue
[2025-04-04T09:25:21.803+0000] {logging_mixin.py:190} INFO - [2025-04-04T09:25:21.801+0000] {dagbag.py:588} INFO - Filling up the DagBag from /home/airflow/.local/lib/python3.12/site-packages/airflow/example_dags/example_kubernetes_executor.py
[2025-04-04T09:25:21.937+0000] {processor.py:925} INFO - DAG(s) 'example_kubernetes_executor' retrieved from /home/airflow/.local/lib/python3.12/site-packages/airflow/example_dags/example_kubernetes_executor.py
[2025-04-04T09:25:22.108+0000] {logging_mixin.py:190} INFO - [2025-04-04T09:25:22.107+0000] {dag.py:3239} INFO - Sync 1 DAGs
[2025-04-04T09:25:22.256+0000] {logging_mixin.py:190} INFO - [2025-04-04T09:25:22.255+0000] {dag.py:4180} INFO - Setting next_dagrun for example_kubernetes_executor to None, run_after=None
[2025-04-04T09:25:22.380+0000] {processor.py:208} INFO - Processing /home/airflow/.local/lib/python3.12/site-packages/airflow/example_dags/example_kubernetes_executor.py took 0.703 seconds
[2025-04-04T09:26:12.311+0000] {processor.py:186} INFO - Started process (PID=862) to work on /home/airflow/.local/lib/python3.12/site-packages/airflow/example_dags/example_kubernetes_executor.py
[2025-04-04T09:26:12.316+0000] {processor.py:914} INFO - Processing file /home/airflow/.local/lib/python3.12/site-packages/airflow/example_dags/example_kubernetes_executor.py for tasks to queue
[2025-04-04T09:26:12.331+0000] {logging_mixin.py:190} INFO - [2025-04-04T09:26:12.329+0000] {dagbag.py:588} INFO - Filling up the DagBag from /home/airflow/.local/lib/python3.12/site-packages/airflow/example_dags/example_kubernetes_executor.py
[2025-04-04T09:26:12.444+0000] {processor.py:925} INFO - DAG(s) 'example_kubernetes_executor' retrieved from /home/airflow/.local/lib/python3.12/site-packages/airflow/example_dags/example_kubernetes_executor.py
[2025-04-04T09:26:12.612+0000] {logging_mixin.py:190} INFO - [2025-04-04T09:26:12.611+0000] {dag.py:3239} INFO - Sync 1 DAGs
[2025-04-04T09:26:12.799+0000] {logging_mixin.py:190} INFO - [2025-04-04T09:26:12.797+0000] {dag.py:4180} INFO - Setting next_dagrun for example_kubernetes_executor to None, run_after=None
[2025-04-04T09:26:12.959+0000] {processor.py:208} INFO - Processing /home/airflow/.local/lib/python3.12/site-packages/airflow/example_dags/example_kubernetes_executor.py took 0.683 seconds
[2025-04-04T09:26:49.454+0000] {processor.py:186} INFO - Started process (PID=930) to work on /home/airflow/.local/lib/python3.12/site-packages/airflow/example_dags/example_kubernetes_executor.py
[2025-04-04T09:26:49.469+0000] {processor.py:914} INFO - Processing file /home/airflow/.local/lib/python3.12/site-packages/airflow/example_dags/example_kubernetes_executor.py for tasks to queue
[2025-04-04T09:26:49.494+0000] {logging_mixin.py:190} INFO - [2025-04-04T09:26:49.491+0000] {dagbag.py:588} INFO - Filling up the DagBag from /home/airflow/.local/lib/python3.12/site-packages/airflow/example_dags/example_kubernetes_executor.py
[2025-04-04T09:26:49.721+0000] {processor.py:925} INFO - DAG(s) 'example_kubernetes_executor' retrieved from /home/airflow/.local/lib/python3.12/site-packages/airflow/example_dags/example_kubernetes_executor.py
[2025-04-04T09:26:50.009+0000] {logging_mixin.py:190} INFO - [2025-04-04T09:26:50.004+0000] {dag.py:3239} INFO - Sync 1 DAGs
[2025-04-04T09:26:50.221+0000] {logging_mixin.py:190} INFO - [2025-04-04T09:26:50.220+0000] {dag.py:4180} INFO - Setting next_dagrun for example_kubernetes_executor to None, run_after=None
[2025-04-04T09:26:50.418+0000] {processor.py:208} INFO - Processing /home/airflow/.local/lib/python3.12/site-packages/airflow/example_dags/example_kubernetes_executor.py took 1.035 seconds
[2025-04-04T09:33:16.665+0000] {processor.py:186} INFO - Started process (PID=144) to work on /home/airflow/.local/lib/python3.12/site-packages/airflow/example_dags/example_kubernetes_executor.py
[2025-04-04T09:33:16.671+0000] {processor.py:914} INFO - Processing file /home/airflow/.local/lib/python3.12/site-packages/airflow/example_dags/example_kubernetes_executor.py for tasks to queue
[2025-04-04T09:33:16.686+0000] {logging_mixin.py:190} INFO - [2025-04-04T09:33:16.684+0000] {dagbag.py:588} INFO - Filling up the DagBag from /home/airflow/.local/lib/python3.12/site-packages/airflow/example_dags/example_kubernetes_executor.py
[2025-04-04T09:33:16.806+0000] {processor.py:925} INFO - DAG(s) 'example_kubernetes_executor' retrieved from /home/airflow/.local/lib/python3.12/site-packages/airflow/example_dags/example_kubernetes_executor.py
[2025-04-04T09:33:16.971+0000] {logging_mixin.py:190} INFO - [2025-04-04T09:33:16.970+0000] {dag.py:3239} INFO - Sync 1 DAGs
[2025-04-04T09:33:17.069+0000] {logging_mixin.py:190} INFO - [2025-04-04T09:33:17.067+0000] {dag.py:4180} INFO - Setting next_dagrun for example_kubernetes_executor to None, run_after=None
[2025-04-04T09:33:17.166+0000] {processor.py:208} INFO - Processing /home/airflow/.local/lib/python3.12/site-packages/airflow/example_dags/example_kubernetes_executor.py took 0.557 seconds
