[2025-04-04T09:03:29.674+0000] {processor.py:186} INFO - Started process (PID=108) to work on /home/airflow/.local/lib/python3.12/site-packages/airflow/example_dags/example_external_task_marker_dag.py
[2025-04-04T09:03:29.680+0000] {processor.py:914} INFO - Processing file /home/airflow/.local/lib/python3.12/site-packages/airflow/example_dags/example_external_task_marker_dag.py for tasks to queue
[2025-04-04T09:03:29.698+0000] {logging_mixin.py:190} INFO - [2025-04-04T09:03:29.696+0000] {dagbag.py:588} INFO - Filling up the DagBag from /home/airflow/.local/lib/python3.12/site-packages/airflow/example_dags/example_external_task_marker_dag.py
[2025-04-04T09:03:29.771+0000] {processor.py:925} INFO - DAG(s) 'example_external_task_marker_parent', 'example_external_task_marker_child' retrieved from /home/airflow/.local/lib/python3.12/site-packages/airflow/example_dags/example_external_task_marker_dag.py
[2025-04-04T09:03:30.573+0000] {logging_mixin.py:190} INFO - [2025-04-04T09:03:30.568+0000] {override.py:1912} INFO - Created Permission View: can delete on DAG:example_external_task_marker_parent
[2025-04-04T09:03:30.646+0000] {logging_mixin.py:190} INFO - [2025-04-04T09:03:30.645+0000] {override.py:1912} INFO - Created Permission View: can edit on DAG:example_external_task_marker_parent
[2025-04-04T09:03:30.694+0000] {logging_mixin.py:190} INFO - [2025-04-04T09:03:30.692+0000] {override.py:1912} INFO - Created Permission View: can read on DAG:example_external_task_marker_parent
[2025-04-04T09:03:30.762+0000] {logging_mixin.py:190} INFO - [2025-04-04T09:03:30.761+0000] {override.py:1912} INFO - Created Permission View: menu access on DAG Run:example_external_task_marker_parent
[2025-04-04T09:03:30.822+0000] {logging_mixin.py:190} INFO - [2025-04-04T09:03:30.820+0000] {override.py:1912} INFO - Created Permission View: can create on DAG Run:example_external_task_marker_parent
[2025-04-04T09:03:30.895+0000] {logging_mixin.py:190} INFO - [2025-04-04T09:03:30.893+0000] {override.py:1912} INFO - Created Permission View: can delete on DAG Run:example_external_task_marker_parent
[2025-04-04T09:03:30.959+0000] {logging_mixin.py:190} INFO - [2025-04-04T09:03:30.958+0000] {override.py:1912} INFO - Created Permission View: can read on DAG Run:example_external_task_marker_parent
[2025-04-04T09:03:31.112+0000] {logging_mixin.py:190} INFO - [2025-04-04T09:03:31.110+0000] {override.py:1912} INFO - Created Permission View: can delete on DAG:example_external_task_marker_child
[2025-04-04T09:03:31.233+0000] {logging_mixin.py:190} INFO - [2025-04-04T09:03:31.232+0000] {override.py:1912} INFO - Created Permission View: can edit on DAG:example_external_task_marker_child
[2025-04-04T09:03:31.293+0000] {logging_mixin.py:190} INFO - [2025-04-04T09:03:31.291+0000] {override.py:1912} INFO - Created Permission View: can read on DAG:example_external_task_marker_child
[2025-04-04T09:03:31.348+0000] {logging_mixin.py:190} INFO - [2025-04-04T09:03:31.347+0000] {override.py:1912} INFO - Created Permission View: menu access on DAG Run:example_external_task_marker_child
[2025-04-04T09:03:31.394+0000] {logging_mixin.py:190} INFO - [2025-04-04T09:03:31.393+0000] {override.py:1912} INFO - Created Permission View: can create on DAG Run:example_external_task_marker_child
[2025-04-04T09:03:31.438+0000] {logging_mixin.py:190} INFO - [2025-04-04T09:03:31.436+0000] {override.py:1912} INFO - Created Permission View: can delete on DAG Run:example_external_task_marker_child
[2025-04-04T09:03:31.481+0000] {logging_mixin.py:190} INFO - [2025-04-04T09:03:31.480+0000] {override.py:1912} INFO - Created Permission View: can read on DAG Run:example_external_task_marker_child
[2025-04-04T09:03:31.486+0000] {logging_mixin.py:190} INFO - [2025-04-04T09:03:31.483+0000] {dag.py:3239} INFO - Sync 2 DAGs
[2025-04-04T09:03:31.600+0000] {logging_mixin.py:190} INFO - [2025-04-04T09:03:31.599+0000] {dag.py:3262} INFO - Creating ORM DAG for example_external_task_marker_child
[2025-04-04T09:03:31.616+0000] {logging_mixin.py:190} INFO - [2025-04-04T09:03:31.615+0000] {dag.py:3262} INFO - Creating ORM DAG for example_external_task_marker_parent
[2025-04-04T09:03:31.624+0000] {logging_mixin.py:190} INFO - [2025-04-04T09:03:31.623+0000] {dag.py:4180} INFO - Setting next_dagrun for example_external_task_marker_child to None, run_after=None
[2025-04-04T09:03:31.630+0000] {logging_mixin.py:190} INFO - [2025-04-04T09:03:31.629+0000] {dag.py:4180} INFO - Setting next_dagrun for example_external_task_marker_parent to None, run_after=None
[2025-04-04T09:03:31.795+0000] {processor.py:208} INFO - Processing /home/airflow/.local/lib/python3.12/site-packages/airflow/example_dags/example_external_task_marker_dag.py took 2.170 seconds
[2025-04-04T09:11:46.894+0000] {processor.py:186} INFO - Started process (PID=105) to work on /home/airflow/.local/lib/python3.12/site-packages/airflow/example_dags/example_external_task_marker_dag.py
[2025-04-04T09:11:46.902+0000] {processor.py:914} INFO - Processing file /home/airflow/.local/lib/python3.12/site-packages/airflow/example_dags/example_external_task_marker_dag.py for tasks to queue
[2025-04-04T09:11:46.921+0000] {logging_mixin.py:190} INFO - [2025-04-04T09:11:46.919+0000] {dagbag.py:588} INFO - Filling up the DagBag from /home/airflow/.local/lib/python3.12/site-packages/airflow/example_dags/example_external_task_marker_dag.py
[2025-04-04T09:11:46.985+0000] {processor.py:925} INFO - DAG(s) 'example_external_task_marker_child', 'example_external_task_marker_parent' retrieved from /home/airflow/.local/lib/python3.12/site-packages/airflow/example_dags/example_external_task_marker_dag.py
[2025-04-04T09:11:47.206+0000] {logging_mixin.py:190} INFO - [2025-04-04T09:11:47.205+0000] {dag.py:3239} INFO - Sync 2 DAGs
[2025-04-04T09:11:47.384+0000] {logging_mixin.py:190} INFO - [2025-04-04T09:11:47.383+0000] {dag.py:4180} INFO - Setting next_dagrun for example_external_task_marker_child to None, run_after=None
[2025-04-04T09:11:47.410+0000] {logging_mixin.py:190} INFO - [2025-04-04T09:11:47.409+0000] {dag.py:4180} INFO - Setting next_dagrun for example_external_task_marker_parent to None, run_after=None
[2025-04-04T09:11:47.517+0000] {processor.py:208} INFO - Processing /home/airflow/.local/lib/python3.12/site-packages/airflow/example_dags/example_external_task_marker_dag.py took 0.672 seconds
[2025-04-04T09:16:33.201+0000] {processor.py:186} INFO - Started process (PID=101) to work on /home/airflow/.local/lib/python3.12/site-packages/airflow/example_dags/example_external_task_marker_dag.py
[2025-04-04T09:16:33.206+0000] {processor.py:914} INFO - Processing file /home/airflow/.local/lib/python3.12/site-packages/airflow/example_dags/example_external_task_marker_dag.py for tasks to queue
[2025-04-04T09:16:33.223+0000] {logging_mixin.py:190} INFO - [2025-04-04T09:16:33.220+0000] {dagbag.py:588} INFO - Filling up the DagBag from /home/airflow/.local/lib/python3.12/site-packages/airflow/example_dags/example_external_task_marker_dag.py
[2025-04-04T09:16:33.292+0000] {processor.py:925} INFO - DAG(s) 'example_external_task_marker_child', 'example_external_task_marker_parent' retrieved from /home/airflow/.local/lib/python3.12/site-packages/airflow/example_dags/example_external_task_marker_dag.py
[2025-04-04T09:16:33.501+0000] {logging_mixin.py:190} INFO - [2025-04-04T09:16:33.499+0000] {dag.py:3239} INFO - Sync 2 DAGs
[2025-04-04T09:16:33.696+0000] {logging_mixin.py:190} INFO - [2025-04-04T09:16:33.693+0000] {dag.py:4180} INFO - Setting next_dagrun for example_external_task_marker_child to None, run_after=None
[2025-04-04T09:16:33.737+0000] {logging_mixin.py:190} INFO - [2025-04-04T09:16:33.735+0000] {dag.py:4180} INFO - Setting next_dagrun for example_external_task_marker_parent to None, run_after=None
[2025-04-04T09:16:33.843+0000] {processor.py:208} INFO - Processing /home/airflow/.local/lib/python3.12/site-packages/airflow/example_dags/example_external_task_marker_dag.py took 0.693 seconds
[2025-04-04T09:17:40.743+0000] {processor.py:186} INFO - Started process (PID=170) to work on /home/airflow/.local/lib/python3.12/site-packages/airflow/example_dags/example_external_task_marker_dag.py
[2025-04-04T09:17:40.751+0000] {processor.py:914} INFO - Processing file /home/airflow/.local/lib/python3.12/site-packages/airflow/example_dags/example_external_task_marker_dag.py for tasks to queue
[2025-04-04T09:17:40.767+0000] {logging_mixin.py:190} INFO - [2025-04-04T09:17:40.764+0000] {dagbag.py:588} INFO - Filling up the DagBag from /home/airflow/.local/lib/python3.12/site-packages/airflow/example_dags/example_external_task_marker_dag.py
[2025-04-04T09:17:40.819+0000] {processor.py:925} INFO - DAG(s) 'example_external_task_marker_child', 'example_external_task_marker_parent' retrieved from /home/airflow/.local/lib/python3.12/site-packages/airflow/example_dags/example_external_task_marker_dag.py
[2025-04-04T09:17:41.005+0000] {logging_mixin.py:190} INFO - [2025-04-04T09:17:41.003+0000] {dag.py:3239} INFO - Sync 2 DAGs
[2025-04-04T09:17:41.229+0000] {logging_mixin.py:190} INFO - [2025-04-04T09:17:41.228+0000] {dag.py:4180} INFO - Setting next_dagrun for example_external_task_marker_child to None, run_after=None
[2025-04-04T09:17:41.331+0000] {logging_mixin.py:190} INFO - [2025-04-04T09:17:41.320+0000] {dag.py:4180} INFO - Setting next_dagrun for example_external_task_marker_parent to None, run_after=None
[2025-04-04T09:17:41.668+0000] {processor.py:208} INFO - Processing /home/airflow/.local/lib/python3.12/site-packages/airflow/example_dags/example_external_task_marker_dag.py took 0.992 seconds
[2025-04-04T09:18:21.545+0000] {processor.py:186} INFO - Started process (PID=233) to work on /home/airflow/.local/lib/python3.12/site-packages/airflow/example_dags/example_external_task_marker_dag.py
[2025-04-04T09:18:21.552+0000] {processor.py:914} INFO - Processing file /home/airflow/.local/lib/python3.12/site-packages/airflow/example_dags/example_external_task_marker_dag.py for tasks to queue
[2025-04-04T09:18:21.579+0000] {logging_mixin.py:190} INFO - [2025-04-04T09:18:21.568+0000] {dagbag.py:588} INFO - Filling up the DagBag from /home/airflow/.local/lib/python3.12/site-packages/airflow/example_dags/example_external_task_marker_dag.py
[2025-04-04T09:18:21.704+0000] {processor.py:925} INFO - DAG(s) 'example_external_task_marker_child', 'example_external_task_marker_parent' retrieved from /home/airflow/.local/lib/python3.12/site-packages/airflow/example_dags/example_external_task_marker_dag.py
[2025-04-04T09:18:21.894+0000] {logging_mixin.py:190} INFO - [2025-04-04T09:18:21.893+0000] {dag.py:3239} INFO - Sync 2 DAGs
[2025-04-04T09:18:21.986+0000] {logging_mixin.py:190} INFO - [2025-04-04T09:18:21.985+0000] {dag.py:4180} INFO - Setting next_dagrun for example_external_task_marker_child to None, run_after=None
[2025-04-04T09:18:22.009+0000] {logging_mixin.py:190} INFO - [2025-04-04T09:18:22.007+0000] {dag.py:4180} INFO - Setting next_dagrun for example_external_task_marker_parent to None, run_after=None
[2025-04-04T09:18:22.086+0000] {processor.py:208} INFO - Processing /home/airflow/.local/lib/python3.12/site-packages/airflow/example_dags/example_external_task_marker_dag.py took 0.578 seconds
[2025-04-04T09:19:23.782+0000] {processor.py:186} INFO - Started process (PID=294) to work on /home/airflow/.local/lib/python3.12/site-packages/airflow/example_dags/example_external_task_marker_dag.py
[2025-04-04T09:19:23.839+0000] {processor.py:914} INFO - Processing file /home/airflow/.local/lib/python3.12/site-packages/airflow/example_dags/example_external_task_marker_dag.py for tasks to queue
[2025-04-04T09:19:23.921+0000] {logging_mixin.py:190} INFO - [2025-04-04T09:19:23.919+0000] {dagbag.py:588} INFO - Filling up the DagBag from /home/airflow/.local/lib/python3.12/site-packages/airflow/example_dags/example_external_task_marker_dag.py
[2025-04-04T09:19:24.052+0000] {processor.py:925} INFO - DAG(s) 'example_external_task_marker_parent', 'example_external_task_marker_child' retrieved from /home/airflow/.local/lib/python3.12/site-packages/airflow/example_dags/example_external_task_marker_dag.py
[2025-04-04T09:19:24.471+0000] {logging_mixin.py:190} INFO - [2025-04-04T09:19:24.469+0000] {dag.py:3239} INFO - Sync 2 DAGs
[2025-04-04T09:19:24.851+0000] {logging_mixin.py:190} INFO - [2025-04-04T09:19:24.849+0000] {dag.py:4180} INFO - Setting next_dagrun for example_external_task_marker_child to None, run_after=None
[2025-04-04T09:19:24.931+0000] {logging_mixin.py:190} INFO - [2025-04-04T09:19:24.929+0000] {dag.py:4180} INFO - Setting next_dagrun for example_external_task_marker_parent to None, run_after=None
[2025-04-04T09:19:25.220+0000] {processor.py:208} INFO - Processing /home/airflow/.local/lib/python3.12/site-packages/airflow/example_dags/example_external_task_marker_dag.py took 1.537 seconds
[2025-04-04T09:20:19.890+0000] {processor.py:186} INFO - Started process (PID=348) to work on /home/airflow/.local/lib/python3.12/site-packages/airflow/example_dags/example_external_task_marker_dag.py
[2025-04-04T09:20:19.900+0000] {processor.py:914} INFO - Processing file /home/airflow/.local/lib/python3.12/site-packages/airflow/example_dags/example_external_task_marker_dag.py for tasks to queue
[2025-04-04T09:20:19.939+0000] {logging_mixin.py:190} INFO - [2025-04-04T09:20:19.927+0000] {dagbag.py:588} INFO - Filling up the DagBag from /home/airflow/.local/lib/python3.12/site-packages/airflow/example_dags/example_external_task_marker_dag.py
[2025-04-04T09:20:20.099+0000] {processor.py:925} INFO - DAG(s) 'example_external_task_marker_parent', 'example_external_task_marker_child' retrieved from /home/airflow/.local/lib/python3.12/site-packages/airflow/example_dags/example_external_task_marker_dag.py
[2025-04-04T09:20:20.357+0000] {logging_mixin.py:190} INFO - [2025-04-04T09:20:20.356+0000] {dag.py:3239} INFO - Sync 2 DAGs
[2025-04-04T09:20:20.506+0000] {logging_mixin.py:190} INFO - [2025-04-04T09:20:20.505+0000] {dag.py:4180} INFO - Setting next_dagrun for example_external_task_marker_child to None, run_after=None
[2025-04-04T09:20:20.560+0000] {logging_mixin.py:190} INFO - [2025-04-04T09:20:20.559+0000] {dag.py:4180} INFO - Setting next_dagrun for example_external_task_marker_parent to None, run_after=None
[2025-04-04T09:20:20.733+0000] {processor.py:208} INFO - Processing /home/airflow/.local/lib/python3.12/site-packages/airflow/example_dags/example_external_task_marker_dag.py took 0.945 seconds
[2025-04-04T09:20:58.958+0000] {processor.py:186} INFO - Started process (PID=385) to work on /home/airflow/.local/lib/python3.12/site-packages/airflow/example_dags/example_external_task_marker_dag.py
[2025-04-04T09:20:58.967+0000] {processor.py:914} INFO - Processing file /home/airflow/.local/lib/python3.12/site-packages/airflow/example_dags/example_external_task_marker_dag.py for tasks to queue
[2025-04-04T09:20:59.003+0000] {logging_mixin.py:190} INFO - [2025-04-04T09:20:59.000+0000] {dagbag.py:588} INFO - Filling up the DagBag from /home/airflow/.local/lib/python3.12/site-packages/airflow/example_dags/example_external_task_marker_dag.py
[2025-04-04T09:20:59.120+0000] {processor.py:925} INFO - DAG(s) 'example_external_task_marker_child', 'example_external_task_marker_parent' retrieved from /home/airflow/.local/lib/python3.12/site-packages/airflow/example_dags/example_external_task_marker_dag.py
[2025-04-04T09:20:59.289+0000] {logging_mixin.py:190} INFO - [2025-04-04T09:20:59.287+0000] {dag.py:3239} INFO - Sync 2 DAGs
[2025-04-04T09:20:59.436+0000] {logging_mixin.py:190} INFO - [2025-04-04T09:20:59.435+0000] {dag.py:4180} INFO - Setting next_dagrun for example_external_task_marker_child to None, run_after=None
[2025-04-04T09:20:59.462+0000] {logging_mixin.py:190} INFO - [2025-04-04T09:20:59.461+0000] {dag.py:4180} INFO - Setting next_dagrun for example_external_task_marker_parent to None, run_after=None
[2025-04-04T09:20:59.572+0000] {processor.py:208} INFO - Processing /home/airflow/.local/lib/python3.12/site-packages/airflow/example_dags/example_external_task_marker_dag.py took 0.734 seconds
[2025-04-04T09:21:32.209+0000] {processor.py:186} INFO - Started process (PID=444) to work on /home/airflow/.local/lib/python3.12/site-packages/airflow/example_dags/example_external_task_marker_dag.py
[2025-04-04T09:21:32.214+0000] {processor.py:914} INFO - Processing file /home/airflow/.local/lib/python3.12/site-packages/airflow/example_dags/example_external_task_marker_dag.py for tasks to queue
[2025-04-04T09:21:32.228+0000] {logging_mixin.py:190} INFO - [2025-04-04T09:21:32.226+0000] {dagbag.py:588} INFO - Filling up the DagBag from /home/airflow/.local/lib/python3.12/site-packages/airflow/example_dags/example_external_task_marker_dag.py
[2025-04-04T09:21:32.297+0000] {processor.py:925} INFO - DAG(s) 'example_external_task_marker_parent', 'example_external_task_marker_child' retrieved from /home/airflow/.local/lib/python3.12/site-packages/airflow/example_dags/example_external_task_marker_dag.py
[2025-04-04T09:21:32.662+0000] {logging_mixin.py:190} INFO - [2025-04-04T09:21:32.660+0000] {dag.py:3239} INFO - Sync 2 DAGs
[2025-04-04T09:21:32.795+0000] {logging_mixin.py:190} INFO - [2025-04-04T09:21:32.794+0000] {dag.py:4180} INFO - Setting next_dagrun for example_external_task_marker_child to None, run_after=None
[2025-04-04T09:21:32.828+0000] {logging_mixin.py:190} INFO - [2025-04-04T09:21:32.827+0000] {dag.py:4180} INFO - Setting next_dagrun for example_external_task_marker_parent to None, run_after=None
[2025-04-04T09:21:32.950+0000] {processor.py:208} INFO - Processing /home/airflow/.local/lib/python3.12/site-packages/airflow/example_dags/example_external_task_marker_dag.py took 0.783 seconds
[2025-04-04T09:22:07.341+0000] {processor.py:186} INFO - Started process (PID=495) to work on /home/airflow/.local/lib/python3.12/site-packages/airflow/example_dags/example_external_task_marker_dag.py
[2025-04-04T09:22:07.372+0000] {processor.py:914} INFO - Processing file /home/airflow/.local/lib/python3.12/site-packages/airflow/example_dags/example_external_task_marker_dag.py for tasks to queue
[2025-04-04T09:22:07.410+0000] {logging_mixin.py:190} INFO - [2025-04-04T09:22:07.408+0000] {dagbag.py:588} INFO - Filling up the DagBag from /home/airflow/.local/lib/python3.12/site-packages/airflow/example_dags/example_external_task_marker_dag.py
[2025-04-04T09:22:07.582+0000] {processor.py:925} INFO - DAG(s) 'example_external_task_marker_child', 'example_external_task_marker_parent' retrieved from /home/airflow/.local/lib/python3.12/site-packages/airflow/example_dags/example_external_task_marker_dag.py
[2025-04-04T09:22:07.908+0000] {logging_mixin.py:190} INFO - [2025-04-04T09:22:07.904+0000] {dag.py:3239} INFO - Sync 2 DAGs
[2025-04-04T09:22:08.134+0000] {logging_mixin.py:190} INFO - [2025-04-04T09:22:08.133+0000] {dag.py:4180} INFO - Setting next_dagrun for example_external_task_marker_child to None, run_after=None
[2025-04-04T09:22:08.183+0000] {logging_mixin.py:190} INFO - [2025-04-04T09:22:08.180+0000] {dag.py:4180} INFO - Setting next_dagrun for example_external_task_marker_parent to None, run_after=None
[2025-04-04T09:22:08.383+0000] {processor.py:208} INFO - Processing /home/airflow/.local/lib/python3.12/site-packages/airflow/example_dags/example_external_task_marker_dag.py took 1.164 seconds
[2025-04-04T09:22:52.297+0000] {processor.py:186} INFO - Started process (PID=546) to work on /home/airflow/.local/lib/python3.12/site-packages/airflow/example_dags/example_external_task_marker_dag.py
[2025-04-04T09:22:52.312+0000] {processor.py:914} INFO - Processing file /home/airflow/.local/lib/python3.12/site-packages/airflow/example_dags/example_external_task_marker_dag.py for tasks to queue
[2025-04-04T09:22:52.336+0000] {logging_mixin.py:190} INFO - [2025-04-04T09:22:52.334+0000] {dagbag.py:588} INFO - Filling up the DagBag from /home/airflow/.local/lib/python3.12/site-packages/airflow/example_dags/example_external_task_marker_dag.py
[2025-04-04T09:22:52.490+0000] {processor.py:925} INFO - DAG(s) 'example_external_task_marker_child', 'example_external_task_marker_parent' retrieved from /home/airflow/.local/lib/python3.12/site-packages/airflow/example_dags/example_external_task_marker_dag.py
[2025-04-04T09:22:52.971+0000] {logging_mixin.py:190} INFO - [2025-04-04T09:22:52.970+0000] {dag.py:3239} INFO - Sync 2 DAGs
[2025-04-04T09:22:53.395+0000] {logging_mixin.py:190} INFO - [2025-04-04T09:22:53.386+0000] {dag.py:4180} INFO - Setting next_dagrun for example_external_task_marker_child to None, run_after=None
[2025-04-04T09:22:53.442+0000] {logging_mixin.py:190} INFO - [2025-04-04T09:22:53.441+0000] {dag.py:4180} INFO - Setting next_dagrun for example_external_task_marker_parent to None, run_after=None
[2025-04-04T09:22:53.697+0000] {processor.py:208} INFO - Processing /home/airflow/.local/lib/python3.12/site-packages/airflow/example_dags/example_external_task_marker_dag.py took 1.481 seconds
[2025-04-04T09:23:45.578+0000] {processor.py:186} INFO - Started process (PID=615) to work on /home/airflow/.local/lib/python3.12/site-packages/airflow/example_dags/example_external_task_marker_dag.py
[2025-04-04T09:23:45.591+0000] {processor.py:914} INFO - Processing file /home/airflow/.local/lib/python3.12/site-packages/airflow/example_dags/example_external_task_marker_dag.py for tasks to queue
[2025-04-04T09:23:45.609+0000] {logging_mixin.py:190} INFO - [2025-04-04T09:23:45.605+0000] {dagbag.py:588} INFO - Filling up the DagBag from /home/airflow/.local/lib/python3.12/site-packages/airflow/example_dags/example_external_task_marker_dag.py
[2025-04-04T09:23:45.659+0000] {processor.py:925} INFO - DAG(s) 'example_external_task_marker_parent', 'example_external_task_marker_child' retrieved from /home/airflow/.local/lib/python3.12/site-packages/airflow/example_dags/example_external_task_marker_dag.py
[2025-04-04T09:23:45.826+0000] {logging_mixin.py:190} INFO - [2025-04-04T09:23:45.825+0000] {dag.py:3239} INFO - Sync 2 DAGs
[2025-04-04T09:23:45.909+0000] {logging_mixin.py:190} INFO - [2025-04-04T09:23:45.908+0000] {dag.py:4180} INFO - Setting next_dagrun for example_external_task_marker_child to None, run_after=None
[2025-04-04T09:23:45.936+0000] {logging_mixin.py:190} INFO - [2025-04-04T09:23:45.935+0000] {dag.py:4180} INFO - Setting next_dagrun for example_external_task_marker_parent to None, run_after=None
[2025-04-04T09:23:46.030+0000] {processor.py:208} INFO - Processing /home/airflow/.local/lib/python3.12/site-packages/airflow/example_dags/example_external_task_marker_dag.py took 0.488 seconds
[2025-04-04T09:24:16.984+0000] {processor.py:186} INFO - Started process (PID=677) to work on /home/airflow/.local/lib/python3.12/site-packages/airflow/example_dags/example_external_task_marker_dag.py
[2025-04-04T09:24:16.991+0000] {processor.py:914} INFO - Processing file /home/airflow/.local/lib/python3.12/site-packages/airflow/example_dags/example_external_task_marker_dag.py for tasks to queue
[2025-04-04T09:24:17.003+0000] {logging_mixin.py:190} INFO - [2025-04-04T09:24:17.001+0000] {dagbag.py:588} INFO - Filling up the DagBag from /home/airflow/.local/lib/python3.12/site-packages/airflow/example_dags/example_external_task_marker_dag.py
[2025-04-04T09:24:17.068+0000] {processor.py:925} INFO - DAG(s) 'example_external_task_marker_child', 'example_external_task_marker_parent' retrieved from /home/airflow/.local/lib/python3.12/site-packages/airflow/example_dags/example_external_task_marker_dag.py
[2025-04-04T09:24:17.186+0000] {logging_mixin.py:190} INFO - [2025-04-04T09:24:17.185+0000] {dag.py:3239} INFO - Sync 2 DAGs
[2025-04-04T09:24:17.245+0000] {logging_mixin.py:190} INFO - [2025-04-04T09:24:17.244+0000] {dag.py:4180} INFO - Setting next_dagrun for example_external_task_marker_child to None, run_after=None
[2025-04-04T09:24:17.261+0000] {logging_mixin.py:190} INFO - [2025-04-04T09:24:17.260+0000] {dag.py:4180} INFO - Setting next_dagrun for example_external_task_marker_parent to None, run_after=None
[2025-04-04T09:24:17.318+0000] {processor.py:208} INFO - Processing /home/airflow/.local/lib/python3.12/site-packages/airflow/example_dags/example_external_task_marker_dag.py took 0.366 seconds
[2025-04-04T09:24:52.537+0000] {processor.py:186} INFO - Started process (PID=734) to work on /home/airflow/.local/lib/python3.12/site-packages/airflow/example_dags/example_external_task_marker_dag.py
[2025-04-04T09:24:52.553+0000] {processor.py:914} INFO - Processing file /home/airflow/.local/lib/python3.12/site-packages/airflow/example_dags/example_external_task_marker_dag.py for tasks to queue
[2025-04-04T09:24:52.574+0000] {logging_mixin.py:190} INFO - [2025-04-04T09:24:52.572+0000] {dagbag.py:588} INFO - Filling up the DagBag from /home/airflow/.local/lib/python3.12/site-packages/airflow/example_dags/example_external_task_marker_dag.py
[2025-04-04T09:24:52.663+0000] {processor.py:925} INFO - DAG(s) 'example_external_task_marker_parent', 'example_external_task_marker_child' retrieved from /home/airflow/.local/lib/python3.12/site-packages/airflow/example_dags/example_external_task_marker_dag.py
[2025-04-04T09:24:52.960+0000] {logging_mixin.py:190} INFO - [2025-04-04T09:24:52.958+0000] {dag.py:3239} INFO - Sync 2 DAGs
[2025-04-04T09:24:53.156+0000] {logging_mixin.py:190} INFO - [2025-04-04T09:24:53.155+0000] {dag.py:4180} INFO - Setting next_dagrun for example_external_task_marker_child to None, run_after=None
[2025-04-04T09:24:53.198+0000] {logging_mixin.py:190} INFO - [2025-04-04T09:24:53.197+0000] {dag.py:4180} INFO - Setting next_dagrun for example_external_task_marker_parent to None, run_after=None
[2025-04-04T09:24:53.332+0000] {processor.py:208} INFO - Processing /home/airflow/.local/lib/python3.12/site-packages/airflow/example_dags/example_external_task_marker_dag.py took 0.871 seconds
[2025-04-04T09:25:26.107+0000] {processor.py:186} INFO - Started process (PID=797) to work on /home/airflow/.local/lib/python3.12/site-packages/airflow/example_dags/example_external_task_marker_dag.py
[2025-04-04T09:25:26.113+0000] {processor.py:914} INFO - Processing file /home/airflow/.local/lib/python3.12/site-packages/airflow/example_dags/example_external_task_marker_dag.py for tasks to queue
[2025-04-04T09:25:26.125+0000] {logging_mixin.py:190} INFO - [2025-04-04T09:25:26.123+0000] {dagbag.py:588} INFO - Filling up the DagBag from /home/airflow/.local/lib/python3.12/site-packages/airflow/example_dags/example_external_task_marker_dag.py
[2025-04-04T09:25:26.186+0000] {processor.py:925} INFO - DAG(s) 'example_external_task_marker_child', 'example_external_task_marker_parent' retrieved from /home/airflow/.local/lib/python3.12/site-packages/airflow/example_dags/example_external_task_marker_dag.py
[2025-04-04T09:25:26.383+0000] {logging_mixin.py:190} INFO - [2025-04-04T09:25:26.382+0000] {dag.py:3239} INFO - Sync 2 DAGs
[2025-04-04T09:25:26.495+0000] {logging_mixin.py:190} INFO - [2025-04-04T09:25:26.494+0000] {dag.py:4180} INFO - Setting next_dagrun for example_external_task_marker_child to None, run_after=None
[2025-04-04T09:25:26.520+0000] {logging_mixin.py:190} INFO - [2025-04-04T09:25:26.519+0000] {dag.py:4180} INFO - Setting next_dagrun for example_external_task_marker_parent to None, run_after=None
[2025-04-04T09:25:26.613+0000] {processor.py:208} INFO - Processing /home/airflow/.local/lib/python3.12/site-packages/airflow/example_dags/example_external_task_marker_dag.py took 0.549 seconds
[2025-04-04T09:26:07.555+0000] {processor.py:186} INFO - Started process (PID=854) to work on /home/airflow/.local/lib/python3.12/site-packages/airflow/example_dags/example_external_task_marker_dag.py
[2025-04-04T09:26:07.561+0000] {processor.py:914} INFO - Processing file /home/airflow/.local/lib/python3.12/site-packages/airflow/example_dags/example_external_task_marker_dag.py for tasks to queue
[2025-04-04T09:26:07.573+0000] {logging_mixin.py:190} INFO - [2025-04-04T09:26:07.571+0000] {dagbag.py:588} INFO - Filling up the DagBag from /home/airflow/.local/lib/python3.12/site-packages/airflow/example_dags/example_external_task_marker_dag.py
[2025-04-04T09:26:07.643+0000] {processor.py:925} INFO - DAG(s) 'example_external_task_marker_parent', 'example_external_task_marker_child' retrieved from /home/airflow/.local/lib/python3.12/site-packages/airflow/example_dags/example_external_task_marker_dag.py
[2025-04-04T09:26:07.837+0000] {logging_mixin.py:190} INFO - [2025-04-04T09:26:07.836+0000] {dag.py:3239} INFO - Sync 2 DAGs
[2025-04-04T09:26:07.990+0000] {logging_mixin.py:190} INFO - [2025-04-04T09:26:07.989+0000] {dag.py:4180} INFO - Setting next_dagrun for example_external_task_marker_child to None, run_after=None
[2025-04-04T09:26:08.014+0000] {logging_mixin.py:190} INFO - [2025-04-04T09:26:08.013+0000] {dag.py:4180} INFO - Setting next_dagrun for example_external_task_marker_parent to None, run_after=None
[2025-04-04T09:26:08.123+0000] {processor.py:208} INFO - Processing /home/airflow/.local/lib/python3.12/site-packages/airflow/example_dags/example_external_task_marker_dag.py took 0.609 seconds
[2025-04-04T09:26:41.909+0000] {processor.py:186} INFO - Started process (PID=911) to work on /home/airflow/.local/lib/python3.12/site-packages/airflow/example_dags/example_external_task_marker_dag.py
[2025-04-04T09:26:41.914+0000] {processor.py:914} INFO - Processing file /home/airflow/.local/lib/python3.12/site-packages/airflow/example_dags/example_external_task_marker_dag.py for tasks to queue
[2025-04-04T09:26:41.927+0000] {logging_mixin.py:190} INFO - [2025-04-04T09:26:41.925+0000] {dagbag.py:588} INFO - Filling up the DagBag from /home/airflow/.local/lib/python3.12/site-packages/airflow/example_dags/example_external_task_marker_dag.py
[2025-04-04T09:26:41.967+0000] {processor.py:925} INFO - DAG(s) 'example_external_task_marker_child', 'example_external_task_marker_parent' retrieved from /home/airflow/.local/lib/python3.12/site-packages/airflow/example_dags/example_external_task_marker_dag.py
[2025-04-04T09:26:42.203+0000] {logging_mixin.py:190} INFO - [2025-04-04T09:26:42.202+0000] {dag.py:3239} INFO - Sync 2 DAGs
[2025-04-04T09:26:42.344+0000] {logging_mixin.py:190} INFO - [2025-04-04T09:26:42.341+0000] {dag.py:4180} INFO - Setting next_dagrun for example_external_task_marker_child to None, run_after=None
[2025-04-04T09:26:42.370+0000] {logging_mixin.py:190} INFO - [2025-04-04T09:26:42.370+0000] {dag.py:4180} INFO - Setting next_dagrun for example_external_task_marker_parent to None, run_after=None
[2025-04-04T09:26:42.459+0000] {processor.py:208} INFO - Processing /home/airflow/.local/lib/python3.12/site-packages/airflow/example_dags/example_external_task_marker_dag.py took 0.582 seconds
[2025-04-04T09:32:52.177+0000] {processor.py:186} INFO - Started process (PID=109) to work on /home/airflow/.local/lib/python3.12/site-packages/airflow/example_dags/example_external_task_marker_dag.py
[2025-04-04T09:32:52.187+0000] {processor.py:914} INFO - Processing file /home/airflow/.local/lib/python3.12/site-packages/airflow/example_dags/example_external_task_marker_dag.py for tasks to queue
[2025-04-04T09:32:52.223+0000] {logging_mixin.py:190} INFO - [2025-04-04T09:32:52.217+0000] {dagbag.py:588} INFO - Filling up the DagBag from /home/airflow/.local/lib/python3.12/site-packages/airflow/example_dags/example_external_task_marker_dag.py
[2025-04-04T09:32:52.354+0000] {processor.py:925} INFO - DAG(s) 'example_external_task_marker_child', 'example_external_task_marker_parent' retrieved from /home/airflow/.local/lib/python3.12/site-packages/airflow/example_dags/example_external_task_marker_dag.py
[2025-04-04T09:32:52.690+0000] {logging_mixin.py:190} INFO - [2025-04-04T09:32:52.684+0000] {dag.py:3239} INFO - Sync 2 DAGs
[2025-04-04T09:32:52.867+0000] {logging_mixin.py:190} INFO - [2025-04-04T09:32:52.863+0000] {dag.py:4180} INFO - Setting next_dagrun for example_external_task_marker_child to None, run_after=None
[2025-04-04T09:32:52.905+0000] {logging_mixin.py:190} INFO - [2025-04-04T09:32:52.904+0000] {dag.py:4180} INFO - Setting next_dagrun for example_external_task_marker_parent to None, run_after=None
[2025-04-04T09:32:53.047+0000] {processor.py:208} INFO - Processing /home/airflow/.local/lib/python3.12/site-packages/airflow/example_dags/example_external_task_marker_dag.py took 0.933 seconds
