[2025-04-04T09:03:18.731+0000] {processor.py:186} INFO - Started process (PID=104) to work on /home/airflow/.local/lib/python3.12/site-packages/airflow/example_dags/example_short_circuit_operator.py
[2025-04-04T09:03:18.749+0000] {processor.py:914} INFO - Processing file /home/airflow/.local/lib/python3.12/site-packages/airflow/example_dags/example_short_circuit_operator.py for tasks to queue
[2025-04-04T09:03:18.786+0000] {logging_mixin.py:190} INFO - [2025-04-04T09:03:18.777+0000] {dagbag.py:588} INFO - Filling up the DagBag from /home/airflow/.local/lib/python3.12/site-packages/airflow/example_dags/example_short_circuit_operator.py
[2025-04-04T09:03:19.110+0000] {processor.py:925} INFO - DAG(s) 'example_short_circuit_operator' retrieved from /home/airflow/.local/lib/python3.12/site-packages/airflow/example_dags/example_short_circuit_operator.py
[2025-04-04T09:03:23.099+0000] {logging_mixin.py:190} INFO - [2025-04-04T09:03:23.089+0000] {override.py:1912} INFO - Created Permission View: can delete on DAG:example_short_circuit_operator
[2025-04-04T09:03:23.329+0000] {logging_mixin.py:190} INFO - [2025-04-04T09:03:23.313+0000] {override.py:1912} INFO - Created Permission View: can edit on DAG:example_short_circuit_operator
[2025-04-04T09:03:23.497+0000] {logging_mixin.py:190} INFO - [2025-04-04T09:03:23.496+0000] {override.py:1912} INFO - Created Permission View: can read on DAG:example_short_circuit_operator
[2025-04-04T09:03:23.613+0000] {logging_mixin.py:190} INFO - [2025-04-04T09:03:23.611+0000] {override.py:1912} INFO - Created Permission View: menu access on DAG Run:example_short_circuit_operator
[2025-04-04T09:03:23.779+0000] {logging_mixin.py:190} INFO - [2025-04-04T09:03:23.778+0000] {override.py:1912} INFO - Created Permission View: can create on DAG Run:example_short_circuit_operator
[2025-04-04T09:03:23.924+0000] {logging_mixin.py:190} INFO - [2025-04-04T09:03:23.923+0000] {override.py:1912} INFO - Created Permission View: can delete on DAG Run:example_short_circuit_operator
[2025-04-04T09:03:23.995+0000] {logging_mixin.py:190} INFO - [2025-04-04T09:03:23.993+0000] {override.py:1912} INFO - Created Permission View: can read on DAG Run:example_short_circuit_operator
[2025-04-04T09:03:24.006+0000] {logging_mixin.py:190} INFO - [2025-04-04T09:03:24.004+0000] {dag.py:3239} INFO - Sync 1 DAGs
[2025-04-04T09:03:24.158+0000] {logging_mixin.py:190} INFO - [2025-04-04T09:03:24.154+0000] {dag.py:3262} INFO - Creating ORM DAG for example_short_circuit_operator
[2025-04-04T09:03:24.168+0000] {logging_mixin.py:190} INFO - [2025-04-04T09:03:24.166+0000] {dag.py:4180} INFO - Setting next_dagrun for example_short_circuit_operator to None, run_after=None
[2025-04-04T09:03:24.362+0000] {processor.py:208} INFO - Processing /home/airflow/.local/lib/python3.12/site-packages/airflow/example_dags/example_short_circuit_operator.py took 5.729 seconds
[2025-04-04T09:11:41.121+0000] {processor.py:186} INFO - Started process (PID=95) to work on /home/airflow/.local/lib/python3.12/site-packages/airflow/example_dags/example_short_circuit_operator.py
[2025-04-04T09:11:41.127+0000] {processor.py:914} INFO - Processing file /home/airflow/.local/lib/python3.12/site-packages/airflow/example_dags/example_short_circuit_operator.py for tasks to queue
[2025-04-04T09:11:41.146+0000] {logging_mixin.py:190} INFO - [2025-04-04T09:11:41.141+0000] {dagbag.py:588} INFO - Filling up the DagBag from /home/airflow/.local/lib/python3.12/site-packages/airflow/example_dags/example_short_circuit_operator.py
[2025-04-04T09:11:41.312+0000] {processor.py:925} INFO - DAG(s) 'example_short_circuit_operator' retrieved from /home/airflow/.local/lib/python3.12/site-packages/airflow/example_dags/example_short_circuit_operator.py
[2025-04-04T09:11:41.808+0000] {logging_mixin.py:190} INFO - [2025-04-04T09:11:41.807+0000] {dag.py:3239} INFO - Sync 1 DAGs
[2025-04-04T09:11:41.969+0000] {logging_mixin.py:190} INFO - [2025-04-04T09:11:41.968+0000] {dag.py:4180} INFO - Setting next_dagrun for example_short_circuit_operator to None, run_after=None
[2025-04-04T09:11:42.114+0000] {processor.py:208} INFO - Processing /home/airflow/.local/lib/python3.12/site-packages/airflow/example_dags/example_short_circuit_operator.py took 1.047 seconds
[2025-04-04T09:16:28.178+0000] {processor.py:186} INFO - Started process (PID=90) to work on /home/airflow/.local/lib/python3.12/site-packages/airflow/example_dags/example_short_circuit_operator.py
[2025-04-04T09:16:28.184+0000] {processor.py:914} INFO - Processing file /home/airflow/.local/lib/python3.12/site-packages/airflow/example_dags/example_short_circuit_operator.py for tasks to queue
[2025-04-04T09:16:28.201+0000] {logging_mixin.py:190} INFO - [2025-04-04T09:16:28.199+0000] {dagbag.py:588} INFO - Filling up the DagBag from /home/airflow/.local/lib/python3.12/site-packages/airflow/example_dags/example_short_circuit_operator.py
[2025-04-04T09:16:28.322+0000] {processor.py:925} INFO - DAG(s) 'example_short_circuit_operator' retrieved from /home/airflow/.local/lib/python3.12/site-packages/airflow/example_dags/example_short_circuit_operator.py
[2025-04-04T09:16:28.632+0000] {logging_mixin.py:190} INFO - [2025-04-04T09:16:28.630+0000] {dag.py:3239} INFO - Sync 1 DAGs
[2025-04-04T09:16:28.724+0000] {logging_mixin.py:190} INFO - [2025-04-04T09:16:28.723+0000] {dag.py:4180} INFO - Setting next_dagrun for example_short_circuit_operator to None, run_after=None
[2025-04-04T09:16:28.891+0000] {processor.py:208} INFO - Processing /home/airflow/.local/lib/python3.12/site-packages/airflow/example_dags/example_short_circuit_operator.py took 0.756 seconds
[2025-04-04T09:17:36.808+0000] {processor.py:186} INFO - Started process (PID=166) to work on /home/airflow/.local/lib/python3.12/site-packages/airflow/example_dags/example_short_circuit_operator.py
[2025-04-04T09:17:36.845+0000] {processor.py:914} INFO - Processing file /home/airflow/.local/lib/python3.12/site-packages/airflow/example_dags/example_short_circuit_operator.py for tasks to queue
[2025-04-04T09:17:36.884+0000] {logging_mixin.py:190} INFO - [2025-04-04T09:17:36.882+0000] {dagbag.py:588} INFO - Filling up the DagBag from /home/airflow/.local/lib/python3.12/site-packages/airflow/example_dags/example_short_circuit_operator.py
[2025-04-04T09:17:37.103+0000] {processor.py:925} INFO - DAG(s) 'example_short_circuit_operator' retrieved from /home/airflow/.local/lib/python3.12/site-packages/airflow/example_dags/example_short_circuit_operator.py
[2025-04-04T09:17:37.436+0000] {logging_mixin.py:190} INFO - [2025-04-04T09:17:37.435+0000] {dag.py:3239} INFO - Sync 1 DAGs
[2025-04-04T09:17:37.619+0000] {logging_mixin.py:190} INFO - [2025-04-04T09:17:37.618+0000] {dag.py:4180} INFO - Setting next_dagrun for example_short_circuit_operator to None, run_after=None
[2025-04-04T09:17:38.026+0000] {processor.py:208} INFO - Processing /home/airflow/.local/lib/python3.12/site-packages/airflow/example_dags/example_short_circuit_operator.py took 1.291 seconds
[2025-04-04T09:18:11.089+0000] {processor.py:186} INFO - Started process (PID=214) to work on /home/airflow/.local/lib/python3.12/site-packages/airflow/example_dags/example_short_circuit_operator.py
[2025-04-04T09:18:11.093+0000] {processor.py:914} INFO - Processing file /home/airflow/.local/lib/python3.12/site-packages/airflow/example_dags/example_short_circuit_operator.py for tasks to queue
[2025-04-04T09:18:11.108+0000] {logging_mixin.py:190} INFO - [2025-04-04T09:18:11.106+0000] {dagbag.py:588} INFO - Filling up the DagBag from /home/airflow/.local/lib/python3.12/site-packages/airflow/example_dags/example_short_circuit_operator.py
[2025-04-04T09:18:11.175+0000] {processor.py:925} INFO - DAG(s) 'example_short_circuit_operator' retrieved from /home/airflow/.local/lib/python3.12/site-packages/airflow/example_dags/example_short_circuit_operator.py
[2025-04-04T09:18:11.297+0000] {logging_mixin.py:190} INFO - [2025-04-04T09:18:11.295+0000] {dag.py:3239} INFO - Sync 1 DAGs
[2025-04-04T09:18:11.383+0000] {logging_mixin.py:190} INFO - [2025-04-04T09:18:11.381+0000] {dag.py:4180} INFO - Setting next_dagrun for example_short_circuit_operator to None, run_after=None
[2025-04-04T09:18:11.479+0000] {processor.py:208} INFO - Processing /home/airflow/.local/lib/python3.12/site-packages/airflow/example_dags/example_short_circuit_operator.py took 0.460 seconds
[2025-04-04T09:18:50.751+0000] {processor.py:186} INFO - Started process (PID=269) to work on /home/airflow/.local/lib/python3.12/site-packages/airflow/example_dags/example_short_circuit_operator.py
[2025-04-04T09:18:50.784+0000] {processor.py:914} INFO - Processing file /home/airflow/.local/lib/python3.12/site-packages/airflow/example_dags/example_short_circuit_operator.py for tasks to queue
[2025-04-04T09:18:50.837+0000] {logging_mixin.py:190} INFO - [2025-04-04T09:18:50.824+0000] {dagbag.py:588} INFO - Filling up the DagBag from /home/airflow/.local/lib/python3.12/site-packages/airflow/example_dags/example_short_circuit_operator.py
[2025-04-04T09:18:51.073+0000] {processor.py:925} INFO - DAG(s) 'example_short_circuit_operator' retrieved from /home/airflow/.local/lib/python3.12/site-packages/airflow/example_dags/example_short_circuit_operator.py
[2025-04-04T09:18:51.556+0000] {logging_mixin.py:190} INFO - [2025-04-04T09:18:51.555+0000] {dag.py:3239} INFO - Sync 1 DAGs
[2025-04-04T09:18:51.876+0000] {logging_mixin.py:190} INFO - [2025-04-04T09:18:51.874+0000] {dag.py:4180} INFO - Setting next_dagrun for example_short_circuit_operator to None, run_after=None
[2025-04-04T09:18:52.332+0000] {processor.py:208} INFO - Processing /home/airflow/.local/lib/python3.12/site-packages/airflow/example_dags/example_short_circuit_operator.py took 1.714 seconds
[2025-04-04T09:20:16.319+0000] {processor.py:186} INFO - Started process (PID=344) to work on /home/airflow/.local/lib/python3.12/site-packages/airflow/example_dags/example_short_circuit_operator.py
[2025-04-04T09:20:16.339+0000] {processor.py:914} INFO - Processing file /home/airflow/.local/lib/python3.12/site-packages/airflow/example_dags/example_short_circuit_operator.py for tasks to queue
[2025-04-04T09:20:16.375+0000] {logging_mixin.py:190} INFO - [2025-04-04T09:20:16.373+0000] {dagbag.py:588} INFO - Filling up the DagBag from /home/airflow/.local/lib/python3.12/site-packages/airflow/example_dags/example_short_circuit_operator.py
[2025-04-04T09:20:16.566+0000] {processor.py:925} INFO - DAG(s) 'example_short_circuit_operator' retrieved from /home/airflow/.local/lib/python3.12/site-packages/airflow/example_dags/example_short_circuit_operator.py
[2025-04-04T09:20:16.922+0000] {logging_mixin.py:190} INFO - [2025-04-04T09:20:16.917+0000] {dag.py:3239} INFO - Sync 1 DAGs
[2025-04-04T09:20:17.090+0000] {logging_mixin.py:190} INFO - [2025-04-04T09:20:17.089+0000] {dag.py:4180} INFO - Setting next_dagrun for example_short_circuit_operator to None, run_after=None
[2025-04-04T09:20:17.270+0000] {processor.py:208} INFO - Processing /home/airflow/.local/lib/python3.12/site-packages/airflow/example_dags/example_short_circuit_operator.py took 1.041 seconds
[2025-04-04T09:20:56.590+0000] {processor.py:186} INFO - Started process (PID=382) to work on /home/airflow/.local/lib/python3.12/site-packages/airflow/example_dags/example_short_circuit_operator.py
[2025-04-04T09:20:56.606+0000] {processor.py:914} INFO - Processing file /home/airflow/.local/lib/python3.12/site-packages/airflow/example_dags/example_short_circuit_operator.py for tasks to queue
[2025-04-04T09:20:56.655+0000] {logging_mixin.py:190} INFO - [2025-04-04T09:20:56.653+0000] {dagbag.py:588} INFO - Filling up the DagBag from /home/airflow/.local/lib/python3.12/site-packages/airflow/example_dags/example_short_circuit_operator.py
[2025-04-04T09:20:56.854+0000] {processor.py:925} INFO - DAG(s) 'example_short_circuit_operator' retrieved from /home/airflow/.local/lib/python3.12/site-packages/airflow/example_dags/example_short_circuit_operator.py
[2025-04-04T09:20:57.114+0000] {logging_mixin.py:190} INFO - [2025-04-04T09:20:57.113+0000] {dag.py:3239} INFO - Sync 1 DAGs
[2025-04-04T09:20:57.313+0000] {logging_mixin.py:190} INFO - [2025-04-04T09:20:57.300+0000] {dag.py:4180} INFO - Setting next_dagrun for example_short_circuit_operator to None, run_after=None
[2025-04-04T09:20:57.551+0000] {processor.py:208} INFO - Processing /home/airflow/.local/lib/python3.12/site-packages/airflow/example_dags/example_short_circuit_operator.py took 1.071 seconds
[2025-04-04T09:21:31.385+0000] {processor.py:186} INFO - Started process (PID=441) to work on /home/airflow/.local/lib/python3.12/site-packages/airflow/example_dags/example_short_circuit_operator.py
[2025-04-04T09:21:31.393+0000] {processor.py:914} INFO - Processing file /home/airflow/.local/lib/python3.12/site-packages/airflow/example_dags/example_short_circuit_operator.py for tasks to queue
[2025-04-04T09:21:31.415+0000] {logging_mixin.py:190} INFO - [2025-04-04T09:21:31.412+0000] {dagbag.py:588} INFO - Filling up the DagBag from /home/airflow/.local/lib/python3.12/site-packages/airflow/example_dags/example_short_circuit_operator.py
[2025-04-04T09:21:31.508+0000] {processor.py:925} INFO - DAG(s) 'example_short_circuit_operator' retrieved from /home/airflow/.local/lib/python3.12/site-packages/airflow/example_dags/example_short_circuit_operator.py
[2025-04-04T09:21:31.629+0000] {logging_mixin.py:190} INFO - [2025-04-04T09:21:31.628+0000] {dag.py:3239} INFO - Sync 1 DAGs
[2025-04-04T09:21:31.707+0000] {logging_mixin.py:190} INFO - [2025-04-04T09:21:31.706+0000] {dag.py:4180} INFO - Setting next_dagrun for example_short_circuit_operator to None, run_after=None
[2025-04-04T09:21:31.811+0000] {processor.py:208} INFO - Processing /home/airflow/.local/lib/python3.12/site-packages/airflow/example_dags/example_short_circuit_operator.py took 0.486 seconds
[2025-04-04T09:22:04.754+0000] {processor.py:186} INFO - Started process (PID=492) to work on /home/airflow/.local/lib/python3.12/site-packages/airflow/example_dags/example_short_circuit_operator.py
[2025-04-04T09:22:04.774+0000] {processor.py:914} INFO - Processing file /home/airflow/.local/lib/python3.12/site-packages/airflow/example_dags/example_short_circuit_operator.py for tasks to queue
[2025-04-04T09:22:04.808+0000] {logging_mixin.py:190} INFO - [2025-04-04T09:22:04.795+0000] {dagbag.py:588} INFO - Filling up the DagBag from /home/airflow/.local/lib/python3.12/site-packages/airflow/example_dags/example_short_circuit_operator.py
[2025-04-04T09:22:04.937+0000] {processor.py:925} INFO - DAG(s) 'example_short_circuit_operator' retrieved from /home/airflow/.local/lib/python3.12/site-packages/airflow/example_dags/example_short_circuit_operator.py
[2025-04-04T09:22:05.138+0000] {logging_mixin.py:190} INFO - [2025-04-04T09:22:05.137+0000] {dag.py:3239} INFO - Sync 1 DAGs
[2025-04-04T09:22:05.254+0000] {logging_mixin.py:190} INFO - [2025-04-04T09:22:05.253+0000] {dag.py:4180} INFO - Setting next_dagrun for example_short_circuit_operator to None, run_after=None
[2025-04-04T09:22:05.453+0000] {processor.py:208} INFO - Processing /home/airflow/.local/lib/python3.12/site-packages/airflow/example_dags/example_short_circuit_operator.py took 0.748 seconds
[2025-04-04T09:22:47.820+0000] {processor.py:186} INFO - Started process (PID=542) to work on /home/airflow/.local/lib/python3.12/site-packages/airflow/example_dags/example_short_circuit_operator.py
[2025-04-04T09:22:47.829+0000] {processor.py:914} INFO - Processing file /home/airflow/.local/lib/python3.12/site-packages/airflow/example_dags/example_short_circuit_operator.py for tasks to queue
[2025-04-04T09:22:47.845+0000] {logging_mixin.py:190} INFO - [2025-04-04T09:22:47.843+0000] {dagbag.py:588} INFO - Filling up the DagBag from /home/airflow/.local/lib/python3.12/site-packages/airflow/example_dags/example_short_circuit_operator.py
[2025-04-04T09:22:47.958+0000] {processor.py:925} INFO - DAG(s) 'example_short_circuit_operator' retrieved from /home/airflow/.local/lib/python3.12/site-packages/airflow/example_dags/example_short_circuit_operator.py
[2025-04-04T09:22:48.152+0000] {logging_mixin.py:190} INFO - [2025-04-04T09:22:48.151+0000] {dag.py:3239} INFO - Sync 1 DAGs
[2025-04-04T09:22:48.273+0000] {logging_mixin.py:190} INFO - [2025-04-04T09:22:48.272+0000] {dag.py:4180} INFO - Setting next_dagrun for example_short_circuit_operator to None, run_after=None
[2025-04-04T09:22:48.431+0000] {processor.py:208} INFO - Processing /home/airflow/.local/lib/python3.12/site-packages/airflow/example_dags/example_short_circuit_operator.py took 0.673 seconds
[2025-04-04T09:23:20.758+0000] {processor.py:186} INFO - Started process (PID=577) to work on /home/airflow/.local/lib/python3.12/site-packages/airflow/example_dags/example_short_circuit_operator.py
[2025-04-04T09:23:20.774+0000] {processor.py:914} INFO - Processing file /home/airflow/.local/lib/python3.12/site-packages/airflow/example_dags/example_short_circuit_operator.py for tasks to queue
[2025-04-04T09:23:20.796+0000] {logging_mixin.py:190} INFO - [2025-04-04T09:23:20.794+0000] {dagbag.py:588} INFO - Filling up the DagBag from /home/airflow/.local/lib/python3.12/site-packages/airflow/example_dags/example_short_circuit_operator.py
[2025-04-04T09:23:20.890+0000] {processor.py:925} INFO - DAG(s) 'example_short_circuit_operator' retrieved from /home/airflow/.local/lib/python3.12/site-packages/airflow/example_dags/example_short_circuit_operator.py
[2025-04-04T09:23:21.153+0000] {logging_mixin.py:190} INFO - [2025-04-04T09:23:21.151+0000] {dag.py:3239} INFO - Sync 1 DAGs
[2025-04-04T09:23:21.405+0000] {logging_mixin.py:190} INFO - [2025-04-04T09:23:21.404+0000] {dag.py:4180} INFO - Setting next_dagrun for example_short_circuit_operator to None, run_after=None
[2025-04-04T09:23:21.649+0000] {processor.py:208} INFO - Processing /home/airflow/.local/lib/python3.12/site-packages/airflow/example_dags/example_short_circuit_operator.py took 0.992 seconds
[2025-04-04T09:23:53.709+0000] {processor.py:186} INFO - Started process (PID=632) to work on /home/airflow/.local/lib/python3.12/site-packages/airflow/example_dags/example_short_circuit_operator.py
[2025-04-04T09:23:53.714+0000] {processor.py:914} INFO - Processing file /home/airflow/.local/lib/python3.12/site-packages/airflow/example_dags/example_short_circuit_operator.py for tasks to queue
[2025-04-04T09:23:53.741+0000] {logging_mixin.py:190} INFO - [2025-04-04T09:23:53.733+0000] {dagbag.py:588} INFO - Filling up the DagBag from /home/airflow/.local/lib/python3.12/site-packages/airflow/example_dags/example_short_circuit_operator.py
[2025-04-04T09:23:53.878+0000] {processor.py:925} INFO - DAG(s) 'example_short_circuit_operator' retrieved from /home/airflow/.local/lib/python3.12/site-packages/airflow/example_dags/example_short_circuit_operator.py
[2025-04-04T09:23:54.091+0000] {logging_mixin.py:190} INFO - [2025-04-04T09:23:54.089+0000] {dag.py:3239} INFO - Sync 1 DAGs
[2025-04-04T09:23:54.247+0000] {logging_mixin.py:190} INFO - [2025-04-04T09:23:54.246+0000] {dag.py:4180} INFO - Setting next_dagrun for example_short_circuit_operator to None, run_after=None
[2025-04-04T09:23:54.394+0000] {processor.py:208} INFO - Processing /home/airflow/.local/lib/python3.12/site-packages/airflow/example_dags/example_short_circuit_operator.py took 0.718 seconds
[2025-04-04T09:24:26.153+0000] {processor.py:186} INFO - Started process (PID=691) to work on /home/airflow/.local/lib/python3.12/site-packages/airflow/example_dags/example_short_circuit_operator.py
[2025-04-04T09:24:26.163+0000] {processor.py:914} INFO - Processing file /home/airflow/.local/lib/python3.12/site-packages/airflow/example_dags/example_short_circuit_operator.py for tasks to queue
[2025-04-04T09:24:26.185+0000] {logging_mixin.py:190} INFO - [2025-04-04T09:24:26.183+0000] {dagbag.py:588} INFO - Filling up the DagBag from /home/airflow/.local/lib/python3.12/site-packages/airflow/example_dags/example_short_circuit_operator.py
[2025-04-04T09:24:26.285+0000] {processor.py:925} INFO - DAG(s) 'example_short_circuit_operator' retrieved from /home/airflow/.local/lib/python3.12/site-packages/airflow/example_dags/example_short_circuit_operator.py
[2025-04-04T09:24:26.498+0000] {logging_mixin.py:190} INFO - [2025-04-04T09:24:26.496+0000] {dag.py:3239} INFO - Sync 1 DAGs
[2025-04-04T09:24:26.635+0000] {logging_mixin.py:190} INFO - [2025-04-04T09:24:26.634+0000] {dag.py:4180} INFO - Setting next_dagrun for example_short_circuit_operator to None, run_after=None
[2025-04-04T09:24:26.884+0000] {processor.py:208} INFO - Processing /home/airflow/.local/lib/python3.12/site-packages/airflow/example_dags/example_short_circuit_operator.py took 0.796 seconds
[2025-04-04T09:25:02.659+0000] {processor.py:186} INFO - Started process (PID=748) to work on /home/airflow/.local/lib/python3.12/site-packages/airflow/example_dags/example_short_circuit_operator.py
[2025-04-04T09:25:02.666+0000] {processor.py:914} INFO - Processing file /home/airflow/.local/lib/python3.12/site-packages/airflow/example_dags/example_short_circuit_operator.py for tasks to queue
[2025-04-04T09:25:02.678+0000] {logging_mixin.py:190} INFO - [2025-04-04T09:25:02.677+0000] {dagbag.py:588} INFO - Filling up the DagBag from /home/airflow/.local/lib/python3.12/site-packages/airflow/example_dags/example_short_circuit_operator.py
[2025-04-04T09:25:02.734+0000] {processor.py:925} INFO - DAG(s) 'example_short_circuit_operator' retrieved from /home/airflow/.local/lib/python3.12/site-packages/airflow/example_dags/example_short_circuit_operator.py
[2025-04-04T09:25:02.881+0000] {logging_mixin.py:190} INFO - [2025-04-04T09:25:02.880+0000] {dag.py:3239} INFO - Sync 1 DAGs
[2025-04-04T09:25:02.955+0000] {logging_mixin.py:190} INFO - [2025-04-04T09:25:02.954+0000] {dag.py:4180} INFO - Setting next_dagrun for example_short_circuit_operator to None, run_after=None
[2025-04-04T09:25:03.050+0000] {processor.py:208} INFO - Processing /home/airflow/.local/lib/python3.12/site-packages/airflow/example_dags/example_short_circuit_operator.py took 0.439 seconds
[2025-04-04T09:25:37.380+0000] {processor.py:186} INFO - Started process (PID=809) to work on /home/airflow/.local/lib/python3.12/site-packages/airflow/example_dags/example_short_circuit_operator.py
[2025-04-04T09:25:37.386+0000] {processor.py:914} INFO - Processing file /home/airflow/.local/lib/python3.12/site-packages/airflow/example_dags/example_short_circuit_operator.py for tasks to queue
[2025-04-04T09:25:37.399+0000] {logging_mixin.py:190} INFO - [2025-04-04T09:25:37.398+0000] {dagbag.py:588} INFO - Filling up the DagBag from /home/airflow/.local/lib/python3.12/site-packages/airflow/example_dags/example_short_circuit_operator.py
[2025-04-04T09:25:37.444+0000] {processor.py:925} INFO - DAG(s) 'example_short_circuit_operator' retrieved from /home/airflow/.local/lib/python3.12/site-packages/airflow/example_dags/example_short_circuit_operator.py
[2025-04-04T09:25:37.555+0000] {logging_mixin.py:190} INFO - [2025-04-04T09:25:37.554+0000] {dag.py:3239} INFO - Sync 1 DAGs
[2025-04-04T09:25:37.638+0000] {logging_mixin.py:190} INFO - [2025-04-04T09:25:37.637+0000] {dag.py:4180} INFO - Setting next_dagrun for example_short_circuit_operator to None, run_after=None
[2025-04-04T09:25:37.738+0000] {processor.py:208} INFO - Processing /home/airflow/.local/lib/python3.12/site-packages/airflow/example_dags/example_short_circuit_operator.py took 0.394 seconds
[2025-04-04T09:26:21.219+0000] {processor.py:186} INFO - Started process (PID=877) to work on /home/airflow/.local/lib/python3.12/site-packages/airflow/example_dags/example_short_circuit_operator.py
[2025-04-04T09:26:21.224+0000] {processor.py:914} INFO - Processing file /home/airflow/.local/lib/python3.12/site-packages/airflow/example_dags/example_short_circuit_operator.py for tasks to queue
[2025-04-04T09:26:21.235+0000] {logging_mixin.py:190} INFO - [2025-04-04T09:26:21.234+0000] {dagbag.py:588} INFO - Filling up the DagBag from /home/airflow/.local/lib/python3.12/site-packages/airflow/example_dags/example_short_circuit_operator.py
[2025-04-04T09:26:21.273+0000] {processor.py:925} INFO - DAG(s) 'example_short_circuit_operator' retrieved from /home/airflow/.local/lib/python3.12/site-packages/airflow/example_dags/example_short_circuit_operator.py
[2025-04-04T09:26:21.372+0000] {logging_mixin.py:190} INFO - [2025-04-04T09:26:21.372+0000] {dag.py:3239} INFO - Sync 1 DAGs
[2025-04-04T09:26:21.427+0000] {logging_mixin.py:190} INFO - [2025-04-04T09:26:21.426+0000] {dag.py:4180} INFO - Setting next_dagrun for example_short_circuit_operator to None, run_after=None
[2025-04-04T09:26:21.512+0000] {processor.py:208} INFO - Processing /home/airflow/.local/lib/python3.12/site-packages/airflow/example_dags/example_short_circuit_operator.py took 0.324 seconds
[2025-04-04T09:26:52.362+0000] {processor.py:186} INFO - Started process (PID=935) to work on /home/airflow/.local/lib/python3.12/site-packages/airflow/example_dags/example_short_circuit_operator.py
[2025-04-04T09:26:52.369+0000] {processor.py:914} INFO - Processing file /home/airflow/.local/lib/python3.12/site-packages/airflow/example_dags/example_short_circuit_operator.py for tasks to queue
[2025-04-04T09:26:52.379+0000] {logging_mixin.py:190} INFO - [2025-04-04T09:26:52.378+0000] {dagbag.py:588} INFO - Filling up the DagBag from /home/airflow/.local/lib/python3.12/site-packages/airflow/example_dags/example_short_circuit_operator.py
[2025-04-04T09:26:52.437+0000] {processor.py:925} INFO - DAG(s) 'example_short_circuit_operator' retrieved from /home/airflow/.local/lib/python3.12/site-packages/airflow/example_dags/example_short_circuit_operator.py
[2025-04-04T09:26:52.596+0000] {logging_mixin.py:190} INFO - [2025-04-04T09:26:52.595+0000] {dag.py:3239} INFO - Sync 1 DAGs
[2025-04-04T09:26:52.690+0000] {logging_mixin.py:190} INFO - [2025-04-04T09:26:52.689+0000] {dag.py:4180} INFO - Setting next_dagrun for example_short_circuit_operator to None, run_after=None
[2025-04-04T09:26:52.809+0000] {processor.py:208} INFO - Processing /home/airflow/.local/lib/python3.12/site-packages/airflow/example_dags/example_short_circuit_operator.py took 0.485 seconds
[2025-04-04T09:32:46.738+0000] {processor.py:186} INFO - Started process (PID=105) to work on /home/airflow/.local/lib/python3.12/site-packages/airflow/example_dags/example_short_circuit_operator.py
[2025-04-04T09:32:46.750+0000] {processor.py:914} INFO - Processing file /home/airflow/.local/lib/python3.12/site-packages/airflow/example_dags/example_short_circuit_operator.py for tasks to queue
[2025-04-04T09:32:46.775+0000] {logging_mixin.py:190} INFO - [2025-04-04T09:32:46.773+0000] {dagbag.py:588} INFO - Filling up the DagBag from /home/airflow/.local/lib/python3.12/site-packages/airflow/example_dags/example_short_circuit_operator.py
[2025-04-04T09:32:46.940+0000] {processor.py:925} INFO - DAG(s) 'example_short_circuit_operator' retrieved from /home/airflow/.local/lib/python3.12/site-packages/airflow/example_dags/example_short_circuit_operator.py
[2025-04-04T09:32:47.491+0000] {logging_mixin.py:190} INFO - [2025-04-04T09:32:47.490+0000] {dag.py:3239} INFO - Sync 1 DAGs
[2025-04-04T09:32:47.800+0000] {logging_mixin.py:190} INFO - [2025-04-04T09:32:47.799+0000] {dag.py:4180} INFO - Setting next_dagrun for example_short_circuit_operator to None, run_after=None
[2025-04-04T09:32:48.161+0000] {processor.py:208} INFO - Processing /home/airflow/.local/lib/python3.12/site-packages/airflow/example_dags/example_short_circuit_operator.py took 1.468 seconds
[2025-04-04T09:33:43.692+0000] {processor.py:186} INFO - Started process (PID=175) to work on /home/airflow/.local/lib/python3.12/site-packages/airflow/example_dags/example_short_circuit_operator.py
[2025-04-04T09:33:43.697+0000] {processor.py:914} INFO - Processing file /home/airflow/.local/lib/python3.12/site-packages/airflow/example_dags/example_short_circuit_operator.py for tasks to queue
[2025-04-04T09:33:43.711+0000] {logging_mixin.py:190} INFO - [2025-04-04T09:33:43.709+0000] {dagbag.py:588} INFO - Filling up the DagBag from /home/airflow/.local/lib/python3.12/site-packages/airflow/example_dags/example_short_circuit_operator.py
[2025-04-04T09:33:43.794+0000] {processor.py:925} INFO - DAG(s) 'example_short_circuit_operator' retrieved from /home/airflow/.local/lib/python3.12/site-packages/airflow/example_dags/example_short_circuit_operator.py
[2025-04-04T09:33:44.050+0000] {logging_mixin.py:190} INFO - [2025-04-04T09:33:44.048+0000] {dag.py:3239} INFO - Sync 1 DAGs
[2025-04-04T09:33:44.196+0000] {logging_mixin.py:190} INFO - [2025-04-04T09:33:44.195+0000] {dag.py:4180} INFO - Setting next_dagrun for example_short_circuit_operator to None, run_after=None
[2025-04-04T09:33:44.343+0000] {processor.py:208} INFO - Processing /home/airflow/.local/lib/python3.12/site-packages/airflow/example_dags/example_short_circuit_operator.py took 0.685 seconds
