[2025-04-04T09:04:01.774+0000] {processor.py:186} INFO - Started process (PID=130) to work on /home/airflow/.local/lib/python3.12/site-packages/airflow/example_dags/example_branch_labels.py
[2025-04-04T09:04:01.780+0000] {processor.py:914} INFO - Processing file /home/airflow/.local/lib/python3.12/site-packages/airflow/example_dags/example_branch_labels.py for tasks to queue
[2025-04-04T09:04:01.830+0000] {logging_mixin.py:190} INFO - [2025-04-04T09:04:01.829+0000] {dagbag.py:588} INFO - Filling up the DagBag from /home/airflow/.local/lib/python3.12/site-packages/airflow/example_dags/example_branch_labels.py
[2025-04-04T09:04:01.968+0000] {processor.py:925} INFO - DAG(s) 'example_branch_labels' retrieved from /home/airflow/.local/lib/python3.12/site-packages/airflow/example_dags/example_branch_labels.py
[2025-04-04T09:04:03.118+0000] {logging_mixin.py:190} INFO - [2025-04-04T09:04:03.114+0000] {override.py:1912} INFO - Created Permission View: can delete on DAG:example_branch_labels
[2025-04-04T09:04:03.225+0000] {logging_mixin.py:190} INFO - [2025-04-04T09:04:03.224+0000] {override.py:1912} INFO - Created Permission View: can edit on DAG:example_branch_labels
[2025-04-04T09:04:03.292+0000] {logging_mixin.py:190} INFO - [2025-04-04T09:04:03.289+0000] {override.py:1912} INFO - Created Permission View: can read on DAG:example_branch_labels
[2025-04-04T09:04:03.345+0000] {logging_mixin.py:190} INFO - [2025-04-04T09:04:03.343+0000] {override.py:1912} INFO - Created Permission View: menu access on DAG Run:example_branch_labels
[2025-04-04T09:04:03.410+0000] {logging_mixin.py:190} INFO - [2025-04-04T09:04:03.409+0000] {override.py:1912} INFO - Created Permission View: can create on DAG Run:example_branch_labels
[2025-04-04T09:04:03.477+0000] {logging_mixin.py:190} INFO - [2025-04-04T09:04:03.471+0000] {override.py:1912} INFO - Created Permission View: can delete on DAG Run:example_branch_labels
[2025-04-04T09:04:03.562+0000] {logging_mixin.py:190} INFO - [2025-04-04T09:04:03.561+0000] {override.py:1912} INFO - Created Permission View: can read on DAG Run:example_branch_labels
[2025-04-04T09:04:03.569+0000] {logging_mixin.py:190} INFO - [2025-04-04T09:04:03.568+0000] {dag.py:3239} INFO - Sync 1 DAGs
[2025-04-04T09:04:03.669+0000] {logging_mixin.py:190} INFO - [2025-04-04T09:04:03.667+0000] {dag.py:3262} INFO - Creating ORM DAG for example_branch_labels
[2025-04-04T09:04:03.750+0000] {logging_mixin.py:190} INFO - [2025-04-04T09:04:03.748+0000] {dag.py:4180} INFO - Setting next_dagrun for example_branch_labels to 2025-04-03 00:00:00+00:00, run_after=2025-04-04 00:00:00+00:00
[2025-04-04T09:04:03.877+0000] {processor.py:208} INFO - Processing /home/airflow/.local/lib/python3.12/site-packages/airflow/example_dags/example_branch_labels.py took 2.226 seconds
[2025-04-04T09:12:07.003+0000] {processor.py:186} INFO - Started process (PID=121) to work on /home/airflow/.local/lib/python3.12/site-packages/airflow/example_dags/example_branch_labels.py
[2025-04-04T09:12:07.017+0000] {processor.py:914} INFO - Processing file /home/airflow/.local/lib/python3.12/site-packages/airflow/example_dags/example_branch_labels.py for tasks to queue
[2025-04-04T09:12:07.044+0000] {logging_mixin.py:190} INFO - [2025-04-04T09:12:07.043+0000] {dagbag.py:588} INFO - Filling up the DagBag from /home/airflow/.local/lib/python3.12/site-packages/airflow/example_dags/example_branch_labels.py
[2025-04-04T09:12:07.149+0000] {processor.py:925} INFO - DAG(s) 'example_branch_labels' retrieved from /home/airflow/.local/lib/python3.12/site-packages/airflow/example_dags/example_branch_labels.py
[2025-04-04T09:12:07.340+0000] {logging_mixin.py:190} INFO - [2025-04-04T09:12:07.338+0000] {dag.py:3239} INFO - Sync 1 DAGs
[2025-04-04T09:12:07.629+0000] {logging_mixin.py:190} INFO - [2025-04-04T09:12:07.628+0000] {dag.py:4180} INFO - Setting next_dagrun for example_branch_labels to 2025-04-03 00:00:00+00:00, run_after=2025-04-04 00:00:00+00:00
[2025-04-04T09:12:07.852+0000] {processor.py:208} INFO - Processing /home/airflow/.local/lib/python3.12/site-packages/airflow/example_dags/example_branch_labels.py took 0.936 seconds
[2025-04-04T09:16:47.188+0000] {processor.py:186} INFO - Started process (PID=117) to work on /home/airflow/.local/lib/python3.12/site-packages/airflow/example_dags/example_branch_labels.py
[2025-04-04T09:16:47.194+0000] {processor.py:914} INFO - Processing file /home/airflow/.local/lib/python3.12/site-packages/airflow/example_dags/example_branch_labels.py for tasks to queue
[2025-04-04T09:16:47.221+0000] {logging_mixin.py:190} INFO - [2025-04-04T09:16:47.219+0000] {dagbag.py:588} INFO - Filling up the DagBag from /home/airflow/.local/lib/python3.12/site-packages/airflow/example_dags/example_branch_labels.py
[2025-04-04T09:16:47.304+0000] {processor.py:925} INFO - DAG(s) 'example_branch_labels' retrieved from /home/airflow/.local/lib/python3.12/site-packages/airflow/example_dags/example_branch_labels.py
[2025-04-04T09:16:47.469+0000] {logging_mixin.py:190} INFO - [2025-04-04T09:16:47.468+0000] {dag.py:3239} INFO - Sync 1 DAGs
[2025-04-04T09:16:47.658+0000] {logging_mixin.py:190} INFO - [2025-04-04T09:16:47.657+0000] {dag.py:4180} INFO - Setting next_dagrun for example_branch_labels to 2025-04-03 00:00:00+00:00, run_after=2025-04-04 00:00:00+00:00
[2025-04-04T09:16:47.883+0000] {processor.py:208} INFO - Processing /home/airflow/.local/lib/python3.12/site-packages/airflow/example_dags/example_branch_labels.py took 0.758 seconds
[2025-04-04T09:17:52.663+0000] {processor.py:186} INFO - Started process (PID=186) to work on /home/airflow/.local/lib/python3.12/site-packages/airflow/example_dags/example_branch_labels.py
[2025-04-04T09:17:52.669+0000] {processor.py:914} INFO - Processing file /home/airflow/.local/lib/python3.12/site-packages/airflow/example_dags/example_branch_labels.py for tasks to queue
[2025-04-04T09:17:52.685+0000] {logging_mixin.py:190} INFO - [2025-04-04T09:17:52.683+0000] {dagbag.py:588} INFO - Filling up the DagBag from /home/airflow/.local/lib/python3.12/site-packages/airflow/example_dags/example_branch_labels.py
[2025-04-04T09:17:52.791+0000] {processor.py:925} INFO - DAG(s) 'example_branch_labels' retrieved from /home/airflow/.local/lib/python3.12/site-packages/airflow/example_dags/example_branch_labels.py
[2025-04-04T09:17:53.055+0000] {logging_mixin.py:190} INFO - [2025-04-04T09:17:53.053+0000] {dag.py:3239} INFO - Sync 1 DAGs
[2025-04-04T09:17:53.334+0000] {logging_mixin.py:190} INFO - [2025-04-04T09:17:53.332+0000] {dag.py:4180} INFO - Setting next_dagrun for example_branch_labels to 2025-04-03 00:00:00+00:00, run_after=2025-04-04 00:00:00+00:00
[2025-04-04T09:17:53.524+0000] {processor.py:208} INFO - Processing /home/airflow/.local/lib/python3.12/site-packages/airflow/example_dags/example_branch_labels.py took 0.912 seconds
[2025-04-04T09:18:31.525+0000] {processor.py:186} INFO - Started process (PID=249) to work on /home/airflow/.local/lib/python3.12/site-packages/airflow/example_dags/example_branch_labels.py
[2025-04-04T09:18:31.534+0000] {processor.py:914} INFO - Processing file /home/airflow/.local/lib/python3.12/site-packages/airflow/example_dags/example_branch_labels.py for tasks to queue
[2025-04-04T09:18:31.551+0000] {logging_mixin.py:190} INFO - [2025-04-04T09:18:31.549+0000] {dagbag.py:588} INFO - Filling up the DagBag from /home/airflow/.local/lib/python3.12/site-packages/airflow/example_dags/example_branch_labels.py
[2025-04-04T09:18:31.622+0000] {processor.py:925} INFO - DAG(s) 'example_branch_labels' retrieved from /home/airflow/.local/lib/python3.12/site-packages/airflow/example_dags/example_branch_labels.py
[2025-04-04T09:18:31.793+0000] {logging_mixin.py:190} INFO - [2025-04-04T09:18:31.792+0000] {dag.py:3239} INFO - Sync 1 DAGs
[2025-04-04T09:18:31.983+0000] {logging_mixin.py:190} INFO - [2025-04-04T09:18:31.982+0000] {dag.py:4180} INFO - Setting next_dagrun for example_branch_labels to 2025-04-03 00:00:00+00:00, run_after=2025-04-04 00:00:00+00:00
[2025-04-04T09:18:32.176+0000] {processor.py:208} INFO - Processing /home/airflow/.local/lib/python3.12/site-packages/airflow/example_dags/example_branch_labels.py took 0.690 seconds
[2025-04-04T09:19:50.345+0000] {processor.py:186} INFO - Started process (PID=316) to work on /home/airflow/.local/lib/python3.12/site-packages/airflow/example_dags/example_branch_labels.py
[2025-04-04T09:19:50.379+0000] {processor.py:914} INFO - Processing file /home/airflow/.local/lib/python3.12/site-packages/airflow/example_dags/example_branch_labels.py for tasks to queue
[2025-04-04T09:19:50.461+0000] {logging_mixin.py:190} INFO - [2025-04-04T09:19:50.459+0000] {dagbag.py:588} INFO - Filling up the DagBag from /home/airflow/.local/lib/python3.12/site-packages/airflow/example_dags/example_branch_labels.py
[2025-04-04T09:19:50.687+0000] {processor.py:925} INFO - DAG(s) 'example_branch_labels' retrieved from /home/airflow/.local/lib/python3.12/site-packages/airflow/example_dags/example_branch_labels.py
[2025-04-04T09:19:51.112+0000] {logging_mixin.py:190} INFO - [2025-04-04T09:19:51.110+0000] {dag.py:3239} INFO - Sync 1 DAGs
[2025-04-04T09:19:52.034+0000] {logging_mixin.py:190} INFO - [2025-04-04T09:19:52.030+0000] {dag.py:4180} INFO - Setting next_dagrun for example_branch_labels to 2025-04-03 00:00:00+00:00, run_after=2025-04-04 00:00:00+00:00
[2025-04-04T09:19:52.432+0000] {processor.py:208} INFO - Processing /home/airflow/.local/lib/python3.12/site-packages/airflow/example_dags/example_branch_labels.py took 2.423 seconds
[2025-04-04T09:21:02.494+0000] {processor.py:186} INFO - Started process (PID=392) to work on /home/airflow/.local/lib/python3.12/site-packages/airflow/example_dags/example_branch_labels.py
[2025-04-04T09:21:02.501+0000] {processor.py:914} INFO - Processing file /home/airflow/.local/lib/python3.12/site-packages/airflow/example_dags/example_branch_labels.py for tasks to queue
[2025-04-04T09:21:02.525+0000] {logging_mixin.py:190} INFO - [2025-04-04T09:21:02.520+0000] {dagbag.py:588} INFO - Filling up the DagBag from /home/airflow/.local/lib/python3.12/site-packages/airflow/example_dags/example_branch_labels.py
[2025-04-04T09:21:02.577+0000] {processor.py:925} INFO - DAG(s) 'example_branch_labels' retrieved from /home/airflow/.local/lib/python3.12/site-packages/airflow/example_dags/example_branch_labels.py
[2025-04-04T09:21:02.719+0000] {logging_mixin.py:190} INFO - [2025-04-04T09:21:02.718+0000] {dag.py:3239} INFO - Sync 1 DAGs
[2025-04-04T09:21:02.896+0000] {logging_mixin.py:190} INFO - [2025-04-04T09:21:02.895+0000] {dag.py:4180} INFO - Setting next_dagrun for example_branch_labels to 2025-04-03 00:00:00+00:00, run_after=2025-04-04 00:00:00+00:00
[2025-04-04T09:21:03.003+0000] {processor.py:208} INFO - Processing /home/airflow/.local/lib/python3.12/site-packages/airflow/example_dags/example_branch_labels.py took 0.553 seconds
[2025-04-04T09:21:40.237+0000] {processor.py:186} INFO - Started process (PID=460) to work on /home/airflow/.local/lib/python3.12/site-packages/airflow/example_dags/example_branch_labels.py
[2025-04-04T09:21:40.246+0000] {processor.py:914} INFO - Processing file /home/airflow/.local/lib/python3.12/site-packages/airflow/example_dags/example_branch_labels.py for tasks to queue
[2025-04-04T09:21:40.264+0000] {logging_mixin.py:190} INFO - [2025-04-04T09:21:40.262+0000] {dagbag.py:588} INFO - Filling up the DagBag from /home/airflow/.local/lib/python3.12/site-packages/airflow/example_dags/example_branch_labels.py
[2025-04-04T09:21:40.354+0000] {processor.py:925} INFO - DAG(s) 'example_branch_labels' retrieved from /home/airflow/.local/lib/python3.12/site-packages/airflow/example_dags/example_branch_labels.py
[2025-04-04T09:21:40.500+0000] {logging_mixin.py:190} INFO - [2025-04-04T09:21:40.499+0000] {dag.py:3239} INFO - Sync 1 DAGs
[2025-04-04T09:21:40.640+0000] {logging_mixin.py:190} INFO - [2025-04-04T09:21:40.639+0000] {dag.py:4180} INFO - Setting next_dagrun for example_branch_labels to 2025-04-03 00:00:00+00:00, run_after=2025-04-04 00:00:00+00:00
[2025-04-04T09:21:40.740+0000] {processor.py:208} INFO - Processing /home/airflow/.local/lib/python3.12/site-packages/airflow/example_dags/example_branch_labels.py took 0.531 seconds
[2025-04-04T09:22:23.264+0000] {processor.py:186} INFO - Started process (PID=519) to work on /home/airflow/.local/lib/python3.12/site-packages/airflow/example_dags/example_branch_labels.py
[2025-04-04T09:22:23.272+0000] {processor.py:914} INFO - Processing file /home/airflow/.local/lib/python3.12/site-packages/airflow/example_dags/example_branch_labels.py for tasks to queue
[2025-04-04T09:22:23.286+0000] {logging_mixin.py:190} INFO - [2025-04-04T09:22:23.284+0000] {dagbag.py:588} INFO - Filling up the DagBag from /home/airflow/.local/lib/python3.12/site-packages/airflow/example_dags/example_branch_labels.py
[2025-04-04T09:22:23.352+0000] {processor.py:925} INFO - DAG(s) 'example_branch_labels' retrieved from /home/airflow/.local/lib/python3.12/site-packages/airflow/example_dags/example_branch_labels.py
[2025-04-04T09:22:23.507+0000] {logging_mixin.py:190} INFO - [2025-04-04T09:22:23.506+0000] {dag.py:3239} INFO - Sync 1 DAGs
[2025-04-04T09:22:23.690+0000] {logging_mixin.py:190} INFO - [2025-04-04T09:22:23.688+0000] {dag.py:4180} INFO - Setting next_dagrun for example_branch_labels to 2025-04-03 00:00:00+00:00, run_after=2025-04-04 00:00:00+00:00
[2025-04-04T09:22:23.840+0000] {processor.py:208} INFO - Processing /home/airflow/.local/lib/python3.12/site-packages/airflow/example_dags/example_branch_labels.py took 0.621 seconds
[2025-04-04T09:23:25.118+0000] {processor.py:186} INFO - Started process (PID=584) to work on /home/airflow/.local/lib/python3.12/site-packages/airflow/example_dags/example_branch_labels.py
[2025-04-04T09:23:25.147+0000] {processor.py:914} INFO - Processing file /home/airflow/.local/lib/python3.12/site-packages/airflow/example_dags/example_branch_labels.py for tasks to queue
[2025-04-04T09:23:25.201+0000] {logging_mixin.py:190} INFO - [2025-04-04T09:23:25.199+0000] {dagbag.py:588} INFO - Filling up the DagBag from /home/airflow/.local/lib/python3.12/site-packages/airflow/example_dags/example_branch_labels.py
[2025-04-04T09:23:25.307+0000] {processor.py:925} INFO - DAG(s) 'example_branch_labels' retrieved from /home/airflow/.local/lib/python3.12/site-packages/airflow/example_dags/example_branch_labels.py
[2025-04-04T09:23:25.546+0000] {logging_mixin.py:190} INFO - [2025-04-04T09:23:25.545+0000] {dag.py:3239} INFO - Sync 1 DAGs
[2025-04-04T09:23:25.855+0000] {logging_mixin.py:190} INFO - [2025-04-04T09:23:25.854+0000] {dag.py:4180} INFO - Setting next_dagrun for example_branch_labels to 2025-04-03 00:00:00+00:00, run_after=2025-04-04 00:00:00+00:00
[2025-04-04T09:23:26.085+0000] {processor.py:208} INFO - Processing /home/airflow/.local/lib/python3.12/site-packages/airflow/example_dags/example_branch_labels.py took 1.030 seconds
[2025-04-04T09:24:02.482+0000] {processor.py:186} INFO - Started process (PID=647) to work on /home/airflow/.local/lib/python3.12/site-packages/airflow/example_dags/example_branch_labels.py
[2025-04-04T09:24:02.486+0000] {processor.py:914} INFO - Processing file /home/airflow/.local/lib/python3.12/site-packages/airflow/example_dags/example_branch_labels.py for tasks to queue
[2025-04-04T09:24:02.501+0000] {logging_mixin.py:190} INFO - [2025-04-04T09:24:02.499+0000] {dagbag.py:588} INFO - Filling up the DagBag from /home/airflow/.local/lib/python3.12/site-packages/airflow/example_dags/example_branch_labels.py
[2025-04-04T09:24:02.604+0000] {processor.py:925} INFO - DAG(s) 'example_branch_labels' retrieved from /home/airflow/.local/lib/python3.12/site-packages/airflow/example_dags/example_branch_labels.py
[2025-04-04T09:24:02.815+0000] {logging_mixin.py:190} INFO - [2025-04-04T09:24:02.812+0000] {dag.py:3239} INFO - Sync 1 DAGs
[2025-04-04T09:24:02.972+0000] {logging_mixin.py:190} INFO - [2025-04-04T09:24:02.971+0000] {dag.py:4180} INFO - Setting next_dagrun for example_branch_labels to 2025-04-03 00:00:00+00:00, run_after=2025-04-04 00:00:00+00:00
[2025-04-04T09:24:03.075+0000] {processor.py:208} INFO - Processing /home/airflow/.local/lib/python3.12/site-packages/airflow/example_dags/example_branch_labels.py took 0.633 seconds
[2025-04-04T09:24:37.048+0000] {processor.py:186} INFO - Started process (PID=709) to work on /home/airflow/.local/lib/python3.12/site-packages/airflow/example_dags/example_branch_labels.py
[2025-04-04T09:24:37.065+0000] {processor.py:914} INFO - Processing file /home/airflow/.local/lib/python3.12/site-packages/airflow/example_dags/example_branch_labels.py for tasks to queue
[2025-04-04T09:24:37.097+0000] {logging_mixin.py:190} INFO - [2025-04-04T09:24:37.087+0000] {dagbag.py:588} INFO - Filling up the DagBag from /home/airflow/.local/lib/python3.12/site-packages/airflow/example_dags/example_branch_labels.py
[2025-04-04T09:24:37.251+0000] {processor.py:925} INFO - DAG(s) 'example_branch_labels' retrieved from /home/airflow/.local/lib/python3.12/site-packages/airflow/example_dags/example_branch_labels.py
[2025-04-04T09:24:37.528+0000] {logging_mixin.py:190} INFO - [2025-04-04T09:24:37.526+0000] {dag.py:3239} INFO - Sync 1 DAGs
[2025-04-04T09:24:37.837+0000] {logging_mixin.py:190} INFO - [2025-04-04T09:24:37.836+0000] {dag.py:4180} INFO - Setting next_dagrun for example_branch_labels to 2025-04-03 00:00:00+00:00, run_after=2025-04-04 00:00:00+00:00
[2025-04-04T09:24:38.072+0000] {processor.py:208} INFO - Processing /home/airflow/.local/lib/python3.12/site-packages/airflow/example_dags/example_branch_labels.py took 1.091 seconds
[2025-04-04T09:25:12.597+0000] {processor.py:186} INFO - Started process (PID=766) to work on /home/airflow/.local/lib/python3.12/site-packages/airflow/example_dags/example_branch_labels.py
[2025-04-04T09:25:12.619+0000] {processor.py:914} INFO - Processing file /home/airflow/.local/lib/python3.12/site-packages/airflow/example_dags/example_branch_labels.py for tasks to queue
[2025-04-04T09:25:12.645+0000] {logging_mixin.py:190} INFO - [2025-04-04T09:25:12.639+0000] {dagbag.py:588} INFO - Filling up the DagBag from /home/airflow/.local/lib/python3.12/site-packages/airflow/example_dags/example_branch_labels.py
[2025-04-04T09:25:12.789+0000] {processor.py:925} INFO - DAG(s) 'example_branch_labels' retrieved from /home/airflow/.local/lib/python3.12/site-packages/airflow/example_dags/example_branch_labels.py
[2025-04-04T09:25:12.983+0000] {logging_mixin.py:190} INFO - [2025-04-04T09:25:12.982+0000] {dag.py:3239} INFO - Sync 1 DAGs
[2025-04-04T09:25:13.136+0000] {logging_mixin.py:190} INFO - [2025-04-04T09:25:13.135+0000] {dag.py:4180} INFO - Setting next_dagrun for example_branch_labels to 2025-04-03 00:00:00+00:00, run_after=2025-04-04 00:00:00+00:00
[2025-04-04T09:25:13.243+0000] {processor.py:208} INFO - Processing /home/airflow/.local/lib/python3.12/site-packages/airflow/example_dags/example_branch_labels.py took 0.731 seconds
[2025-04-04T09:25:55.538+0000] {processor.py:186} INFO - Started process (PID=834) to work on /home/airflow/.local/lib/python3.12/site-packages/airflow/example_dags/example_branch_labels.py
[2025-04-04T09:25:55.573+0000] {processor.py:914} INFO - Processing file /home/airflow/.local/lib/python3.12/site-packages/airflow/example_dags/example_branch_labels.py for tasks to queue
[2025-04-04T09:25:55.635+0000] {logging_mixin.py:190} INFO - [2025-04-04T09:25:55.623+0000] {dagbag.py:588} INFO - Filling up the DagBag from /home/airflow/.local/lib/python3.12/site-packages/airflow/example_dags/example_branch_labels.py
[2025-04-04T09:25:55.787+0000] {processor.py:925} INFO - DAG(s) 'example_branch_labels' retrieved from /home/airflow/.local/lib/python3.12/site-packages/airflow/example_dags/example_branch_labels.py
[2025-04-04T09:25:56.126+0000] {logging_mixin.py:190} INFO - [2025-04-04T09:25:56.125+0000] {dag.py:3239} INFO - Sync 1 DAGs
[2025-04-04T09:25:56.616+0000] {logging_mixin.py:190} INFO - [2025-04-04T09:25:56.615+0000] {dag.py:4180} INFO - Setting next_dagrun for example_branch_labels to 2025-04-03 00:00:00+00:00, run_after=2025-04-04 00:00:00+00:00
[2025-04-04T09:25:56.945+0000] {processor.py:208} INFO - Processing /home/airflow/.local/lib/python3.12/site-packages/airflow/example_dags/example_branch_labels.py took 1.523 seconds
[2025-04-04T09:26:31.866+0000] {processor.py:186} INFO - Started process (PID=892) to work on /home/airflow/.local/lib/python3.12/site-packages/airflow/example_dags/example_branch_labels.py
[2025-04-04T09:26:31.872+0000] {processor.py:914} INFO - Processing file /home/airflow/.local/lib/python3.12/site-packages/airflow/example_dags/example_branch_labels.py for tasks to queue
[2025-04-04T09:26:31.890+0000] {logging_mixin.py:190} INFO - [2025-04-04T09:26:31.888+0000] {dagbag.py:588} INFO - Filling up the DagBag from /home/airflow/.local/lib/python3.12/site-packages/airflow/example_dags/example_branch_labels.py
[2025-04-04T09:26:31.948+0000] {processor.py:925} INFO - DAG(s) 'example_branch_labels' retrieved from /home/airflow/.local/lib/python3.12/site-packages/airflow/example_dags/example_branch_labels.py
[2025-04-04T09:26:32.060+0000] {logging_mixin.py:190} INFO - [2025-04-04T09:26:32.059+0000] {dag.py:3239} INFO - Sync 1 DAGs
[2025-04-04T09:26:32.245+0000] {logging_mixin.py:190} INFO - [2025-04-04T09:26:32.244+0000] {dag.py:4180} INFO - Setting next_dagrun for example_branch_labels to 2025-04-03 00:00:00+00:00, run_after=2025-04-04 00:00:00+00:00
[2025-04-04T09:26:32.330+0000] {processor.py:208} INFO - Processing /home/airflow/.local/lib/python3.12/site-packages/airflow/example_dags/example_branch_labels.py took 0.499 seconds
[2025-04-04T09:33:07.478+0000] {processor.py:186} INFO - Started process (PID=132) to work on /home/airflow/.local/lib/python3.12/site-packages/airflow/example_dags/example_branch_labels.py
[2025-04-04T09:33:07.486+0000] {processor.py:914} INFO - Processing file /home/airflow/.local/lib/python3.12/site-packages/airflow/example_dags/example_branch_labels.py for tasks to queue
[2025-04-04T09:33:07.503+0000] {logging_mixin.py:190} INFO - [2025-04-04T09:33:07.501+0000] {dagbag.py:588} INFO - Filling up the DagBag from /home/airflow/.local/lib/python3.12/site-packages/airflow/example_dags/example_branch_labels.py
[2025-04-04T09:33:07.589+0000] {processor.py:925} INFO - DAG(s) 'example_branch_labels' retrieved from /home/airflow/.local/lib/python3.12/site-packages/airflow/example_dags/example_branch_labels.py
[2025-04-04T09:33:07.808+0000] {logging_mixin.py:190} INFO - [2025-04-04T09:33:07.807+0000] {dag.py:3239} INFO - Sync 1 DAGs
[2025-04-04T09:33:07.984+0000] {logging_mixin.py:190} INFO - [2025-04-04T09:33:07.983+0000] {dag.py:4180} INFO - Setting next_dagrun for example_branch_labels to 2025-04-03 00:00:00+00:00, run_after=2025-04-04 00:00:00+00:00
[2025-04-04T09:33:08.083+0000] {processor.py:208} INFO - Processing /home/airflow/.local/lib/python3.12/site-packages/airflow/example_dags/example_branch_labels.py took 0.654 seconds
