[2025-04-04T09:05:06.217+0000] {processor.py:186} INFO - Started process (PID=168) to work on /home/airflow/.local/lib/python3.12/site-packages/airflow/example_dags/example_datasets.py
[2025-04-04T09:05:06.278+0000] {processor.py:914} INFO - Processing file /home/airflow/.local/lib/python3.12/site-packages/airflow/example_dags/example_datasets.py for tasks to queue
[2025-04-04T09:05:06.324+0000] {logging_mixin.py:190} INFO - [2025-04-04T09:05:06.310+0000] {dagbag.py:588} INFO - Filling up the DagBag from /home/airflow/.local/lib/python3.12/site-packages/airflow/example_dags/example_datasets.py
[2025-04-04T09:05:19.504+0000] {processor.py:925} INFO - DAG(s) 'consume_1_and_2_with_dataset_expressions', 'dataset_consumes_1_and_2', 'conditional_dataset_and_time_based_timetable', 'dataset_produces_2', 'consume_1_or_both_2_and_3_with_dataset_expressions', 'dataset_consumes_1_never_scheduled', 'consume_1_or_2_with_dataset_expressions', 'dataset_produces_1', 'dataset_consumes_1', 'dataset_consumes_unknown_never_scheduled' retrieved from /home/airflow/.local/lib/python3.12/site-packages/airflow/example_dags/example_datasets.py
[2025-04-04T09:05:23.054+0000] {logging_mixin.py:190} INFO - [2025-04-04T09:05:22.948+0000] {override.py:1912} INFO - Created Permission View: can delete on DAG:consume_1_and_2_with_dataset_expressions
[2025-04-04T09:05:23.236+0000] {logging_mixin.py:190} INFO - [2025-04-04T09:05:23.234+0000] {override.py:1912} INFO - Created Permission View: can edit on DAG:consume_1_and_2_with_dataset_expressions
[2025-04-04T09:05:23.501+0000] {logging_mixin.py:190} INFO - [2025-04-04T09:05:23.439+0000] {override.py:1912} INFO - Created Permission View: can read on DAG:consume_1_and_2_with_dataset_expressions
[2025-04-04T09:05:23.836+0000] {logging_mixin.py:190} INFO - [2025-04-04T09:05:23.824+0000] {override.py:1912} INFO - Created Permission View: menu access on DAG Run:consume_1_and_2_with_dataset_expressions
[2025-04-04T09:05:24.129+0000] {logging_mixin.py:190} INFO - [2025-04-04T09:05:24.128+0000] {override.py:1912} INFO - Created Permission View: can create on DAG Run:consume_1_and_2_with_dataset_expressions
[2025-04-04T09:05:24.307+0000] {logging_mixin.py:190} INFO - [2025-04-04T09:05:24.305+0000] {override.py:1912} INFO - Created Permission View: can delete on DAG Run:consume_1_and_2_with_dataset_expressions
[2025-04-04T09:05:24.438+0000] {logging_mixin.py:190} INFO - [2025-04-04T09:05:24.437+0000] {override.py:1912} INFO - Created Permission View: can read on DAG Run:consume_1_and_2_with_dataset_expressions
[2025-04-04T09:05:24.692+0000] {logging_mixin.py:190} INFO - [2025-04-04T09:05:24.691+0000] {override.py:1912} INFO - Created Permission View: can delete on DAG:dataset_consumes_1_and_2
[2025-04-04T09:05:24.912+0000] {logging_mixin.py:190} INFO - [2025-04-04T09:05:24.911+0000] {override.py:1912} INFO - Created Permission View: can edit on DAG:dataset_consumes_1_and_2
[2025-04-04T09:05:25.233+0000] {logging_mixin.py:190} INFO - [2025-04-04T09:05:25.227+0000] {override.py:1912} INFO - Created Permission View: can read on DAG:dataset_consumes_1_and_2
[2025-04-04T09:05:25.413+0000] {logging_mixin.py:190} INFO - [2025-04-04T09:05:25.412+0000] {override.py:1912} INFO - Created Permission View: menu access on DAG Run:dataset_consumes_1_and_2
[2025-04-04T09:05:25.743+0000] {logging_mixin.py:190} INFO - [2025-04-04T09:05:25.742+0000] {override.py:1912} INFO - Created Permission View: can create on DAG Run:dataset_consumes_1_and_2
[2025-04-04T09:05:25.862+0000] {logging_mixin.py:190} INFO - [2025-04-04T09:05:25.861+0000] {override.py:1912} INFO - Created Permission View: can delete on DAG Run:dataset_consumes_1_and_2
[2025-04-04T09:05:26.054+0000] {logging_mixin.py:190} INFO - [2025-04-04T09:05:26.053+0000] {override.py:1912} INFO - Created Permission View: can read on DAG Run:dataset_consumes_1_and_2
[2025-04-04T09:05:26.344+0000] {logging_mixin.py:190} INFO - [2025-04-04T09:05:26.343+0000] {override.py:1912} INFO - Created Permission View: can delete on DAG:conditional_dataset_and_time_based_timetable
[2025-04-04T09:05:26.566+0000] {logging_mixin.py:190} INFO - [2025-04-04T09:05:26.565+0000] {override.py:1912} INFO - Created Permission View: can edit on DAG:conditional_dataset_and_time_based_timetable
[2025-04-04T09:05:26.678+0000] {logging_mixin.py:190} INFO - [2025-04-04T09:05:26.676+0000] {override.py:1912} INFO - Created Permission View: can read on DAG:conditional_dataset_and_time_based_timetable
[2025-04-04T09:05:26.992+0000] {logging_mixin.py:190} INFO - [2025-04-04T09:05:26.977+0000] {override.py:1912} INFO - Created Permission View: menu access on DAG Run:conditional_dataset_and_time_based_timetable
[2025-04-04T09:05:27.201+0000] {logging_mixin.py:190} INFO - [2025-04-04T09:05:27.200+0000] {override.py:1912} INFO - Created Permission View: can create on DAG Run:conditional_dataset_and_time_based_timetable
[2025-04-04T09:05:27.398+0000] {logging_mixin.py:190} INFO - [2025-04-04T09:05:27.385+0000] {override.py:1912} INFO - Created Permission View: can delete on DAG Run:conditional_dataset_and_time_based_timetable
[2025-04-04T09:05:27.494+0000] {logging_mixin.py:190} INFO - [2025-04-04T09:05:27.493+0000] {override.py:1912} INFO - Created Permission View: can read on DAG Run:conditional_dataset_and_time_based_timetable
[2025-04-04T09:05:27.931+0000] {logging_mixin.py:190} INFO - [2025-04-04T09:05:27.904+0000] {override.py:1912} INFO - Created Permission View: can delete on DAG:dataset_produces_2
[2025-04-04T09:05:28.123+0000] {logging_mixin.py:190} INFO - [2025-04-04T09:05:28.120+0000] {override.py:1912} INFO - Created Permission View: can edit on DAG:dataset_produces_2
[2025-04-04T09:05:28.254+0000] {logging_mixin.py:190} INFO - [2025-04-04T09:05:28.253+0000] {override.py:1912} INFO - Created Permission View: can read on DAG:dataset_produces_2
[2025-04-04T09:05:28.432+0000] {logging_mixin.py:190} INFO - [2025-04-04T09:05:28.431+0000] {override.py:1912} INFO - Created Permission View: menu access on DAG Run:dataset_produces_2
[2025-04-04T09:05:28.590+0000] {logging_mixin.py:190} INFO - [2025-04-04T09:05:28.589+0000] {override.py:1912} INFO - Created Permission View: can create on DAG Run:dataset_produces_2
[2025-04-04T09:05:28.900+0000] {logging_mixin.py:190} INFO - [2025-04-04T09:05:28.838+0000] {override.py:1912} INFO - Created Permission View: can delete on DAG Run:dataset_produces_2
[2025-04-04T09:05:29.026+0000] {logging_mixin.py:190} INFO - [2025-04-04T09:05:29.014+0000] {override.py:1912} INFO - Created Permission View: can read on DAG Run:dataset_produces_2
[2025-04-04T09:05:29.318+0000] {logging_mixin.py:190} INFO - [2025-04-04T09:05:29.317+0000] {override.py:1912} INFO - Created Permission View: can delete on DAG:consume_1_or_both_2_and_3_with_dataset_expressions
[2025-04-04T09:05:29.528+0000] {logging_mixin.py:190} INFO - [2025-04-04T09:05:29.527+0000] {override.py:1912} INFO - Created Permission View: can edit on DAG:consume_1_or_both_2_and_3_with_dataset_expressions
[2025-04-04T09:05:29.650+0000] {logging_mixin.py:190} INFO - [2025-04-04T09:05:29.649+0000] {override.py:1912} INFO - Created Permission View: can read on DAG:consume_1_or_both_2_and_3_with_dataset_expressions
[2025-04-04T09:05:29.835+0000] {logging_mixin.py:190} INFO - [2025-04-04T09:05:29.833+0000] {override.py:1912} INFO - Created Permission View: menu access on DAG Run:consume_1_or_both_2_and_3_with_dataset_expressions
[2025-04-04T09:05:30.086+0000] {logging_mixin.py:190} INFO - [2025-04-04T09:05:30.084+0000] {override.py:1912} INFO - Created Permission View: can create on DAG Run:consume_1_or_both_2_and_3_with_dataset_expressions
[2025-04-04T09:05:30.361+0000] {logging_mixin.py:190} INFO - [2025-04-04T09:05:30.356+0000] {override.py:1912} INFO - Created Permission View: can delete on DAG Run:consume_1_or_both_2_and_3_with_dataset_expressions
[2025-04-04T09:05:30.589+0000] {logging_mixin.py:190} INFO - [2025-04-04T09:05:30.573+0000] {override.py:1912} INFO - Created Permission View: can read on DAG Run:consume_1_or_both_2_and_3_with_dataset_expressions
[2025-04-04T09:05:31.337+0000] {logging_mixin.py:190} INFO - [2025-04-04T09:05:31.336+0000] {override.py:1912} INFO - Created Permission View: can delete on DAG:dataset_consumes_1_never_scheduled
[2025-04-04T09:05:31.502+0000] {logging_mixin.py:190} INFO - [2025-04-04T09:05:31.501+0000] {override.py:1912} INFO - Created Permission View: can edit on DAG:dataset_consumes_1_never_scheduled
[2025-04-04T09:05:31.968+0000] {logging_mixin.py:190} INFO - [2025-04-04T09:05:31.966+0000] {override.py:1912} INFO - Created Permission View: can read on DAG:dataset_consumes_1_never_scheduled
[2025-04-04T09:17:09.819+0000] {processor.py:186} INFO - Started process (PID=150) to work on /home/airflow/.local/lib/python3.12/site-packages/airflow/example_dags/example_datasets.py
[2025-04-04T09:17:09.826+0000] {processor.py:914} INFO - Processing file /home/airflow/.local/lib/python3.12/site-packages/airflow/example_dags/example_datasets.py for tasks to queue
[2025-04-04T09:17:09.935+0000] {logging_mixin.py:190} INFO - [2025-04-04T09:17:09.923+0000] {dagbag.py:588} INFO - Filling up the DagBag from /home/airflow/.local/lib/python3.12/site-packages/airflow/example_dags/example_datasets.py
[2025-04-04T09:17:18.201+0000] {processor.py:925} INFO - DAG(s) 'dataset_consumes_1', 'dataset_produces_1', 'consume_1_or_2_with_dataset_expressions', 'conditional_dataset_and_time_based_timetable', 'dataset_consumes_unknown_never_scheduled', 'consume_1_and_2_with_dataset_expressions', 'dataset_produces_2', 'dataset_consumes_1_never_scheduled', 'consume_1_or_both_2_and_3_with_dataset_expressions', 'dataset_consumes_1_and_2' retrieved from /home/airflow/.local/lib/python3.12/site-packages/airflow/example_dags/example_datasets.py
[2025-04-04T09:17:19.026+0000] {logging_mixin.py:190} INFO - [2025-04-04T09:17:19.022+0000] {override.py:1912} INFO - Created Permission View: can delete on DAG:dataset_consumes_1
[2025-04-04T09:17:19.100+0000] {logging_mixin.py:190} INFO - [2025-04-04T09:17:19.099+0000] {override.py:1912} INFO - Created Permission View: can edit on DAG:dataset_consumes_1
[2025-04-04T09:17:19.158+0000] {logging_mixin.py:190} INFO - [2025-04-04T09:17:19.156+0000] {override.py:1912} INFO - Created Permission View: can read on DAG:dataset_consumes_1
[2025-04-04T09:17:19.241+0000] {logging_mixin.py:190} INFO - [2025-04-04T09:17:19.240+0000] {override.py:1912} INFO - Created Permission View: menu access on DAG Run:dataset_consumes_1
[2025-04-04T09:17:19.325+0000] {logging_mixin.py:190} INFO - [2025-04-04T09:17:19.324+0000] {override.py:1912} INFO - Created Permission View: can delete on DAG Run:dataset_consumes_1
[2025-04-04T09:17:19.370+0000] {logging_mixin.py:190} INFO - [2025-04-04T09:17:19.369+0000] {override.py:1912} INFO - Created Permission View: can read on DAG Run:dataset_consumes_1
[2025-04-04T09:17:19.410+0000] {logging_mixin.py:190} INFO - [2025-04-04T09:17:19.409+0000] {override.py:1912} INFO - Created Permission View: can create on DAG Run:dataset_consumes_1
[2025-04-04T09:17:19.512+0000] {logging_mixin.py:190} INFO - [2025-04-04T09:17:19.509+0000] {override.py:1912} INFO - Created Permission View: can delete on DAG:dataset_produces_1
[2025-04-04T09:17:19.567+0000] {logging_mixin.py:190} INFO - [2025-04-04T09:17:19.566+0000] {override.py:1912} INFO - Created Permission View: can edit on DAG:dataset_produces_1
[2025-04-04T09:17:19.604+0000] {logging_mixin.py:190} INFO - [2025-04-04T09:17:19.603+0000] {override.py:1912} INFO - Created Permission View: can read on DAG:dataset_produces_1
[2025-04-04T09:17:19.665+0000] {logging_mixin.py:190} INFO - [2025-04-04T09:17:19.663+0000] {override.py:1912} INFO - Created Permission View: menu access on DAG Run:dataset_produces_1
[2025-04-04T09:17:19.748+0000] {logging_mixin.py:190} INFO - [2025-04-04T09:17:19.743+0000] {override.py:1912} INFO - Created Permission View: can delete on DAG Run:dataset_produces_1
[2025-04-04T09:17:19.821+0000] {logging_mixin.py:190} INFO - [2025-04-04T09:17:19.819+0000] {override.py:1912} INFO - Created Permission View: can read on DAG Run:dataset_produces_1
[2025-04-04T09:17:19.860+0000] {logging_mixin.py:190} INFO - [2025-04-04T09:17:19.858+0000] {override.py:1912} INFO - Created Permission View: can create on DAG Run:dataset_produces_1
[2025-04-04T09:17:19.939+0000] {logging_mixin.py:190} INFO - [2025-04-04T09:17:19.936+0000] {override.py:1912} INFO - Created Permission View: can delete on DAG:consume_1_or_2_with_dataset_expressions
[2025-04-04T09:17:20.016+0000] {logging_mixin.py:190} INFO - [2025-04-04T09:17:20.012+0000] {override.py:1912} INFO - Created Permission View: can edit on DAG:consume_1_or_2_with_dataset_expressions
[2025-04-04T09:17:20.084+0000] {logging_mixin.py:190} INFO - [2025-04-04T09:17:20.083+0000] {override.py:1912} INFO - Created Permission View: can read on DAG:consume_1_or_2_with_dataset_expressions
[2025-04-04T09:17:20.128+0000] {logging_mixin.py:190} INFO - [2025-04-04T09:17:20.127+0000] {override.py:1912} INFO - Created Permission View: menu access on DAG Run:consume_1_or_2_with_dataset_expressions
[2025-04-04T09:17:20.180+0000] {logging_mixin.py:190} INFO - [2025-04-04T09:17:20.178+0000] {override.py:1912} INFO - Created Permission View: can delete on DAG Run:consume_1_or_2_with_dataset_expressions
[2025-04-04T09:17:20.272+0000] {logging_mixin.py:190} INFO - [2025-04-04T09:17:20.271+0000] {override.py:1912} INFO - Created Permission View: can read on DAG Run:consume_1_or_2_with_dataset_expressions
[2025-04-04T09:17:20.333+0000] {logging_mixin.py:190} INFO - [2025-04-04T09:17:20.332+0000] {override.py:1912} INFO - Created Permission View: can create on DAG Run:consume_1_or_2_with_dataset_expressions
[2025-04-04T09:17:20.419+0000] {logging_mixin.py:190} INFO - [2025-04-04T09:17:20.417+0000] {override.py:1912} INFO - Created Permission View: can delete on DAG:dataset_consumes_unknown_never_scheduled
[2025-04-04T09:17:20.454+0000] {logging_mixin.py:190} INFO - [2025-04-04T09:17:20.453+0000] {override.py:1912} INFO - Created Permission View: can edit on DAG:dataset_consumes_unknown_never_scheduled
[2025-04-04T09:17:20.492+0000] {logging_mixin.py:190} INFO - [2025-04-04T09:17:20.491+0000] {override.py:1912} INFO - Created Permission View: can read on DAG:dataset_consumes_unknown_never_scheduled
[2025-04-04T09:17:20.541+0000] {logging_mixin.py:190} INFO - [2025-04-04T09:17:20.540+0000] {override.py:1912} INFO - Created Permission View: menu access on DAG Run:dataset_consumes_unknown_never_scheduled
[2025-04-04T09:17:20.608+0000] {logging_mixin.py:190} INFO - [2025-04-04T09:17:20.606+0000] {override.py:1912} INFO - Created Permission View: can delete on DAG Run:dataset_consumes_unknown_never_scheduled
[2025-04-04T09:17:20.696+0000] {logging_mixin.py:190} INFO - [2025-04-04T09:17:20.693+0000] {override.py:1912} INFO - Created Permission View: can read on DAG Run:dataset_consumes_unknown_never_scheduled
[2025-04-04T09:17:20.771+0000] {logging_mixin.py:190} INFO - [2025-04-04T09:17:20.770+0000] {override.py:1912} INFO - Created Permission View: can create on DAG Run:dataset_consumes_unknown_never_scheduled
[2025-04-04T09:17:20.944+0000] {logging_mixin.py:190} INFO - [2025-04-04T09:17:20.942+0000] {dag.py:3239} INFO - Sync 10 DAGs
[2025-04-04T09:17:21.064+0000] {logging_mixin.py:190} INFO - [2025-04-04T09:17:21.061+0000] {dag.py:3262} INFO - Creating ORM DAG for consume_1_and_2_with_dataset_expressions
[2025-04-04T09:17:21.069+0000] {logging_mixin.py:190} INFO - [2025-04-04T09:17:21.068+0000] {dag.py:3262} INFO - Creating ORM DAG for consume_1_or_2_with_dataset_expressions
[2025-04-04T09:17:21.074+0000] {logging_mixin.py:190} INFO - [2025-04-04T09:17:21.073+0000] {dag.py:3262} INFO - Creating ORM DAG for consume_1_or_both_2_and_3_with_dataset_expressions
[2025-04-04T09:17:21.084+0000] {logging_mixin.py:190} INFO - [2025-04-04T09:17:21.082+0000] {dag.py:3262} INFO - Creating ORM DAG for conditional_dataset_and_time_based_timetable
[2025-04-04T09:17:21.090+0000] {logging_mixin.py:190} INFO - [2025-04-04T09:17:21.089+0000] {dag.py:3262} INFO - Creating ORM DAG for dataset_produces_2
[2025-04-04T09:17:21.096+0000] {logging_mixin.py:190} INFO - [2025-04-04T09:17:21.095+0000] {dag.py:3262} INFO - Creating ORM DAG for dataset_produces_1
[2025-04-04T09:17:21.105+0000] {logging_mixin.py:190} INFO - [2025-04-04T09:17:21.103+0000] {dag.py:3262} INFO - Creating ORM DAG for dataset_consumes_1_and_2
[2025-04-04T09:17:21.110+0000] {logging_mixin.py:190} INFO - [2025-04-04T09:17:21.108+0000] {dag.py:3262} INFO - Creating ORM DAG for dataset_consumes_1_never_scheduled
[2025-04-04T09:17:21.118+0000] {logging_mixin.py:190} INFO - [2025-04-04T09:17:21.116+0000] {dag.py:3262} INFO - Creating ORM DAG for dataset_consumes_unknown_never_scheduled
[2025-04-04T09:17:21.123+0000] {logging_mixin.py:190} INFO - [2025-04-04T09:17:21.122+0000] {dag.py:3262} INFO - Creating ORM DAG for dataset_consumes_1
[2025-04-04T09:17:21.206+0000] {logging_mixin.py:190} INFO - [2025-04-04T09:17:21.205+0000] {dag.py:4180} INFO - Setting next_dagrun for conditional_dataset_and_time_based_timetable to 2025-04-02 01:00:00+00:00, run_after=2025-04-02 01:00:00+00:00
[2025-04-04T09:17:21.212+0000] {logging_mixin.py:190} INFO - [2025-04-04T09:17:21.211+0000] {dag.py:4180} INFO - Setting next_dagrun for consume_1_and_2_with_dataset_expressions to None, run_after=None
[2025-04-04T09:17:21.218+0000] {logging_mixin.py:190} INFO - [2025-04-04T09:17:21.217+0000] {dag.py:4180} INFO - Setting next_dagrun for consume_1_or_2_with_dataset_expressions to None, run_after=None
[2025-04-04T09:17:21.224+0000] {logging_mixin.py:190} INFO - [2025-04-04T09:17:21.223+0000] {dag.py:4180} INFO - Setting next_dagrun for consume_1_or_both_2_and_3_with_dataset_expressions to None, run_after=None
[2025-04-04T09:17:21.236+0000] {logging_mixin.py:190} INFO - [2025-04-04T09:17:21.233+0000] {dag.py:4180} INFO - Setting next_dagrun for dataset_consumes_1 to None, run_after=None
[2025-04-04T09:17:21.243+0000] {logging_mixin.py:190} INFO - [2025-04-04T09:17:21.241+0000] {dag.py:4180} INFO - Setting next_dagrun for dataset_consumes_1_and_2 to None, run_after=None
[2025-04-04T09:17:21.258+0000] {logging_mixin.py:190} INFO - [2025-04-04T09:17:21.257+0000] {dag.py:4180} INFO - Setting next_dagrun for dataset_consumes_1_never_scheduled to None, run_after=None
[2025-04-04T09:17:21.275+0000] {logging_mixin.py:190} INFO - [2025-04-04T09:17:21.274+0000] {dag.py:4180} INFO - Setting next_dagrun for dataset_consumes_unknown_never_scheduled to None, run_after=None
[2025-04-04T09:17:21.314+0000] {logging_mixin.py:190} INFO - [2025-04-04T09:17:21.313+0000] {dag.py:4180} INFO - Setting next_dagrun for dataset_produces_1 to 2025-04-03 00:00:00+00:00, run_after=2025-04-04 00:00:00+00:00
[2025-04-04T09:17:21.328+0000] {logging_mixin.py:190} INFO - [2025-04-04T09:17:21.327+0000] {dag.py:4180} INFO - Setting next_dagrun for dataset_produces_2 to None, run_after=None
[2025-04-04T09:17:21.886+0000] {processor.py:208} INFO - Processing /home/airflow/.local/lib/python3.12/site-packages/airflow/example_dags/example_datasets.py took 12.138 seconds
[2025-04-04T09:18:13.747+0000] {processor.py:186} INFO - Started process (PID=221) to work on /home/airflow/.local/lib/python3.12/site-packages/airflow/example_dags/example_datasets.py
[2025-04-04T09:18:13.751+0000] {processor.py:914} INFO - Processing file /home/airflow/.local/lib/python3.12/site-packages/airflow/example_dags/example_datasets.py for tasks to queue
[2025-04-04T09:18:13.761+0000] {logging_mixin.py:190} INFO - [2025-04-04T09:18:13.760+0000] {dagbag.py:588} INFO - Filling up the DagBag from /home/airflow/.local/lib/python3.12/site-packages/airflow/example_dags/example_datasets.py
[2025-04-04T09:18:16.550+0000] {processor.py:925} INFO - DAG(s) 'dataset_consumes_1_never_scheduled', 'consume_1_and_2_with_dataset_expressions', 'dataset_produces_1', 'consume_1_or_2_with_dataset_expressions', 'conditional_dataset_and_time_based_timetable', 'dataset_consumes_1_and_2', 'dataset_produces_2', 'dataset_consumes_unknown_never_scheduled', 'dataset_consumes_1', 'consume_1_or_both_2_and_3_with_dataset_expressions' retrieved from /home/airflow/.local/lib/python3.12/site-packages/airflow/example_dags/example_datasets.py
[2025-04-04T09:18:16.704+0000] {logging_mixin.py:190} INFO - [2025-04-04T09:18:16.704+0000] {dag.py:3239} INFO - Sync 10 DAGs
[2025-04-04T09:18:16.802+0000] {logging_mixin.py:190} INFO - [2025-04-04T09:18:16.801+0000] {dag.py:4180} INFO - Setting next_dagrun for conditional_dataset_and_time_based_timetable to 2025-04-02 01:00:00+00:00, run_after=2025-04-02 01:00:00+00:00
[2025-04-04T09:18:16.821+0000] {logging_mixin.py:190} INFO - [2025-04-04T09:18:16.820+0000] {dag.py:4180} INFO - Setting next_dagrun for consume_1_and_2_with_dataset_expressions to None, run_after=None
[2025-04-04T09:18:16.828+0000] {logging_mixin.py:190} INFO - [2025-04-04T09:18:16.827+0000] {dag.py:4180} INFO - Setting next_dagrun for consume_1_or_2_with_dataset_expressions to None, run_after=None
[2025-04-04T09:18:16.834+0000] {logging_mixin.py:190} INFO - [2025-04-04T09:18:16.833+0000] {dag.py:4180} INFO - Setting next_dagrun for consume_1_or_both_2_and_3_with_dataset_expressions to None, run_after=None
[2025-04-04T09:18:16.841+0000] {logging_mixin.py:190} INFO - [2025-04-04T09:18:16.840+0000] {dag.py:4180} INFO - Setting next_dagrun for dataset_consumes_1 to None, run_after=None
[2025-04-04T09:18:16.849+0000] {logging_mixin.py:190} INFO - [2025-04-04T09:18:16.848+0000] {dag.py:4180} INFO - Setting next_dagrun for dataset_consumes_1_and_2 to None, run_after=None
[2025-04-04T09:18:16.856+0000] {logging_mixin.py:190} INFO - [2025-04-04T09:18:16.855+0000] {dag.py:4180} INFO - Setting next_dagrun for dataset_consumes_1_never_scheduled to None, run_after=None
[2025-04-04T09:18:16.865+0000] {logging_mixin.py:190} INFO - [2025-04-04T09:18:16.863+0000] {dag.py:4180} INFO - Setting next_dagrun for dataset_consumes_unknown_never_scheduled to None, run_after=None
[2025-04-04T09:18:16.879+0000] {logging_mixin.py:190} INFO - [2025-04-04T09:18:16.878+0000] {dag.py:4180} INFO - Setting next_dagrun for dataset_produces_1 to 2025-04-03 00:00:00+00:00, run_after=2025-04-04 00:00:00+00:00
[2025-04-04T09:18:16.888+0000] {logging_mixin.py:190} INFO - [2025-04-04T09:18:16.887+0000] {dag.py:4180} INFO - Setting next_dagrun for dataset_produces_2 to None, run_after=None
[2025-04-04T09:18:17.111+0000] {processor.py:208} INFO - Processing /home/airflow/.local/lib/python3.12/site-packages/airflow/example_dags/example_datasets.py took 3.399 seconds
[2025-04-04T09:19:09.200+0000] {processor.py:186} INFO - Started process (PID=290) to work on /home/airflow/.local/lib/python3.12/site-packages/airflow/example_dags/example_datasets.py
[2025-04-04T09:19:09.230+0000] {processor.py:914} INFO - Processing file /home/airflow/.local/lib/python3.12/site-packages/airflow/example_dags/example_datasets.py for tasks to queue
[2025-04-04T09:19:09.281+0000] {logging_mixin.py:190} INFO - [2025-04-04T09:19:09.279+0000] {dagbag.py:588} INFO - Filling up the DagBag from /home/airflow/.local/lib/python3.12/site-packages/airflow/example_dags/example_datasets.py
[2025-04-04T09:19:19.168+0000] {processor.py:925} INFO - DAG(s) 'dataset_consumes_1_and_2', 'dataset_consumes_1', 'dataset_produces_2', 'dataset_consumes_unknown_never_scheduled', 'conditional_dataset_and_time_based_timetable', 'dataset_consumes_1_never_scheduled', 'dataset_produces_1', 'consume_1_or_both_2_and_3_with_dataset_expressions', 'consume_1_and_2_with_dataset_expressions', 'consume_1_or_2_with_dataset_expressions' retrieved from /home/airflow/.local/lib/python3.12/site-packages/airflow/example_dags/example_datasets.py
[2025-04-04T09:19:19.692+0000] {logging_mixin.py:190} INFO - [2025-04-04T09:19:19.691+0000] {dag.py:3239} INFO - Sync 10 DAGs
[2025-04-04T09:19:19.999+0000] {logging_mixin.py:190} INFO - [2025-04-04T09:19:19.989+0000] {dag.py:4180} INFO - Setting next_dagrun for conditional_dataset_and_time_based_timetable to 2025-04-02 01:00:00+00:00, run_after=2025-04-02 01:00:00+00:00
[2025-04-04T09:19:20.053+0000] {logging_mixin.py:190} INFO - [2025-04-04T09:19:20.052+0000] {dag.py:4180} INFO - Setting next_dagrun for consume_1_and_2_with_dataset_expressions to None, run_after=None
[2025-04-04T09:19:20.063+0000] {logging_mixin.py:190} INFO - [2025-04-04T09:19:20.062+0000] {dag.py:4180} INFO - Setting next_dagrun for consume_1_or_2_with_dataset_expressions to None, run_after=None
[2025-04-04T09:19:20.071+0000] {logging_mixin.py:190} INFO - [2025-04-04T09:19:20.071+0000] {dag.py:4180} INFO - Setting next_dagrun for consume_1_or_both_2_and_3_with_dataset_expressions to None, run_after=None
[2025-04-04T09:19:20.084+0000] {logging_mixin.py:190} INFO - [2025-04-04T09:19:20.082+0000] {dag.py:4180} INFO - Setting next_dagrun for dataset_consumes_1 to None, run_after=None
[2025-04-04T09:19:20.093+0000] {logging_mixin.py:190} INFO - [2025-04-04T09:19:20.092+0000] {dag.py:4180} INFO - Setting next_dagrun for dataset_consumes_1_and_2 to None, run_after=None
[2025-04-04T09:19:20.109+0000] {logging_mixin.py:190} INFO - [2025-04-04T09:19:20.103+0000] {dag.py:4180} INFO - Setting next_dagrun for dataset_consumes_1_never_scheduled to None, run_after=None
[2025-04-04T09:19:20.123+0000] {logging_mixin.py:190} INFO - [2025-04-04T09:19:20.120+0000] {dag.py:4180} INFO - Setting next_dagrun for dataset_consumes_unknown_never_scheduled to None, run_after=None
[2025-04-04T09:19:20.169+0000] {logging_mixin.py:190} INFO - [2025-04-04T09:19:20.167+0000] {dag.py:4180} INFO - Setting next_dagrun for dataset_produces_1 to 2025-04-03 00:00:00+00:00, run_after=2025-04-04 00:00:00+00:00
[2025-04-04T09:19:20.211+0000] {logging_mixin.py:190} INFO - [2025-04-04T09:19:20.210+0000] {dag.py:4180} INFO - Setting next_dagrun for dataset_produces_2 to None, run_after=None
[2025-04-04T09:19:20.615+0000] {processor.py:208} INFO - Processing /home/airflow/.local/lib/python3.12/site-packages/airflow/example_dags/example_datasets.py took 11.553 seconds
[2025-04-04T09:20:46.235+0000] {processor.py:186} INFO - Started process (PID=379) to work on /home/airflow/.local/lib/python3.12/site-packages/airflow/example_dags/example_datasets.py
[2025-04-04T09:20:46.243+0000] {processor.py:914} INFO - Processing file /home/airflow/.local/lib/python3.12/site-packages/airflow/example_dags/example_datasets.py for tasks to queue
[2025-04-04T09:20:46.290+0000] {logging_mixin.py:190} INFO - [2025-04-04T09:20:46.288+0000] {dagbag.py:588} INFO - Filling up the DagBag from /home/airflow/.local/lib/python3.12/site-packages/airflow/example_dags/example_datasets.py
[2025-04-04T09:20:53.493+0000] {processor.py:925} INFO - DAG(s) 'consume_1_or_both_2_and_3_with_dataset_expressions', 'dataset_consumes_1', 'consume_1_and_2_with_dataset_expressions', 'dataset_produces_1', 'dataset_consumes_1_never_scheduled', 'dataset_consumes_1_and_2', 'consume_1_or_2_with_dataset_expressions', 'dataset_produces_2', 'conditional_dataset_and_time_based_timetable', 'dataset_consumes_unknown_never_scheduled' retrieved from /home/airflow/.local/lib/python3.12/site-packages/airflow/example_dags/example_datasets.py
[2025-04-04T09:20:54.024+0000] {logging_mixin.py:190} INFO - [2025-04-04T09:20:54.023+0000] {dag.py:3239} INFO - Sync 10 DAGs
[2025-04-04T09:20:54.454+0000] {logging_mixin.py:190} INFO - [2025-04-04T09:20:54.453+0000] {dag.py:4180} INFO - Setting next_dagrun for conditional_dataset_and_time_based_timetable to 2025-04-02 01:00:00+00:00, run_after=2025-04-02 01:00:00+00:00
[2025-04-04T09:20:54.520+0000] {logging_mixin.py:190} INFO - [2025-04-04T09:20:54.510+0000] {dag.py:4180} INFO - Setting next_dagrun for consume_1_and_2_with_dataset_expressions to None, run_after=None
[2025-04-04T09:20:54.538+0000] {logging_mixin.py:190} INFO - [2025-04-04T09:20:54.537+0000] {dag.py:4180} INFO - Setting next_dagrun for consume_1_or_2_with_dataset_expressions to None, run_after=None
[2025-04-04T09:20:54.556+0000] {logging_mixin.py:190} INFO - [2025-04-04T09:20:54.554+0000] {dag.py:4180} INFO - Setting next_dagrun for consume_1_or_both_2_and_3_with_dataset_expressions to None, run_after=None
[2025-04-04T09:20:54.574+0000] {logging_mixin.py:190} INFO - [2025-04-04T09:20:54.573+0000] {dag.py:4180} INFO - Setting next_dagrun for dataset_consumes_1 to None, run_after=None
[2025-04-04T09:20:54.581+0000] {logging_mixin.py:190} INFO - [2025-04-04T09:20:54.581+0000] {dag.py:4180} INFO - Setting next_dagrun for dataset_consumes_1_and_2 to None, run_after=None
[2025-04-04T09:20:54.590+0000] {logging_mixin.py:190} INFO - [2025-04-04T09:20:54.589+0000] {dag.py:4180} INFO - Setting next_dagrun for dataset_consumes_1_never_scheduled to None, run_after=None
[2025-04-04T09:20:54.600+0000] {logging_mixin.py:190} INFO - [2025-04-04T09:20:54.599+0000] {dag.py:4180} INFO - Setting next_dagrun for dataset_consumes_unknown_never_scheduled to None, run_after=None
[2025-04-04T09:20:54.648+0000] {logging_mixin.py:190} INFO - [2025-04-04T09:20:54.635+0000] {dag.py:4180} INFO - Setting next_dagrun for dataset_produces_1 to 2025-04-03 00:00:00+00:00, run_after=2025-04-04 00:00:00+00:00
[2025-04-04T09:20:54.669+0000] {logging_mixin.py:190} INFO - [2025-04-04T09:20:54.667+0000] {dag.py:4180} INFO - Setting next_dagrun for dataset_produces_2 to None, run_after=None
[2025-04-04T09:20:55.208+0000] {processor.py:208} INFO - Processing /home/airflow/.local/lib/python3.12/site-packages/airflow/example_dags/example_datasets.py took 9.087 seconds
[2025-04-04T09:21:34.101+0000] {processor.py:186} INFO - Started process (PID=448) to work on /home/airflow/.local/lib/python3.12/site-packages/airflow/example_dags/example_datasets.py
[2025-04-04T09:21:34.107+0000] {processor.py:914} INFO - Processing file /home/airflow/.local/lib/python3.12/site-packages/airflow/example_dags/example_datasets.py for tasks to queue
[2025-04-04T09:21:34.123+0000] {logging_mixin.py:190} INFO - [2025-04-04T09:21:34.121+0000] {dagbag.py:588} INFO - Filling up the DagBag from /home/airflow/.local/lib/python3.12/site-packages/airflow/example_dags/example_datasets.py
[2025-04-04T09:21:37.028+0000] {processor.py:925} INFO - DAG(s) 'dataset_consumes_1', 'consume_1_and_2_with_dataset_expressions', 'consume_1_or_2_with_dataset_expressions', 'dataset_produces_2', 'consume_1_or_both_2_and_3_with_dataset_expressions', 'dataset_consumes_1_and_2', 'dataset_produces_1', 'dataset_consumes_unknown_never_scheduled', 'conditional_dataset_and_time_based_timetable', 'dataset_consumes_1_never_scheduled' retrieved from /home/airflow/.local/lib/python3.12/site-packages/airflow/example_dags/example_datasets.py
[2025-04-04T09:21:37.206+0000] {logging_mixin.py:190} INFO - [2025-04-04T09:21:37.205+0000] {dag.py:3239} INFO - Sync 10 DAGs
[2025-04-04T09:21:37.328+0000] {logging_mixin.py:190} INFO - [2025-04-04T09:21:37.327+0000] {dag.py:4180} INFO - Setting next_dagrun for conditional_dataset_and_time_based_timetable to 2025-04-02 01:00:00+00:00, run_after=2025-04-02 01:00:00+00:00
[2025-04-04T09:21:37.343+0000] {logging_mixin.py:190} INFO - [2025-04-04T09:21:37.342+0000] {dag.py:4180} INFO - Setting next_dagrun for consume_1_and_2_with_dataset_expressions to None, run_after=None
[2025-04-04T09:21:37.353+0000] {logging_mixin.py:190} INFO - [2025-04-04T09:21:37.352+0000] {dag.py:4180} INFO - Setting next_dagrun for consume_1_or_2_with_dataset_expressions to None, run_after=None
[2025-04-04T09:21:37.362+0000] {logging_mixin.py:190} INFO - [2025-04-04T09:21:37.361+0000] {dag.py:4180} INFO - Setting next_dagrun for consume_1_or_both_2_and_3_with_dataset_expressions to None, run_after=None
[2025-04-04T09:21:37.369+0000] {logging_mixin.py:190} INFO - [2025-04-04T09:21:37.368+0000] {dag.py:4180} INFO - Setting next_dagrun for dataset_consumes_1 to None, run_after=None
[2025-04-04T09:21:37.376+0000] {logging_mixin.py:190} INFO - [2025-04-04T09:21:37.375+0000] {dag.py:4180} INFO - Setting next_dagrun for dataset_consumes_1_and_2 to None, run_after=None
[2025-04-04T09:21:37.384+0000] {logging_mixin.py:190} INFO - [2025-04-04T09:21:37.383+0000] {dag.py:4180} INFO - Setting next_dagrun for dataset_consumes_1_never_scheduled to None, run_after=None
[2025-04-04T09:21:37.391+0000] {logging_mixin.py:190} INFO - [2025-04-04T09:21:37.390+0000] {dag.py:4180} INFO - Setting next_dagrun for dataset_consumes_unknown_never_scheduled to None, run_after=None
[2025-04-04T09:21:37.404+0000] {logging_mixin.py:190} INFO - [2025-04-04T09:21:37.403+0000] {dag.py:4180} INFO - Setting next_dagrun for dataset_produces_1 to 2025-04-03 00:00:00+00:00, run_after=2025-04-04 00:00:00+00:00
[2025-04-04T09:21:37.410+0000] {logging_mixin.py:190} INFO - [2025-04-04T09:21:37.410+0000] {dag.py:4180} INFO - Setting next_dagrun for dataset_produces_2 to None, run_after=None
[2025-04-04T09:21:37.563+0000] {processor.py:208} INFO - Processing /home/airflow/.local/lib/python3.12/site-packages/airflow/example_dags/example_datasets.py took 3.504 seconds
[2025-04-04T09:22:37.115+0000] {processor.py:186} INFO - Started process (PID=534) to work on /home/airflow/.local/lib/python3.12/site-packages/airflow/example_dags/example_datasets.py
[2025-04-04T09:22:37.130+0000] {processor.py:914} INFO - Processing file /home/airflow/.local/lib/python3.12/site-packages/airflow/example_dags/example_datasets.py for tasks to queue
[2025-04-04T09:22:37.164+0000] {logging_mixin.py:190} INFO - [2025-04-04T09:22:37.158+0000] {dagbag.py:588} INFO - Filling up the DagBag from /home/airflow/.local/lib/python3.12/site-packages/airflow/example_dags/example_datasets.py
[2025-04-04T09:22:44.256+0000] {processor.py:925} INFO - DAG(s) 'dataset_consumes_1', 'consume_1_and_2_with_dataset_expressions', 'consume_1_or_2_with_dataset_expressions', 'consume_1_or_both_2_and_3_with_dataset_expressions', 'dataset_consumes_1_and_2', 'dataset_consumes_1_never_scheduled', 'dataset_consumes_unknown_never_scheduled', 'dataset_produces_1', 'conditional_dataset_and_time_based_timetable', 'dataset_produces_2' retrieved from /home/airflow/.local/lib/python3.12/site-packages/airflow/example_dags/example_datasets.py
[2025-04-04T09:22:44.623+0000] {logging_mixin.py:190} INFO - [2025-04-04T09:22:44.622+0000] {dag.py:3239} INFO - Sync 10 DAGs
[2025-04-04T09:22:45.060+0000] {logging_mixin.py:190} INFO - [2025-04-04T09:22:45.059+0000] {dag.py:4180} INFO - Setting next_dagrun for conditional_dataset_and_time_based_timetable to 2025-04-02 01:00:00+00:00, run_after=2025-04-02 01:00:00+00:00
[2025-04-04T09:22:45.132+0000] {logging_mixin.py:190} INFO - [2025-04-04T09:22:45.131+0000] {dag.py:4180} INFO - Setting next_dagrun for consume_1_and_2_with_dataset_expressions to None, run_after=None
[2025-04-04T09:22:45.182+0000] {logging_mixin.py:190} INFO - [2025-04-04T09:22:45.169+0000] {dag.py:4180} INFO - Setting next_dagrun for consume_1_or_2_with_dataset_expressions to None, run_after=None
[2025-04-04T09:22:45.209+0000] {logging_mixin.py:190} INFO - [2025-04-04T09:22:45.207+0000] {dag.py:4180} INFO - Setting next_dagrun for consume_1_or_both_2_and_3_with_dataset_expressions to None, run_after=None
[2025-04-04T09:22:45.247+0000] {logging_mixin.py:190} INFO - [2025-04-04T09:22:45.246+0000] {dag.py:4180} INFO - Setting next_dagrun for dataset_consumes_1 to None, run_after=None
[2025-04-04T09:22:45.265+0000] {logging_mixin.py:190} INFO - [2025-04-04T09:22:45.261+0000] {dag.py:4180} INFO - Setting next_dagrun for dataset_consumes_1_and_2 to None, run_after=None
[2025-04-04T09:22:45.278+0000] {logging_mixin.py:190} INFO - [2025-04-04T09:22:45.275+0000] {dag.py:4180} INFO - Setting next_dagrun for dataset_consumes_1_never_scheduled to None, run_after=None
[2025-04-04T09:22:45.300+0000] {logging_mixin.py:190} INFO - [2025-04-04T09:22:45.295+0000] {dag.py:4180} INFO - Setting next_dagrun for dataset_consumes_unknown_never_scheduled to None, run_after=None
[2025-04-04T09:22:45.378+0000] {logging_mixin.py:190} INFO - [2025-04-04T09:22:45.376+0000] {dag.py:4180} INFO - Setting next_dagrun for dataset_produces_1 to 2025-04-03 00:00:00+00:00, run_after=2025-04-04 00:00:00+00:00
[2025-04-04T09:22:45.398+0000] {logging_mixin.py:190} INFO - [2025-04-04T09:22:45.397+0000] {dag.py:4180} INFO - Setting next_dagrun for dataset_produces_2 to None, run_after=None
[2025-04-04T09:22:46.028+0000] {processor.py:208} INFO - Processing /home/airflow/.local/lib/python3.12/site-packages/airflow/example_dags/example_datasets.py took 9.009 seconds
[2025-04-04T09:23:39.504+0000] {processor.py:186} INFO - Started process (PID=604) to work on /home/airflow/.local/lib/python3.12/site-packages/airflow/example_dags/example_datasets.py
[2025-04-04T09:23:39.508+0000] {processor.py:914} INFO - Processing file /home/airflow/.local/lib/python3.12/site-packages/airflow/example_dags/example_datasets.py for tasks to queue
[2025-04-04T09:23:39.520+0000] {logging_mixin.py:190} INFO - [2025-04-04T09:23:39.518+0000] {dagbag.py:588} INFO - Filling up the DagBag from /home/airflow/.local/lib/python3.12/site-packages/airflow/example_dags/example_datasets.py
[2025-04-04T09:23:42.584+0000] {processor.py:925} INFO - DAG(s) 'dataset_produces_2', 'dataset_consumes_1_and_2', 'dataset_produces_1', 'consume_1_or_both_2_and_3_with_dataset_expressions', 'conditional_dataset_and_time_based_timetable', 'consume_1_and_2_with_dataset_expressions', 'consume_1_or_2_with_dataset_expressions', 'dataset_consumes_1_never_scheduled', 'dataset_consumes_unknown_never_scheduled', 'dataset_consumes_1' retrieved from /home/airflow/.local/lib/python3.12/site-packages/airflow/example_dags/example_datasets.py
[2025-04-04T09:23:42.896+0000] {logging_mixin.py:190} INFO - [2025-04-04T09:23:42.894+0000] {dag.py:3239} INFO - Sync 10 DAGs
[2025-04-04T09:23:43.050+0000] {logging_mixin.py:190} INFO - [2025-04-04T09:23:43.048+0000] {dag.py:4180} INFO - Setting next_dagrun for conditional_dataset_and_time_based_timetable to 2025-04-02 01:00:00+00:00, run_after=2025-04-02 01:00:00+00:00
[2025-04-04T09:23:43.070+0000] {logging_mixin.py:190} INFO - [2025-04-04T09:23:43.069+0000] {dag.py:4180} INFO - Setting next_dagrun for consume_1_and_2_with_dataset_expressions to None, run_after=None
[2025-04-04T09:23:43.078+0000] {logging_mixin.py:190} INFO - [2025-04-04T09:23:43.077+0000] {dag.py:4180} INFO - Setting next_dagrun for consume_1_or_2_with_dataset_expressions to None, run_after=None
[2025-04-04T09:23:43.084+0000] {logging_mixin.py:190} INFO - [2025-04-04T09:23:43.083+0000] {dag.py:4180} INFO - Setting next_dagrun for consume_1_or_both_2_and_3_with_dataset_expressions to None, run_after=None
[2025-04-04T09:23:43.090+0000] {logging_mixin.py:190} INFO - [2025-04-04T09:23:43.089+0000] {dag.py:4180} INFO - Setting next_dagrun for dataset_consumes_1 to None, run_after=None
[2025-04-04T09:23:43.097+0000] {logging_mixin.py:190} INFO - [2025-04-04T09:23:43.097+0000] {dag.py:4180} INFO - Setting next_dagrun for dataset_consumes_1_and_2 to None, run_after=None
[2025-04-04T09:23:43.104+0000] {logging_mixin.py:190} INFO - [2025-04-04T09:23:43.103+0000] {dag.py:4180} INFO - Setting next_dagrun for dataset_consumes_1_never_scheduled to None, run_after=None
[2025-04-04T09:23:43.111+0000] {logging_mixin.py:190} INFO - [2025-04-04T09:23:43.110+0000] {dag.py:4180} INFO - Setting next_dagrun for dataset_consumes_unknown_never_scheduled to None, run_after=None
[2025-04-04T09:23:43.124+0000] {logging_mixin.py:190} INFO - [2025-04-04T09:23:43.123+0000] {dag.py:4180} INFO - Setting next_dagrun for dataset_produces_1 to 2025-04-03 00:00:00+00:00, run_after=2025-04-04 00:00:00+00:00
[2025-04-04T09:23:43.141+0000] {logging_mixin.py:190} INFO - [2025-04-04T09:23:43.140+0000] {dag.py:4180} INFO - Setting next_dagrun for dataset_produces_2 to None, run_after=None
[2025-04-04T09:23:43.353+0000] {processor.py:208} INFO - Processing /home/airflow/.local/lib/python3.12/site-packages/airflow/example_dags/example_datasets.py took 3.882 seconds
[2025-04-04T09:24:13.608+0000] {processor.py:186} INFO - Started process (PID=673) to work on /home/airflow/.local/lib/python3.12/site-packages/airflow/example_dags/example_datasets.py
[2025-04-04T09:24:13.612+0000] {processor.py:914} INFO - Processing file /home/airflow/.local/lib/python3.12/site-packages/airflow/example_dags/example_datasets.py for tasks to queue
[2025-04-04T09:24:13.622+0000] {logging_mixin.py:190} INFO - [2025-04-04T09:24:13.620+0000] {dagbag.py:588} INFO - Filling up the DagBag from /home/airflow/.local/lib/python3.12/site-packages/airflow/example_dags/example_datasets.py
[2025-04-04T09:24:15.994+0000] {processor.py:925} INFO - DAG(s) 'dataset_consumes_1_never_scheduled', 'dataset_consumes_1', 'conditional_dataset_and_time_based_timetable', 'dataset_consumes_unknown_never_scheduled', 'dataset_produces_1', 'consume_1_or_both_2_and_3_with_dataset_expressions', 'consume_1_and_2_with_dataset_expressions', 'consume_1_or_2_with_dataset_expressions', 'dataset_produces_2', 'dataset_consumes_1_and_2' retrieved from /home/airflow/.local/lib/python3.12/site-packages/airflow/example_dags/example_datasets.py
[2025-04-04T09:24:16.272+0000] {logging_mixin.py:190} INFO - [2025-04-04T09:24:16.271+0000] {dag.py:3239} INFO - Sync 10 DAGs
[2025-04-04T09:24:16.409+0000] {logging_mixin.py:190} INFO - [2025-04-04T09:24:16.408+0000] {dag.py:4180} INFO - Setting next_dagrun for conditional_dataset_and_time_based_timetable to 2025-04-02 01:00:00+00:00, run_after=2025-04-02 01:00:00+00:00
[2025-04-04T09:24:16.428+0000] {logging_mixin.py:190} INFO - [2025-04-04T09:24:16.427+0000] {dag.py:4180} INFO - Setting next_dagrun for consume_1_and_2_with_dataset_expressions to None, run_after=None
[2025-04-04T09:24:16.437+0000] {logging_mixin.py:190} INFO - [2025-04-04T09:24:16.435+0000] {dag.py:4180} INFO - Setting next_dagrun for consume_1_or_2_with_dataset_expressions to None, run_after=None
[2025-04-04T09:24:16.446+0000] {logging_mixin.py:190} INFO - [2025-04-04T09:24:16.445+0000] {dag.py:4180} INFO - Setting next_dagrun for consume_1_or_both_2_and_3_with_dataset_expressions to None, run_after=None
[2025-04-04T09:24:16.454+0000] {logging_mixin.py:190} INFO - [2025-04-04T09:24:16.453+0000] {dag.py:4180} INFO - Setting next_dagrun for dataset_consumes_1 to None, run_after=None
[2025-04-04T09:24:16.465+0000] {logging_mixin.py:190} INFO - [2025-04-04T09:24:16.462+0000] {dag.py:4180} INFO - Setting next_dagrun for dataset_consumes_1_and_2 to None, run_after=None
[2025-04-04T09:24:16.473+0000] {logging_mixin.py:190} INFO - [2025-04-04T09:24:16.472+0000] {dag.py:4180} INFO - Setting next_dagrun for dataset_consumes_1_never_scheduled to None, run_after=None
[2025-04-04T09:24:16.481+0000] {logging_mixin.py:190} INFO - [2025-04-04T09:24:16.480+0000] {dag.py:4180} INFO - Setting next_dagrun for dataset_consumes_unknown_never_scheduled to None, run_after=None
[2025-04-04T09:24:16.494+0000] {logging_mixin.py:190} INFO - [2025-04-04T09:24:16.492+0000] {dag.py:4180} INFO - Setting next_dagrun for dataset_produces_1 to 2025-04-03 00:00:00+00:00, run_after=2025-04-04 00:00:00+00:00
[2025-04-04T09:24:16.500+0000] {logging_mixin.py:190} INFO - [2025-04-04T09:24:16.500+0000] {dag.py:4180} INFO - Setting next_dagrun for dataset_produces_2 to None, run_after=None
[2025-04-04T09:24:16.667+0000] {processor.py:208} INFO - Processing /home/airflow/.local/lib/python3.12/site-packages/airflow/example_dags/example_datasets.py took 3.082 seconds
[2025-04-04T09:25:00.212+0000] {processor.py:186} INFO - Started process (PID=745) to work on /home/airflow/.local/lib/python3.12/site-packages/airflow/example_dags/example_datasets.py
[2025-04-04T09:25:00.221+0000] {processor.py:914} INFO - Processing file /home/airflow/.local/lib/python3.12/site-packages/airflow/example_dags/example_datasets.py for tasks to queue
[2025-04-04T09:25:00.245+0000] {logging_mixin.py:190} INFO - [2025-04-04T09:25:00.236+0000] {dagbag.py:588} INFO - Filling up the DagBag from /home/airflow/.local/lib/python3.12/site-packages/airflow/example_dags/example_datasets.py
[2025-04-04T09:25:03.241+0000] {processor.py:925} INFO - DAG(s) 'dataset_consumes_1', 'conditional_dataset_and_time_based_timetable', 'dataset_consumes_unknown_never_scheduled', 'dataset_consumes_1_never_scheduled', 'dataset_produces_1', 'consume_1_or_both_2_and_3_with_dataset_expressions', 'dataset_produces_2', 'consume_1_and_2_with_dataset_expressions', 'consume_1_or_2_with_dataset_expressions', 'dataset_consumes_1_and_2' retrieved from /home/airflow/.local/lib/python3.12/site-packages/airflow/example_dags/example_datasets.py
[2025-04-04T09:25:03.532+0000] {logging_mixin.py:190} INFO - [2025-04-04T09:25:03.531+0000] {dag.py:3239} INFO - Sync 10 DAGs
[2025-04-04T09:25:03.643+0000] {logging_mixin.py:190} INFO - [2025-04-04T09:25:03.642+0000] {dag.py:4180} INFO - Setting next_dagrun for conditional_dataset_and_time_based_timetable to 2025-04-02 01:00:00+00:00, run_after=2025-04-02 01:00:00+00:00
[2025-04-04T09:25:03.658+0000] {logging_mixin.py:190} INFO - [2025-04-04T09:25:03.657+0000] {dag.py:4180} INFO - Setting next_dagrun for consume_1_and_2_with_dataset_expressions to None, run_after=None
[2025-04-04T09:25:03.666+0000] {logging_mixin.py:190} INFO - [2025-04-04T09:25:03.665+0000] {dag.py:4180} INFO - Setting next_dagrun for consume_1_or_2_with_dataset_expressions to None, run_after=None
[2025-04-04T09:25:03.673+0000] {logging_mixin.py:190} INFO - [2025-04-04T09:25:03.672+0000] {dag.py:4180} INFO - Setting next_dagrun for consume_1_or_both_2_and_3_with_dataset_expressions to None, run_after=None
[2025-04-04T09:25:03.684+0000] {logging_mixin.py:190} INFO - [2025-04-04T09:25:03.683+0000] {dag.py:4180} INFO - Setting next_dagrun for dataset_consumes_1 to None, run_after=None
[2025-04-04T09:25:03.690+0000] {logging_mixin.py:190} INFO - [2025-04-04T09:25:03.690+0000] {dag.py:4180} INFO - Setting next_dagrun for dataset_consumes_1_and_2 to None, run_after=None
[2025-04-04T09:25:03.698+0000] {logging_mixin.py:190} INFO - [2025-04-04T09:25:03.697+0000] {dag.py:4180} INFO - Setting next_dagrun for dataset_consumes_1_never_scheduled to None, run_after=None
[2025-04-04T09:25:03.705+0000] {logging_mixin.py:190} INFO - [2025-04-04T09:25:03.704+0000] {dag.py:4180} INFO - Setting next_dagrun for dataset_consumes_unknown_never_scheduled to None, run_after=None
[2025-04-04T09:25:03.726+0000] {logging_mixin.py:190} INFO - [2025-04-04T09:25:03.725+0000] {dag.py:4180} INFO - Setting next_dagrun for dataset_produces_1 to 2025-04-03 00:00:00+00:00, run_after=2025-04-04 00:00:00+00:00
[2025-04-04T09:25:03.734+0000] {logging_mixin.py:190} INFO - [2025-04-04T09:25:03.733+0000] {dag.py:4180} INFO - Setting next_dagrun for dataset_produces_2 to None, run_after=None
[2025-04-04T09:25:03.972+0000] {processor.py:208} INFO - Processing /home/airflow/.local/lib/python3.12/site-packages/airflow/example_dags/example_datasets.py took 3.799 seconds
[2025-04-04T09:25:40.138+0000] {processor.py:186} INFO - Started process (PID=815) to work on /home/airflow/.local/lib/python3.12/site-packages/airflow/example_dags/example_datasets.py
[2025-04-04T09:25:40.143+0000] {processor.py:914} INFO - Processing file /home/airflow/.local/lib/python3.12/site-packages/airflow/example_dags/example_datasets.py for tasks to queue
[2025-04-04T09:25:40.162+0000] {logging_mixin.py:190} INFO - [2025-04-04T09:25:40.161+0000] {dagbag.py:588} INFO - Filling up the DagBag from /home/airflow/.local/lib/python3.12/site-packages/airflow/example_dags/example_datasets.py
[2025-04-04T09:25:45.586+0000] {processor.py:925} INFO - DAG(s) 'dataset_produces_1', 'dataset_produces_2', 'dataset_consumes_1_and_2', 'dataset_consumes_1', 'conditional_dataset_and_time_based_timetable', 'consume_1_or_2_with_dataset_expressions', 'consume_1_or_both_2_and_3_with_dataset_expressions', 'dataset_consumes_1_never_scheduled', 'dataset_consumes_unknown_never_scheduled', 'consume_1_and_2_with_dataset_expressions' retrieved from /home/airflow/.local/lib/python3.12/site-packages/airflow/example_dags/example_datasets.py
[2025-04-04T09:25:45.937+0000] {logging_mixin.py:190} INFO - [2025-04-04T09:25:45.935+0000] {dag.py:3239} INFO - Sync 10 DAGs
[2025-04-04T09:25:46.317+0000] {logging_mixin.py:190} INFO - [2025-04-04T09:25:46.310+0000] {dag.py:4180} INFO - Setting next_dagrun for conditional_dataset_and_time_based_timetable to 2025-04-02 01:00:00+00:00, run_after=2025-04-02 01:00:00+00:00
[2025-04-04T09:25:46.376+0000] {logging_mixin.py:190} INFO - [2025-04-04T09:25:46.374+0000] {dag.py:4180} INFO - Setting next_dagrun for consume_1_and_2_with_dataset_expressions to None, run_after=None
[2025-04-04T09:25:46.407+0000] {logging_mixin.py:190} INFO - [2025-04-04T09:25:46.406+0000] {dag.py:4180} INFO - Setting next_dagrun for consume_1_or_2_with_dataset_expressions to None, run_after=None
[2025-04-04T09:25:46.448+0000] {logging_mixin.py:190} INFO - [2025-04-04T09:25:46.446+0000] {dag.py:4180} INFO - Setting next_dagrun for consume_1_or_both_2_and_3_with_dataset_expressions to None, run_after=None
[2025-04-04T09:25:46.481+0000] {logging_mixin.py:190} INFO - [2025-04-04T09:25:46.480+0000] {dag.py:4180} INFO - Setting next_dagrun for dataset_consumes_1 to None, run_after=None
[2025-04-04T09:25:46.510+0000] {logging_mixin.py:190} INFO - [2025-04-04T09:25:46.498+0000] {dag.py:4180} INFO - Setting next_dagrun for dataset_consumes_1_and_2 to None, run_after=None
[2025-04-04T09:25:46.529+0000] {logging_mixin.py:190} INFO - [2025-04-04T09:25:46.528+0000] {dag.py:4180} INFO - Setting next_dagrun for dataset_consumes_1_never_scheduled to None, run_after=None
[2025-04-04T09:25:46.549+0000] {logging_mixin.py:190} INFO - [2025-04-04T09:25:46.548+0000] {dag.py:4180} INFO - Setting next_dagrun for dataset_consumes_unknown_never_scheduled to None, run_after=None
[2025-04-04T09:25:46.599+0000] {logging_mixin.py:190} INFO - [2025-04-04T09:25:46.598+0000] {dag.py:4180} INFO - Setting next_dagrun for dataset_produces_1 to 2025-04-03 00:00:00+00:00, run_after=2025-04-04 00:00:00+00:00
[2025-04-04T09:25:46.617+0000] {logging_mixin.py:190} INFO - [2025-04-04T09:25:46.616+0000] {dag.py:4180} INFO - Setting next_dagrun for dataset_produces_2 to None, run_after=None
[2025-04-04T09:25:47.041+0000] {processor.py:208} INFO - Processing /home/airflow/.local/lib/python3.12/site-packages/airflow/example_dags/example_datasets.py took 6.936 seconds
[2025-04-04T09:26:25.546+0000] {processor.py:186} INFO - Started process (PID=885) to work on /home/airflow/.local/lib/python3.12/site-packages/airflow/example_dags/example_datasets.py
[2025-04-04T09:26:25.556+0000] {processor.py:914} INFO - Processing file /home/airflow/.local/lib/python3.12/site-packages/airflow/example_dags/example_datasets.py for tasks to queue
[2025-04-04T09:26:25.588+0000] {logging_mixin.py:190} INFO - [2025-04-04T09:26:25.578+0000] {dagbag.py:588} INFO - Filling up the DagBag from /home/airflow/.local/lib/python3.12/site-packages/airflow/example_dags/example_datasets.py
[2025-04-04T09:26:30.418+0000] {processor.py:925} INFO - DAG(s) 'consume_1_or_both_2_and_3_with_dataset_expressions', 'dataset_consumes_1_and_2', 'dataset_consumes_1', 'conditional_dataset_and_time_based_timetable', 'dataset_consumes_unknown_never_scheduled', 'consume_1_and_2_with_dataset_expressions', 'dataset_consumes_1_never_scheduled', 'dataset_produces_2', 'consume_1_or_2_with_dataset_expressions', 'dataset_produces_1' retrieved from /home/airflow/.local/lib/python3.12/site-packages/airflow/example_dags/example_datasets.py
[2025-04-04T09:26:30.710+0000] {logging_mixin.py:190} INFO - [2025-04-04T09:26:30.709+0000] {dag.py:3239} INFO - Sync 10 DAGs
[2025-04-04T09:26:30.842+0000] {logging_mixin.py:190} INFO - [2025-04-04T09:26:30.841+0000] {dag.py:4180} INFO - Setting next_dagrun for conditional_dataset_and_time_based_timetable to 2025-04-02 01:00:00+00:00, run_after=2025-04-02 01:00:00+00:00
[2025-04-04T09:26:30.866+0000] {logging_mixin.py:190} INFO - [2025-04-04T09:26:30.865+0000] {dag.py:4180} INFO - Setting next_dagrun for consume_1_and_2_with_dataset_expressions to None, run_after=None
[2025-04-04T09:26:30.897+0000] {logging_mixin.py:190} INFO - [2025-04-04T09:26:30.885+0000] {dag.py:4180} INFO - Setting next_dagrun for consume_1_or_2_with_dataset_expressions to None, run_after=None
[2025-04-04T09:26:30.915+0000] {logging_mixin.py:190} INFO - [2025-04-04T09:26:30.914+0000] {dag.py:4180} INFO - Setting next_dagrun for consume_1_or_both_2_and_3_with_dataset_expressions to None, run_after=None
[2025-04-04T09:26:30.930+0000] {logging_mixin.py:190} INFO - [2025-04-04T09:26:30.929+0000] {dag.py:4180} INFO - Setting next_dagrun for dataset_consumes_1 to None, run_after=None
[2025-04-04T09:26:30.938+0000] {logging_mixin.py:190} INFO - [2025-04-04T09:26:30.937+0000] {dag.py:4180} INFO - Setting next_dagrun for dataset_consumes_1_and_2 to None, run_after=None
[2025-04-04T09:26:30.961+0000] {logging_mixin.py:190} INFO - [2025-04-04T09:26:30.954+0000] {dag.py:4180} INFO - Setting next_dagrun for dataset_consumes_1_never_scheduled to None, run_after=None
[2025-04-04T09:26:30.971+0000] {logging_mixin.py:190} INFO - [2025-04-04T09:26:30.970+0000] {dag.py:4180} INFO - Setting next_dagrun for dataset_consumes_unknown_never_scheduled to None, run_after=None
[2025-04-04T09:26:30.989+0000] {logging_mixin.py:190} INFO - [2025-04-04T09:26:30.988+0000] {dag.py:4180} INFO - Setting next_dagrun for dataset_produces_1 to 2025-04-03 00:00:00+00:00, run_after=2025-04-04 00:00:00+00:00
[2025-04-04T09:26:31.002+0000] {logging_mixin.py:190} INFO - [2025-04-04T09:26:31.001+0000] {dag.py:4180} INFO - Setting next_dagrun for dataset_produces_2 to None, run_after=None
[2025-04-04T09:26:31.226+0000] {processor.py:208} INFO - Processing /home/airflow/.local/lib/python3.12/site-packages/airflow/example_dags/example_datasets.py took 5.723 seconds
[2025-04-04T09:33:29.674+0000] {processor.py:186} INFO - Started process (PID=164) to work on /home/airflow/.local/lib/python3.12/site-packages/airflow/example_dags/example_datasets.py
[2025-04-04T09:33:29.682+0000] {processor.py:914} INFO - Processing file /home/airflow/.local/lib/python3.12/site-packages/airflow/example_dags/example_datasets.py for tasks to queue
[2025-04-04T09:33:29.710+0000] {logging_mixin.py:190} INFO - [2025-04-04T09:33:29.704+0000] {dagbag.py:588} INFO - Filling up the DagBag from /home/airflow/.local/lib/python3.12/site-packages/airflow/example_dags/example_datasets.py
[2025-04-04T09:33:33.133+0000] {processor.py:925} INFO - DAG(s) 'dataset_consumes_1', 'conditional_dataset_and_time_based_timetable', 'consume_1_or_2_with_dataset_expressions', 'dataset_consumes_1_never_scheduled', 'dataset_produces_2', 'consume_1_or_both_2_and_3_with_dataset_expressions', 'dataset_consumes_1_and_2', 'dataset_produces_1', 'consume_1_and_2_with_dataset_expressions', 'dataset_consumes_unknown_never_scheduled' retrieved from /home/airflow/.local/lib/python3.12/site-packages/airflow/example_dags/example_datasets.py
[2025-04-04T09:33:33.339+0000] {logging_mixin.py:190} INFO - [2025-04-04T09:33:33.338+0000] {dag.py:3239} INFO - Sync 10 DAGs
[2025-04-04T09:33:33.468+0000] {logging_mixin.py:190} INFO - [2025-04-04T09:33:33.467+0000] {dag.py:4180} INFO - Setting next_dagrun for conditional_dataset_and_time_based_timetable to 2025-04-02 01:00:00+00:00, run_after=2025-04-02 01:00:00+00:00
[2025-04-04T09:33:33.491+0000] {logging_mixin.py:190} INFO - [2025-04-04T09:33:33.489+0000] {dag.py:4180} INFO - Setting next_dagrun for consume_1_and_2_with_dataset_expressions to None, run_after=None
[2025-04-04T09:33:33.499+0000] {logging_mixin.py:190} INFO - [2025-04-04T09:33:33.499+0000] {dag.py:4180} INFO - Setting next_dagrun for consume_1_or_2_with_dataset_expressions to None, run_after=None
[2025-04-04T09:33:33.506+0000] {logging_mixin.py:190} INFO - [2025-04-04T09:33:33.505+0000] {dag.py:4180} INFO - Setting next_dagrun for consume_1_or_both_2_and_3_with_dataset_expressions to None, run_after=None
[2025-04-04T09:33:33.515+0000] {logging_mixin.py:190} INFO - [2025-04-04T09:33:33.514+0000] {dag.py:4180} INFO - Setting next_dagrun for dataset_consumes_1 to None, run_after=None
[2025-04-04T09:33:33.522+0000] {logging_mixin.py:190} INFO - [2025-04-04T09:33:33.521+0000] {dag.py:4180} INFO - Setting next_dagrun for dataset_consumes_1_and_2 to None, run_after=None
[2025-04-04T09:33:33.530+0000] {logging_mixin.py:190} INFO - [2025-04-04T09:33:33.529+0000] {dag.py:4180} INFO - Setting next_dagrun for dataset_consumes_1_never_scheduled to None, run_after=None
[2025-04-04T09:33:33.537+0000] {logging_mixin.py:190} INFO - [2025-04-04T09:33:33.536+0000] {dag.py:4180} INFO - Setting next_dagrun for dataset_consumes_unknown_never_scheduled to None, run_after=None
[2025-04-04T09:33:33.550+0000] {logging_mixin.py:190} INFO - [2025-04-04T09:33:33.550+0000] {dag.py:4180} INFO - Setting next_dagrun for dataset_produces_1 to 2025-04-03 00:00:00+00:00, run_after=2025-04-04 00:00:00+00:00
[2025-04-04T09:33:33.558+0000] {logging_mixin.py:190} INFO - [2025-04-04T09:33:33.557+0000] {dag.py:4180} INFO - Setting next_dagrun for dataset_produces_2 to None, run_after=None
[2025-04-04T09:33:33.740+0000] {processor.py:208} INFO - Processing /home/airflow/.local/lib/python3.12/site-packages/airflow/example_dags/example_datasets.py took 4.125 seconds
