[2025-04-04T09:04:51.354+0000] {processor.py:186} INFO - Started process (PID=163) to work on /home/airflow/.local/lib/python3.12/site-packages/airflow/example_dags/example_skip_dag.py
[2025-04-04T09:04:51.387+0000] {processor.py:914} INFO - Processing file /home/airflow/.local/lib/python3.12/site-packages/airflow/example_dags/example_skip_dag.py for tasks to queue
[2025-04-04T09:04:51.441+0000] {logging_mixin.py:190} INFO - [2025-04-04T09:04:51.427+0000] {dagbag.py:588} INFO - Filling up the DagBag from /home/airflow/.local/lib/python3.12/site-packages/airflow/example_dags/example_skip_dag.py
[2025-04-04T09:04:51.670+0000] {processor.py:925} INFO - DAG(s) 'example_skip_dag' retrieved from /home/airflow/.local/lib/python3.12/site-packages/airflow/example_dags/example_skip_dag.py
[2025-04-04T09:04:54.383+0000] {logging_mixin.py:190} INFO - [2025-04-04T09:04:54.365+0000] {override.py:1912} INFO - Created Permission View: can delete on DAG:example_skip_dag
[2025-04-04T09:04:54.584+0000] {logging_mixin.py:190} INFO - [2025-04-04T09:04:54.582+0000] {override.py:1912} INFO - Created Permission View: can edit on DAG:example_skip_dag
[2025-04-04T09:04:54.690+0000] {logging_mixin.py:190} INFO - [2025-04-04T09:04:54.689+0000] {override.py:1912} INFO - Created Permission View: can read on DAG:example_skip_dag
[2025-04-04T09:04:54.881+0000] {logging_mixin.py:190} INFO - [2025-04-04T09:04:54.880+0000] {override.py:1912} INFO - Created Permission View: menu access on DAG Run:example_skip_dag
[2025-04-04T09:04:55.043+0000] {logging_mixin.py:190} INFO - [2025-04-04T09:04:55.042+0000] {override.py:1912} INFO - Created Permission View: can create on DAG Run:example_skip_dag
[2025-04-04T09:04:55.172+0000] {logging_mixin.py:190} INFO - [2025-04-04T09:04:55.171+0000] {override.py:1912} INFO - Created Permission View: can delete on DAG Run:example_skip_dag
[2025-04-04T09:04:55.300+0000] {logging_mixin.py:190} INFO - [2025-04-04T09:04:55.299+0000] {override.py:1912} INFO - Created Permission View: can read on DAG Run:example_skip_dag
[2025-04-04T09:04:55.308+0000] {logging_mixin.py:190} INFO - [2025-04-04T09:04:55.307+0000] {dag.py:3239} INFO - Sync 1 DAGs
[2025-04-04T09:04:55.668+0000] {logging_mixin.py:190} INFO - [2025-04-04T09:04:55.667+0000] {dag.py:3262} INFO - Creating ORM DAG for example_skip_dag
[2025-04-04T09:04:55.888+0000] {logging_mixin.py:190} INFO - [2025-04-04T09:04:55.827+0000] {dag.py:4180} INFO - Setting next_dagrun for example_skip_dag to 2025-04-03 00:00:00+00:00, run_after=2025-04-04 00:00:00+00:00
[2025-04-04T09:04:56.195+0000] {processor.py:208} INFO - Processing /home/airflow/.local/lib/python3.12/site-packages/airflow/example_dags/example_skip_dag.py took 4.981 seconds
[2025-04-04T09:17:02.850+0000] {processor.py:186} INFO - Started process (PID=145) to work on /home/airflow/.local/lib/python3.12/site-packages/airflow/example_dags/example_skip_dag.py
[2025-04-04T09:17:02.867+0000] {processor.py:914} INFO - Processing file /home/airflow/.local/lib/python3.12/site-packages/airflow/example_dags/example_skip_dag.py for tasks to queue
[2025-04-04T09:17:02.989+0000] {logging_mixin.py:190} INFO - [2025-04-04T09:17:02.938+0000] {dagbag.py:588} INFO - Filling up the DagBag from /home/airflow/.local/lib/python3.12/site-packages/airflow/example_dags/example_skip_dag.py
[2025-04-04T09:17:03.275+0000] {processor.py:925} INFO - DAG(s) 'example_skip_dag' retrieved from /home/airflow/.local/lib/python3.12/site-packages/airflow/example_dags/example_skip_dag.py
[2025-04-04T09:17:03.783+0000] {logging_mixin.py:190} INFO - [2025-04-04T09:17:03.770+0000] {dag.py:3239} INFO - Sync 1 DAGs
[2025-04-04T09:17:04.227+0000] {logging_mixin.py:190} INFO - [2025-04-04T09:17:04.226+0000] {dag.py:4180} INFO - Setting next_dagrun for example_skip_dag to 2025-04-03 00:00:00+00:00, run_after=2025-04-04 00:00:00+00:00
[2025-04-04T09:17:04.567+0000] {processor.py:208} INFO - Processing /home/airflow/.local/lib/python3.12/site-packages/airflow/example_dags/example_skip_dag.py took 2.047 seconds
[2025-04-04T09:18:10.879+0000] {processor.py:186} INFO - Started process (PID=213) to work on /home/airflow/.local/lib/python3.12/site-packages/airflow/example_dags/example_skip_dag.py
[2025-04-04T09:18:10.885+0000] {processor.py:914} INFO - Processing file /home/airflow/.local/lib/python3.12/site-packages/airflow/example_dags/example_skip_dag.py for tasks to queue
[2025-04-04T09:18:10.898+0000] {logging_mixin.py:190} INFO - [2025-04-04T09:18:10.896+0000] {dagbag.py:588} INFO - Filling up the DagBag from /home/airflow/.local/lib/python3.12/site-packages/airflow/example_dags/example_skip_dag.py
[2025-04-04T09:18:10.942+0000] {processor.py:925} INFO - DAG(s) 'example_skip_dag' retrieved from /home/airflow/.local/lib/python3.12/site-packages/airflow/example_dags/example_skip_dag.py
[2025-04-04T09:18:11.083+0000] {logging_mixin.py:190} INFO - [2025-04-04T09:18:11.081+0000] {dag.py:3239} INFO - Sync 1 DAGs
[2025-04-04T09:18:11.217+0000] {logging_mixin.py:190} INFO - [2025-04-04T09:18:11.216+0000] {dag.py:4180} INFO - Setting next_dagrun for example_skip_dag to 2025-04-03 00:00:00+00:00, run_after=2025-04-04 00:00:00+00:00
[2025-04-04T09:18:11.311+0000] {processor.py:208} INFO - Processing /home/airflow/.local/lib/python3.12/site-packages/airflow/example_dags/example_skip_dag.py took 0.474 seconds
[2025-04-04T09:19:02.067+0000] {processor.py:186} INFO - Started process (PID=279) to work on /home/airflow/.local/lib/python3.12/site-packages/airflow/example_dags/example_skip_dag.py
[2025-04-04T09:19:02.077+0000] {processor.py:914} INFO - Processing file /home/airflow/.local/lib/python3.12/site-packages/airflow/example_dags/example_skip_dag.py for tasks to queue
[2025-04-04T09:19:02.134+0000] {logging_mixin.py:190} INFO - [2025-04-04T09:19:02.120+0000] {dagbag.py:588} INFO - Filling up the DagBag from /home/airflow/.local/lib/python3.12/site-packages/airflow/example_dags/example_skip_dag.py
[2025-04-04T09:19:02.583+0000] {processor.py:925} INFO - DAG(s) 'example_skip_dag' retrieved from /home/airflow/.local/lib/python3.12/site-packages/airflow/example_dags/example_skip_dag.py
[2025-04-04T09:19:03.019+0000] {logging_mixin.py:190} INFO - [2025-04-04T09:19:03.018+0000] {dag.py:3239} INFO - Sync 1 DAGs
[2025-04-04T09:19:03.528+0000] {logging_mixin.py:190} INFO - [2025-04-04T09:19:03.520+0000] {dag.py:4180} INFO - Setting next_dagrun for example_skip_dag to 2025-04-03 00:00:00+00:00, run_after=2025-04-04 00:00:00+00:00
[2025-04-04T09:19:03.859+0000] {processor.py:208} INFO - Processing /home/airflow/.local/lib/python3.12/site-packages/airflow/example_dags/example_skip_dag.py took 1.945 seconds
[2025-04-04T09:20:40.113+0000] {processor.py:186} INFO - Started process (PID=374) to work on /home/airflow/.local/lib/python3.12/site-packages/airflow/example_dags/example_skip_dag.py
[2025-04-04T09:20:40.125+0000] {processor.py:914} INFO - Processing file /home/airflow/.local/lib/python3.12/site-packages/airflow/example_dags/example_skip_dag.py for tasks to queue
[2025-04-04T09:20:40.207+0000] {logging_mixin.py:190} INFO - [2025-04-04T09:20:40.204+0000] {dagbag.py:588} INFO - Filling up the DagBag from /home/airflow/.local/lib/python3.12/site-packages/airflow/example_dags/example_skip_dag.py
[2025-04-04T09:20:40.389+0000] {processor.py:925} INFO - DAG(s) 'example_skip_dag' retrieved from /home/airflow/.local/lib/python3.12/site-packages/airflow/example_dags/example_skip_dag.py
[2025-04-04T09:20:40.776+0000] {logging_mixin.py:190} INFO - [2025-04-04T09:20:40.775+0000] {dag.py:3239} INFO - Sync 1 DAGs
[2025-04-04T09:20:41.142+0000] {logging_mixin.py:190} INFO - [2025-04-04T09:20:41.140+0000] {dag.py:4180} INFO - Setting next_dagrun for example_skip_dag to 2025-04-03 00:00:00+00:00, run_after=2025-04-04 00:00:00+00:00
[2025-04-04T09:20:41.472+0000] {processor.py:208} INFO - Processing /home/airflow/.local/lib/python3.12/site-packages/airflow/example_dags/example_skip_dag.py took 1.485 seconds
[2025-04-04T09:21:30.017+0000] {processor.py:186} INFO - Started process (PID=437) to work on /home/airflow/.local/lib/python3.12/site-packages/airflow/example_dags/example_skip_dag.py
[2025-04-04T09:21:30.021+0000] {processor.py:914} INFO - Processing file /home/airflow/.local/lib/python3.12/site-packages/airflow/example_dags/example_skip_dag.py for tasks to queue
[2025-04-04T09:21:30.033+0000] {logging_mixin.py:190} INFO - [2025-04-04T09:21:30.031+0000] {dagbag.py:588} INFO - Filling up the DagBag from /home/airflow/.local/lib/python3.12/site-packages/airflow/example_dags/example_skip_dag.py
[2025-04-04T09:21:30.070+0000] {processor.py:925} INFO - DAG(s) 'example_skip_dag' retrieved from /home/airflow/.local/lib/python3.12/site-packages/airflow/example_dags/example_skip_dag.py
[2025-04-04T09:21:30.185+0000] {logging_mixin.py:190} INFO - [2025-04-04T09:21:30.184+0000] {dag.py:3239} INFO - Sync 1 DAGs
[2025-04-04T09:21:30.314+0000] {logging_mixin.py:190} INFO - [2025-04-04T09:21:30.313+0000] {dag.py:4180} INFO - Setting next_dagrun for example_skip_dag to 2025-04-03 00:00:00+00:00, run_after=2025-04-04 00:00:00+00:00
[2025-04-04T09:21:30.394+0000] {processor.py:208} INFO - Processing /home/airflow/.local/lib/python3.12/site-packages/airflow/example_dags/example_skip_dag.py took 0.412 seconds
[2025-04-04T09:22:18.137+0000] {processor.py:186} INFO - Started process (PID=510) to work on /home/airflow/.local/lib/python3.12/site-packages/airflow/example_dags/example_skip_dag.py
[2025-04-04T09:22:18.153+0000] {processor.py:914} INFO - Processing file /home/airflow/.local/lib/python3.12/site-packages/airflow/example_dags/example_skip_dag.py for tasks to queue
[2025-04-04T09:22:18.197+0000] {logging_mixin.py:190} INFO - [2025-04-04T09:22:18.191+0000] {dagbag.py:588} INFO - Filling up the DagBag from /home/airflow/.local/lib/python3.12/site-packages/airflow/example_dags/example_skip_dag.py
[2025-04-04T09:22:18.352+0000] {processor.py:925} INFO - DAG(s) 'example_skip_dag' retrieved from /home/airflow/.local/lib/python3.12/site-packages/airflow/example_dags/example_skip_dag.py
[2025-04-04T09:22:18.683+0000] {logging_mixin.py:190} INFO - [2025-04-04T09:22:18.672+0000] {dag.py:3239} INFO - Sync 1 DAGs
[2025-04-04T09:22:19.075+0000] {logging_mixin.py:190} INFO - [2025-04-04T09:22:19.074+0000] {dag.py:4180} INFO - Setting next_dagrun for example_skip_dag to 2025-04-03 00:00:00+00:00, run_after=2025-04-04 00:00:00+00:00
[2025-04-04T09:22:19.262+0000] {processor.py:208} INFO - Processing /home/airflow/.local/lib/python3.12/site-packages/airflow/example_dags/example_skip_dag.py took 1.226 seconds
[2025-04-04T09:23:37.325+0000] {processor.py:186} INFO - Started process (PID=599) to work on /home/airflow/.local/lib/python3.12/site-packages/airflow/example_dags/example_skip_dag.py
[2025-04-04T09:23:37.343+0000] {processor.py:914} INFO - Processing file /home/airflow/.local/lib/python3.12/site-packages/airflow/example_dags/example_skip_dag.py for tasks to queue
[2025-04-04T09:23:37.367+0000] {logging_mixin.py:190} INFO - [2025-04-04T09:23:37.366+0000] {dagbag.py:588} INFO - Filling up the DagBag from /home/airflow/.local/lib/python3.12/site-packages/airflow/example_dags/example_skip_dag.py
[2025-04-04T09:23:37.445+0000] {processor.py:925} INFO - DAG(s) 'example_skip_dag' retrieved from /home/airflow/.local/lib/python3.12/site-packages/airflow/example_dags/example_skip_dag.py
[2025-04-04T09:23:37.586+0000] {logging_mixin.py:190} INFO - [2025-04-04T09:23:37.585+0000] {dag.py:3239} INFO - Sync 1 DAGs
[2025-04-04T09:23:37.827+0000] {logging_mixin.py:190} INFO - [2025-04-04T09:23:37.826+0000] {dag.py:4180} INFO - Setting next_dagrun for example_skip_dag to 2025-04-03 00:00:00+00:00, run_after=2025-04-04 00:00:00+00:00
[2025-04-04T09:23:37.936+0000] {processor.py:208} INFO - Processing /home/airflow/.local/lib/python3.12/site-packages/airflow/example_dags/example_skip_dag.py took 0.670 seconds
[2025-04-04T09:24:08.892+0000] {processor.py:186} INFO - Started process (PID=662) to work on /home/airflow/.local/lib/python3.12/site-packages/airflow/example_dags/example_skip_dag.py
[2025-04-04T09:24:08.897+0000] {processor.py:914} INFO - Processing file /home/airflow/.local/lib/python3.12/site-packages/airflow/example_dags/example_skip_dag.py for tasks to queue
[2025-04-04T09:24:08.911+0000] {logging_mixin.py:190} INFO - [2025-04-04T09:24:08.909+0000] {dagbag.py:588} INFO - Filling up the DagBag from /home/airflow/.local/lib/python3.12/site-packages/airflow/example_dags/example_skip_dag.py
[2025-04-04T09:24:08.953+0000] {processor.py:925} INFO - DAG(s) 'example_skip_dag' retrieved from /home/airflow/.local/lib/python3.12/site-packages/airflow/example_dags/example_skip_dag.py
[2025-04-04T09:24:09.067+0000] {logging_mixin.py:190} INFO - [2025-04-04T09:24:09.065+0000] {dag.py:3239} INFO - Sync 1 DAGs
[2025-04-04T09:24:09.183+0000] {logging_mixin.py:190} INFO - [2025-04-04T09:24:09.182+0000] {dag.py:4180} INFO - Setting next_dagrun for example_skip_dag to 2025-04-03 00:00:00+00:00, run_after=2025-04-04 00:00:00+00:00
[2025-04-04T09:24:09.272+0000] {processor.py:208} INFO - Processing /home/airflow/.local/lib/python3.12/site-packages/airflow/example_dags/example_skip_dag.py took 0.411 seconds
[2025-04-04T09:24:50.726+0000] {processor.py:186} INFO - Started process (PID=731) to work on /home/airflow/.local/lib/python3.12/site-packages/airflow/example_dags/example_skip_dag.py
[2025-04-04T09:24:50.731+0000] {processor.py:914} INFO - Processing file /home/airflow/.local/lib/python3.12/site-packages/airflow/example_dags/example_skip_dag.py for tasks to queue
[2025-04-04T09:24:50.745+0000] {logging_mixin.py:190} INFO - [2025-04-04T09:24:50.743+0000] {dagbag.py:588} INFO - Filling up the DagBag from /home/airflow/.local/lib/python3.12/site-packages/airflow/example_dags/example_skip_dag.py
[2025-04-04T09:24:50.827+0000] {processor.py:925} INFO - DAG(s) 'example_skip_dag' retrieved from /home/airflow/.local/lib/python3.12/site-packages/airflow/example_dags/example_skip_dag.py
[2025-04-04T09:24:51.055+0000] {logging_mixin.py:190} INFO - [2025-04-04T09:24:51.053+0000] {dag.py:3239} INFO - Sync 1 DAGs
[2025-04-04T09:24:51.297+0000] {logging_mixin.py:190} INFO - [2025-04-04T09:24:51.296+0000] {dag.py:4180} INFO - Setting next_dagrun for example_skip_dag to 2025-04-03 00:00:00+00:00, run_after=2025-04-04 00:00:00+00:00
[2025-04-04T09:24:51.454+0000] {processor.py:208} INFO - Processing /home/airflow/.local/lib/python3.12/site-packages/airflow/example_dags/example_skip_dag.py took 0.793 seconds
[2025-04-04T09:25:25.290+0000] {processor.py:186} INFO - Started process (PID=795) to work on /home/airflow/.local/lib/python3.12/site-packages/airflow/example_dags/example_skip_dag.py
[2025-04-04T09:25:25.299+0000] {processor.py:914} INFO - Processing file /home/airflow/.local/lib/python3.12/site-packages/airflow/example_dags/example_skip_dag.py for tasks to queue
[2025-04-04T09:25:25.319+0000] {logging_mixin.py:190} INFO - [2025-04-04T09:25:25.315+0000] {dagbag.py:588} INFO - Filling up the DagBag from /home/airflow/.local/lib/python3.12/site-packages/airflow/example_dags/example_skip_dag.py
[2025-04-04T09:25:25.380+0000] {processor.py:925} INFO - DAG(s) 'example_skip_dag' retrieved from /home/airflow/.local/lib/python3.12/site-packages/airflow/example_dags/example_skip_dag.py
[2025-04-04T09:25:25.534+0000] {logging_mixin.py:190} INFO - [2025-04-04T09:25:25.533+0000] {dag.py:3239} INFO - Sync 1 DAGs
[2025-04-04T09:25:25.669+0000] {logging_mixin.py:190} INFO - [2025-04-04T09:25:25.668+0000] {dag.py:4180} INFO - Setting next_dagrun for example_skip_dag to 2025-04-03 00:00:00+00:00, run_after=2025-04-04 00:00:00+00:00
[2025-04-04T09:25:25.826+0000] {processor.py:208} INFO - Processing /home/airflow/.local/lib/python3.12/site-packages/airflow/example_dags/example_skip_dag.py took 0.576 seconds
[2025-04-04T09:26:15.755+0000] {processor.py:186} INFO - Started process (PID=871) to work on /home/airflow/.local/lib/python3.12/site-packages/airflow/example_dags/example_skip_dag.py
[2025-04-04T09:26:15.777+0000] {processor.py:914} INFO - Processing file /home/airflow/.local/lib/python3.12/site-packages/airflow/example_dags/example_skip_dag.py for tasks to queue
[2025-04-04T09:26:15.814+0000] {logging_mixin.py:190} INFO - [2025-04-04T09:26:15.811+0000] {dagbag.py:588} INFO - Filling up the DagBag from /home/airflow/.local/lib/python3.12/site-packages/airflow/example_dags/example_skip_dag.py
[2025-04-04T09:26:15.913+0000] {processor.py:925} INFO - DAG(s) 'example_skip_dag' retrieved from /home/airflow/.local/lib/python3.12/site-packages/airflow/example_dags/example_skip_dag.py
[2025-04-04T09:26:16.193+0000] {logging_mixin.py:190} INFO - [2025-04-04T09:26:16.191+0000] {dag.py:3239} INFO - Sync 1 DAGs
[2025-04-04T09:26:16.430+0000] {logging_mixin.py:190} INFO - [2025-04-04T09:26:16.428+0000] {dag.py:4180} INFO - Setting next_dagrun for example_skip_dag to 2025-04-03 00:00:00+00:00, run_after=2025-04-04 00:00:00+00:00
[2025-04-04T09:26:16.581+0000] {processor.py:208} INFO - Processing /home/airflow/.local/lib/python3.12/site-packages/airflow/example_dags/example_skip_dag.py took 0.948 seconds
[2025-04-04T09:26:51.411+0000] {processor.py:186} INFO - Started process (PID=933) to work on /home/airflow/.local/lib/python3.12/site-packages/airflow/example_dags/example_skip_dag.py
[2025-04-04T09:26:51.423+0000] {processor.py:914} INFO - Processing file /home/airflow/.local/lib/python3.12/site-packages/airflow/example_dags/example_skip_dag.py for tasks to queue
[2025-04-04T09:26:51.444+0000] {logging_mixin.py:190} INFO - [2025-04-04T09:26:51.442+0000] {dagbag.py:588} INFO - Filling up the DagBag from /home/airflow/.local/lib/python3.12/site-packages/airflow/example_dags/example_skip_dag.py
[2025-04-04T09:26:51.524+0000] {processor.py:925} INFO - DAG(s) 'example_skip_dag' retrieved from /home/airflow/.local/lib/python3.12/site-packages/airflow/example_dags/example_skip_dag.py
[2025-04-04T09:26:51.755+0000] {logging_mixin.py:190} INFO - [2025-04-04T09:26:51.754+0000] {dag.py:3239} INFO - Sync 1 DAGs
[2025-04-04T09:26:51.964+0000] {logging_mixin.py:190} INFO - [2025-04-04T09:26:51.963+0000] {dag.py:4180} INFO - Setting next_dagrun for example_skip_dag to 2025-04-03 00:00:00+00:00, run_after=2025-04-04 00:00:00+00:00
[2025-04-04T09:26:52.097+0000] {processor.py:208} INFO - Processing /home/airflow/.local/lib/python3.12/site-packages/airflow/example_dags/example_skip_dag.py took 0.733 seconds
[2025-04-04T09:33:25.279+0000] {processor.py:186} INFO - Started process (PID=153) to work on /home/airflow/.local/lib/python3.12/site-packages/airflow/example_dags/example_skip_dag.py
[2025-04-04T09:33:25.295+0000] {processor.py:914} INFO - Processing file /home/airflow/.local/lib/python3.12/site-packages/airflow/example_dags/example_skip_dag.py for tasks to queue
[2025-04-04T09:33:25.311+0000] {logging_mixin.py:190} INFO - [2025-04-04T09:33:25.309+0000] {dagbag.py:588} INFO - Filling up the DagBag from /home/airflow/.local/lib/python3.12/site-packages/airflow/example_dags/example_skip_dag.py
[2025-04-04T09:33:25.444+0000] {processor.py:925} INFO - DAG(s) 'example_skip_dag' retrieved from /home/airflow/.local/lib/python3.12/site-packages/airflow/example_dags/example_skip_dag.py
[2025-04-04T09:33:25.633+0000] {logging_mixin.py:190} INFO - [2025-04-04T09:33:25.632+0000] {dag.py:3239} INFO - Sync 1 DAGs
[2025-04-04T09:33:25.904+0000] {logging_mixin.py:190} INFO - [2025-04-04T09:33:25.903+0000] {dag.py:4180} INFO - Setting next_dagrun for example_skip_dag to 2025-04-03 00:00:00+00:00, run_after=2025-04-04 00:00:00+00:00
[2025-04-04T09:33:26.056+0000] {processor.py:208} INFO - Processing /home/airflow/.local/lib/python3.12/site-packages/airflow/example_dags/example_skip_dag.py took 0.874 seconds
