[2025-04-04T09:03:32.159+0000] {processor.py:186} INFO - Started process (PID=109) to work on /home/airflow/.local/lib/python3.12/site-packages/airflow/example_dags/example_sensor_decorator.py
[2025-04-04T09:03:32.166+0000] {processor.py:914} INFO - Processing file /home/airflow/.local/lib/python3.12/site-packages/airflow/example_dags/example_sensor_decorator.py for tasks to queue
[2025-04-04T09:03:32.186+0000] {logging_mixin.py:190} INFO - [2025-04-04T09:03:32.184+0000] {dagbag.py:588} INFO - Filling up the DagBag from /home/airflow/.local/lib/python3.12/site-packages/airflow/example_dags/example_sensor_decorator.py
[2025-04-04T09:03:32.256+0000] {processor.py:925} INFO - DAG(s) 'example_sensor_decorator' retrieved from /home/airflow/.local/lib/python3.12/site-packages/airflow/example_dags/example_sensor_decorator.py
[2025-04-04T09:03:33.060+0000] {logging_mixin.py:190} INFO - [2025-04-04T09:03:33.057+0000] {override.py:1912} INFO - Created Permission View: can delete on DAG:example_sensor_decorator
[2025-04-04T09:03:33.129+0000] {logging_mixin.py:190} INFO - [2025-04-04T09:03:33.127+0000] {override.py:1912} INFO - Created Permission View: can edit on DAG:example_sensor_decorator
[2025-04-04T09:03:33.228+0000] {logging_mixin.py:190} INFO - [2025-04-04T09:03:33.227+0000] {override.py:1912} INFO - Created Permission View: can read on DAG:example_sensor_decorator
[2025-04-04T09:03:33.285+0000] {logging_mixin.py:190} INFO - [2025-04-04T09:03:33.283+0000] {override.py:1912} INFO - Created Permission View: menu access on DAG Run:example_sensor_decorator
[2025-04-04T09:03:33.339+0000] {logging_mixin.py:190} INFO - [2025-04-04T09:03:33.337+0000] {override.py:1912} INFO - Created Permission View: can create on DAG Run:example_sensor_decorator
[2025-04-04T09:03:33.384+0000] {logging_mixin.py:190} INFO - [2025-04-04T09:03:33.382+0000] {override.py:1912} INFO - Created Permission View: can delete on DAG Run:example_sensor_decorator
[2025-04-04T09:03:33.441+0000] {logging_mixin.py:190} INFO - [2025-04-04T09:03:33.440+0000] {override.py:1912} INFO - Created Permission View: can read on DAG Run:example_sensor_decorator
[2025-04-04T09:03:33.452+0000] {logging_mixin.py:190} INFO - [2025-04-04T09:03:33.451+0000] {dag.py:3239} INFO - Sync 1 DAGs
[2025-04-04T09:03:33.578+0000] {logging_mixin.py:190} INFO - [2025-04-04T09:03:33.570+0000] {dag.py:3262} INFO - Creating ORM DAG for example_sensor_decorator
[2025-04-04T09:03:33.585+0000] {logging_mixin.py:190} INFO - [2025-04-04T09:03:33.584+0000] {dag.py:4180} INFO - Setting next_dagrun for example_sensor_decorator to None, run_after=None
[2025-04-04T09:03:33.811+0000] {processor.py:208} INFO - Processing /home/airflow/.local/lib/python3.12/site-packages/airflow/example_dags/example_sensor_decorator.py took 1.685 seconds
[2025-04-04T09:11:47.880+0000] {processor.py:186} INFO - Started process (PID=106) to work on /home/airflow/.local/lib/python3.12/site-packages/airflow/example_dags/example_sensor_decorator.py
[2025-04-04T09:11:47.893+0000] {processor.py:914} INFO - Processing file /home/airflow/.local/lib/python3.12/site-packages/airflow/example_dags/example_sensor_decorator.py for tasks to queue
[2025-04-04T09:11:47.913+0000] {logging_mixin.py:190} INFO - [2025-04-04T09:11:47.911+0000] {dagbag.py:588} INFO - Filling up the DagBag from /home/airflow/.local/lib/python3.12/site-packages/airflow/example_dags/example_sensor_decorator.py
[2025-04-04T09:11:48.002+0000] {processor.py:925} INFO - DAG(s) 'example_sensor_decorator' retrieved from /home/airflow/.local/lib/python3.12/site-packages/airflow/example_dags/example_sensor_decorator.py
[2025-04-04T09:11:48.203+0000] {logging_mixin.py:190} INFO - [2025-04-04T09:11:48.202+0000] {dag.py:3239} INFO - Sync 1 DAGs
[2025-04-04T09:11:48.375+0000] {logging_mixin.py:190} INFO - [2025-04-04T09:11:48.374+0000] {dag.py:4180} INFO - Setting next_dagrun for example_sensor_decorator to None, run_after=None
[2025-04-04T09:11:48.582+0000] {processor.py:208} INFO - Processing /home/airflow/.local/lib/python3.12/site-packages/airflow/example_dags/example_sensor_decorator.py took 0.778 seconds
[2025-04-04T09:16:34.154+0000] {processor.py:186} INFO - Started process (PID=102) to work on /home/airflow/.local/lib/python3.12/site-packages/airflow/example_dags/example_sensor_decorator.py
[2025-04-04T09:16:34.161+0000] {processor.py:914} INFO - Processing file /home/airflow/.local/lib/python3.12/site-packages/airflow/example_dags/example_sensor_decorator.py for tasks to queue
[2025-04-04T09:16:34.179+0000] {logging_mixin.py:190} INFO - [2025-04-04T09:16:34.178+0000] {dagbag.py:588} INFO - Filling up the DagBag from /home/airflow/.local/lib/python3.12/site-packages/airflow/example_dags/example_sensor_decorator.py
[2025-04-04T09:16:34.260+0000] {processor.py:925} INFO - DAG(s) 'example_sensor_decorator' retrieved from /home/airflow/.local/lib/python3.12/site-packages/airflow/example_dags/example_sensor_decorator.py
[2025-04-04T09:16:34.465+0000] {logging_mixin.py:190} INFO - [2025-04-04T09:16:34.464+0000] {dag.py:3239} INFO - Sync 1 DAGs
[2025-04-04T09:16:34.584+0000] {logging_mixin.py:190} INFO - [2025-04-04T09:16:34.583+0000] {dag.py:4180} INFO - Setting next_dagrun for example_sensor_decorator to None, run_after=None
[2025-04-04T09:16:34.712+0000] {processor.py:208} INFO - Processing /home/airflow/.local/lib/python3.12/site-packages/airflow/example_dags/example_sensor_decorator.py took 0.603 seconds
[2025-04-04T09:17:42.114+0000] {processor.py:186} INFO - Started process (PID=171) to work on /home/airflow/.local/lib/python3.12/site-packages/airflow/example_dags/example_sensor_decorator.py
[2025-04-04T09:17:42.128+0000] {processor.py:914} INFO - Processing file /home/airflow/.local/lib/python3.12/site-packages/airflow/example_dags/example_sensor_decorator.py for tasks to queue
[2025-04-04T09:17:42.148+0000] {logging_mixin.py:190} INFO - [2025-04-04T09:17:42.146+0000] {dagbag.py:588} INFO - Filling up the DagBag from /home/airflow/.local/lib/python3.12/site-packages/airflow/example_dags/example_sensor_decorator.py
[2025-04-04T09:17:42.270+0000] {processor.py:925} INFO - DAG(s) 'example_sensor_decorator' retrieved from /home/airflow/.local/lib/python3.12/site-packages/airflow/example_dags/example_sensor_decorator.py
[2025-04-04T09:17:42.508+0000] {logging_mixin.py:190} INFO - [2025-04-04T09:17:42.506+0000] {dag.py:3239} INFO - Sync 1 DAGs
[2025-04-04T09:17:42.653+0000] {logging_mixin.py:190} INFO - [2025-04-04T09:17:42.652+0000] {dag.py:4180} INFO - Setting next_dagrun for example_sensor_decorator to None, run_after=None
[2025-04-04T09:17:42.852+0000] {processor.py:208} INFO - Processing /home/airflow/.local/lib/python3.12/site-packages/airflow/example_dags/example_sensor_decorator.py took 0.843 seconds
[2025-04-04T09:18:22.638+0000] {processor.py:186} INFO - Started process (PID=234) to work on /home/airflow/.local/lib/python3.12/site-packages/airflow/example_dags/example_sensor_decorator.py
[2025-04-04T09:18:22.644+0000] {processor.py:914} INFO - Processing file /home/airflow/.local/lib/python3.12/site-packages/airflow/example_dags/example_sensor_decorator.py for tasks to queue
[2025-04-04T09:18:22.657+0000] {logging_mixin.py:190} INFO - [2025-04-04T09:18:22.654+0000] {dagbag.py:588} INFO - Filling up the DagBag from /home/airflow/.local/lib/python3.12/site-packages/airflow/example_dags/example_sensor_decorator.py
[2025-04-04T09:18:22.726+0000] {processor.py:925} INFO - DAG(s) 'example_sensor_decorator' retrieved from /home/airflow/.local/lib/python3.12/site-packages/airflow/example_dags/example_sensor_decorator.py
[2025-04-04T09:18:22.835+0000] {logging_mixin.py:190} INFO - [2025-04-04T09:18:22.833+0000] {dag.py:3239} INFO - Sync 1 DAGs
[2025-04-04T09:18:22.923+0000] {logging_mixin.py:190} INFO - [2025-04-04T09:18:22.921+0000] {dag.py:4180} INFO - Setting next_dagrun for example_sensor_decorator to None, run_after=None
[2025-04-04T09:18:23.034+0000] {processor.py:208} INFO - Processing /home/airflow/.local/lib/python3.12/site-packages/airflow/example_dags/example_sensor_decorator.py took 0.429 seconds
[2025-04-04T09:19:26.008+0000] {processor.py:186} INFO - Started process (PID=295) to work on /home/airflow/.local/lib/python3.12/site-packages/airflow/example_dags/example_sensor_decorator.py
[2025-04-04T09:19:26.025+0000] {processor.py:914} INFO - Processing file /home/airflow/.local/lib/python3.12/site-packages/airflow/example_dags/example_sensor_decorator.py for tasks to queue
[2025-04-04T09:19:26.109+0000] {logging_mixin.py:190} INFO - [2025-04-04T09:19:26.107+0000] {dagbag.py:588} INFO - Filling up the DagBag from /home/airflow/.local/lib/python3.12/site-packages/airflow/example_dags/example_sensor_decorator.py
[2025-04-04T09:19:26.273+0000] {processor.py:925} INFO - DAG(s) 'example_sensor_decorator' retrieved from /home/airflow/.local/lib/python3.12/site-packages/airflow/example_dags/example_sensor_decorator.py
[2025-04-04T09:19:26.636+0000] {logging_mixin.py:190} INFO - [2025-04-04T09:19:26.630+0000] {dag.py:3239} INFO - Sync 1 DAGs
[2025-04-04T09:19:26.868+0000] {logging_mixin.py:190} INFO - [2025-04-04T09:19:26.866+0000] {dag.py:4180} INFO - Setting next_dagrun for example_sensor_decorator to None, run_after=None
[2025-04-04T09:19:27.154+0000] {processor.py:208} INFO - Processing /home/airflow/.local/lib/python3.12/site-packages/airflow/example_dags/example_sensor_decorator.py took 1.253 seconds
[2025-04-04T09:20:21.360+0000] {processor.py:186} INFO - Started process (PID=349) to work on /home/airflow/.local/lib/python3.12/site-packages/airflow/example_dags/example_sensor_decorator.py
[2025-04-04T09:20:21.376+0000] {processor.py:914} INFO - Processing file /home/airflow/.local/lib/python3.12/site-packages/airflow/example_dags/example_sensor_decorator.py for tasks to queue
[2025-04-04T09:20:21.408+0000] {logging_mixin.py:190} INFO - [2025-04-04T09:20:21.406+0000] {dagbag.py:588} INFO - Filling up the DagBag from /home/airflow/.local/lib/python3.12/site-packages/airflow/example_dags/example_sensor_decorator.py
[2025-04-04T09:20:21.489+0000] {processor.py:925} INFO - DAG(s) 'example_sensor_decorator' retrieved from /home/airflow/.local/lib/python3.12/site-packages/airflow/example_dags/example_sensor_decorator.py
[2025-04-04T09:20:21.706+0000] {logging_mixin.py:190} INFO - [2025-04-04T09:20:21.704+0000] {dag.py:3239} INFO - Sync 1 DAGs
[2025-04-04T09:20:21.899+0000] {logging_mixin.py:190} INFO - [2025-04-04T09:20:21.898+0000] {dag.py:4180} INFO - Setting next_dagrun for example_sensor_decorator to None, run_after=None
[2025-04-04T09:20:22.065+0000] {processor.py:208} INFO - Processing /home/airflow/.local/lib/python3.12/site-packages/airflow/example_dags/example_sensor_decorator.py took 0.823 seconds
[2025-04-04T09:20:59.465+0000] {processor.py:186} INFO - Started process (PID=386) to work on /home/airflow/.local/lib/python3.12/site-packages/airflow/example_dags/example_sensor_decorator.py
[2025-04-04T09:20:59.471+0000] {processor.py:914} INFO - Processing file /home/airflow/.local/lib/python3.12/site-packages/airflow/example_dags/example_sensor_decorator.py for tasks to queue
[2025-04-04T09:20:59.491+0000] {logging_mixin.py:190} INFO - [2025-04-04T09:20:59.490+0000] {dagbag.py:588} INFO - Filling up the DagBag from /home/airflow/.local/lib/python3.12/site-packages/airflow/example_dags/example_sensor_decorator.py
[2025-04-04T09:20:59.565+0000] {processor.py:925} INFO - DAG(s) 'example_sensor_decorator' retrieved from /home/airflow/.local/lib/python3.12/site-packages/airflow/example_dags/example_sensor_decorator.py
[2025-04-04T09:20:59.744+0000] {logging_mixin.py:190} INFO - [2025-04-04T09:20:59.743+0000] {dag.py:3239} INFO - Sync 1 DAGs
[2025-04-04T09:20:59.840+0000] {logging_mixin.py:190} INFO - [2025-04-04T09:20:59.838+0000] {dag.py:4180} INFO - Setting next_dagrun for example_sensor_decorator to None, run_after=None
[2025-04-04T09:21:00.039+0000] {processor.py:208} INFO - Processing /home/airflow/.local/lib/python3.12/site-packages/airflow/example_dags/example_sensor_decorator.py took 0.621 seconds
[2025-04-04T09:21:33.242+0000] {processor.py:186} INFO - Started process (PID=445) to work on /home/airflow/.local/lib/python3.12/site-packages/airflow/example_dags/example_sensor_decorator.py
[2025-04-04T09:21:33.246+0000] {processor.py:914} INFO - Processing file /home/airflow/.local/lib/python3.12/site-packages/airflow/example_dags/example_sensor_decorator.py for tasks to queue
[2025-04-04T09:21:33.264+0000] {logging_mixin.py:190} INFO - [2025-04-04T09:21:33.262+0000] {dagbag.py:588} INFO - Filling up the DagBag from /home/airflow/.local/lib/python3.12/site-packages/airflow/example_dags/example_sensor_decorator.py
[2025-04-04T09:21:33.316+0000] {processor.py:925} INFO - DAG(s) 'example_sensor_decorator' retrieved from /home/airflow/.local/lib/python3.12/site-packages/airflow/example_dags/example_sensor_decorator.py
[2025-04-04T09:21:33.417+0000] {logging_mixin.py:190} INFO - [2025-04-04T09:21:33.416+0000] {dag.py:3239} INFO - Sync 1 DAGs
[2025-04-04T09:21:33.490+0000] {logging_mixin.py:190} INFO - [2025-04-04T09:21:33.489+0000] {dag.py:4180} INFO - Setting next_dagrun for example_sensor_decorator to None, run_after=None
[2025-04-04T09:21:33.597+0000] {processor.py:208} INFO - Processing /home/airflow/.local/lib/python3.12/site-packages/airflow/example_dags/example_sensor_decorator.py took 0.391 seconds
[2025-04-04T09:22:09.081+0000] {processor.py:186} INFO - Started process (PID=496) to work on /home/airflow/.local/lib/python3.12/site-packages/airflow/example_dags/example_sensor_decorator.py
[2025-04-04T09:22:09.098+0000] {processor.py:914} INFO - Processing file /home/airflow/.local/lib/python3.12/site-packages/airflow/example_dags/example_sensor_decorator.py for tasks to queue
[2025-04-04T09:22:09.188+0000] {logging_mixin.py:190} INFO - [2025-04-04T09:22:09.173+0000] {dagbag.py:588} INFO - Filling up the DagBag from /home/airflow/.local/lib/python3.12/site-packages/airflow/example_dags/example_sensor_decorator.py
[2025-04-04T09:22:09.383+0000] {processor.py:925} INFO - DAG(s) 'example_sensor_decorator' retrieved from /home/airflow/.local/lib/python3.12/site-packages/airflow/example_dags/example_sensor_decorator.py
[2025-04-04T09:22:09.832+0000] {logging_mixin.py:190} INFO - [2025-04-04T09:22:09.831+0000] {dag.py:3239} INFO - Sync 1 DAGs
[2025-04-04T09:22:10.097+0000] {logging_mixin.py:190} INFO - [2025-04-04T09:22:10.092+0000] {dag.py:4180} INFO - Setting next_dagrun for example_sensor_decorator to None, run_after=None
[2025-04-04T09:22:10.319+0000] {processor.py:208} INFO - Processing /home/airflow/.local/lib/python3.12/site-packages/airflow/example_dags/example_sensor_decorator.py took 1.376 seconds
[2025-04-04T09:22:54.252+0000] {processor.py:186} INFO - Started process (PID=547) to work on /home/airflow/.local/lib/python3.12/site-packages/airflow/example_dags/example_sensor_decorator.py
[2025-04-04T09:22:54.273+0000] {processor.py:914} INFO - Processing file /home/airflow/.local/lib/python3.12/site-packages/airflow/example_dags/example_sensor_decorator.py for tasks to queue
[2025-04-04T09:22:54.340+0000] {logging_mixin.py:190} INFO - [2025-04-04T09:22:54.338+0000] {dagbag.py:588} INFO - Filling up the DagBag from /home/airflow/.local/lib/python3.12/site-packages/airflow/example_dags/example_sensor_decorator.py
[2025-04-04T09:22:54.468+0000] {processor.py:925} INFO - DAG(s) 'example_sensor_decorator' retrieved from /home/airflow/.local/lib/python3.12/site-packages/airflow/example_dags/example_sensor_decorator.py
[2025-04-04T09:22:54.734+0000] {logging_mixin.py:190} INFO - [2025-04-04T09:22:54.733+0000] {dag.py:3239} INFO - Sync 1 DAGs
[2025-04-04T09:22:54.924+0000] {logging_mixin.py:190} INFO - [2025-04-04T09:22:54.923+0000] {dag.py:4180} INFO - Setting next_dagrun for example_sensor_decorator to None, run_after=None
[2025-04-04T09:22:55.212+0000] {processor.py:208} INFO - Processing /home/airflow/.local/lib/python3.12/site-packages/airflow/example_dags/example_sensor_decorator.py took 1.030 seconds
[2025-04-04T09:23:46.327+0000] {processor.py:186} INFO - Started process (PID=616) to work on /home/airflow/.local/lib/python3.12/site-packages/airflow/example_dags/example_sensor_decorator.py
[2025-04-04T09:23:46.335+0000] {processor.py:914} INFO - Processing file /home/airflow/.local/lib/python3.12/site-packages/airflow/example_dags/example_sensor_decorator.py for tasks to queue
[2025-04-04T09:23:46.360+0000] {logging_mixin.py:190} INFO - [2025-04-04T09:23:46.355+0000] {dagbag.py:588} INFO - Filling up the DagBag from /home/airflow/.local/lib/python3.12/site-packages/airflow/example_dags/example_sensor_decorator.py
[2025-04-04T09:23:46.437+0000] {processor.py:925} INFO - DAG(s) 'example_sensor_decorator' retrieved from /home/airflow/.local/lib/python3.12/site-packages/airflow/example_dags/example_sensor_decorator.py
[2025-04-04T09:23:46.560+0000] {logging_mixin.py:190} INFO - [2025-04-04T09:23:46.559+0000] {dag.py:3239} INFO - Sync 1 DAGs
[2025-04-04T09:23:46.627+0000] {logging_mixin.py:190} INFO - [2025-04-04T09:23:46.627+0000] {dag.py:4180} INFO - Setting next_dagrun for example_sensor_decorator to None, run_after=None
[2025-04-04T09:23:46.718+0000] {processor.py:208} INFO - Processing /home/airflow/.local/lib/python3.12/site-packages/airflow/example_dags/example_sensor_decorator.py took 0.439 seconds
[2025-04-04T09:24:17.488+0000] {processor.py:186} INFO - Started process (PID=678) to work on /home/airflow/.local/lib/python3.12/site-packages/airflow/example_dags/example_sensor_decorator.py
[2025-04-04T09:24:17.493+0000] {processor.py:914} INFO - Processing file /home/airflow/.local/lib/python3.12/site-packages/airflow/example_dags/example_sensor_decorator.py for tasks to queue
[2025-04-04T09:24:17.534+0000] {logging_mixin.py:190} INFO - [2025-04-04T09:24:17.532+0000] {dagbag.py:588} INFO - Filling up the DagBag from /home/airflow/.local/lib/python3.12/site-packages/airflow/example_dags/example_sensor_decorator.py
[2025-04-04T09:24:17.572+0000] {processor.py:925} INFO - DAG(s) 'example_sensor_decorator' retrieved from /home/airflow/.local/lib/python3.12/site-packages/airflow/example_dags/example_sensor_decorator.py
[2025-04-04T09:24:17.648+0000] {logging_mixin.py:190} INFO - [2025-04-04T09:24:17.648+0000] {dag.py:3239} INFO - Sync 1 DAGs
[2025-04-04T09:24:17.712+0000] {logging_mixin.py:190} INFO - [2025-04-04T09:24:17.712+0000] {dag.py:4180} INFO - Setting next_dagrun for example_sensor_decorator to None, run_after=None
[2025-04-04T09:24:17.794+0000] {processor.py:208} INFO - Processing /home/airflow/.local/lib/python3.12/site-packages/airflow/example_dags/example_sensor_decorator.py took 0.332 seconds
[2025-04-04T09:24:53.299+0000] {processor.py:186} INFO - Started process (PID=735) to work on /home/airflow/.local/lib/python3.12/site-packages/airflow/example_dags/example_sensor_decorator.py
[2025-04-04T09:24:53.305+0000] {processor.py:914} INFO - Processing file /home/airflow/.local/lib/python3.12/site-packages/airflow/example_dags/example_sensor_decorator.py for tasks to queue
[2025-04-04T09:24:53.320+0000] {logging_mixin.py:190} INFO - [2025-04-04T09:24:53.318+0000] {dagbag.py:588} INFO - Filling up the DagBag from /home/airflow/.local/lib/python3.12/site-packages/airflow/example_dags/example_sensor_decorator.py
[2025-04-04T09:24:53.385+0000] {processor.py:925} INFO - DAG(s) 'example_sensor_decorator' retrieved from /home/airflow/.local/lib/python3.12/site-packages/airflow/example_dags/example_sensor_decorator.py
[2025-04-04T09:24:53.588+0000] {logging_mixin.py:190} INFO - [2025-04-04T09:24:53.586+0000] {dag.py:3239} INFO - Sync 1 DAGs
[2025-04-04T09:24:53.711+0000] {logging_mixin.py:190} INFO - [2025-04-04T09:24:53.710+0000] {dag.py:4180} INFO - Setting next_dagrun for example_sensor_decorator to None, run_after=None
[2025-04-04T09:24:53.910+0000] {processor.py:208} INFO - Processing /home/airflow/.local/lib/python3.12/site-packages/airflow/example_dags/example_sensor_decorator.py took 0.661 seconds
[2025-04-04T09:25:26.577+0000] {processor.py:186} INFO - Started process (PID=798) to work on /home/airflow/.local/lib/python3.12/site-packages/airflow/example_dags/example_sensor_decorator.py
[2025-04-04T09:25:26.583+0000] {processor.py:914} INFO - Processing file /home/airflow/.local/lib/python3.12/site-packages/airflow/example_dags/example_sensor_decorator.py for tasks to queue
[2025-04-04T09:25:26.599+0000] {logging_mixin.py:190} INFO - [2025-04-04T09:25:26.598+0000] {dagbag.py:588} INFO - Filling up the DagBag from /home/airflow/.local/lib/python3.12/site-packages/airflow/example_dags/example_sensor_decorator.py
[2025-04-04T09:25:26.651+0000] {processor.py:925} INFO - DAG(s) 'example_sensor_decorator' retrieved from /home/airflow/.local/lib/python3.12/site-packages/airflow/example_dags/example_sensor_decorator.py
[2025-04-04T09:25:26.841+0000] {logging_mixin.py:190} INFO - [2025-04-04T09:25:26.839+0000] {dag.py:3239} INFO - Sync 1 DAGs
[2025-04-04T09:25:26.938+0000] {logging_mixin.py:190} INFO - [2025-04-04T09:25:26.937+0000] {dag.py:4180} INFO - Setting next_dagrun for example_sensor_decorator to None, run_after=None
[2025-04-04T09:25:27.031+0000] {processor.py:208} INFO - Processing /home/airflow/.local/lib/python3.12/site-packages/airflow/example_dags/example_sensor_decorator.py took 0.494 seconds
[2025-04-04T09:26:08.533+0000] {processor.py:186} INFO - Started process (PID=855) to work on /home/airflow/.local/lib/python3.12/site-packages/airflow/example_dags/example_sensor_decorator.py
[2025-04-04T09:26:08.552+0000] {processor.py:914} INFO - Processing file /home/airflow/.local/lib/python3.12/site-packages/airflow/example_dags/example_sensor_decorator.py for tasks to queue
[2025-04-04T09:26:08.585+0000] {logging_mixin.py:190} INFO - [2025-04-04T09:26:08.582+0000] {dagbag.py:588} INFO - Filling up the DagBag from /home/airflow/.local/lib/python3.12/site-packages/airflow/example_dags/example_sensor_decorator.py
[2025-04-04T09:26:08.695+0000] {processor.py:925} INFO - DAG(s) 'example_sensor_decorator' retrieved from /home/airflow/.local/lib/python3.12/site-packages/airflow/example_dags/example_sensor_decorator.py
[2025-04-04T09:26:08.973+0000] {logging_mixin.py:190} INFO - [2025-04-04T09:26:08.972+0000] {dag.py:3239} INFO - Sync 1 DAGs
[2025-04-04T09:26:09.124+0000] {logging_mixin.py:190} INFO - [2025-04-04T09:26:09.123+0000] {dag.py:4180} INFO - Setting next_dagrun for example_sensor_decorator to None, run_after=None
[2025-04-04T09:26:09.264+0000] {processor.py:208} INFO - Processing /home/airflow/.local/lib/python3.12/site-packages/airflow/example_dags/example_sensor_decorator.py took 0.810 seconds
[2025-04-04T09:26:42.301+0000] {processor.py:186} INFO - Started process (PID=912) to work on /home/airflow/.local/lib/python3.12/site-packages/airflow/example_dags/example_sensor_decorator.py
[2025-04-04T09:26:42.307+0000] {processor.py:914} INFO - Processing file /home/airflow/.local/lib/python3.12/site-packages/airflow/example_dags/example_sensor_decorator.py for tasks to queue
[2025-04-04T09:26:42.323+0000] {logging_mixin.py:190} INFO - [2025-04-04T09:26:42.321+0000] {dagbag.py:588} INFO - Filling up the DagBag from /home/airflow/.local/lib/python3.12/site-packages/airflow/example_dags/example_sensor_decorator.py
[2025-04-04T09:26:42.383+0000] {processor.py:925} INFO - DAG(s) 'example_sensor_decorator' retrieved from /home/airflow/.local/lib/python3.12/site-packages/airflow/example_dags/example_sensor_decorator.py
[2025-04-04T09:26:42.511+0000] {logging_mixin.py:190} INFO - [2025-04-04T09:26:42.509+0000] {dag.py:3239} INFO - Sync 1 DAGs
[2025-04-04T09:26:42.677+0000] {logging_mixin.py:190} INFO - [2025-04-04T09:26:42.675+0000] {dag.py:4180} INFO - Setting next_dagrun for example_sensor_decorator to None, run_after=None
[2025-04-04T09:26:42.786+0000] {processor.py:208} INFO - Processing /home/airflow/.local/lib/python3.12/site-packages/airflow/example_dags/example_sensor_decorator.py took 0.533 seconds
[2025-04-04T09:32:53.305+0000] {processor.py:186} INFO - Started process (PID=110) to work on /home/airflow/.local/lib/python3.12/site-packages/airflow/example_dags/example_sensor_decorator.py
[2025-04-04T09:32:53.312+0000] {processor.py:914} INFO - Processing file /home/airflow/.local/lib/python3.12/site-packages/airflow/example_dags/example_sensor_decorator.py for tasks to queue
[2025-04-04T09:32:53.332+0000] {logging_mixin.py:190} INFO - [2025-04-04T09:32:53.330+0000] {dagbag.py:588} INFO - Filling up the DagBag from /home/airflow/.local/lib/python3.12/site-packages/airflow/example_dags/example_sensor_decorator.py
[2025-04-04T09:32:53.408+0000] {processor.py:925} INFO - DAG(s) 'example_sensor_decorator' retrieved from /home/airflow/.local/lib/python3.12/site-packages/airflow/example_dags/example_sensor_decorator.py
[2025-04-04T09:32:53.555+0000] {logging_mixin.py:190} INFO - [2025-04-04T09:32:53.554+0000] {dag.py:3239} INFO - Sync 1 DAGs
[2025-04-04T09:32:53.653+0000] {logging_mixin.py:190} INFO - [2025-04-04T09:32:53.652+0000] {dag.py:4180} INFO - Setting next_dagrun for example_sensor_decorator to None, run_after=None
[2025-04-04T09:32:53.783+0000] {processor.py:208} INFO - Processing /home/airflow/.local/lib/python3.12/site-packages/airflow/example_dags/example_sensor_decorator.py took 0.522 seconds
