[2025-04-04T09:03:48.502+0000] {processor.py:186} INFO - Started process (PID=123) to work on /home/airflow/.local/lib/python3.12/site-packages/airflow/example_dags/example_subdag_operator.py
[2025-04-04T09:03:48.510+0000] {processor.py:914} INFO - Processing file /home/airflow/.local/lib/python3.12/site-packages/airflow/example_dags/example_subdag_operator.py for tasks to queue
[2025-04-04T09:03:48.535+0000] {logging_mixin.py:190} INFO - [2025-04-04T09:03:48.533+0000] {dagbag.py:588} INFO - Filling up the DagBag from /home/airflow/.local/lib/python3.12/site-packages/airflow/example_dags/example_subdag_operator.py
[2025-04-04T09:03:48.753+0000] {processor.py:925} INFO - DAG(s) 'example_subdag_operator.section-1', 'example_subdag_operator.section-2', 'example_subdag_operator' retrieved from /home/airflow/.local/lib/python3.12/site-packages/airflow/example_dags/example_subdag_operator.py
[2025-04-04T09:03:49.553+0000] {logging_mixin.py:190} INFO - [2025-04-04T09:03:49.550+0000] {override.py:1912} INFO - Created Permission View: can delete on DAG:example_subdag_operator
[2025-04-04T09:03:49.636+0000] {logging_mixin.py:190} INFO - [2025-04-04T09:03:49.634+0000] {override.py:1912} INFO - Created Permission View: can edit on DAG:example_subdag_operator
[2025-04-04T09:03:49.679+0000] {logging_mixin.py:190} INFO - [2025-04-04T09:03:49.678+0000] {override.py:1912} INFO - Created Permission View: can read on DAG:example_subdag_operator
[2025-04-04T09:03:49.742+0000] {logging_mixin.py:190} INFO - [2025-04-04T09:03:49.740+0000] {override.py:1912} INFO - Created Permission View: menu access on DAG Run:example_subdag_operator
[2025-04-04T09:03:49.798+0000] {logging_mixin.py:190} INFO - [2025-04-04T09:03:49.796+0000] {override.py:1912} INFO - Created Permission View: can create on DAG Run:example_subdag_operator
[2025-04-04T09:03:49.858+0000] {logging_mixin.py:190} INFO - [2025-04-04T09:03:49.857+0000] {override.py:1912} INFO - Created Permission View: can delete on DAG Run:example_subdag_operator
[2025-04-04T09:03:49.924+0000] {logging_mixin.py:190} INFO - [2025-04-04T09:03:49.923+0000] {override.py:1912} INFO - Created Permission View: can read on DAG Run:example_subdag_operator
[2025-04-04T09:03:49.927+0000] {logging_mixin.py:190} INFO - [2025-04-04T09:03:49.926+0000] {dag.py:3239} INFO - Sync 3 DAGs
[2025-04-04T09:03:50.076+0000] {logging_mixin.py:190} INFO - [2025-04-04T09:03:50.075+0000] {dag.py:3262} INFO - Creating ORM DAG for example_subdag_operator.section-1
[2025-04-04T09:03:50.081+0000] {logging_mixin.py:190} INFO - [2025-04-04T09:03:50.080+0000] {dag.py:3262} INFO - Creating ORM DAG for example_subdag_operator.section-2
[2025-04-04T09:03:50.092+0000] {logging_mixin.py:190} INFO - [2025-04-04T09:03:50.091+0000] {dag.py:3262} INFO - Creating ORM DAG for example_subdag_operator
[2025-04-04T09:03:50.174+0000] {logging_mixin.py:190} INFO - [2025-04-04T09:03:50.173+0000] {dag.py:4180} INFO - Setting next_dagrun for example_subdag_operator to 2022-01-01 00:00:00+00:00, run_after=2022-01-01 00:00:00+00:00
[2025-04-04T09:03:50.182+0000] {logging_mixin.py:190} INFO - [2025-04-04T09:03:50.181+0000] {dag.py:4180} INFO - Setting next_dagrun for example_subdag_operator.section-1 to None, run_after=None
[2025-04-04T09:03:50.185+0000] {logging_mixin.py:190} INFO - [2025-04-04T09:03:50.184+0000] {dag.py:4180} INFO - Setting next_dagrun for example_subdag_operator.section-2 to None, run_after=None
[2025-04-04T09:03:50.238+0000] {logging_mixin.py:190} INFO - [2025-04-04T09:03:50.237+0000] {dag.py:3239} INFO - Sync 2 DAGs
[2025-04-04T09:03:50.272+0000] {logging_mixin.py:190} INFO - [2025-04-04T09:03:50.271+0000] {dag.py:4180} INFO - Setting next_dagrun for example_subdag_operator.section-1 to None, run_after=None
[2025-04-04T09:03:50.288+0000] {logging_mixin.py:190} INFO - [2025-04-04T09:03:50.287+0000] {dag.py:4180} INFO - Setting next_dagrun for example_subdag_operator.section-2 to None, run_after=None
[2025-04-04T09:03:50.372+0000] {processor.py:208} INFO - Processing /home/airflow/.local/lib/python3.12/site-packages/airflow/example_dags/example_subdag_operator.py took 1.927 seconds
[2025-04-04T09:12:01.004+0000] {processor.py:186} INFO - Started process (PID=114) to work on /home/airflow/.local/lib/python3.12/site-packages/airflow/example_dags/example_subdag_operator.py
[2025-04-04T09:12:01.011+0000] {processor.py:914} INFO - Processing file /home/airflow/.local/lib/python3.12/site-packages/airflow/example_dags/example_subdag_operator.py for tasks to queue
[2025-04-04T09:12:01.041+0000] {logging_mixin.py:190} INFO - [2025-04-04T09:12:01.038+0000] {dagbag.py:588} INFO - Filling up the DagBag from /home/airflow/.local/lib/python3.12/site-packages/airflow/example_dags/example_subdag_operator.py
[2025-04-04T09:12:01.341+0000] {processor.py:925} INFO - DAG(s) 'example_subdag_operator.section-1', 'example_subdag_operator.section-2', 'example_subdag_operator' retrieved from /home/airflow/.local/lib/python3.12/site-packages/airflow/example_dags/example_subdag_operator.py
[2025-04-04T09:12:01.542+0000] {logging_mixin.py:190} INFO - [2025-04-04T09:12:01.541+0000] {dag.py:3239} INFO - Sync 3 DAGs
[2025-04-04T09:12:01.856+0000] {logging_mixin.py:190} INFO - [2025-04-04T09:12:01.854+0000] {dag.py:4180} INFO - Setting next_dagrun for example_subdag_operator to 2022-01-01 00:00:00+00:00, run_after=2022-01-01 00:00:00+00:00
[2025-04-04T09:12:01.897+0000] {logging_mixin.py:190} INFO - [2025-04-04T09:12:01.896+0000] {dag.py:4180} INFO - Setting next_dagrun for example_subdag_operator.section-1 to None, run_after=None
[2025-04-04T09:12:01.930+0000] {logging_mixin.py:190} INFO - [2025-04-04T09:12:01.929+0000] {dag.py:4180} INFO - Setting next_dagrun for example_subdag_operator.section-2 to None, run_after=None
[2025-04-04T09:12:02.012+0000] {logging_mixin.py:190} INFO - [2025-04-04T09:12:02.011+0000] {dag.py:3239} INFO - Sync 2 DAGs
[2025-04-04T09:12:02.105+0000] {logging_mixin.py:190} INFO - [2025-04-04T09:12:02.103+0000] {dag.py:4180} INFO - Setting next_dagrun for example_subdag_operator.section-1 to None, run_after=None
[2025-04-04T09:12:02.124+0000] {logging_mixin.py:190} INFO - [2025-04-04T09:12:02.123+0000] {dag.py:4180} INFO - Setting next_dagrun for example_subdag_operator.section-2 to None, run_after=None
[2025-04-04T09:12:02.236+0000] {processor.py:208} INFO - Processing /home/airflow/.local/lib/python3.12/site-packages/airflow/example_dags/example_subdag_operator.py took 1.311 seconds
[2025-04-04T09:16:44.427+0000] {processor.py:186} INFO - Started process (PID=110) to work on /home/airflow/.local/lib/python3.12/site-packages/airflow/example_dags/example_subdag_operator.py
[2025-04-04T09:16:44.435+0000] {processor.py:914} INFO - Processing file /home/airflow/.local/lib/python3.12/site-packages/airflow/example_dags/example_subdag_operator.py for tasks to queue
[2025-04-04T09:16:44.454+0000] {logging_mixin.py:190} INFO - [2025-04-04T09:16:44.452+0000] {dagbag.py:588} INFO - Filling up the DagBag from /home/airflow/.local/lib/python3.12/site-packages/airflow/example_dags/example_subdag_operator.py
[2025-04-04T09:16:44.615+0000] {processor.py:925} INFO - DAG(s) 'example_subdag_operator.section-1', 'example_subdag_operator.section-2', 'example_subdag_operator' retrieved from /home/airflow/.local/lib/python3.12/site-packages/airflow/example_dags/example_subdag_operator.py
[2025-04-04T09:16:44.704+0000] {logging_mixin.py:190} INFO - [2025-04-04T09:16:44.703+0000] {dag.py:3239} INFO - Sync 3 DAGs
[2025-04-04T09:16:44.824+0000] {logging_mixin.py:190} INFO - [2025-04-04T09:16:44.823+0000] {dag.py:4180} INFO - Setting next_dagrun for example_subdag_operator to 2022-01-01 00:00:00+00:00, run_after=2022-01-01 00:00:00+00:00
[2025-04-04T09:16:44.843+0000] {logging_mixin.py:190} INFO - [2025-04-04T09:16:44.842+0000] {dag.py:4180} INFO - Setting next_dagrun for example_subdag_operator.section-1 to None, run_after=None
[2025-04-04T09:16:44.851+0000] {logging_mixin.py:190} INFO - [2025-04-04T09:16:44.850+0000] {dag.py:4180} INFO - Setting next_dagrun for example_subdag_operator.section-2 to None, run_after=None
[2025-04-04T09:16:44.883+0000] {logging_mixin.py:190} INFO - [2025-04-04T09:16:44.882+0000] {dag.py:3239} INFO - Sync 2 DAGs
[2025-04-04T09:16:44.912+0000] {logging_mixin.py:190} INFO - [2025-04-04T09:16:44.911+0000] {dag.py:4180} INFO - Setting next_dagrun for example_subdag_operator.section-1 to None, run_after=None
[2025-04-04T09:16:44.917+0000] {logging_mixin.py:190} INFO - [2025-04-04T09:16:44.916+0000] {dag.py:4180} INFO - Setting next_dagrun for example_subdag_operator.section-2 to None, run_after=None
[2025-04-04T09:16:44.977+0000] {processor.py:208} INFO - Processing /home/airflow/.local/lib/python3.12/site-packages/airflow/example_dags/example_subdag_operator.py took 0.589 seconds
[2025-04-04T09:17:48.974+0000] {processor.py:186} INFO - Started process (PID=179) to work on /home/airflow/.local/lib/python3.12/site-packages/airflow/example_dags/example_subdag_operator.py
[2025-04-04T09:17:48.980+0000] {processor.py:914} INFO - Processing file /home/airflow/.local/lib/python3.12/site-packages/airflow/example_dags/example_subdag_operator.py for tasks to queue
[2025-04-04T09:17:48.995+0000] {logging_mixin.py:190} INFO - [2025-04-04T09:17:48.994+0000] {dagbag.py:588} INFO - Filling up the DagBag from /home/airflow/.local/lib/python3.12/site-packages/airflow/example_dags/example_subdag_operator.py
[2025-04-04T09:17:49.218+0000] {processor.py:925} INFO - DAG(s) 'example_subdag_operator.section-1', 'example_subdag_operator.section-2', 'example_subdag_operator' retrieved from /home/airflow/.local/lib/python3.12/site-packages/airflow/example_dags/example_subdag_operator.py
[2025-04-04T09:17:49.325+0000] {logging_mixin.py:190} INFO - [2025-04-04T09:17:49.324+0000] {dag.py:3239} INFO - Sync 3 DAGs
[2025-04-04T09:17:49.538+0000] {logging_mixin.py:190} INFO - [2025-04-04T09:17:49.537+0000] {dag.py:4180} INFO - Setting next_dagrun for example_subdag_operator to 2022-01-01 00:00:00+00:00, run_after=2022-01-01 00:00:00+00:00
[2025-04-04T09:17:49.570+0000] {logging_mixin.py:190} INFO - [2025-04-04T09:17:49.569+0000] {dag.py:4180} INFO - Setting next_dagrun for example_subdag_operator.section-1 to None, run_after=None
[2025-04-04T09:17:49.578+0000] {logging_mixin.py:190} INFO - [2025-04-04T09:17:49.577+0000] {dag.py:4180} INFO - Setting next_dagrun for example_subdag_operator.section-2 to None, run_after=None
[2025-04-04T09:17:49.653+0000] {logging_mixin.py:190} INFO - [2025-04-04T09:17:49.652+0000] {dag.py:3239} INFO - Sync 2 DAGs
[2025-04-04T09:17:49.683+0000] {logging_mixin.py:190} INFO - [2025-04-04T09:17:49.682+0000] {dag.py:4180} INFO - Setting next_dagrun for example_subdag_operator.section-1 to None, run_after=None
[2025-04-04T09:17:49.692+0000] {logging_mixin.py:190} INFO - [2025-04-04T09:17:49.691+0000] {dag.py:4180} INFO - Setting next_dagrun for example_subdag_operator.section-2 to None, run_after=None
[2025-04-04T09:17:49.809+0000] {processor.py:208} INFO - Processing /home/airflow/.local/lib/python3.12/site-packages/airflow/example_dags/example_subdag_operator.py took 0.872 seconds
[2025-04-04T09:18:27.696+0000] {processor.py:186} INFO - Started process (PID=242) to work on /home/airflow/.local/lib/python3.12/site-packages/airflow/example_dags/example_subdag_operator.py
[2025-04-04T09:18:27.701+0000] {processor.py:914} INFO - Processing file /home/airflow/.local/lib/python3.12/site-packages/airflow/example_dags/example_subdag_operator.py for tasks to queue
[2025-04-04T09:18:27.715+0000] {logging_mixin.py:190} INFO - [2025-04-04T09:18:27.713+0000] {dagbag.py:588} INFO - Filling up the DagBag from /home/airflow/.local/lib/python3.12/site-packages/airflow/example_dags/example_subdag_operator.py
[2025-04-04T09:18:28.028+0000] {processor.py:925} INFO - DAG(s) 'example_subdag_operator.section-1', 'example_subdag_operator.section-2', 'example_subdag_operator' retrieved from /home/airflow/.local/lib/python3.12/site-packages/airflow/example_dags/example_subdag_operator.py
[2025-04-04T09:18:28.187+0000] {logging_mixin.py:190} INFO - [2025-04-04T09:18:28.186+0000] {dag.py:3239} INFO - Sync 3 DAGs
[2025-04-04T09:18:28.420+0000] {logging_mixin.py:190} INFO - [2025-04-04T09:18:28.414+0000] {dag.py:4180} INFO - Setting next_dagrun for example_subdag_operator to 2022-01-01 00:00:00+00:00, run_after=2022-01-01 00:00:00+00:00
[2025-04-04T09:18:28.452+0000] {logging_mixin.py:190} INFO - [2025-04-04T09:18:28.451+0000] {dag.py:4180} INFO - Setting next_dagrun for example_subdag_operator.section-1 to None, run_after=None
[2025-04-04T09:18:28.464+0000] {logging_mixin.py:190} INFO - [2025-04-04T09:18:28.463+0000] {dag.py:4180} INFO - Setting next_dagrun for example_subdag_operator.section-2 to None, run_after=None
[2025-04-04T09:18:28.535+0000] {logging_mixin.py:190} INFO - [2025-04-04T09:18:28.533+0000] {dag.py:3239} INFO - Sync 2 DAGs
[2025-04-04T09:18:28.580+0000] {logging_mixin.py:190} INFO - [2025-04-04T09:18:28.579+0000] {dag.py:4180} INFO - Setting next_dagrun for example_subdag_operator.section-1 to None, run_after=None
[2025-04-04T09:18:28.583+0000] {logging_mixin.py:190} INFO - [2025-04-04T09:18:28.582+0000] {dag.py:4180} INFO - Setting next_dagrun for example_subdag_operator.section-2 to None, run_after=None
[2025-04-04T09:18:28.662+0000] {processor.py:208} INFO - Processing /home/airflow/.local/lib/python3.12/site-packages/airflow/example_dags/example_subdag_operator.py took 1.000 seconds
[2025-04-04T09:19:38.010+0000] {processor.py:186} INFO - Started process (PID=309) to work on /home/airflow/.local/lib/python3.12/site-packages/airflow/example_dags/example_subdag_operator.py
[2025-04-04T09:19:38.026+0000] {processor.py:914} INFO - Processing file /home/airflow/.local/lib/python3.12/site-packages/airflow/example_dags/example_subdag_operator.py for tasks to queue
[2025-04-04T09:19:38.067+0000] {logging_mixin.py:190} INFO - [2025-04-04T09:19:38.065+0000] {dagbag.py:588} INFO - Filling up the DagBag from /home/airflow/.local/lib/python3.12/site-packages/airflow/example_dags/example_subdag_operator.py
[2025-04-04T09:19:38.618+0000] {processor.py:925} INFO - DAG(s) 'example_subdag_operator.section-1', 'example_subdag_operator.section-2', 'example_subdag_operator' retrieved from /home/airflow/.local/lib/python3.12/site-packages/airflow/example_dags/example_subdag_operator.py
[2025-04-04T09:19:39.175+0000] {logging_mixin.py:190} INFO - [2025-04-04T09:19:39.162+0000] {dag.py:3239} INFO - Sync 3 DAGs
[2025-04-04T09:19:39.903+0000] {logging_mixin.py:190} INFO - [2025-04-04T09:19:39.891+0000] {dag.py:4180} INFO - Setting next_dagrun for example_subdag_operator to 2022-01-01 00:00:00+00:00, run_after=2022-01-01 00:00:00+00:00
[2025-04-04T09:19:39.993+0000] {logging_mixin.py:190} INFO - [2025-04-04T09:19:39.979+0000] {dag.py:4180} INFO - Setting next_dagrun for example_subdag_operator.section-1 to None, run_after=None
[2025-04-04T09:19:40.072+0000] {logging_mixin.py:190} INFO - [2025-04-04T09:19:40.058+0000] {dag.py:4180} INFO - Setting next_dagrun for example_subdag_operator.section-2 to None, run_after=None
[2025-04-04T09:19:40.248+0000] {logging_mixin.py:190} INFO - [2025-04-04T09:19:40.247+0000] {dag.py:3239} INFO - Sync 2 DAGs
[2025-04-04T09:19:40.428+0000] {logging_mixin.py:190} INFO - [2025-04-04T09:19:40.427+0000] {dag.py:4180} INFO - Setting next_dagrun for example_subdag_operator.section-1 to None, run_after=None
[2025-04-04T09:19:40.432+0000] {logging_mixin.py:190} INFO - [2025-04-04T09:19:40.431+0000] {dag.py:4180} INFO - Setting next_dagrun for example_subdag_operator.section-2 to None, run_after=None
[2025-04-04T09:19:40.747+0000] {processor.py:208} INFO - Processing /home/airflow/.local/lib/python3.12/site-packages/airflow/example_dags/example_subdag_operator.py took 2.889 seconds
[2025-04-04T09:20:29.233+0000] {processor.py:186} INFO - Started process (PID=357) to work on /home/airflow/.local/lib/python3.12/site-packages/airflow/example_dags/example_subdag_operator.py
[2025-04-04T09:20:29.237+0000] {processor.py:914} INFO - Processing file /home/airflow/.local/lib/python3.12/site-packages/airflow/example_dags/example_subdag_operator.py for tasks to queue
[2025-04-04T09:20:29.271+0000] {logging_mixin.py:190} INFO - [2025-04-04T09:20:29.270+0000] {dagbag.py:588} INFO - Filling up the DagBag from /home/airflow/.local/lib/python3.12/site-packages/airflow/example_dags/example_subdag_operator.py
[2025-04-04T09:20:29.560+0000] {processor.py:925} INFO - DAG(s) 'example_subdag_operator.section-1', 'example_subdag_operator.section-2', 'example_subdag_operator' retrieved from /home/airflow/.local/lib/python3.12/site-packages/airflow/example_dags/example_subdag_operator.py
[2025-04-04T09:20:29.725+0000] {logging_mixin.py:190} INFO - [2025-04-04T09:20:29.724+0000] {dag.py:3239} INFO - Sync 3 DAGs
[2025-04-04T09:20:29.960+0000] {logging_mixin.py:190} INFO - [2025-04-04T09:20:29.958+0000] {dag.py:4180} INFO - Setting next_dagrun for example_subdag_operator to 2022-01-01 00:00:00+00:00, run_after=2022-01-01 00:00:00+00:00
[2025-04-04T09:20:30.008+0000] {logging_mixin.py:190} INFO - [2025-04-04T09:20:30.007+0000] {dag.py:4180} INFO - Setting next_dagrun for example_subdag_operator.section-1 to None, run_after=None
[2025-04-04T09:20:30.043+0000] {logging_mixin.py:190} INFO - [2025-04-04T09:20:30.031+0000] {dag.py:4180} INFO - Setting next_dagrun for example_subdag_operator.section-2 to None, run_after=None
[2025-04-04T09:20:30.114+0000] {logging_mixin.py:190} INFO - [2025-04-04T09:20:30.113+0000] {dag.py:3239} INFO - Sync 2 DAGs
[2025-04-04T09:20:30.152+0000] {logging_mixin.py:190} INFO - [2025-04-04T09:20:30.151+0000] {dag.py:4180} INFO - Setting next_dagrun for example_subdag_operator.section-1 to None, run_after=None
[2025-04-04T09:20:30.156+0000] {logging_mixin.py:190} INFO - [2025-04-04T09:20:30.155+0000] {dag.py:4180} INFO - Setting next_dagrun for example_subdag_operator.section-2 to None, run_after=None
[2025-04-04T09:20:30.301+0000] {processor.py:208} INFO - Processing /home/airflow/.local/lib/python3.12/site-packages/airflow/example_dags/example_subdag_operator.py took 1.119 seconds
[2025-04-04T09:21:23.068+0000] {processor.py:186} INFO - Started process (PID=426) to work on /home/airflow/.local/lib/python3.12/site-packages/airflow/example_dags/example_subdag_operator.py
[2025-04-04T09:21:23.084+0000] {processor.py:914} INFO - Processing file /home/airflow/.local/lib/python3.12/site-packages/airflow/example_dags/example_subdag_operator.py for tasks to queue
[2025-04-04T09:21:23.136+0000] {logging_mixin.py:190} INFO - [2025-04-04T09:21:23.134+0000] {dagbag.py:588} INFO - Filling up the DagBag from /home/airflow/.local/lib/python3.12/site-packages/airflow/example_dags/example_subdag_operator.py
[2025-04-04T09:21:23.659+0000] {processor.py:925} INFO - DAG(s) 'example_subdag_operator.section-1', 'example_subdag_operator.section-2', 'example_subdag_operator' retrieved from /home/airflow/.local/lib/python3.12/site-packages/airflow/example_dags/example_subdag_operator.py
[2025-04-04T09:21:23.915+0000] {logging_mixin.py:190} INFO - [2025-04-04T09:21:23.913+0000] {dag.py:3239} INFO - Sync 3 DAGs
[2025-04-04T09:21:24.384+0000] {logging_mixin.py:190} INFO - [2025-04-04T09:21:24.383+0000] {dag.py:4180} INFO - Setting next_dagrun for example_subdag_operator to 2022-01-01 00:00:00+00:00, run_after=2022-01-01 00:00:00+00:00
[2025-04-04T09:21:24.461+0000] {logging_mixin.py:190} INFO - [2025-04-04T09:21:24.460+0000] {dag.py:4180} INFO - Setting next_dagrun for example_subdag_operator.section-1 to None, run_after=None
[2025-04-04T09:21:24.491+0000] {logging_mixin.py:190} INFO - [2025-04-04T09:21:24.488+0000] {dag.py:4180} INFO - Setting next_dagrun for example_subdag_operator.section-2 to None, run_after=None
[2025-04-04T09:21:24.570+0000] {logging_mixin.py:190} INFO - [2025-04-04T09:21:24.567+0000] {dag.py:3239} INFO - Sync 2 DAGs
[2025-04-04T09:21:24.639+0000] {logging_mixin.py:190} INFO - [2025-04-04T09:21:24.633+0000] {dag.py:4180} INFO - Setting next_dagrun for example_subdag_operator.section-1 to None, run_after=None
[2025-04-04T09:21:24.643+0000] {logging_mixin.py:190} INFO - [2025-04-04T09:21:24.642+0000] {dag.py:4180} INFO - Setting next_dagrun for example_subdag_operator.section-2 to None, run_after=None
[2025-04-04T09:21:24.817+0000] {processor.py:208} INFO - Processing /home/airflow/.local/lib/python3.12/site-packages/airflow/example_dags/example_subdag_operator.py took 1.826 seconds
[2025-04-04T09:21:58.179+0000] {processor.py:186} INFO - Started process (PID=488) to work on /home/airflow/.local/lib/python3.12/site-packages/airflow/example_dags/example_subdag_operator.py
[2025-04-04T09:21:58.228+0000] {processor.py:914} INFO - Processing file /home/airflow/.local/lib/python3.12/site-packages/airflow/example_dags/example_subdag_operator.py for tasks to queue
[2025-04-04T09:21:58.285+0000] {logging_mixin.py:190} INFO - [2025-04-04T09:21:58.269+0000] {dagbag.py:588} INFO - Filling up the DagBag from /home/airflow/.local/lib/python3.12/site-packages/airflow/example_dags/example_subdag_operator.py
[2025-04-04T09:21:58.673+0000] {processor.py:925} INFO - DAG(s) 'example_subdag_operator.section-1', 'example_subdag_operator.section-2', 'example_subdag_operator' retrieved from /home/airflow/.local/lib/python3.12/site-packages/airflow/example_dags/example_subdag_operator.py
[2025-04-04T09:21:58.906+0000] {logging_mixin.py:190} INFO - [2025-04-04T09:21:58.905+0000] {dag.py:3239} INFO - Sync 3 DAGs
[2025-04-04T09:21:59.357+0000] {logging_mixin.py:190} INFO - [2025-04-04T09:21:59.356+0000] {dag.py:4180} INFO - Setting next_dagrun for example_subdag_operator to 2022-01-01 00:00:00+00:00, run_after=2022-01-01 00:00:00+00:00
[2025-04-04T09:21:59.376+0000] {logging_mixin.py:190} INFO - [2025-04-04T09:21:59.375+0000] {dag.py:4180} INFO - Setting next_dagrun for example_subdag_operator.section-1 to None, run_after=None
[2025-04-04T09:21:59.391+0000] {logging_mixin.py:190} INFO - [2025-04-04T09:21:59.389+0000] {dag.py:4180} INFO - Setting next_dagrun for example_subdag_operator.section-2 to None, run_after=None
[2025-04-04T09:21:59.441+0000] {logging_mixin.py:190} INFO - [2025-04-04T09:21:59.440+0000] {dag.py:3239} INFO - Sync 2 DAGs
[2025-04-04T09:21:59.514+0000] {logging_mixin.py:190} INFO - [2025-04-04T09:21:59.513+0000] {dag.py:4180} INFO - Setting next_dagrun for example_subdag_operator.section-1 to None, run_after=None
[2025-04-04T09:21:59.521+0000] {logging_mixin.py:190} INFO - [2025-04-04T09:21:59.520+0000] {dag.py:4180} INFO - Setting next_dagrun for example_subdag_operator.section-2 to None, run_after=None
[2025-04-04T09:21:59.618+0000] {processor.py:208} INFO - Processing /home/airflow/.local/lib/python3.12/site-packages/airflow/example_dags/example_subdag_operator.py took 1.549 seconds
[2025-04-04T09:23:01.784+0000] {processor.py:186} INFO - Started process (PID=553) to work on /home/airflow/.local/lib/python3.12/site-packages/airflow/example_dags/example_subdag_operator.py
[2025-04-04T09:23:01.801+0000] {processor.py:914} INFO - Processing file /home/airflow/.local/lib/python3.12/site-packages/airflow/example_dags/example_subdag_operator.py for tasks to queue
[2025-04-04T09:23:01.855+0000] {logging_mixin.py:190} INFO - [2025-04-04T09:23:01.843+0000] {dagbag.py:588} INFO - Filling up the DagBag from /home/airflow/.local/lib/python3.12/site-packages/airflow/example_dags/example_subdag_operator.py
[2025-04-04T09:23:02.203+0000] {processor.py:925} INFO - DAG(s) 'example_subdag_operator.section-1', 'example_subdag_operator.section-2', 'example_subdag_operator' retrieved from /home/airflow/.local/lib/python3.12/site-packages/airflow/example_dags/example_subdag_operator.py
[2025-04-04T09:23:02.392+0000] {logging_mixin.py:190} INFO - [2025-04-04T09:23:02.391+0000] {dag.py:3239} INFO - Sync 3 DAGs
[2025-04-04T09:23:02.714+0000] {logging_mixin.py:190} INFO - [2025-04-04T09:23:02.713+0000] {dag.py:4180} INFO - Setting next_dagrun for example_subdag_operator to 2022-01-01 00:00:00+00:00, run_after=2022-01-01 00:00:00+00:00
[2025-04-04T09:23:02.766+0000] {logging_mixin.py:190} INFO - [2025-04-04T09:23:02.756+0000] {dag.py:4180} INFO - Setting next_dagrun for example_subdag_operator.section-1 to None, run_after=None
[2025-04-04T09:23:02.785+0000] {logging_mixin.py:190} INFO - [2025-04-04T09:23:02.784+0000] {dag.py:4180} INFO - Setting next_dagrun for example_subdag_operator.section-2 to None, run_after=None
[2025-04-04T09:23:02.883+0000] {logging_mixin.py:190} INFO - [2025-04-04T09:23:02.880+0000] {dag.py:3239} INFO - Sync 2 DAGs
[2025-04-04T09:23:02.940+0000] {logging_mixin.py:190} INFO - [2025-04-04T09:23:02.939+0000] {dag.py:4180} INFO - Setting next_dagrun for example_subdag_operator.section-1 to None, run_after=None
[2025-04-04T09:23:02.954+0000] {logging_mixin.py:190} INFO - [2025-04-04T09:23:02.953+0000] {dag.py:4180} INFO - Setting next_dagrun for example_subdag_operator.section-2 to None, run_after=None
[2025-04-04T09:23:03.150+0000] {processor.py:208} INFO - Processing /home/airflow/.local/lib/python3.12/site-packages/airflow/example_dags/example_subdag_operator.py took 1.492 seconds
[2025-04-04T09:23:49.082+0000] {processor.py:186} INFO - Started process (PID=622) to work on /home/airflow/.local/lib/python3.12/site-packages/airflow/example_dags/example_subdag_operator.py
[2025-04-04T09:23:49.087+0000] {processor.py:914} INFO - Processing file /home/airflow/.local/lib/python3.12/site-packages/airflow/example_dags/example_subdag_operator.py for tasks to queue
[2025-04-04T09:23:49.102+0000] {logging_mixin.py:190} INFO - [2025-04-04T09:23:49.099+0000] {dagbag.py:588} INFO - Filling up the DagBag from /home/airflow/.local/lib/python3.12/site-packages/airflow/example_dags/example_subdag_operator.py
[2025-04-04T09:23:49.290+0000] {processor.py:925} INFO - DAG(s) 'example_subdag_operator.section-1', 'example_subdag_operator.section-2', 'example_subdag_operator' retrieved from /home/airflow/.local/lib/python3.12/site-packages/airflow/example_dags/example_subdag_operator.py
[2025-04-04T09:23:49.458+0000] {logging_mixin.py:190} INFO - [2025-04-04T09:23:49.456+0000] {dag.py:3239} INFO - Sync 3 DAGs
[2025-04-04T09:23:49.586+0000] {logging_mixin.py:190} INFO - [2025-04-04T09:23:49.585+0000] {dag.py:4180} INFO - Setting next_dagrun for example_subdag_operator to 2022-01-01 00:00:00+00:00, run_after=2022-01-01 00:00:00+00:00
[2025-04-04T09:23:49.604+0000] {logging_mixin.py:190} INFO - [2025-04-04T09:23:49.603+0000] {dag.py:4180} INFO - Setting next_dagrun for example_subdag_operator.section-1 to None, run_after=None
[2025-04-04T09:23:49.611+0000] {logging_mixin.py:190} INFO - [2025-04-04T09:23:49.611+0000] {dag.py:4180} INFO - Setting next_dagrun for example_subdag_operator.section-2 to None, run_after=None
[2025-04-04T09:23:49.648+0000] {logging_mixin.py:190} INFO - [2025-04-04T09:23:49.647+0000] {dag.py:3239} INFO - Sync 2 DAGs
[2025-04-04T09:23:49.695+0000] {logging_mixin.py:190} INFO - [2025-04-04T09:23:49.692+0000] {dag.py:4180} INFO - Setting next_dagrun for example_subdag_operator.section-1 to None, run_after=None
[2025-04-04T09:23:49.703+0000] {logging_mixin.py:190} INFO - [2025-04-04T09:23:49.701+0000] {dag.py:4180} INFO - Setting next_dagrun for example_subdag_operator.section-2 to None, run_after=None
[2025-04-04T09:23:49.822+0000] {processor.py:208} INFO - Processing /home/airflow/.local/lib/python3.12/site-packages/airflow/example_dags/example_subdag_operator.py took 0.774 seconds
[2025-04-04T09:24:21.808+0000] {processor.py:186} INFO - Started process (PID=685) to work on /home/airflow/.local/lib/python3.12/site-packages/airflow/example_dags/example_subdag_operator.py
[2025-04-04T09:24:21.817+0000] {processor.py:914} INFO - Processing file /home/airflow/.local/lib/python3.12/site-packages/airflow/example_dags/example_subdag_operator.py for tasks to queue
[2025-04-04T09:24:21.830+0000] {logging_mixin.py:190} INFO - [2025-04-04T09:24:21.829+0000] {dagbag.py:588} INFO - Filling up the DagBag from /home/airflow/.local/lib/python3.12/site-packages/airflow/example_dags/example_subdag_operator.py
[2025-04-04T09:24:22.010+0000] {processor.py:925} INFO - DAG(s) 'example_subdag_operator.section-1', 'example_subdag_operator.section-2', 'example_subdag_operator' retrieved from /home/airflow/.local/lib/python3.12/site-packages/airflow/example_dags/example_subdag_operator.py
[2025-04-04T09:24:22.172+0000] {logging_mixin.py:190} INFO - [2025-04-04T09:24:22.171+0000] {dag.py:3239} INFO - Sync 3 DAGs
[2025-04-04T09:24:22.394+0000] {logging_mixin.py:190} INFO - [2025-04-04T09:24:22.392+0000] {dag.py:4180} INFO - Setting next_dagrun for example_subdag_operator to 2022-01-01 00:00:00+00:00, run_after=2022-01-01 00:00:00+00:00
[2025-04-04T09:24:22.424+0000] {logging_mixin.py:190} INFO - [2025-04-04T09:24:22.424+0000] {dag.py:4180} INFO - Setting next_dagrun for example_subdag_operator.section-1 to None, run_after=None
[2025-04-04T09:24:22.443+0000] {logging_mixin.py:190} INFO - [2025-04-04T09:24:22.441+0000] {dag.py:4180} INFO - Setting next_dagrun for example_subdag_operator.section-2 to None, run_after=None
[2025-04-04T09:24:22.514+0000] {logging_mixin.py:190} INFO - [2025-04-04T09:24:22.513+0000] {dag.py:3239} INFO - Sync 2 DAGs
[2025-04-04T09:24:22.590+0000] {logging_mixin.py:190} INFO - [2025-04-04T09:24:22.589+0000] {dag.py:4180} INFO - Setting next_dagrun for example_subdag_operator.section-1 to None, run_after=None
[2025-04-04T09:24:22.596+0000] {logging_mixin.py:190} INFO - [2025-04-04T09:24:22.595+0000] {dag.py:4180} INFO - Setting next_dagrun for example_subdag_operator.section-2 to None, run_after=None
[2025-04-04T09:24:22.703+0000] {processor.py:208} INFO - Processing /home/airflow/.local/lib/python3.12/site-packages/airflow/example_dags/example_subdag_operator.py took 0.935 seconds
[2025-04-04T09:25:05.677+0000] {processor.py:186} INFO - Started process (PID=753) to work on /home/airflow/.local/lib/python3.12/site-packages/airflow/example_dags/example_subdag_operator.py
[2025-04-04T09:25:05.681+0000] {processor.py:914} INFO - Processing file /home/airflow/.local/lib/python3.12/site-packages/airflow/example_dags/example_subdag_operator.py for tasks to queue
[2025-04-04T09:25:05.691+0000] {logging_mixin.py:190} INFO - [2025-04-04T09:25:05.690+0000] {dagbag.py:588} INFO - Filling up the DagBag from /home/airflow/.local/lib/python3.12/site-packages/airflow/example_dags/example_subdag_operator.py
[2025-04-04T09:25:05.849+0000] {processor.py:925} INFO - DAG(s) 'example_subdag_operator.section-1', 'example_subdag_operator.section-2', 'example_subdag_operator' retrieved from /home/airflow/.local/lib/python3.12/site-packages/airflow/example_dags/example_subdag_operator.py
[2025-04-04T09:25:05.949+0000] {logging_mixin.py:190} INFO - [2025-04-04T09:25:05.947+0000] {dag.py:3239} INFO - Sync 3 DAGs
[2025-04-04T09:25:06.124+0000] {logging_mixin.py:190} INFO - [2025-04-04T09:25:06.123+0000] {dag.py:4180} INFO - Setting next_dagrun for example_subdag_operator to 2022-01-01 00:00:00+00:00, run_after=2022-01-01 00:00:00+00:00
[2025-04-04T09:25:06.166+0000] {logging_mixin.py:190} INFO - [2025-04-04T09:25:06.165+0000] {dag.py:4180} INFO - Setting next_dagrun for example_subdag_operator.section-1 to None, run_after=None
[2025-04-04T09:25:06.183+0000] {logging_mixin.py:190} INFO - [2025-04-04T09:25:06.182+0000] {dag.py:4180} INFO - Setting next_dagrun for example_subdag_operator.section-2 to None, run_after=None
[2025-04-04T09:25:06.231+0000] {logging_mixin.py:190} INFO - [2025-04-04T09:25:06.230+0000] {dag.py:3239} INFO - Sync 2 DAGs
[2025-04-04T09:25:06.253+0000] {logging_mixin.py:190} INFO - [2025-04-04T09:25:06.252+0000] {dag.py:4180} INFO - Setting next_dagrun for example_subdag_operator.section-1 to None, run_after=None
[2025-04-04T09:25:06.255+0000] {logging_mixin.py:190} INFO - [2025-04-04T09:25:06.254+0000] {dag.py:4180} INFO - Setting next_dagrun for example_subdag_operator.section-2 to None, run_after=None
[2025-04-04T09:25:06.309+0000] {processor.py:208} INFO - Processing /home/airflow/.local/lib/python3.12/site-packages/airflow/example_dags/example_subdag_operator.py took 0.666 seconds
[2025-04-04T09:25:39.294+0000] {processor.py:186} INFO - Started process (PID=813) to work on /home/airflow/.local/lib/python3.12/site-packages/airflow/example_dags/example_subdag_operator.py
[2025-04-04T09:25:39.300+0000] {processor.py:914} INFO - Processing file /home/airflow/.local/lib/python3.12/site-packages/airflow/example_dags/example_subdag_operator.py for tasks to queue
[2025-04-04T09:25:39.314+0000] {logging_mixin.py:190} INFO - [2025-04-04T09:25:39.312+0000] {dagbag.py:588} INFO - Filling up the DagBag from /home/airflow/.local/lib/python3.12/site-packages/airflow/example_dags/example_subdag_operator.py
[2025-04-04T09:25:39.450+0000] {processor.py:925} INFO - DAG(s) 'example_subdag_operator.section-1', 'example_subdag_operator.section-2', 'example_subdag_operator' retrieved from /home/airflow/.local/lib/python3.12/site-packages/airflow/example_dags/example_subdag_operator.py
[2025-04-04T09:25:39.523+0000] {logging_mixin.py:190} INFO - [2025-04-04T09:25:39.522+0000] {dag.py:3239} INFO - Sync 3 DAGs
[2025-04-04T09:25:39.679+0000] {logging_mixin.py:190} INFO - [2025-04-04T09:25:39.678+0000] {dag.py:4180} INFO - Setting next_dagrun for example_subdag_operator to 2022-01-01 00:00:00+00:00, run_after=2022-01-01 00:00:00+00:00
[2025-04-04T09:25:39.699+0000] {logging_mixin.py:190} INFO - [2025-04-04T09:25:39.698+0000] {dag.py:4180} INFO - Setting next_dagrun for example_subdag_operator.section-1 to None, run_after=None
[2025-04-04T09:25:39.709+0000] {logging_mixin.py:190} INFO - [2025-04-04T09:25:39.708+0000] {dag.py:4180} INFO - Setting next_dagrun for example_subdag_operator.section-2 to None, run_after=None
[2025-04-04T09:25:39.755+0000] {logging_mixin.py:190} INFO - [2025-04-04T09:25:39.755+0000] {dag.py:3239} INFO - Sync 2 DAGs
[2025-04-04T09:25:39.779+0000] {logging_mixin.py:190} INFO - [2025-04-04T09:25:39.778+0000] {dag.py:4180} INFO - Setting next_dagrun for example_subdag_operator.section-1 to None, run_after=None
[2025-04-04T09:25:39.782+0000] {logging_mixin.py:190} INFO - [2025-04-04T09:25:39.781+0000] {dag.py:4180} INFO - Setting next_dagrun for example_subdag_operator.section-2 to None, run_after=None
[2025-04-04T09:25:39.844+0000] {processor.py:208} INFO - Processing /home/airflow/.local/lib/python3.12/site-packages/airflow/example_dags/example_subdag_operator.py took 0.587 seconds
[2025-04-04T09:26:23.443+0000] {processor.py:186} INFO - Started process (PID=882) to work on /home/airflow/.local/lib/python3.12/site-packages/airflow/example_dags/example_subdag_operator.py
[2025-04-04T09:26:23.447+0000] {processor.py:914} INFO - Processing file /home/airflow/.local/lib/python3.12/site-packages/airflow/example_dags/example_subdag_operator.py for tasks to queue
[2025-04-04T09:26:23.457+0000] {logging_mixin.py:190} INFO - [2025-04-04T09:26:23.456+0000] {dagbag.py:588} INFO - Filling up the DagBag from /home/airflow/.local/lib/python3.12/site-packages/airflow/example_dags/example_subdag_operator.py
[2025-04-04T09:26:23.571+0000] {processor.py:925} INFO - DAG(s) 'example_subdag_operator.section-1', 'example_subdag_operator.section-2', 'example_subdag_operator' retrieved from /home/airflow/.local/lib/python3.12/site-packages/airflow/example_dags/example_subdag_operator.py
[2025-04-04T09:26:23.635+0000] {logging_mixin.py:190} INFO - [2025-04-04T09:26:23.634+0000] {dag.py:3239} INFO - Sync 3 DAGs
[2025-04-04T09:26:23.756+0000] {logging_mixin.py:190} INFO - [2025-04-04T09:26:23.755+0000] {dag.py:4180} INFO - Setting next_dagrun for example_subdag_operator to 2022-01-01 00:00:00+00:00, run_after=2022-01-01 00:00:00+00:00
[2025-04-04T09:26:23.778+0000] {logging_mixin.py:190} INFO - [2025-04-04T09:26:23.777+0000] {dag.py:4180} INFO - Setting next_dagrun for example_subdag_operator.section-1 to None, run_after=None
[2025-04-04T09:26:23.785+0000] {logging_mixin.py:190} INFO - [2025-04-04T09:26:23.784+0000] {dag.py:4180} INFO - Setting next_dagrun for example_subdag_operator.section-2 to None, run_after=None
[2025-04-04T09:26:23.822+0000] {logging_mixin.py:190} INFO - [2025-04-04T09:26:23.822+0000] {dag.py:3239} INFO - Sync 2 DAGs
[2025-04-04T09:26:23.869+0000] {logging_mixin.py:190} INFO - [2025-04-04T09:26:23.868+0000] {dag.py:4180} INFO - Setting next_dagrun for example_subdag_operator.section-1 to None, run_after=None
[2025-04-04T09:26:23.873+0000] {logging_mixin.py:190} INFO - [2025-04-04T09:26:23.873+0000] {dag.py:4180} INFO - Setting next_dagrun for example_subdag_operator.section-2 to None, run_after=None
[2025-04-04T09:26:23.929+0000] {processor.py:208} INFO - Processing /home/airflow/.local/lib/python3.12/site-packages/airflow/example_dags/example_subdag_operator.py took 0.517 seconds
[2025-04-04T09:26:59.315+0000] {processor.py:186} INFO - Started process (PID=944) to work on /home/airflow/.local/lib/python3.12/site-packages/airflow/example_dags/example_subdag_operator.py
[2025-04-04T09:26:59.349+0000] {processor.py:914} INFO - Processing file /home/airflow/.local/lib/python3.12/site-packages/airflow/example_dags/example_subdag_operator.py for tasks to queue
[2025-04-04T09:26:59.400+0000] {logging_mixin.py:190} INFO - [2025-04-04T09:26:59.387+0000] {dagbag.py:588} INFO - Filling up the DagBag from /home/airflow/.local/lib/python3.12/site-packages/airflow/example_dags/example_subdag_operator.py
[2025-04-04T09:33:02.789+0000] {processor.py:186} INFO - Started process (PID=125) to work on /home/airflow/.local/lib/python3.12/site-packages/airflow/example_dags/example_subdag_operator.py
[2025-04-04T09:33:02.804+0000] {processor.py:914} INFO - Processing file /home/airflow/.local/lib/python3.12/site-packages/airflow/example_dags/example_subdag_operator.py for tasks to queue
[2025-04-04T09:33:02.849+0000] {logging_mixin.py:190} INFO - [2025-04-04T09:33:02.845+0000] {dagbag.py:588} INFO - Filling up the DagBag from /home/airflow/.local/lib/python3.12/site-packages/airflow/example_dags/example_subdag_operator.py
[2025-04-04T09:33:03.109+0000] {processor.py:925} INFO - DAG(s) 'example_subdag_operator.section-1', 'example_subdag_operator.section-2', 'example_subdag_operator' retrieved from /home/airflow/.local/lib/python3.12/site-packages/airflow/example_dags/example_subdag_operator.py
[2025-04-04T09:33:03.254+0000] {logging_mixin.py:190} INFO - [2025-04-04T09:33:03.252+0000] {dag.py:3239} INFO - Sync 3 DAGs
[2025-04-04T09:33:03.485+0000] {logging_mixin.py:190} INFO - [2025-04-04T09:33:03.484+0000] {dag.py:4180} INFO - Setting next_dagrun for example_subdag_operator to 2022-01-01 00:00:00+00:00, run_after=2022-01-01 00:00:00+00:00
[2025-04-04T09:33:03.512+0000] {logging_mixin.py:190} INFO - [2025-04-04T09:33:03.510+0000] {dag.py:4180} INFO - Setting next_dagrun for example_subdag_operator.section-1 to None, run_after=None
[2025-04-04T09:33:03.525+0000] {logging_mixin.py:190} INFO - [2025-04-04T09:33:03.524+0000] {dag.py:4180} INFO - Setting next_dagrun for example_subdag_operator.section-2 to None, run_after=None
[2025-04-04T09:33:03.567+0000] {logging_mixin.py:190} INFO - [2025-04-04T09:33:03.566+0000] {dag.py:3239} INFO - Sync 2 DAGs
[2025-04-04T09:33:03.613+0000] {logging_mixin.py:190} INFO - [2025-04-04T09:33:03.612+0000] {dag.py:4180} INFO - Setting next_dagrun for example_subdag_operator.section-1 to None, run_after=None
[2025-04-04T09:33:03.617+0000] {logging_mixin.py:190} INFO - [2025-04-04T09:33:03.616+0000] {dag.py:4180} INFO - Setting next_dagrun for example_subdag_operator.section-2 to None, run_after=None
[2025-04-04T09:33:03.690+0000] {processor.py:208} INFO - Processing /home/airflow/.local/lib/python3.12/site-packages/airflow/example_dags/example_subdag_operator.py took 0.971 seconds
