[2025-04-04T09:04:10.962+0000] {processor.py:186} INFO - Started process (PID=143) to work on /home/airflow/.local/lib/python3.12/site-packages/airflow/example_dags/example_params_trigger_ui.py
[2025-04-04T09:04:10.970+0000] {processor.py:914} INFO - Processing file /home/airflow/.local/lib/python3.12/site-packages/airflow/example_dags/example_params_trigger_ui.py for tasks to queue
[2025-04-04T09:04:10.982+0000] {logging_mixin.py:190} INFO - [2025-04-04T09:04:10.980+0000] {dagbag.py:588} INFO - Filling up the DagBag from /home/airflow/.local/lib/python3.12/site-packages/airflow/example_dags/example_params_trigger_ui.py
[2025-04-04T09:04:11.107+0000] {processor.py:925} INFO - DAG(s) 'example_params_trigger_ui' retrieved from /home/airflow/.local/lib/python3.12/site-packages/airflow/example_dags/example_params_trigger_ui.py
[2025-04-04T09:04:12.549+0000] {logging_mixin.py:190} INFO - [2025-04-04T09:04:12.547+0000] {override.py:1912} INFO - Created Permission View: can delete on DAG:example_params_trigger_ui
[2025-04-04T09:04:12.731+0000] {logging_mixin.py:190} INFO - [2025-04-04T09:04:12.730+0000] {override.py:1912} INFO - Created Permission View: can edit on DAG:example_params_trigger_ui
[2025-04-04T09:04:12.818+0000] {logging_mixin.py:190} INFO - [2025-04-04T09:04:12.812+0000] {override.py:1912} INFO - Created Permission View: can read on DAG:example_params_trigger_ui
[2025-04-04T09:04:12.944+0000] {logging_mixin.py:190} INFO - [2025-04-04T09:04:12.942+0000] {override.py:1912} INFO - Created Permission View: menu access on DAG Run:example_params_trigger_ui
[2025-04-04T09:04:13.093+0000] {logging_mixin.py:190} INFO - [2025-04-04T09:04:13.092+0000] {override.py:1912} INFO - Created Permission View: can create on DAG Run:example_params_trigger_ui
[2025-04-04T09:04:13.165+0000] {logging_mixin.py:190} INFO - [2025-04-04T09:04:13.164+0000] {override.py:1912} INFO - Created Permission View: can delete on DAG Run:example_params_trigger_ui
[2025-04-04T09:04:13.277+0000] {logging_mixin.py:190} INFO - [2025-04-04T09:04:13.276+0000] {override.py:1912} INFO - Created Permission View: can read on DAG Run:example_params_trigger_ui
[2025-04-04T09:04:13.292+0000] {logging_mixin.py:190} INFO - [2025-04-04T09:04:13.280+0000] {dag.py:3239} INFO - Sync 1 DAGs
[2025-04-04T09:04:13.446+0000] {logging_mixin.py:190} INFO - [2025-04-04T09:04:13.445+0000] {dag.py:3262} INFO - Creating ORM DAG for example_params_trigger_ui
[2025-04-04T09:04:13.469+0000] {logging_mixin.py:190} INFO - [2025-04-04T09:04:13.467+0000] {dag.py:4180} INFO - Setting next_dagrun for example_params_trigger_ui to None, run_after=None
[2025-04-04T09:04:13.789+0000] {processor.py:208} INFO - Processing /home/airflow/.local/lib/python3.12/site-packages/airflow/example_dags/example_params_trigger_ui.py took 2.863 seconds
[2025-04-04T09:16:49.736+0000] {processor.py:186} INFO - Started process (PID=124) to work on /home/airflow/.local/lib/python3.12/site-packages/airflow/example_dags/example_params_trigger_ui.py
[2025-04-04T09:16:49.744+0000] {processor.py:914} INFO - Processing file /home/airflow/.local/lib/python3.12/site-packages/airflow/example_dags/example_params_trigger_ui.py for tasks to queue
[2025-04-04T09:16:49.759+0000] {logging_mixin.py:190} INFO - [2025-04-04T09:16:49.757+0000] {dagbag.py:588} INFO - Filling up the DagBag from /home/airflow/.local/lib/python3.12/site-packages/airflow/example_dags/example_params_trigger_ui.py
[2025-04-04T09:16:49.829+0000] {processor.py:925} INFO - DAG(s) 'example_params_trigger_ui' retrieved from /home/airflow/.local/lib/python3.12/site-packages/airflow/example_dags/example_params_trigger_ui.py
[2025-04-04T09:16:50.090+0000] {logging_mixin.py:190} INFO - [2025-04-04T09:16:50.089+0000] {dag.py:3239} INFO - Sync 1 DAGs
[2025-04-04T09:16:50.184+0000] {logging_mixin.py:190} INFO - [2025-04-04T09:16:50.182+0000] {dag.py:4180} INFO - Setting next_dagrun for example_params_trigger_ui to None, run_after=None
[2025-04-04T09:16:50.299+0000] {processor.py:208} INFO - Processing /home/airflow/.local/lib/python3.12/site-packages/airflow/example_dags/example_params_trigger_ui.py took 0.604 seconds
[2025-04-04T09:17:56.097+0000] {processor.py:186} INFO - Started process (PID=193) to work on /home/airflow/.local/lib/python3.12/site-packages/airflow/example_dags/example_params_trigger_ui.py
[2025-04-04T09:17:56.106+0000] {processor.py:914} INFO - Processing file /home/airflow/.local/lib/python3.12/site-packages/airflow/example_dags/example_params_trigger_ui.py for tasks to queue
[2025-04-04T09:17:56.118+0000] {logging_mixin.py:190} INFO - [2025-04-04T09:17:56.117+0000] {dagbag.py:588} INFO - Filling up the DagBag from /home/airflow/.local/lib/python3.12/site-packages/airflow/example_dags/example_params_trigger_ui.py
[2025-04-04T09:17:56.193+0000] {processor.py:925} INFO - DAG(s) 'example_params_trigger_ui' retrieved from /home/airflow/.local/lib/python3.12/site-packages/airflow/example_dags/example_params_trigger_ui.py
[2025-04-04T09:17:56.598+0000] {logging_mixin.py:190} INFO - [2025-04-04T09:17:56.597+0000] {dag.py:3239} INFO - Sync 1 DAGs
[2025-04-04T09:17:56.763+0000] {logging_mixin.py:190} INFO - [2025-04-04T09:17:56.762+0000] {dag.py:4180} INFO - Setting next_dagrun for example_params_trigger_ui to None, run_after=None
[2025-04-04T09:17:56.887+0000] {processor.py:208} INFO - Processing /home/airflow/.local/lib/python3.12/site-packages/airflow/example_dags/example_params_trigger_ui.py took 0.835 seconds
[2025-04-04T09:18:35.152+0000] {processor.py:186} INFO - Started process (PID=261) to work on /home/airflow/.local/lib/python3.12/site-packages/airflow/example_dags/example_params_trigger_ui.py
[2025-04-04T09:18:35.158+0000] {processor.py:914} INFO - Processing file /home/airflow/.local/lib/python3.12/site-packages/airflow/example_dags/example_params_trigger_ui.py for tasks to queue
[2025-04-04T09:18:35.177+0000] {logging_mixin.py:190} INFO - [2025-04-04T09:18:35.174+0000] {dagbag.py:588} INFO - Filling up the DagBag from /home/airflow/.local/lib/python3.12/site-packages/airflow/example_dags/example_params_trigger_ui.py
[2025-04-04T09:18:35.271+0000] {processor.py:925} INFO - DAG(s) 'example_params_trigger_ui' retrieved from /home/airflow/.local/lib/python3.12/site-packages/airflow/example_dags/example_params_trigger_ui.py
[2025-04-04T09:18:35.728+0000] {logging_mixin.py:190} INFO - [2025-04-04T09:18:35.727+0000] {dag.py:3239} INFO - Sync 1 DAGs
[2025-04-04T09:18:35.928+0000] {logging_mixin.py:190} INFO - [2025-04-04T09:18:35.925+0000] {dag.py:4180} INFO - Setting next_dagrun for example_params_trigger_ui to None, run_after=None
[2025-04-04T09:18:36.093+0000] {processor.py:208} INFO - Processing /home/airflow/.local/lib/python3.12/site-packages/airflow/example_dags/example_params_trigger_ui.py took 0.991 seconds
[2025-04-04T09:19:57.286+0000] {processor.py:186} INFO - Started process (PID=323) to work on /home/airflow/.local/lib/python3.12/site-packages/airflow/example_dags/example_params_trigger_ui.py
[2025-04-04T09:19:57.302+0000] {processor.py:914} INFO - Processing file /home/airflow/.local/lib/python3.12/site-packages/airflow/example_dags/example_params_trigger_ui.py for tasks to queue
[2025-04-04T09:19:57.325+0000] {logging_mixin.py:190} INFO - [2025-04-04T09:19:57.323+0000] {dagbag.py:588} INFO - Filling up the DagBag from /home/airflow/.local/lib/python3.12/site-packages/airflow/example_dags/example_params_trigger_ui.py
[2025-04-04T09:19:57.456+0000] {processor.py:925} INFO - DAG(s) 'example_params_trigger_ui' retrieved from /home/airflow/.local/lib/python3.12/site-packages/airflow/example_dags/example_params_trigger_ui.py
[2025-04-04T09:19:58.003+0000] {logging_mixin.py:190} INFO - [2025-04-04T09:19:58.002+0000] {dag.py:3239} INFO - Sync 1 DAGs
[2025-04-04T09:19:58.237+0000] {logging_mixin.py:190} INFO - [2025-04-04T09:19:58.236+0000] {dag.py:4180} INFO - Setting next_dagrun for example_params_trigger_ui to None, run_after=None
[2025-04-04T09:19:58.450+0000] {processor.py:208} INFO - Processing /home/airflow/.local/lib/python3.12/site-packages/airflow/example_dags/example_params_trigger_ui.py took 1.222 seconds
[2025-04-04T09:21:05.651+0000] {processor.py:186} INFO - Started process (PID=399) to work on /home/airflow/.local/lib/python3.12/site-packages/airflow/example_dags/example_params_trigger_ui.py
[2025-04-04T09:21:05.662+0000] {processor.py:914} INFO - Processing file /home/airflow/.local/lib/python3.12/site-packages/airflow/example_dags/example_params_trigger_ui.py for tasks to queue
[2025-04-04T09:21:05.681+0000] {logging_mixin.py:190} INFO - [2025-04-04T09:21:05.679+0000] {dagbag.py:588} INFO - Filling up the DagBag from /home/airflow/.local/lib/python3.12/site-packages/airflow/example_dags/example_params_trigger_ui.py
[2025-04-04T09:21:05.794+0000] {processor.py:925} INFO - DAG(s) 'example_params_trigger_ui' retrieved from /home/airflow/.local/lib/python3.12/site-packages/airflow/example_dags/example_params_trigger_ui.py
[2025-04-04T09:21:06.244+0000] {logging_mixin.py:190} INFO - [2025-04-04T09:21:06.243+0000] {dag.py:3239} INFO - Sync 1 DAGs
[2025-04-04T09:21:06.381+0000] {logging_mixin.py:190} INFO - [2025-04-04T09:21:06.380+0000] {dag.py:4180} INFO - Setting next_dagrun for example_params_trigger_ui to None, run_after=None
[2025-04-04T09:21:06.488+0000] {processor.py:208} INFO - Processing /home/airflow/.local/lib/python3.12/site-packages/airflow/example_dags/example_params_trigger_ui.py took 0.903 seconds
[2025-04-04T09:21:42.430+0000] {processor.py:186} INFO - Started process (PID=466) to work on /home/airflow/.local/lib/python3.12/site-packages/airflow/example_dags/example_params_trigger_ui.py
[2025-04-04T09:21:42.438+0000] {processor.py:914} INFO - Processing file /home/airflow/.local/lib/python3.12/site-packages/airflow/example_dags/example_params_trigger_ui.py for tasks to queue
[2025-04-04T09:21:42.462+0000] {logging_mixin.py:190} INFO - [2025-04-04T09:21:42.460+0000] {dagbag.py:588} INFO - Filling up the DagBag from /home/airflow/.local/lib/python3.12/site-packages/airflow/example_dags/example_params_trigger_ui.py
[2025-04-04T09:21:42.531+0000] {processor.py:925} INFO - DAG(s) 'example_params_trigger_ui' retrieved from /home/airflow/.local/lib/python3.12/site-packages/airflow/example_dags/example_params_trigger_ui.py
[2025-04-04T09:21:42.882+0000] {logging_mixin.py:190} INFO - [2025-04-04T09:21:42.879+0000] {dag.py:3239} INFO - Sync 1 DAGs
[2025-04-04T09:21:43.037+0000] {logging_mixin.py:190} INFO - [2025-04-04T09:21:43.036+0000] {dag.py:4180} INFO - Setting next_dagrun for example_params_trigger_ui to None, run_after=None
[2025-04-04T09:21:43.161+0000] {processor.py:208} INFO - Processing /home/airflow/.local/lib/python3.12/site-packages/airflow/example_dags/example_params_trigger_ui.py took 0.774 seconds
[2025-04-04T09:22:28.603+0000] {processor.py:186} INFO - Started process (PID=526) to work on /home/airflow/.local/lib/python3.12/site-packages/airflow/example_dags/example_params_trigger_ui.py
[2025-04-04T09:22:28.611+0000] {processor.py:914} INFO - Processing file /home/airflow/.local/lib/python3.12/site-packages/airflow/example_dags/example_params_trigger_ui.py for tasks to queue
[2025-04-04T09:22:28.654+0000] {logging_mixin.py:190} INFO - [2025-04-04T09:22:28.651+0000] {dagbag.py:588} INFO - Filling up the DagBag from /home/airflow/.local/lib/python3.12/site-packages/airflow/example_dags/example_params_trigger_ui.py
[2025-04-04T09:22:28.937+0000] {processor.py:925} INFO - DAG(s) 'example_params_trigger_ui' retrieved from /home/airflow/.local/lib/python3.12/site-packages/airflow/example_dags/example_params_trigger_ui.py
[2025-04-04T09:22:29.684+0000] {logging_mixin.py:190} INFO - [2025-04-04T09:22:29.683+0000] {dag.py:3239} INFO - Sync 1 DAGs
[2025-04-04T09:22:29.917+0000] {logging_mixin.py:190} INFO - [2025-04-04T09:22:29.916+0000] {dag.py:4180} INFO - Setting next_dagrun for example_params_trigger_ui to None, run_after=None
[2025-04-04T09:22:30.124+0000] {processor.py:208} INFO - Processing /home/airflow/.local/lib/python3.12/site-packages/airflow/example_dags/example_params_trigger_ui.py took 1.629 seconds
[2025-04-04T09:23:29.248+0000] {processor.py:186} INFO - Started process (PID=591) to work on /home/airflow/.local/lib/python3.12/site-packages/airflow/example_dags/example_params_trigger_ui.py
[2025-04-04T09:23:29.254+0000] {processor.py:914} INFO - Processing file /home/airflow/.local/lib/python3.12/site-packages/airflow/example_dags/example_params_trigger_ui.py for tasks to queue
[2025-04-04T09:23:29.270+0000] {logging_mixin.py:190} INFO - [2025-04-04T09:23:29.268+0000] {dagbag.py:588} INFO - Filling up the DagBag from /home/airflow/.local/lib/python3.12/site-packages/airflow/example_dags/example_params_trigger_ui.py
[2025-04-04T09:23:29.408+0000] {processor.py:925} INFO - DAG(s) 'example_params_trigger_ui' retrieved from /home/airflow/.local/lib/python3.12/site-packages/airflow/example_dags/example_params_trigger_ui.py
[2025-04-04T09:23:29.829+0000] {logging_mixin.py:190} INFO - [2025-04-04T09:23:29.828+0000] {dag.py:3239} INFO - Sync 1 DAGs
[2025-04-04T09:23:30.005+0000] {logging_mixin.py:190} INFO - [2025-04-04T09:23:30.004+0000] {dag.py:4180} INFO - Setting next_dagrun for example_params_trigger_ui to None, run_after=None
[2025-04-04T09:23:30.164+0000] {processor.py:208} INFO - Processing /home/airflow/.local/lib/python3.12/site-packages/airflow/example_dags/example_params_trigger_ui.py took 0.951 seconds
[2025-04-04T09:24:05.189+0000] {processor.py:186} INFO - Started process (PID=653) to work on /home/airflow/.local/lib/python3.12/site-packages/airflow/example_dags/example_params_trigger_ui.py
[2025-04-04T09:24:05.196+0000] {processor.py:914} INFO - Processing file /home/airflow/.local/lib/python3.12/site-packages/airflow/example_dags/example_params_trigger_ui.py for tasks to queue
[2025-04-04T09:24:05.212+0000] {logging_mixin.py:190} INFO - [2025-04-04T09:24:05.210+0000] {dagbag.py:588} INFO - Filling up the DagBag from /home/airflow/.local/lib/python3.12/site-packages/airflow/example_dags/example_params_trigger_ui.py
[2025-04-04T09:24:05.279+0000] {processor.py:925} INFO - DAG(s) 'example_params_trigger_ui' retrieved from /home/airflow/.local/lib/python3.12/site-packages/airflow/example_dags/example_params_trigger_ui.py
[2025-04-04T09:24:05.584+0000] {logging_mixin.py:190} INFO - [2025-04-04T09:24:05.582+0000] {dag.py:3239} INFO - Sync 1 DAGs
[2025-04-04T09:24:05.678+0000] {logging_mixin.py:190} INFO - [2025-04-04T09:24:05.677+0000] {dag.py:4180} INFO - Setting next_dagrun for example_params_trigger_ui to None, run_after=None
[2025-04-04T09:24:05.802+0000] {processor.py:208} INFO - Processing /home/airflow/.local/lib/python3.12/site-packages/airflow/example_dags/example_params_trigger_ui.py took 0.652 seconds
[2025-04-04T09:24:44.331+0000] {processor.py:186} INFO - Started process (PID=723) to work on /home/airflow/.local/lib/python3.12/site-packages/airflow/example_dags/example_params_trigger_ui.py
[2025-04-04T09:24:44.337+0000] {processor.py:914} INFO - Processing file /home/airflow/.local/lib/python3.12/site-packages/airflow/example_dags/example_params_trigger_ui.py for tasks to queue
[2025-04-04T09:24:44.362+0000] {logging_mixin.py:190} INFO - [2025-04-04T09:24:44.359+0000] {dagbag.py:588} INFO - Filling up the DagBag from /home/airflow/.local/lib/python3.12/site-packages/airflow/example_dags/example_params_trigger_ui.py
[2025-04-04T09:24:44.467+0000] {processor.py:925} INFO - DAG(s) 'example_params_trigger_ui' retrieved from /home/airflow/.local/lib/python3.12/site-packages/airflow/example_dags/example_params_trigger_ui.py
[2025-04-04T09:24:45.128+0000] {logging_mixin.py:190} INFO - [2025-04-04T09:24:45.126+0000] {dag.py:3239} INFO - Sync 1 DAGs
[2025-04-04T09:24:45.261+0000] {logging_mixin.py:190} INFO - [2025-04-04T09:24:45.260+0000] {dag.py:4180} INFO - Setting next_dagrun for example_params_trigger_ui to None, run_after=None
[2025-04-04T09:24:45.432+0000] {processor.py:208} INFO - Processing /home/airflow/.local/lib/python3.12/site-packages/airflow/example_dags/example_params_trigger_ui.py took 1.160 seconds
[2025-04-04T09:25:18.325+0000] {processor.py:186} INFO - Started process (PID=785) to work on /home/airflow/.local/lib/python3.12/site-packages/airflow/example_dags/example_params_trigger_ui.py
[2025-04-04T09:25:18.333+0000] {processor.py:914} INFO - Processing file /home/airflow/.local/lib/python3.12/site-packages/airflow/example_dags/example_params_trigger_ui.py for tasks to queue
[2025-04-04T09:25:18.344+0000] {logging_mixin.py:190} INFO - [2025-04-04T09:25:18.341+0000] {dagbag.py:588} INFO - Filling up the DagBag from /home/airflow/.local/lib/python3.12/site-packages/airflow/example_dags/example_params_trigger_ui.py
[2025-04-04T09:25:18.406+0000] {processor.py:925} INFO - DAG(s) 'example_params_trigger_ui' retrieved from /home/airflow/.local/lib/python3.12/site-packages/airflow/example_dags/example_params_trigger_ui.py
[2025-04-04T09:25:18.656+0000] {logging_mixin.py:190} INFO - [2025-04-04T09:25:18.655+0000] {dag.py:3239} INFO - Sync 1 DAGs
[2025-04-04T09:25:18.771+0000] {logging_mixin.py:190} INFO - [2025-04-04T09:25:18.770+0000] {dag.py:4180} INFO - Setting next_dagrun for example_params_trigger_ui to None, run_after=None
[2025-04-04T09:25:18.926+0000] {processor.py:208} INFO - Processing /home/airflow/.local/lib/python3.12/site-packages/airflow/example_dags/example_params_trigger_ui.py took 0.652 seconds
[2025-04-04T09:26:00.083+0000] {processor.py:186} INFO - Started process (PID=840) to work on /home/airflow/.local/lib/python3.12/site-packages/airflow/example_dags/example_params_trigger_ui.py
[2025-04-04T09:26:00.098+0000] {processor.py:914} INFO - Processing file /home/airflow/.local/lib/python3.12/site-packages/airflow/example_dags/example_params_trigger_ui.py for tasks to queue
[2025-04-04T09:26:00.121+0000] {logging_mixin.py:190} INFO - [2025-04-04T09:26:00.119+0000] {dagbag.py:588} INFO - Filling up the DagBag from /home/airflow/.local/lib/python3.12/site-packages/airflow/example_dags/example_params_trigger_ui.py
[2025-04-04T09:26:00.223+0000] {processor.py:925} INFO - DAG(s) 'example_params_trigger_ui' retrieved from /home/airflow/.local/lib/python3.12/site-packages/airflow/example_dags/example_params_trigger_ui.py
[2025-04-04T09:26:00.792+0000] {logging_mixin.py:190} INFO - [2025-04-04T09:26:00.791+0000] {dag.py:3239} INFO - Sync 1 DAGs
[2025-04-04T09:26:00.920+0000] {logging_mixin.py:190} INFO - [2025-04-04T09:26:00.919+0000] {dag.py:4180} INFO - Setting next_dagrun for example_params_trigger_ui to None, run_after=None
[2025-04-04T09:26:01.042+0000] {processor.py:208} INFO - Processing /home/airflow/.local/lib/python3.12/site-packages/airflow/example_dags/example_params_trigger_ui.py took 1.050 seconds
[2025-04-04T09:26:37.760+0000] {processor.py:186} INFO - Started process (PID=903) to work on /home/airflow/.local/lib/python3.12/site-packages/airflow/example_dags/example_params_trigger_ui.py
[2025-04-04T09:26:37.769+0000] {processor.py:914} INFO - Processing file /home/airflow/.local/lib/python3.12/site-packages/airflow/example_dags/example_params_trigger_ui.py for tasks to queue
[2025-04-04T09:26:37.807+0000] {logging_mixin.py:190} INFO - [2025-04-04T09:26:37.801+0000] {dagbag.py:588} INFO - Filling up the DagBag from /home/airflow/.local/lib/python3.12/site-packages/airflow/example_dags/example_params_trigger_ui.py
[2025-04-04T09:26:37.881+0000] {processor.py:925} INFO - DAG(s) 'example_params_trigger_ui' retrieved from /home/airflow/.local/lib/python3.12/site-packages/airflow/example_dags/example_params_trigger_ui.py
[2025-04-04T09:26:38.187+0000] {logging_mixin.py:190} INFO - [2025-04-04T09:26:38.186+0000] {dag.py:3239} INFO - Sync 1 DAGs
[2025-04-04T09:26:38.343+0000] {logging_mixin.py:190} INFO - [2025-04-04T09:26:38.335+0000] {dag.py:4180} INFO - Setting next_dagrun for example_params_trigger_ui to None, run_after=None
[2025-04-04T09:26:38.472+0000] {processor.py:208} INFO - Processing /home/airflow/.local/lib/python3.12/site-packages/airflow/example_dags/example_params_trigger_ui.py took 0.817 seconds
[2025-04-04T09:33:11.440+0000] {processor.py:186} INFO - Started process (PID=139) to work on /home/airflow/.local/lib/python3.12/site-packages/airflow/example_dags/example_params_trigger_ui.py
[2025-04-04T09:33:11.450+0000] {processor.py:914} INFO - Processing file /home/airflow/.local/lib/python3.12/site-packages/airflow/example_dags/example_params_trigger_ui.py for tasks to queue
[2025-04-04T09:33:11.470+0000] {logging_mixin.py:190} INFO - [2025-04-04T09:33:11.468+0000] {dagbag.py:588} INFO - Filling up the DagBag from /home/airflow/.local/lib/python3.12/site-packages/airflow/example_dags/example_params_trigger_ui.py
[2025-04-04T09:33:11.572+0000] {processor.py:925} INFO - DAG(s) 'example_params_trigger_ui' retrieved from /home/airflow/.local/lib/python3.12/site-packages/airflow/example_dags/example_params_trigger_ui.py
[2025-04-04T09:33:12.321+0000] {logging_mixin.py:190} INFO - [2025-04-04T09:33:12.320+0000] {dag.py:3239} INFO - Sync 1 DAGs
[2025-04-04T09:33:12.621+0000] {logging_mixin.py:190} INFO - [2025-04-04T09:33:12.621+0000] {dag.py:4180} INFO - Setting next_dagrun for example_params_trigger_ui to None, run_after=None
[2025-04-04T09:33:12.812+0000] {processor.py:208} INFO - Processing /home/airflow/.local/lib/python3.12/site-packages/airflow/example_dags/example_params_trigger_ui.py took 1.434 seconds
