[2025-04-04T09:17:30.308+0000] {processor.py:186} INFO - Started process (PID=155) to work on /home/airflow/.local/lib/python3.12/site-packages/airflow/example_dags/example_branch_datetime_operator.py
[2025-04-04T09:17:30.327+0000] {processor.py:914} INFO - Processing file /home/airflow/.local/lib/python3.12/site-packages/airflow/example_dags/example_branch_datetime_operator.py for tasks to queue
[2025-04-04T09:17:30.366+0000] {logging_mixin.py:190} INFO - [2025-04-04T09:17:30.364+0000] {dagbag.py:588} INFO - Filling up the DagBag from /home/airflow/.local/lib/python3.12/site-packages/airflow/example_dags/example_branch_datetime_operator.py
[2025-04-04T09:17:30.509+0000] {processor.py:925} INFO - DAG(s) 'example_branch_datetime_operator_3', 'example_branch_datetime_operator_2', 'example_branch_datetime_operator' retrieved from /home/airflow/.local/lib/python3.12/site-packages/airflow/example_dags/example_branch_datetime_operator.py
[2025-04-04T09:17:31.921+0000] {logging_mixin.py:190} INFO - [2025-04-04T09:17:31.906+0000] {override.py:1912} INFO - Created Permission View: can delete on DAG:example_branch_datetime_operator_3
[2025-04-04T09:17:32.047+0000] {logging_mixin.py:190} INFO - [2025-04-04T09:17:32.045+0000] {override.py:1912} INFO - Created Permission View: can edit on DAG:example_branch_datetime_operator_3
[2025-04-04T09:17:32.155+0000] {logging_mixin.py:190} INFO - [2025-04-04T09:17:32.154+0000] {override.py:1912} INFO - Created Permission View: can read on DAG:example_branch_datetime_operator_3
[2025-04-04T09:17:32.257+0000] {logging_mixin.py:190} INFO - [2025-04-04T09:17:32.256+0000] {override.py:1912} INFO - Created Permission View: menu access on DAG Run:example_branch_datetime_operator_3
[2025-04-04T09:17:32.407+0000] {logging_mixin.py:190} INFO - [2025-04-04T09:17:32.406+0000] {override.py:1912} INFO - Created Permission View: can delete on DAG Run:example_branch_datetime_operator_3
[2025-04-04T09:17:32.472+0000] {logging_mixin.py:190} INFO - [2025-04-04T09:17:32.471+0000] {override.py:1912} INFO - Created Permission View: can read on DAG Run:example_branch_datetime_operator_3
[2025-04-04T09:17:32.569+0000] {logging_mixin.py:190} INFO - [2025-04-04T09:17:32.568+0000] {override.py:1912} INFO - Created Permission View: can create on DAG Run:example_branch_datetime_operator_3
[2025-04-04T09:17:32.832+0000] {logging_mixin.py:190} INFO - [2025-04-04T09:17:32.831+0000] {override.py:1912} INFO - Created Permission View: can delete on DAG:example_branch_datetime_operator_2
[2025-04-04T09:17:32.980+0000] {logging_mixin.py:190} INFO - [2025-04-04T09:17:32.978+0000] {override.py:1912} INFO - Created Permission View: can edit on DAG:example_branch_datetime_operator_2
[2025-04-04T09:17:33.041+0000] {logging_mixin.py:190} INFO - [2025-04-04T09:17:33.040+0000] {override.py:1912} INFO - Created Permission View: can read on DAG:example_branch_datetime_operator_2
[2025-04-04T09:17:33.123+0000] {logging_mixin.py:190} INFO - [2025-04-04T09:17:33.122+0000] {override.py:1912} INFO - Created Permission View: menu access on DAG Run:example_branch_datetime_operator_2
[2025-04-04T09:17:33.266+0000] {logging_mixin.py:190} INFO - [2025-04-04T09:17:33.265+0000] {override.py:1912} INFO - Created Permission View: can delete on DAG Run:example_branch_datetime_operator_2
[2025-04-04T09:17:33.321+0000] {logging_mixin.py:190} INFO - [2025-04-04T09:17:33.319+0000] {override.py:1912} INFO - Created Permission View: can read on DAG Run:example_branch_datetime_operator_2
[2025-04-04T09:17:33.375+0000] {logging_mixin.py:190} INFO - [2025-04-04T09:17:33.374+0000] {override.py:1912} INFO - Created Permission View: can create on DAG Run:example_branch_datetime_operator_2
[2025-04-04T09:17:33.504+0000] {logging_mixin.py:190} INFO - [2025-04-04T09:17:33.503+0000] {override.py:1912} INFO - Created Permission View: can delete on DAG:example_branch_datetime_operator
[2025-04-04T09:17:33.571+0000] {logging_mixin.py:190} INFO - [2025-04-04T09:17:33.570+0000] {override.py:1912} INFO - Created Permission View: can edit on DAG:example_branch_datetime_operator
[2025-04-04T09:17:33.617+0000] {logging_mixin.py:190} INFO - [2025-04-04T09:17:33.615+0000] {override.py:1912} INFO - Created Permission View: can read on DAG:example_branch_datetime_operator
[2025-04-04T09:17:33.673+0000] {logging_mixin.py:190} INFO - [2025-04-04T09:17:33.670+0000] {override.py:1912} INFO - Created Permission View: menu access on DAG Run:example_branch_datetime_operator
[2025-04-04T09:17:33.726+0000] {logging_mixin.py:190} INFO - [2025-04-04T09:17:33.724+0000] {override.py:1912} INFO - Created Permission View: can delete on DAG Run:example_branch_datetime_operator
[2025-04-04T09:17:33.780+0000] {logging_mixin.py:190} INFO - [2025-04-04T09:17:33.773+0000] {override.py:1912} INFO - Created Permission View: can read on DAG Run:example_branch_datetime_operator
[2025-04-04T09:17:33.902+0000] {logging_mixin.py:190} INFO - [2025-04-04T09:17:33.901+0000] {override.py:1912} INFO - Created Permission View: can create on DAG Run:example_branch_datetime_operator
[2025-04-04T09:17:33.911+0000] {logging_mixin.py:190} INFO - [2025-04-04T09:17:33.909+0000] {dag.py:3239} INFO - Sync 3 DAGs
[2025-04-04T09:17:34.151+0000] {logging_mixin.py:190} INFO - [2025-04-04T09:17:34.150+0000] {dag.py:3262} INFO - Creating ORM DAG for example_branch_datetime_operator_3
[2025-04-04T09:17:34.160+0000] {logging_mixin.py:190} INFO - [2025-04-04T09:17:34.159+0000] {dag.py:3262} INFO - Creating ORM DAG for example_branch_datetime_operator_2
[2025-04-04T09:17:34.167+0000] {logging_mixin.py:190} INFO - [2025-04-04T09:17:34.166+0000] {dag.py:3262} INFO - Creating ORM DAG for example_branch_datetime_operator
[2025-04-04T09:17:34.316+0000] {logging_mixin.py:190} INFO - [2025-04-04T09:17:34.315+0000] {dag.py:4180} INFO - Setting next_dagrun for example_branch_datetime_operator to 2025-04-03 00:00:00+00:00, run_after=2025-04-04 00:00:00+00:00
[2025-04-04T09:17:34.338+0000] {logging_mixin.py:190} INFO - [2025-04-04T09:17:34.337+0000] {dag.py:4180} INFO - Setting next_dagrun for example_branch_datetime_operator_2 to 2025-04-03 00:00:00+00:00, run_after=2025-04-04 00:00:00+00:00
[2025-04-04T09:17:34.368+0000] {logging_mixin.py:190} INFO - [2025-04-04T09:17:34.367+0000] {dag.py:4180} INFO - Setting next_dagrun for example_branch_datetime_operator_3 to 2025-04-03 00:00:00+00:00, run_after=2025-04-04 00:00:00+00:00
[2025-04-04T09:17:34.496+0000] {processor.py:208} INFO - Processing /home/airflow/.local/lib/python3.12/site-packages/airflow/example_dags/example_branch_datetime_operator.py took 4.343 seconds
[2025-04-04T09:18:19.059+0000] {processor.py:186} INFO - Started process (PID=226) to work on /home/airflow/.local/lib/python3.12/site-packages/airflow/example_dags/example_branch_datetime_operator.py
[2025-04-04T09:18:19.064+0000] {processor.py:914} INFO - Processing file /home/airflow/.local/lib/python3.12/site-packages/airflow/example_dags/example_branch_datetime_operator.py for tasks to queue
[2025-04-04T09:18:19.078+0000] {logging_mixin.py:190} INFO - [2025-04-04T09:18:19.076+0000] {dagbag.py:588} INFO - Filling up the DagBag from /home/airflow/.local/lib/python3.12/site-packages/airflow/example_dags/example_branch_datetime_operator.py
[2025-04-04T09:18:19.189+0000] {processor.py:925} INFO - DAG(s) 'example_branch_datetime_operator', 'example_branch_datetime_operator_3', 'example_branch_datetime_operator_2' retrieved from /home/airflow/.local/lib/python3.12/site-packages/airflow/example_dags/example_branch_datetime_operator.py
[2025-04-04T09:18:19.347+0000] {logging_mixin.py:190} INFO - [2025-04-04T09:18:19.346+0000] {dag.py:3239} INFO - Sync 3 DAGs
[2025-04-04T09:18:19.496+0000] {logging_mixin.py:190} INFO - [2025-04-04T09:18:19.495+0000] {dag.py:4180} INFO - Setting next_dagrun for example_branch_datetime_operator to 2025-04-03 00:00:00+00:00, run_after=2025-04-04 00:00:00+00:00
[2025-04-04T09:18:19.528+0000] {logging_mixin.py:190} INFO - [2025-04-04T09:18:19.527+0000] {dag.py:4180} INFO - Setting next_dagrun for example_branch_datetime_operator_2 to 2025-04-03 00:00:00+00:00, run_after=2025-04-04 00:00:00+00:00
[2025-04-04T09:18:19.541+0000] {logging_mixin.py:190} INFO - [2025-04-04T09:18:19.540+0000] {dag.py:4180} INFO - Setting next_dagrun for example_branch_datetime_operator_3 to 2025-04-03 00:00:00+00:00, run_after=2025-04-04 00:00:00+00:00
[2025-04-04T09:18:19.620+0000] {processor.py:208} INFO - Processing /home/airflow/.local/lib/python3.12/site-packages/airflow/example_dags/example_branch_datetime_operator.py took 0.598 seconds
[2025-04-04T09:20:10.688+0000] {processor.py:186} INFO - Started process (PID=338) to work on /home/airflow/.local/lib/python3.12/site-packages/airflow/example_dags/example_branch_datetime_operator.py
[2025-04-04T09:20:10.702+0000] {processor.py:914} INFO - Processing file /home/airflow/.local/lib/python3.12/site-packages/airflow/example_dags/example_branch_datetime_operator.py for tasks to queue
[2025-04-04T09:20:10.736+0000] {logging_mixin.py:190} INFO - [2025-04-04T09:20:10.727+0000] {dagbag.py:588} INFO - Filling up the DagBag from /home/airflow/.local/lib/python3.12/site-packages/airflow/example_dags/example_branch_datetime_operator.py
[2025-04-04T09:20:10.855+0000] {processor.py:925} INFO - DAG(s) 'example_branch_datetime_operator_3', 'example_branch_datetime_operator', 'example_branch_datetime_operator_2' retrieved from /home/airflow/.local/lib/python3.12/site-packages/airflow/example_dags/example_branch_datetime_operator.py
[2025-04-04T09:20:11.087+0000] {logging_mixin.py:190} INFO - [2025-04-04T09:20:11.082+0000] {dag.py:3239} INFO - Sync 3 DAGs
[2025-04-04T09:20:11.360+0000] {logging_mixin.py:190} INFO - [2025-04-04T09:20:11.358+0000] {dag.py:4180} INFO - Setting next_dagrun for example_branch_datetime_operator to 2025-04-03 00:00:00+00:00, run_after=2025-04-04 00:00:00+00:00
[2025-04-04T09:20:11.414+0000] {logging_mixin.py:190} INFO - [2025-04-04T09:20:11.413+0000] {dag.py:4180} INFO - Setting next_dagrun for example_branch_datetime_operator_2 to 2025-04-03 00:00:00+00:00, run_after=2025-04-04 00:00:00+00:00
[2025-04-04T09:20:11.443+0000] {logging_mixin.py:190} INFO - [2025-04-04T09:20:11.442+0000] {dag.py:4180} INFO - Setting next_dagrun for example_branch_datetime_operator_3 to 2025-04-03 00:00:00+00:00, run_after=2025-04-04 00:00:00+00:00
[2025-04-04T09:20:11.646+0000] {processor.py:208} INFO - Processing /home/airflow/.local/lib/python3.12/site-packages/airflow/example_dags/example_branch_datetime_operator.py took 1.039 seconds
[2025-04-04T09:21:14.025+0000] {processor.py:186} INFO - Started process (PID=414) to work on /home/airflow/.local/lib/python3.12/site-packages/airflow/example_dags/example_branch_datetime_operator.py
[2025-04-04T09:21:14.031+0000] {processor.py:914} INFO - Processing file /home/airflow/.local/lib/python3.12/site-packages/airflow/example_dags/example_branch_datetime_operator.py for tasks to queue
[2025-04-04T09:21:14.046+0000] {logging_mixin.py:190} INFO - [2025-04-04T09:21:14.045+0000] {dagbag.py:588} INFO - Filling up the DagBag from /home/airflow/.local/lib/python3.12/site-packages/airflow/example_dags/example_branch_datetime_operator.py
[2025-04-04T09:21:14.130+0000] {processor.py:925} INFO - DAG(s) 'example_branch_datetime_operator_3', 'example_branch_datetime_operator_2', 'example_branch_datetime_operator' retrieved from /home/airflow/.local/lib/python3.12/site-packages/airflow/example_dags/example_branch_datetime_operator.py
[2025-04-04T09:21:14.307+0000] {logging_mixin.py:190} INFO - [2025-04-04T09:21:14.306+0000] {dag.py:3239} INFO - Sync 3 DAGs
[2025-04-04T09:21:14.491+0000] {logging_mixin.py:190} INFO - [2025-04-04T09:21:14.490+0000] {dag.py:4180} INFO - Setting next_dagrun for example_branch_datetime_operator to 2025-04-03 00:00:00+00:00, run_after=2025-04-04 00:00:00+00:00
[2025-04-04T09:21:14.562+0000] {logging_mixin.py:190} INFO - [2025-04-04T09:21:14.559+0000] {dag.py:4180} INFO - Setting next_dagrun for example_branch_datetime_operator_2 to 2025-04-03 00:00:00+00:00, run_after=2025-04-04 00:00:00+00:00
[2025-04-04T09:21:14.586+0000] {logging_mixin.py:190} INFO - [2025-04-04T09:21:14.585+0000] {dag.py:4180} INFO - Setting next_dagrun for example_branch_datetime_operator_3 to 2025-04-03 00:00:00+00:00, run_after=2025-04-04 00:00:00+00:00
[2025-04-04T09:21:14.676+0000] {processor.py:208} INFO - Processing /home/airflow/.local/lib/python3.12/site-packages/airflow/example_dags/example_branch_datetime_operator.py took 0.697 seconds
[2025-04-04T09:21:51.590+0000] {processor.py:186} INFO - Started process (PID=477) to work on /home/airflow/.local/lib/python3.12/site-packages/airflow/example_dags/example_branch_datetime_operator.py
[2025-04-04T09:21:51.594+0000] {processor.py:914} INFO - Processing file /home/airflow/.local/lib/python3.12/site-packages/airflow/example_dags/example_branch_datetime_operator.py for tasks to queue
[2025-04-04T09:21:51.605+0000] {logging_mixin.py:190} INFO - [2025-04-04T09:21:51.604+0000] {dagbag.py:588} INFO - Filling up the DagBag from /home/airflow/.local/lib/python3.12/site-packages/airflow/example_dags/example_branch_datetime_operator.py
[2025-04-04T09:21:51.686+0000] {processor.py:925} INFO - DAG(s) 'example_branch_datetime_operator_2', 'example_branch_datetime_operator_3', 'example_branch_datetime_operator' retrieved from /home/airflow/.local/lib/python3.12/site-packages/airflow/example_dags/example_branch_datetime_operator.py
[2025-04-04T09:21:51.904+0000] {logging_mixin.py:190} INFO - [2025-04-04T09:21:51.903+0000] {dag.py:3239} INFO - Sync 3 DAGs
[2025-04-04T09:21:52.057+0000] {logging_mixin.py:190} INFO - [2025-04-04T09:21:52.056+0000] {dag.py:4180} INFO - Setting next_dagrun for example_branch_datetime_operator to 2025-04-03 00:00:00+00:00, run_after=2025-04-04 00:00:00+00:00
[2025-04-04T09:21:52.094+0000] {logging_mixin.py:190} INFO - [2025-04-04T09:21:52.093+0000] {dag.py:4180} INFO - Setting next_dagrun for example_branch_datetime_operator_2 to 2025-04-03 00:00:00+00:00, run_after=2025-04-04 00:00:00+00:00
[2025-04-04T09:21:52.110+0000] {logging_mixin.py:190} INFO - [2025-04-04T09:21:52.109+0000] {dag.py:4180} INFO - Setting next_dagrun for example_branch_datetime_operator_3 to 2025-04-03 00:00:00+00:00, run_after=2025-04-04 00:00:00+00:00
[2025-04-04T09:21:52.187+0000] {processor.py:208} INFO - Processing /home/airflow/.local/lib/python3.12/site-packages/airflow/example_dags/example_branch_datetime_operator.py took 0.627 seconds
[2025-04-04T09:23:14.410+0000] {processor.py:186} INFO - Started process (PID=571) to work on /home/airflow/.local/lib/python3.12/site-packages/airflow/example_dags/example_branch_datetime_operator.py
[2025-04-04T09:23:14.436+0000] {processor.py:914} INFO - Processing file /home/airflow/.local/lib/python3.12/site-packages/airflow/example_dags/example_branch_datetime_operator.py for tasks to queue
[2025-04-04T09:23:14.483+0000] {logging_mixin.py:190} INFO - [2025-04-04T09:23:14.477+0000] {dagbag.py:588} INFO - Filling up the DagBag from /home/airflow/.local/lib/python3.12/site-packages/airflow/example_dags/example_branch_datetime_operator.py
[2025-04-04T09:23:14.746+0000] {processor.py:925} INFO - DAG(s) 'example_branch_datetime_operator_3', 'example_branch_datetime_operator', 'example_branch_datetime_operator_2' retrieved from /home/airflow/.local/lib/python3.12/site-packages/airflow/example_dags/example_branch_datetime_operator.py
[2025-04-04T09:23:15.292+0000] {logging_mixin.py:190} INFO - [2025-04-04T09:23:15.290+0000] {dag.py:3239} INFO - Sync 3 DAGs
[2025-04-04T09:23:15.661+0000] {logging_mixin.py:190} INFO - [2025-04-04T09:23:15.652+0000] {dag.py:4180} INFO - Setting next_dagrun for example_branch_datetime_operator to 2025-04-03 00:00:00+00:00, run_after=2025-04-04 00:00:00+00:00
[2025-04-04T09:23:15.744+0000] {logging_mixin.py:190} INFO - [2025-04-04T09:23:15.743+0000] {dag.py:4180} INFO - Setting next_dagrun for example_branch_datetime_operator_2 to 2025-04-03 00:00:00+00:00, run_after=2025-04-04 00:00:00+00:00
[2025-04-04T09:23:15.862+0000] {logging_mixin.py:190} INFO - [2025-04-04T09:23:15.861+0000] {dag.py:4180} INFO - Setting next_dagrun for example_branch_datetime_operator_3 to 2025-04-03 00:00:00+00:00, run_after=2025-04-04 00:00:00+00:00
[2025-04-04T09:23:16.131+0000] {processor.py:208} INFO - Processing /home/airflow/.local/lib/python3.12/site-packages/airflow/example_dags/example_branch_datetime_operator.py took 1.815 seconds
[2025-04-04T09:23:57.654+0000] {processor.py:186} INFO - Started process (PID=638) to work on /home/airflow/.local/lib/python3.12/site-packages/airflow/example_dags/example_branch_datetime_operator.py
[2025-04-04T09:23:57.663+0000] {processor.py:914} INFO - Processing file /home/airflow/.local/lib/python3.12/site-packages/airflow/example_dags/example_branch_datetime_operator.py for tasks to queue
[2025-04-04T09:23:57.682+0000] {logging_mixin.py:190} INFO - [2025-04-04T09:23:57.680+0000] {dagbag.py:588} INFO - Filling up the DagBag from /home/airflow/.local/lib/python3.12/site-packages/airflow/example_dags/example_branch_datetime_operator.py
[2025-04-04T09:23:57.801+0000] {processor.py:925} INFO - DAG(s) 'example_branch_datetime_operator_3', 'example_branch_datetime_operator_2', 'example_branch_datetime_operator' retrieved from /home/airflow/.local/lib/python3.12/site-packages/airflow/example_dags/example_branch_datetime_operator.py
[2025-04-04T09:23:58.040+0000] {logging_mixin.py:190} INFO - [2025-04-04T09:23:58.038+0000] {dag.py:3239} INFO - Sync 3 DAGs
[2025-04-04T09:23:58.254+0000] {logging_mixin.py:190} INFO - [2025-04-04T09:23:58.252+0000] {dag.py:4180} INFO - Setting next_dagrun for example_branch_datetime_operator to 2025-04-03 00:00:00+00:00, run_after=2025-04-04 00:00:00+00:00
[2025-04-04T09:23:58.301+0000] {logging_mixin.py:190} INFO - [2025-04-04T09:23:58.300+0000] {dag.py:4180} INFO - Setting next_dagrun for example_branch_datetime_operator_2 to 2025-04-03 00:00:00+00:00, run_after=2025-04-04 00:00:00+00:00
[2025-04-04T09:23:58.319+0000] {logging_mixin.py:190} INFO - [2025-04-04T09:23:58.317+0000] {dag.py:4180} INFO - Setting next_dagrun for example_branch_datetime_operator_3 to 2025-04-03 00:00:00+00:00, run_after=2025-04-04 00:00:00+00:00
[2025-04-04T09:23:58.443+0000] {processor.py:208} INFO - Processing /home/airflow/.local/lib/python3.12/site-packages/airflow/example_dags/example_branch_datetime_operator.py took 0.828 seconds
[2025-04-04T09:24:32.106+0000] {processor.py:186} INFO - Started process (PID=700) to work on /home/airflow/.local/lib/python3.12/site-packages/airflow/example_dags/example_branch_datetime_operator.py
[2025-04-04T09:24:32.118+0000] {processor.py:914} INFO - Processing file /home/airflow/.local/lib/python3.12/site-packages/airflow/example_dags/example_branch_datetime_operator.py for tasks to queue
[2025-04-04T09:24:32.134+0000] {logging_mixin.py:190} INFO - [2025-04-04T09:24:32.132+0000] {dagbag.py:588} INFO - Filling up the DagBag from /home/airflow/.local/lib/python3.12/site-packages/airflow/example_dags/example_branch_datetime_operator.py
[2025-04-04T09:24:32.243+0000] {processor.py:925} INFO - DAG(s) 'example_branch_datetime_operator_2', 'example_branch_datetime_operator', 'example_branch_datetime_operator_3' retrieved from /home/airflow/.local/lib/python3.12/site-packages/airflow/example_dags/example_branch_datetime_operator.py
[2025-04-04T09:24:32.485+0000] {logging_mixin.py:190} INFO - [2025-04-04T09:24:32.480+0000] {dag.py:3239} INFO - Sync 3 DAGs
[2025-04-04T09:24:32.805+0000] {logging_mixin.py:190} INFO - [2025-04-04T09:24:32.804+0000] {dag.py:4180} INFO - Setting next_dagrun for example_branch_datetime_operator to 2025-04-03 00:00:00+00:00, run_after=2025-04-04 00:00:00+00:00
[2025-04-04T09:24:32.853+0000] {logging_mixin.py:190} INFO - [2025-04-04T09:24:32.852+0000] {dag.py:4180} INFO - Setting next_dagrun for example_branch_datetime_operator_2 to 2025-04-03 00:00:00+00:00, run_after=2025-04-04 00:00:00+00:00
[2025-04-04T09:24:32.883+0000] {logging_mixin.py:190} INFO - [2025-04-04T09:24:32.883+0000] {dag.py:4180} INFO - Setting next_dagrun for example_branch_datetime_operator_3 to 2025-04-03 00:00:00+00:00, run_after=2025-04-04 00:00:00+00:00
[2025-04-04T09:24:33.039+0000] {processor.py:208} INFO - Processing /home/airflow/.local/lib/python3.12/site-packages/airflow/example_dags/example_branch_datetime_operator.py took 0.989 seconds
[2025-04-04T09:25:15.080+0000] {processor.py:186} INFO - Started process (PID=777) to work on /home/airflow/.local/lib/python3.12/site-packages/airflow/example_dags/example_branch_datetime_operator.py
[2025-04-04T09:25:15.087+0000] {processor.py:914} INFO - Processing file /home/airflow/.local/lib/python3.12/site-packages/airflow/example_dags/example_branch_datetime_operator.py for tasks to queue
[2025-04-04T09:25:15.108+0000] {logging_mixin.py:190} INFO - [2025-04-04T09:25:15.106+0000] {dagbag.py:588} INFO - Filling up the DagBag from /home/airflow/.local/lib/python3.12/site-packages/airflow/example_dags/example_branch_datetime_operator.py
[2025-04-04T09:25:15.264+0000] {processor.py:925} INFO - DAG(s) 'example_branch_datetime_operator_2', 'example_branch_datetime_operator', 'example_branch_datetime_operator_3' retrieved from /home/airflow/.local/lib/python3.12/site-packages/airflow/example_dags/example_branch_datetime_operator.py
[2025-04-04T09:25:15.456+0000] {logging_mixin.py:190} INFO - [2025-04-04T09:25:15.455+0000] {dag.py:3239} INFO - Sync 3 DAGs
[2025-04-04T09:25:15.698+0000] {logging_mixin.py:190} INFO - [2025-04-04T09:25:15.697+0000] {dag.py:4180} INFO - Setting next_dagrun for example_branch_datetime_operator to 2025-04-03 00:00:00+00:00, run_after=2025-04-04 00:00:00+00:00
[2025-04-04T09:25:15.736+0000] {logging_mixin.py:190} INFO - [2025-04-04T09:25:15.735+0000] {dag.py:4180} INFO - Setting next_dagrun for example_branch_datetime_operator_2 to 2025-04-03 00:00:00+00:00, run_after=2025-04-04 00:00:00+00:00
[2025-04-04T09:25:15.751+0000] {logging_mixin.py:190} INFO - [2025-04-04T09:25:15.750+0000] {dag.py:4180} INFO - Setting next_dagrun for example_branch_datetime_operator_3 to 2025-04-03 00:00:00+00:00, run_after=2025-04-04 00:00:00+00:00
[2025-04-04T09:25:15.855+0000] {processor.py:208} INFO - Processing /home/airflow/.local/lib/python3.12/site-packages/airflow/example_dags/example_branch_datetime_operator.py took 0.817 seconds
[2025-04-04T09:26:04.537+0000] {processor.py:186} INFO - Started process (PID=847) to work on /home/airflow/.local/lib/python3.12/site-packages/airflow/example_dags/example_branch_datetime_operator.py
[2025-04-04T09:26:04.551+0000] {processor.py:914} INFO - Processing file /home/airflow/.local/lib/python3.12/site-packages/airflow/example_dags/example_branch_datetime_operator.py for tasks to queue
[2025-04-04T09:26:04.584+0000] {logging_mixin.py:190} INFO - [2025-04-04T09:26:04.581+0000] {dagbag.py:588} INFO - Filling up the DagBag from /home/airflow/.local/lib/python3.12/site-packages/airflow/example_dags/example_branch_datetime_operator.py
[2025-04-04T09:26:04.724+0000] {processor.py:925} INFO - DAG(s) 'example_branch_datetime_operator_3', 'example_branch_datetime_operator', 'example_branch_datetime_operator_2' retrieved from /home/airflow/.local/lib/python3.12/site-packages/airflow/example_dags/example_branch_datetime_operator.py
[2025-04-04T09:26:05.068+0000] {logging_mixin.py:190} INFO - [2025-04-04T09:26:05.067+0000] {dag.py:3239} INFO - Sync 3 DAGs
[2025-04-04T09:26:05.339+0000] {logging_mixin.py:190} INFO - [2025-04-04T09:26:05.338+0000] {dag.py:4180} INFO - Setting next_dagrun for example_branch_datetime_operator to 2025-04-03 00:00:00+00:00, run_after=2025-04-04 00:00:00+00:00
[2025-04-04T09:26:05.372+0000] {logging_mixin.py:190} INFO - [2025-04-04T09:26:05.371+0000] {dag.py:4180} INFO - Setting next_dagrun for example_branch_datetime_operator_2 to 2025-04-03 00:00:00+00:00, run_after=2025-04-04 00:00:00+00:00
[2025-04-04T09:26:05.390+0000] {logging_mixin.py:190} INFO - [2025-04-04T09:26:05.389+0000] {dag.py:4180} INFO - Setting next_dagrun for example_branch_datetime_operator_3 to 2025-04-03 00:00:00+00:00, run_after=2025-04-04 00:00:00+00:00
[2025-04-04T09:26:05.521+0000] {processor.py:208} INFO - Processing /home/airflow/.local/lib/python3.12/site-packages/airflow/example_dags/example_branch_datetime_operator.py took 1.059 seconds
[2025-04-04T09:26:44.473+0000] {processor.py:186} INFO - Started process (PID=922) to work on /home/airflow/.local/lib/python3.12/site-packages/airflow/example_dags/example_branch_datetime_operator.py
[2025-04-04T09:26:44.487+0000] {processor.py:914} INFO - Processing file /home/airflow/.local/lib/python3.12/site-packages/airflow/example_dags/example_branch_datetime_operator.py for tasks to queue
[2025-04-04T09:26:44.527+0000] {logging_mixin.py:190} INFO - [2025-04-04T09:26:44.522+0000] {dagbag.py:588} INFO - Filling up the DagBag from /home/airflow/.local/lib/python3.12/site-packages/airflow/example_dags/example_branch_datetime_operator.py
[2025-04-04T09:26:44.750+0000] {processor.py:925} INFO - DAG(s) 'example_branch_datetime_operator', 'example_branch_datetime_operator_2', 'example_branch_datetime_operator_3' retrieved from /home/airflow/.local/lib/python3.12/site-packages/airflow/example_dags/example_branch_datetime_operator.py
[2025-04-04T09:26:45.167+0000] {logging_mixin.py:190} INFO - [2025-04-04T09:26:45.166+0000] {dag.py:3239} INFO - Sync 3 DAGs
[2025-04-04T09:26:45.651+0000] {logging_mixin.py:190} INFO - [2025-04-04T09:26:45.650+0000] {dag.py:4180} INFO - Setting next_dagrun for example_branch_datetime_operator to 2025-04-03 00:00:00+00:00, run_after=2025-04-04 00:00:00+00:00
[2025-04-04T09:26:45.750+0000] {logging_mixin.py:190} INFO - [2025-04-04T09:26:45.737+0000] {dag.py:4180} INFO - Setting next_dagrun for example_branch_datetime_operator_2 to 2025-04-03 00:00:00+00:00, run_after=2025-04-04 00:00:00+00:00
[2025-04-04T09:26:45.797+0000] {logging_mixin.py:190} INFO - [2025-04-04T09:26:45.793+0000] {dag.py:4180} INFO - Setting next_dagrun for example_branch_datetime_operator_3 to 2025-04-03 00:00:00+00:00, run_after=2025-04-04 00:00:00+00:00
[2025-04-04T09:26:46.032+0000] {processor.py:208} INFO - Processing /home/airflow/.local/lib/python3.12/site-packages/airflow/example_dags/example_branch_datetime_operator.py took 1.707 seconds
[2025-04-04T09:33:41.073+0000] {processor.py:186} INFO - Started process (PID=169) to work on /home/airflow/.local/lib/python3.12/site-packages/airflow/example_dags/example_branch_datetime_operator.py
[2025-04-04T09:33:41.093+0000] {processor.py:914} INFO - Processing file /home/airflow/.local/lib/python3.12/site-packages/airflow/example_dags/example_branch_datetime_operator.py for tasks to queue
[2025-04-04T09:33:41.165+0000] {logging_mixin.py:190} INFO - [2025-04-04T09:33:41.162+0000] {dagbag.py:588} INFO - Filling up the DagBag from /home/airflow/.local/lib/python3.12/site-packages/airflow/example_dags/example_branch_datetime_operator.py
[2025-04-04T09:33:41.418+0000] {processor.py:925} INFO - DAG(s) 'example_branch_datetime_operator_3', 'example_branch_datetime_operator', 'example_branch_datetime_operator_2' retrieved from /home/airflow/.local/lib/python3.12/site-packages/airflow/example_dags/example_branch_datetime_operator.py
[2025-04-04T09:33:41.824+0000] {logging_mixin.py:190} INFO - [2025-04-04T09:33:41.823+0000] {dag.py:3239} INFO - Sync 3 DAGs
[2025-04-04T09:33:42.281+0000] {logging_mixin.py:190} INFO - [2025-04-04T09:33:42.280+0000] {dag.py:4180} INFO - Setting next_dagrun for example_branch_datetime_operator to 2025-04-03 00:00:00+00:00, run_after=2025-04-04 00:00:00+00:00
[2025-04-04T09:33:42.372+0000] {logging_mixin.py:190} INFO - [2025-04-04T09:33:42.371+0000] {dag.py:4180} INFO - Setting next_dagrun for example_branch_datetime_operator_2 to 2025-04-03 00:00:00+00:00, run_after=2025-04-04 00:00:00+00:00
[2025-04-04T09:33:42.410+0000] {logging_mixin.py:190} INFO - [2025-04-04T09:33:42.409+0000] {dag.py:4180} INFO - Setting next_dagrun for example_branch_datetime_operator_3 to 2025-04-03 00:00:00+00:00, run_after=2025-04-04 00:00:00+00:00
[2025-04-04T09:33:42.567+0000] {processor.py:208} INFO - Processing /home/airflow/.local/lib/python3.12/site-packages/airflow/example_dags/example_branch_datetime_operator.py took 1.583 seconds
