[2025-04-04T09:04:05.267+0000] {processor.py:186} INFO - Started process (PID=133) to work on /home/airflow/.local/lib/python3.12/site-packages/airflow/example_dags/example_branch_python_dop_operator_3.py
[2025-04-04T09:04:05.275+0000] {processor.py:914} INFO - Processing file /home/airflow/.local/lib/python3.12/site-packages/airflow/example_dags/example_branch_python_dop_operator_3.py for tasks to queue
[2025-04-04T09:04:05.291+0000] {logging_mixin.py:190} INFO - [2025-04-04T09:04:05.288+0000] {dagbag.py:588} INFO - Filling up the DagBag from /home/airflow/.local/lib/python3.12/site-packages/airflow/example_dags/example_branch_python_dop_operator_3.py
[2025-04-04T09:04:05.392+0000] {processor.py:925} INFO - DAG(s) 'example_branch_dop_operator_v3' retrieved from /home/airflow/.local/lib/python3.12/site-packages/airflow/example_dags/example_branch_python_dop_operator_3.py
[2025-04-04T09:04:06.587+0000] {logging_mixin.py:190} INFO - [2025-04-04T09:04:06.583+0000] {override.py:1912} INFO - Created Permission View: can delete on DAG:example_branch_dop_operator_v3
[2025-04-04T09:04:06.658+0000] {logging_mixin.py:190} INFO - [2025-04-04T09:04:06.657+0000] {override.py:1912} INFO - Created Permission View: can edit on DAG:example_branch_dop_operator_v3
[2025-04-04T09:04:06.726+0000] {logging_mixin.py:190} INFO - [2025-04-04T09:04:06.717+0000] {override.py:1912} INFO - Created Permission View: can read on DAG:example_branch_dop_operator_v3
[2025-04-04T09:04:06.811+0000] {logging_mixin.py:190} INFO - [2025-04-04T09:04:06.810+0000] {override.py:1912} INFO - Created Permission View: menu access on DAG Run:example_branch_dop_operator_v3
[2025-04-04T09:04:06.875+0000] {logging_mixin.py:190} INFO - [2025-04-04T09:04:06.874+0000] {override.py:1912} INFO - Created Permission View: can create on DAG Run:example_branch_dop_operator_v3
[2025-04-04T09:04:06.994+0000] {logging_mixin.py:190} INFO - [2025-04-04T09:04:06.992+0000] {override.py:1912} INFO - Created Permission View: can delete on DAG Run:example_branch_dop_operator_v3
[2025-04-04T09:04:07.067+0000] {logging_mixin.py:190} INFO - [2025-04-04T09:04:07.066+0000] {override.py:1912} INFO - Created Permission View: can read on DAG Run:example_branch_dop_operator_v3
[2025-04-04T09:04:07.075+0000] {logging_mixin.py:190} INFO - [2025-04-04T09:04:07.074+0000] {dag.py:3239} INFO - Sync 1 DAGs
[2025-04-04T09:04:07.271+0000] {logging_mixin.py:190} INFO - [2025-04-04T09:04:07.270+0000] {dag.py:3262} INFO - Creating ORM DAG for example_branch_dop_operator_v3
[2025-04-04T09:04:07.391+0000] {logging_mixin.py:190} INFO - [2025-04-04T09:04:07.389+0000] {dag.py:4180} INFO - Setting next_dagrun for example_branch_dop_operator_v3 to 2025-04-04 09:03:00+00:00, run_after=2025-04-04 09:04:00+00:00
[2025-04-04T09:04:07.502+0000] {processor.py:208} INFO - Processing /home/airflow/.local/lib/python3.12/site-packages/airflow/example_dags/example_branch_python_dop_operator_3.py took 2.353 seconds
[2025-04-04T09:12:09.065+0000] {processor.py:186} INFO - Started process (PID=124) to work on /home/airflow/.local/lib/python3.12/site-packages/airflow/example_dags/example_branch_python_dop_operator_3.py
[2025-04-04T09:12:09.072+0000] {processor.py:914} INFO - Processing file /home/airflow/.local/lib/python3.12/site-packages/airflow/example_dags/example_branch_python_dop_operator_3.py for tasks to queue
[2025-04-04T09:12:09.134+0000] {logging_mixin.py:190} INFO - [2025-04-04T09:12:09.125+0000] {dagbag.py:588} INFO - Filling up the DagBag from /home/airflow/.local/lib/python3.12/site-packages/airflow/example_dags/example_branch_python_dop_operator_3.py
[2025-04-04T09:12:09.293+0000] {processor.py:925} INFO - DAG(s) 'example_branch_dop_operator_v3' retrieved from /home/airflow/.local/lib/python3.12/site-packages/airflow/example_dags/example_branch_python_dop_operator_3.py
[2025-04-04T09:12:09.541+0000] {logging_mixin.py:190} INFO - [2025-04-04T09:12:09.540+0000] {dag.py:3239} INFO - Sync 1 DAGs
[2025-04-04T09:12:16.000+0000] {logging_mixin.py:190} INFO - [2025-04-04T09:12:15.996+0000] {process_utils.py:266} INFO - Waiting up to 5 seconds for processes to exit...
[2025-04-04T09:16:48.401+0000] {processor.py:186} INFO - Started process (PID=120) to work on /home/airflow/.local/lib/python3.12/site-packages/airflow/example_dags/example_branch_python_dop_operator_3.py
[2025-04-04T09:16:48.407+0000] {processor.py:914} INFO - Processing file /home/airflow/.local/lib/python3.12/site-packages/airflow/example_dags/example_branch_python_dop_operator_3.py for tasks to queue
[2025-04-04T09:16:48.427+0000] {logging_mixin.py:190} INFO - [2025-04-04T09:16:48.425+0000] {dagbag.py:588} INFO - Filling up the DagBag from /home/airflow/.local/lib/python3.12/site-packages/airflow/example_dags/example_branch_python_dop_operator_3.py
[2025-04-04T09:16:48.519+0000] {processor.py:925} INFO - DAG(s) 'example_branch_dop_operator_v3' retrieved from /home/airflow/.local/lib/python3.12/site-packages/airflow/example_dags/example_branch_python_dop_operator_3.py
[2025-04-04T09:16:48.656+0000] {logging_mixin.py:190} INFO - [2025-04-04T09:16:48.656+0000] {dag.py:3239} INFO - Sync 1 DAGs
[2025-04-04T09:16:48.794+0000] {logging_mixin.py:190} INFO - [2025-04-04T09:16:48.793+0000] {dag.py:4180} INFO - Setting next_dagrun for example_branch_dop_operator_v3 to 2025-04-04 09:15:00+00:00, run_after=2025-04-04 09:16:00+00:00
[2025-04-04T09:16:48.889+0000] {processor.py:208} INFO - Processing /home/airflow/.local/lib/python3.12/site-packages/airflow/example_dags/example_branch_python_dop_operator_3.py took 0.553 seconds
[2025-04-04T09:17:54.089+0000] {processor.py:186} INFO - Started process (PID=189) to work on /home/airflow/.local/lib/python3.12/site-packages/airflow/example_dags/example_branch_python_dop_operator_3.py
[2025-04-04T09:17:54.096+0000] {processor.py:914} INFO - Processing file /home/airflow/.local/lib/python3.12/site-packages/airflow/example_dags/example_branch_python_dop_operator_3.py for tasks to queue
[2025-04-04T09:17:54.128+0000] {logging_mixin.py:190} INFO - [2025-04-04T09:17:54.126+0000] {dagbag.py:588} INFO - Filling up the DagBag from /home/airflow/.local/lib/python3.12/site-packages/airflow/example_dags/example_branch_python_dop_operator_3.py
[2025-04-04T09:17:54.246+0000] {processor.py:925} INFO - DAG(s) 'example_branch_dop_operator_v3' retrieved from /home/airflow/.local/lib/python3.12/site-packages/airflow/example_dags/example_branch_python_dop_operator_3.py
[2025-04-04T09:17:54.368+0000] {logging_mixin.py:190} INFO - [2025-04-04T09:17:54.367+0000] {dag.py:3239} INFO - Sync 1 DAGs
[2025-04-04T09:17:54.587+0000] {logging_mixin.py:190} INFO - [2025-04-04T09:17:54.585+0000] {dag.py:4180} INFO - Setting next_dagrun for example_branch_dop_operator_v3 to 2025-04-04 09:16:00+00:00, run_after=2025-04-04 09:17:00+00:00
[2025-04-04T09:17:54.758+0000] {processor.py:208} INFO - Processing /home/airflow/.local/lib/python3.12/site-packages/airflow/example_dags/example_branch_python_dop_operator_3.py took 0.744 seconds
[2025-04-04T09:18:33.193+0000] {processor.py:186} INFO - Started process (PID=252) to work on /home/airflow/.local/lib/python3.12/site-packages/airflow/example_dags/example_branch_python_dop_operator_3.py
[2025-04-04T09:18:33.207+0000] {processor.py:914} INFO - Processing file /home/airflow/.local/lib/python3.12/site-packages/airflow/example_dags/example_branch_python_dop_operator_3.py for tasks to queue
[2025-04-04T09:18:33.230+0000] {logging_mixin.py:190} INFO - [2025-04-04T09:18:33.228+0000] {dagbag.py:588} INFO - Filling up the DagBag from /home/airflow/.local/lib/python3.12/site-packages/airflow/example_dags/example_branch_python_dop_operator_3.py
[2025-04-04T09:18:33.331+0000] {processor.py:925} INFO - DAG(s) 'example_branch_dop_operator_v3' retrieved from /home/airflow/.local/lib/python3.12/site-packages/airflow/example_dags/example_branch_python_dop_operator_3.py
[2025-04-04T09:18:33.454+0000] {logging_mixin.py:190} INFO - [2025-04-04T09:18:33.453+0000] {dag.py:3239} INFO - Sync 1 DAGs
[2025-04-04T09:18:33.785+0000] {logging_mixin.py:190} INFO - [2025-04-04T09:18:33.783+0000] {dag.py:4180} INFO - Setting next_dagrun for example_branch_dop_operator_v3 to 2025-04-04 09:17:00+00:00, run_after=2025-04-04 09:18:00+00:00
[2025-04-04T09:18:34.001+0000] {processor.py:208} INFO - Processing /home/airflow/.local/lib/python3.12/site-packages/airflow/example_dags/example_branch_python_dop_operator_3.py took 0.882 seconds
[2025-04-04T09:19:53.524+0000] {processor.py:186} INFO - Started process (PID=319) to work on /home/airflow/.local/lib/python3.12/site-packages/airflow/example_dags/example_branch_python_dop_operator_3.py
[2025-04-04T09:19:53.541+0000] {processor.py:914} INFO - Processing file /home/airflow/.local/lib/python3.12/site-packages/airflow/example_dags/example_branch_python_dop_operator_3.py for tasks to queue
[2025-04-04T09:19:53.655+0000] {logging_mixin.py:190} INFO - [2025-04-04T09:19:53.640+0000] {dagbag.py:588} INFO - Filling up the DagBag from /home/airflow/.local/lib/python3.12/site-packages/airflow/example_dags/example_branch_python_dop_operator_3.py
[2025-04-04T09:19:53.781+0000] {processor.py:925} INFO - DAG(s) 'example_branch_dop_operator_v3' retrieved from /home/airflow/.local/lib/python3.12/site-packages/airflow/example_dags/example_branch_python_dop_operator_3.py
[2025-04-04T09:19:54.323+0000] {logging_mixin.py:190} INFO - [2025-04-04T09:19:54.294+0000] {dag.py:3239} INFO - Sync 1 DAGs
[2025-04-04T09:19:54.726+0000] {logging_mixin.py:190} INFO - [2025-04-04T09:19:54.725+0000] {dag.py:4180} INFO - Setting next_dagrun for example_branch_dop_operator_v3 to 2025-04-04 09:18:00+00:00, run_after=2025-04-04 09:19:00+00:00
[2025-04-04T09:19:54.960+0000] {processor.py:208} INFO - Processing /home/airflow/.local/lib/python3.12/site-packages/airflow/example_dags/example_branch_python_dop_operator_3.py took 1.552 seconds
[2025-04-04T09:21:03.481+0000] {processor.py:186} INFO - Started process (PID=395) to work on /home/airflow/.local/lib/python3.12/site-packages/airflow/example_dags/example_branch_python_dop_operator_3.py
[2025-04-04T09:21:03.542+0000] {processor.py:914} INFO - Processing file /home/airflow/.local/lib/python3.12/site-packages/airflow/example_dags/example_branch_python_dop_operator_3.py for tasks to queue
[2025-04-04T09:21:03.585+0000] {logging_mixin.py:190} INFO - [2025-04-04T09:21:03.584+0000] {dagbag.py:588} INFO - Filling up the DagBag from /home/airflow/.local/lib/python3.12/site-packages/airflow/example_dags/example_branch_python_dop_operator_3.py
[2025-04-04T09:21:03.717+0000] {processor.py:925} INFO - DAG(s) 'example_branch_dop_operator_v3' retrieved from /home/airflow/.local/lib/python3.12/site-packages/airflow/example_dags/example_branch_python_dop_operator_3.py
[2025-04-04T09:21:03.971+0000] {logging_mixin.py:190} INFO - [2025-04-04T09:21:03.968+0000] {dag.py:3239} INFO - Sync 1 DAGs
[2025-04-04T09:21:04.202+0000] {logging_mixin.py:190} INFO - [2025-04-04T09:21:04.201+0000] {dag.py:4180} INFO - Setting next_dagrun for example_branch_dop_operator_v3 to 2025-04-04 09:20:00+00:00, run_after=2025-04-04 09:21:00+00:00
[2025-04-04T09:21:04.352+0000] {processor.py:208} INFO - Processing /home/airflow/.local/lib/python3.12/site-packages/airflow/example_dags/example_branch_python_dop_operator_3.py took 0.970 seconds
[2025-04-04T09:21:41.109+0000] {processor.py:186} INFO - Started process (PID=463) to work on /home/airflow/.local/lib/python3.12/site-packages/airflow/example_dags/example_branch_python_dop_operator_3.py
[2025-04-04T09:21:41.113+0000] {processor.py:914} INFO - Processing file /home/airflow/.local/lib/python3.12/site-packages/airflow/example_dags/example_branch_python_dop_operator_3.py for tasks to queue
[2025-04-04T09:21:41.130+0000] {logging_mixin.py:190} INFO - [2025-04-04T09:21:41.127+0000] {dagbag.py:588} INFO - Filling up the DagBag from /home/airflow/.local/lib/python3.12/site-packages/airflow/example_dags/example_branch_python_dop_operator_3.py
[2025-04-04T09:21:41.220+0000] {processor.py:925} INFO - DAG(s) 'example_branch_dop_operator_v3' retrieved from /home/airflow/.local/lib/python3.12/site-packages/airflow/example_dags/example_branch_python_dop_operator_3.py
[2025-04-04T09:21:41.386+0000] {logging_mixin.py:190} INFO - [2025-04-04T09:21:41.385+0000] {dag.py:3239} INFO - Sync 1 DAGs
[2025-04-04T09:21:41.539+0000] {logging_mixin.py:190} INFO - [2025-04-04T09:21:41.538+0000] {dag.py:4180} INFO - Setting next_dagrun for example_branch_dop_operator_v3 to 2025-04-04 09:20:00+00:00, run_after=2025-04-04 09:21:00+00:00
[2025-04-04T09:21:41.657+0000] {processor.py:208} INFO - Processing /home/airflow/.local/lib/python3.12/site-packages/airflow/example_dags/example_branch_python_dop_operator_3.py took 0.586 seconds
[2025-04-04T09:22:24.885+0000] {processor.py:186} INFO - Started process (PID=522) to work on /home/airflow/.local/lib/python3.12/site-packages/airflow/example_dags/example_branch_python_dop_operator_3.py
[2025-04-04T09:22:24.892+0000] {processor.py:914} INFO - Processing file /home/airflow/.local/lib/python3.12/site-packages/airflow/example_dags/example_branch_python_dop_operator_3.py for tasks to queue
[2025-04-04T09:22:24.959+0000] {logging_mixin.py:190} INFO - [2025-04-04T09:22:24.950+0000] {dagbag.py:588} INFO - Filling up the DagBag from /home/airflow/.local/lib/python3.12/site-packages/airflow/example_dags/example_branch_python_dop_operator_3.py
[2025-04-04T09:22:25.074+0000] {processor.py:925} INFO - DAG(s) 'example_branch_dop_operator_v3' retrieved from /home/airflow/.local/lib/python3.12/site-packages/airflow/example_dags/example_branch_python_dop_operator_3.py
[2025-04-04T09:22:25.300+0000] {logging_mixin.py:190} INFO - [2025-04-04T09:22:25.297+0000] {dag.py:3239} INFO - Sync 1 DAGs
[2025-04-04T09:22:25.724+0000] {logging_mixin.py:190} INFO - [2025-04-04T09:22:25.722+0000] {dag.py:4180} INFO - Setting next_dagrun for example_branch_dop_operator_v3 to 2025-04-04 09:21:00+00:00, run_after=2025-04-04 09:22:00+00:00
[2025-04-04T09:22:25.957+0000] {processor.py:208} INFO - Processing /home/airflow/.local/lib/python3.12/site-packages/airflow/example_dags/example_branch_python_dop_operator_3.py took 1.147 seconds
[2025-04-04T09:23:26.971+0000] {processor.py:186} INFO - Started process (PID=587) to work on /home/airflow/.local/lib/python3.12/site-packages/airflow/example_dags/example_branch_python_dop_operator_3.py
[2025-04-04T09:23:26.978+0000] {processor.py:914} INFO - Processing file /home/airflow/.local/lib/python3.12/site-packages/airflow/example_dags/example_branch_python_dop_operator_3.py for tasks to queue
[2025-04-04T09:23:27.000+0000] {logging_mixin.py:190} INFO - [2025-04-04T09:23:26.998+0000] {dagbag.py:588} INFO - Filling up the DagBag from /home/airflow/.local/lib/python3.12/site-packages/airflow/example_dags/example_branch_python_dop_operator_3.py
[2025-04-04T09:23:27.114+0000] {processor.py:925} INFO - DAG(s) 'example_branch_dop_operator_v3' retrieved from /home/airflow/.local/lib/python3.12/site-packages/airflow/example_dags/example_branch_python_dop_operator_3.py
[2025-04-04T09:23:27.304+0000] {logging_mixin.py:190} INFO - [2025-04-04T09:23:27.297+0000] {dag.py:3239} INFO - Sync 1 DAGs
[2025-04-04T09:23:27.554+0000] {logging_mixin.py:190} INFO - [2025-04-04T09:23:27.551+0000] {dag.py:4180} INFO - Setting next_dagrun for example_branch_dop_operator_v3 to 2025-04-04 09:22:00+00:00, run_after=2025-04-04 09:23:00+00:00
[2025-04-04T09:23:27.697+0000] {processor.py:208} INFO - Processing /home/airflow/.local/lib/python3.12/site-packages/airflow/example_dags/example_branch_python_dop_operator_3.py took 0.806 seconds
[2025-04-04T09:24:03.792+0000] {processor.py:186} INFO - Started process (PID=650) to work on /home/airflow/.local/lib/python3.12/site-packages/airflow/example_dags/example_branch_python_dop_operator_3.py
[2025-04-04T09:24:03.798+0000] {processor.py:914} INFO - Processing file /home/airflow/.local/lib/python3.12/site-packages/airflow/example_dags/example_branch_python_dop_operator_3.py for tasks to queue
[2025-04-04T09:24:03.815+0000] {logging_mixin.py:190} INFO - [2025-04-04T09:24:03.811+0000] {dagbag.py:588} INFO - Filling up the DagBag from /home/airflow/.local/lib/python3.12/site-packages/airflow/example_dags/example_branch_python_dop_operator_3.py
[2025-04-04T09:24:03.924+0000] {processor.py:925} INFO - DAG(s) 'example_branch_dop_operator_v3' retrieved from /home/airflow/.local/lib/python3.12/site-packages/airflow/example_dags/example_branch_python_dop_operator_3.py
[2025-04-04T09:24:04.108+0000] {logging_mixin.py:190} INFO - [2025-04-04T09:24:04.107+0000] {dag.py:3239} INFO - Sync 1 DAGs
[2025-04-04T09:24:04.388+0000] {logging_mixin.py:190} INFO - [2025-04-04T09:24:04.387+0000] {dag.py:4180} INFO - Setting next_dagrun for example_branch_dop_operator_v3 to 2025-04-04 09:23:00+00:00, run_after=2025-04-04 09:24:00+00:00
[2025-04-04T09:24:04.560+0000] {processor.py:208} INFO - Processing /home/airflow/.local/lib/python3.12/site-packages/airflow/example_dags/example_branch_python_dop_operator_3.py took 0.812 seconds
[2025-04-04T09:24:38.883+0000] {processor.py:186} INFO - Started process (PID=712) to work on /home/airflow/.local/lib/python3.12/site-packages/airflow/example_dags/example_branch_python_dop_operator_3.py
[2025-04-04T09:24:38.888+0000] {processor.py:914} INFO - Processing file /home/airflow/.local/lib/python3.12/site-packages/airflow/example_dags/example_branch_python_dop_operator_3.py for tasks to queue
[2025-04-04T09:24:38.904+0000] {logging_mixin.py:190} INFO - [2025-04-04T09:24:38.903+0000] {dagbag.py:588} INFO - Filling up the DagBag from /home/airflow/.local/lib/python3.12/site-packages/airflow/example_dags/example_branch_python_dop_operator_3.py
[2025-04-04T09:24:39.090+0000] {processor.py:925} INFO - DAG(s) 'example_branch_dop_operator_v3' retrieved from /home/airflow/.local/lib/python3.12/site-packages/airflow/example_dags/example_branch_python_dop_operator_3.py
[2025-04-04T09:24:39.291+0000] {logging_mixin.py:190} INFO - [2025-04-04T09:24:39.290+0000] {dag.py:3239} INFO - Sync 1 DAGs
[2025-04-04T09:24:39.591+0000] {logging_mixin.py:190} INFO - [2025-04-04T09:24:39.578+0000] {dag.py:4180} INFO - Setting next_dagrun for example_branch_dop_operator_v3 to 2025-04-04 09:23:00+00:00, run_after=2025-04-04 09:24:00+00:00
[2025-04-04T09:24:39.734+0000] {processor.py:208} INFO - Processing /home/airflow/.local/lib/python3.12/site-packages/airflow/example_dags/example_branch_python_dop_operator_3.py took 0.887 seconds
[2025-04-04T09:25:13.838+0000] {processor.py:186} INFO - Started process (PID=775) to work on /home/airflow/.local/lib/python3.12/site-packages/airflow/example_dags/example_branch_python_dop_operator_3.py
[2025-04-04T09:25:13.858+0000] {processor.py:914} INFO - Processing file /home/airflow/.local/lib/python3.12/site-packages/airflow/example_dags/example_branch_python_dop_operator_3.py for tasks to queue
[2025-04-04T09:25:13.901+0000] {logging_mixin.py:190} INFO - [2025-04-04T09:25:13.896+0000] {dagbag.py:588} INFO - Filling up the DagBag from /home/airflow/.local/lib/python3.12/site-packages/airflow/example_dags/example_branch_python_dop_operator_3.py
[2025-04-04T09:25:14.038+0000] {processor.py:925} INFO - DAG(s) 'example_branch_dop_operator_v3' retrieved from /home/airflow/.local/lib/python3.12/site-packages/airflow/example_dags/example_branch_python_dop_operator_3.py
[2025-04-04T09:25:14.269+0000] {logging_mixin.py:190} INFO - [2025-04-04T09:25:14.268+0000] {dag.py:3239} INFO - Sync 1 DAGs
[2025-04-04T09:25:14.608+0000] {logging_mixin.py:190} INFO - [2025-04-04T09:25:14.606+0000] {dag.py:4180} INFO - Setting next_dagrun for example_branch_dop_operator_v3 to 2025-04-04 09:24:00+00:00, run_after=2025-04-04 09:25:00+00:00
[2025-04-04T09:25:14.732+0000] {processor.py:208} INFO - Processing /home/airflow/.local/lib/python3.12/site-packages/airflow/example_dags/example_branch_python_dop_operator_3.py took 0.954 seconds
[2025-04-04T09:25:58.487+0000] {processor.py:186} INFO - Started process (PID=837) to work on /home/airflow/.local/lib/python3.12/site-packages/airflow/example_dags/example_branch_python_dop_operator_3.py
[2025-04-04T09:25:58.492+0000] {processor.py:914} INFO - Processing file /home/airflow/.local/lib/python3.12/site-packages/airflow/example_dags/example_branch_python_dop_operator_3.py for tasks to queue
[2025-04-04T09:25:58.537+0000] {logging_mixin.py:190} INFO - [2025-04-04T09:25:58.523+0000] {dagbag.py:588} INFO - Filling up the DagBag from /home/airflow/.local/lib/python3.12/site-packages/airflow/example_dags/example_branch_python_dop_operator_3.py
[2025-04-04T09:25:58.643+0000] {processor.py:925} INFO - DAG(s) 'example_branch_dop_operator_v3' retrieved from /home/airflow/.local/lib/python3.12/site-packages/airflow/example_dags/example_branch_python_dop_operator_3.py
[2025-04-04T09:25:58.809+0000] {logging_mixin.py:190} INFO - [2025-04-04T09:25:58.808+0000] {dag.py:3239} INFO - Sync 1 DAGs
[2025-04-04T09:25:59.079+0000] {logging_mixin.py:190} INFO - [2025-04-04T09:25:59.078+0000] {dag.py:4180} INFO - Setting next_dagrun for example_branch_dop_operator_v3 to 2025-04-04 09:24:00+00:00, run_after=2025-04-04 09:25:00+00:00
[2025-04-04T09:25:59.236+0000] {processor.py:208} INFO - Processing /home/airflow/.local/lib/python3.12/site-packages/airflow/example_dags/example_branch_python_dop_operator_3.py took 0.822 seconds
[2025-04-04T09:26:36.337+0000] {processor.py:186} INFO - Started process (PID=900) to work on /home/airflow/.local/lib/python3.12/site-packages/airflow/example_dags/example_branch_python_dop_operator_3.py
[2025-04-04T09:26:36.352+0000] {processor.py:914} INFO - Processing file /home/airflow/.local/lib/python3.12/site-packages/airflow/example_dags/example_branch_python_dop_operator_3.py for tasks to queue
[2025-04-04T09:26:36.403+0000] {logging_mixin.py:190} INFO - [2025-04-04T09:26:36.401+0000] {dagbag.py:588} INFO - Filling up the DagBag from /home/airflow/.local/lib/python3.12/site-packages/airflow/example_dags/example_branch_python_dop_operator_3.py
[2025-04-04T09:26:36.636+0000] {processor.py:925} INFO - DAG(s) 'example_branch_dop_operator_v3' retrieved from /home/airflow/.local/lib/python3.12/site-packages/airflow/example_dags/example_branch_python_dop_operator_3.py
[2025-04-04T09:26:36.814+0000] {logging_mixin.py:190} INFO - [2025-04-04T09:26:36.813+0000] {dag.py:3239} INFO - Sync 1 DAGs
[2025-04-04T09:26:37.145+0000] {logging_mixin.py:190} INFO - [2025-04-04T09:26:37.139+0000] {dag.py:4180} INFO - Setting next_dagrun for example_branch_dop_operator_v3 to 2025-04-04 09:25:00+00:00, run_after=2025-04-04 09:26:00+00:00
[2025-04-04T09:26:37.362+0000] {processor.py:208} INFO - Processing /home/airflow/.local/lib/python3.12/site-packages/airflow/example_dags/example_branch_python_dop_operator_3.py took 1.117 seconds
[2025-04-04T09:33:08.960+0000] {processor.py:186} INFO - Started process (PID=135) to work on /home/airflow/.local/lib/python3.12/site-packages/airflow/example_dags/example_branch_python_dop_operator_3.py
[2025-04-04T09:33:08.967+0000] {processor.py:914} INFO - Processing file /home/airflow/.local/lib/python3.12/site-packages/airflow/example_dags/example_branch_python_dop_operator_3.py for tasks to queue
[2025-04-04T09:33:08.982+0000] {logging_mixin.py:190} INFO - [2025-04-04T09:33:08.980+0000] {dagbag.py:588} INFO - Filling up the DagBag from /home/airflow/.local/lib/python3.12/site-packages/airflow/example_dags/example_branch_python_dop_operator_3.py
[2025-04-04T09:33:09.083+0000] {processor.py:925} INFO - DAG(s) 'example_branch_dop_operator_v3' retrieved from /home/airflow/.local/lib/python3.12/site-packages/airflow/example_dags/example_branch_python_dop_operator_3.py
[2025-04-04T09:33:09.211+0000] {logging_mixin.py:190} INFO - [2025-04-04T09:33:09.210+0000] {dag.py:3239} INFO - Sync 1 DAGs
[2025-04-04T09:33:09.422+0000] {logging_mixin.py:190} INFO - [2025-04-04T09:33:09.421+0000] {dag.py:4180} INFO - Setting next_dagrun for example_branch_dop_operator_v3 to 2025-04-04 09:32:00+00:00, run_after=2025-04-04 09:33:00+00:00
[2025-04-04T09:33:09.545+0000] {processor.py:208} INFO - Processing /home/airflow/.local/lib/python3.12/site-packages/airflow/example_dags/example_branch_python_dop_operator_3.py took 0.627 seconds
