[2025-04-04T09:04:27.466+0000] {processor.py:186} INFO - Started process (PID=149) to work on /home/airflow/.local/lib/python3.12/site-packages/airflow/example_dags/example_local_kubernetes_executor.py
[2025-04-04T09:04:27.498+0000] {processor.py:914} INFO - Processing file /home/airflow/.local/lib/python3.12/site-packages/airflow/example_dags/example_local_kubernetes_executor.py for tasks to queue
[2025-04-04T09:04:27.561+0000] {logging_mixin.py:190} INFO - [2025-04-04T09:04:27.547+0000] {dagbag.py:588} INFO - Filling up the DagBag from /home/airflow/.local/lib/python3.12/site-packages/airflow/example_dags/example_local_kubernetes_executor.py
[2025-04-04T09:04:28.078+0000] {processor.py:925} INFO - DAG(s) 'example_local_kubernetes_executor' retrieved from /home/airflow/.local/lib/python3.12/site-packages/airflow/example_dags/example_local_kubernetes_executor.py
[2025-04-04T09:04:30.298+0000] {logging_mixin.py:190} INFO - [2025-04-04T09:04:30.295+0000] {override.py:1912} INFO - Created Permission View: can delete on DAG:example_local_kubernetes_executor
[2025-04-04T09:04:30.400+0000] {logging_mixin.py:190} INFO - [2025-04-04T09:04:30.399+0000] {override.py:1912} INFO - Created Permission View: can edit on DAG:example_local_kubernetes_executor
[2025-04-04T09:04:30.514+0000] {logging_mixin.py:190} INFO - [2025-04-04T09:04:30.512+0000] {override.py:1912} INFO - Created Permission View: can read on DAG:example_local_kubernetes_executor
[2025-04-04T09:04:30.630+0000] {logging_mixin.py:190} INFO - [2025-04-04T09:04:30.629+0000] {override.py:1912} INFO - Created Permission View: menu access on DAG Run:example_local_kubernetes_executor
[2025-04-04T09:04:30.751+0000] {logging_mixin.py:190} INFO - [2025-04-04T09:04:30.740+0000] {override.py:1912} INFO - Created Permission View: can create on DAG Run:example_local_kubernetes_executor
[2025-04-04T09:04:30.906+0000] {logging_mixin.py:190} INFO - [2025-04-04T09:04:30.905+0000] {override.py:1912} INFO - Created Permission View: can delete on DAG Run:example_local_kubernetes_executor
[2025-04-04T09:04:31.193+0000] {logging_mixin.py:190} INFO - [2025-04-04T09:04:31.192+0000] {override.py:1912} INFO - Created Permission View: can read on DAG Run:example_local_kubernetes_executor
[2025-04-04T09:04:31.207+0000] {logging_mixin.py:190} INFO - [2025-04-04T09:04:31.206+0000] {dag.py:3239} INFO - Sync 1 DAGs
[2025-04-04T09:04:31.433+0000] {logging_mixin.py:190} INFO - [2025-04-04T09:04:31.428+0000] {dag.py:3262} INFO - Creating ORM DAG for example_local_kubernetes_executor
[2025-04-04T09:04:31.443+0000] {logging_mixin.py:190} INFO - [2025-04-04T09:04:31.442+0000] {dag.py:4180} INFO - Setting next_dagrun for example_local_kubernetes_executor to None, run_after=None
[2025-04-04T09:04:31.657+0000] {processor.py:208} INFO - Processing /home/airflow/.local/lib/python3.12/site-packages/airflow/example_dags/example_local_kubernetes_executor.py took 4.330 seconds
[2025-04-04T09:16:54.332+0000] {processor.py:186} INFO - Started process (PID=130) to work on /home/airflow/.local/lib/python3.12/site-packages/airflow/example_dags/example_local_kubernetes_executor.py
[2025-04-04T09:16:54.338+0000] {processor.py:914} INFO - Processing file /home/airflow/.local/lib/python3.12/site-packages/airflow/example_dags/example_local_kubernetes_executor.py for tasks to queue
[2025-04-04T09:16:54.351+0000] {logging_mixin.py:190} INFO - [2025-04-04T09:16:54.349+0000] {dagbag.py:588} INFO - Filling up the DagBag from /home/airflow/.local/lib/python3.12/site-packages/airflow/example_dags/example_local_kubernetes_executor.py
[2025-04-04T09:16:54.414+0000] {processor.py:925} INFO - DAG(s) 'example_local_kubernetes_executor' retrieved from /home/airflow/.local/lib/python3.12/site-packages/airflow/example_dags/example_local_kubernetes_executor.py
[2025-04-04T09:16:54.551+0000] {logging_mixin.py:190} INFO - [2025-04-04T09:16:54.550+0000] {dag.py:3239} INFO - Sync 1 DAGs
[2025-04-04T09:16:54.678+0000] {logging_mixin.py:190} INFO - [2025-04-04T09:16:54.677+0000] {dag.py:4180} INFO - Setting next_dagrun for example_local_kubernetes_executor to None, run_after=None
[2025-04-04T09:16:54.799+0000] {processor.py:208} INFO - Processing /home/airflow/.local/lib/python3.12/site-packages/airflow/example_dags/example_local_kubernetes_executor.py took 0.510 seconds
[2025-04-04T09:18:04.118+0000] {processor.py:186} INFO - Started process (PID=205) to work on /home/airflow/.local/lib/python3.12/site-packages/airflow/example_dags/example_local_kubernetes_executor.py
[2025-04-04T09:18:04.141+0000] {processor.py:914} INFO - Processing file /home/airflow/.local/lib/python3.12/site-packages/airflow/example_dags/example_local_kubernetes_executor.py for tasks to queue
[2025-04-04T09:18:04.174+0000] {logging_mixin.py:190} INFO - [2025-04-04T09:18:04.170+0000] {dagbag.py:588} INFO - Filling up the DagBag from /home/airflow/.local/lib/python3.12/site-packages/airflow/example_dags/example_local_kubernetes_executor.py
[2025-04-04T09:18:04.301+0000] {processor.py:925} INFO - DAG(s) 'example_local_kubernetes_executor' retrieved from /home/airflow/.local/lib/python3.12/site-packages/airflow/example_dags/example_local_kubernetes_executor.py
[2025-04-04T09:18:04.555+0000] {logging_mixin.py:190} INFO - [2025-04-04T09:18:04.548+0000] {dag.py:3239} INFO - Sync 1 DAGs
[2025-04-04T09:18:04.762+0000] {logging_mixin.py:190} INFO - [2025-04-04T09:18:04.761+0000] {dag.py:4180} INFO - Setting next_dagrun for example_local_kubernetes_executor to None, run_after=None
[2025-04-04T09:18:05.005+0000] {processor.py:208} INFO - Processing /home/airflow/.local/lib/python3.12/site-packages/airflow/example_dags/example_local_kubernetes_executor.py took 1.108 seconds
[2025-04-04T09:18:49.022+0000] {processor.py:186} INFO - Started process (PID=268) to work on /home/airflow/.local/lib/python3.12/site-packages/airflow/example_dags/example_local_kubernetes_executor.py
[2025-04-04T09:18:49.038+0000] {processor.py:914} INFO - Processing file /home/airflow/.local/lib/python3.12/site-packages/airflow/example_dags/example_local_kubernetes_executor.py for tasks to queue
[2025-04-04T09:18:49.071+0000] {logging_mixin.py:190} INFO - [2025-04-04T09:18:49.067+0000] {dagbag.py:588} INFO - Filling up the DagBag from /home/airflow/.local/lib/python3.12/site-packages/airflow/example_dags/example_local_kubernetes_executor.py
[2025-04-04T09:18:49.216+0000] {processor.py:925} INFO - DAG(s) 'example_local_kubernetes_executor' retrieved from /home/airflow/.local/lib/python3.12/site-packages/airflow/example_dags/example_local_kubernetes_executor.py
[2025-04-04T09:18:49.501+0000] {logging_mixin.py:190} INFO - [2025-04-04T09:18:49.500+0000] {dag.py:3239} INFO - Sync 1 DAGs
[2025-04-04T09:18:49.728+0000] {logging_mixin.py:190} INFO - [2025-04-04T09:18:49.727+0000] {dag.py:4180} INFO - Setting next_dagrun for example_local_kubernetes_executor to None, run_after=None
[2025-04-04T09:18:50.033+0000] {processor.py:208} INFO - Processing /home/airflow/.local/lib/python3.12/site-packages/airflow/example_dags/example_local_kubernetes_executor.py took 1.102 seconds
[2025-04-04T09:20:07.657+0000] {processor.py:186} INFO - Started process (PID=329) to work on /home/airflow/.local/lib/python3.12/site-packages/airflow/example_dags/example_local_kubernetes_executor.py
[2025-04-04T09:20:07.673+0000] {processor.py:914} INFO - Processing file /home/airflow/.local/lib/python3.12/site-packages/airflow/example_dags/example_local_kubernetes_executor.py for tasks to queue
[2025-04-04T09:20:07.745+0000] {logging_mixin.py:190} INFO - [2025-04-04T09:20:07.731+0000] {dagbag.py:588} INFO - Filling up the DagBag from /home/airflow/.local/lib/python3.12/site-packages/airflow/example_dags/example_local_kubernetes_executor.py
[2025-04-04T09:20:07.924+0000] {processor.py:925} INFO - DAG(s) 'example_local_kubernetes_executor' retrieved from /home/airflow/.local/lib/python3.12/site-packages/airflow/example_dags/example_local_kubernetes_executor.py
[2025-04-04T09:20:08.176+0000] {logging_mixin.py:190} INFO - [2025-04-04T09:20:08.175+0000] {dag.py:3239} INFO - Sync 1 DAGs
[2025-04-04T09:20:08.365+0000] {logging_mixin.py:190} INFO - [2025-04-04T09:20:08.364+0000] {dag.py:4180} INFO - Setting next_dagrun for example_local_kubernetes_executor to None, run_after=None
[2025-04-04T09:20:08.611+0000] {processor.py:208} INFO - Processing /home/airflow/.local/lib/python3.12/site-packages/airflow/example_dags/example_local_kubernetes_executor.py took 1.103 seconds
[2025-04-04T09:21:11.943+0000] {processor.py:186} INFO - Started process (PID=411) to work on /home/airflow/.local/lib/python3.12/site-packages/airflow/example_dags/example_local_kubernetes_executor.py
[2025-04-04T09:21:11.949+0000] {processor.py:914} INFO - Processing file /home/airflow/.local/lib/python3.12/site-packages/airflow/example_dags/example_local_kubernetes_executor.py for tasks to queue
[2025-04-04T09:21:11.962+0000] {logging_mixin.py:190} INFO - [2025-04-04T09:21:11.960+0000] {dagbag.py:588} INFO - Filling up the DagBag from /home/airflow/.local/lib/python3.12/site-packages/airflow/example_dags/example_local_kubernetes_executor.py
[2025-04-04T09:21:12.026+0000] {processor.py:925} INFO - DAG(s) 'example_local_kubernetes_executor' retrieved from /home/airflow/.local/lib/python3.12/site-packages/airflow/example_dags/example_local_kubernetes_executor.py
[2025-04-04T09:21:12.229+0000] {logging_mixin.py:190} INFO - [2025-04-04T09:21:12.228+0000] {dag.py:3239} INFO - Sync 1 DAGs
[2025-04-04T09:21:12.410+0000] {logging_mixin.py:190} INFO - [2025-04-04T09:21:12.409+0000] {dag.py:4180} INFO - Setting next_dagrun for example_local_kubernetes_executor to None, run_after=None
[2025-04-04T09:21:12.656+0000] {processor.py:208} INFO - Processing /home/airflow/.local/lib/python3.12/site-packages/airflow/example_dags/example_local_kubernetes_executor.py took 0.756 seconds
[2025-04-04T09:21:48.692+0000] {processor.py:186} INFO - Started process (PID=473) to work on /home/airflow/.local/lib/python3.12/site-packages/airflow/example_dags/example_local_kubernetes_executor.py
[2025-04-04T09:21:48.698+0000] {processor.py:914} INFO - Processing file /home/airflow/.local/lib/python3.12/site-packages/airflow/example_dags/example_local_kubernetes_executor.py for tasks to queue
[2025-04-04T09:21:48.713+0000] {logging_mixin.py:190} INFO - [2025-04-04T09:21:48.711+0000] {dagbag.py:588} INFO - Filling up the DagBag from /home/airflow/.local/lib/python3.12/site-packages/airflow/example_dags/example_local_kubernetes_executor.py
[2025-04-04T09:21:48.788+0000] {processor.py:925} INFO - DAG(s) 'example_local_kubernetes_executor' retrieved from /home/airflow/.local/lib/python3.12/site-packages/airflow/example_dags/example_local_kubernetes_executor.py
[2025-04-04T09:21:48.982+0000] {logging_mixin.py:190} INFO - [2025-04-04T09:21:48.981+0000] {dag.py:3239} INFO - Sync 1 DAGs
[2025-04-04T09:21:49.110+0000] {logging_mixin.py:190} INFO - [2025-04-04T09:21:49.107+0000] {dag.py:4180} INFO - Setting next_dagrun for example_local_kubernetes_executor to None, run_after=None
[2025-04-04T09:21:49.245+0000] {processor.py:208} INFO - Processing /home/airflow/.local/lib/python3.12/site-packages/airflow/example_dags/example_local_kubernetes_executor.py took 0.634 seconds
[2025-04-04T09:22:35.883+0000] {processor.py:186} INFO - Started process (PID=532) to work on /home/airflow/.local/lib/python3.12/site-packages/airflow/example_dags/example_local_kubernetes_executor.py
[2025-04-04T09:22:35.898+0000] {processor.py:914} INFO - Processing file /home/airflow/.local/lib/python3.12/site-packages/airflow/example_dags/example_local_kubernetes_executor.py for tasks to queue
[2025-04-04T09:22:35.921+0000] {logging_mixin.py:190} INFO - [2025-04-04T09:22:35.918+0000] {dagbag.py:588} INFO - Filling up the DagBag from /home/airflow/.local/lib/python3.12/site-packages/airflow/example_dags/example_local_kubernetes_executor.py
[2025-04-04T09:22:36.011+0000] {processor.py:925} INFO - DAG(s) 'example_local_kubernetes_executor' retrieved from /home/airflow/.local/lib/python3.12/site-packages/airflow/example_dags/example_local_kubernetes_executor.py
[2025-04-04T09:22:36.155+0000] {logging_mixin.py:190} INFO - [2025-04-04T09:22:36.152+0000] {dag.py:3239} INFO - Sync 1 DAGs
[2025-04-04T09:22:36.340+0000] {logging_mixin.py:190} INFO - [2025-04-04T09:22:36.339+0000] {dag.py:4180} INFO - Setting next_dagrun for example_local_kubernetes_executor to None, run_after=None
[2025-04-04T09:22:36.461+0000] {processor.py:208} INFO - Processing /home/airflow/.local/lib/python3.12/site-packages/airflow/example_dags/example_local_kubernetes_executor.py took 0.638 seconds
[2025-04-04T09:23:36.361+0000] {processor.py:186} INFO - Started process (PID=597) to work on /home/airflow/.local/lib/python3.12/site-packages/airflow/example_dags/example_local_kubernetes_executor.py
[2025-04-04T09:23:36.371+0000] {processor.py:914} INFO - Processing file /home/airflow/.local/lib/python3.12/site-packages/airflow/example_dags/example_local_kubernetes_executor.py for tasks to queue
[2025-04-04T09:23:36.397+0000] {logging_mixin.py:190} INFO - [2025-04-04T09:23:36.393+0000] {dagbag.py:588} INFO - Filling up the DagBag from /home/airflow/.local/lib/python3.12/site-packages/airflow/example_dags/example_local_kubernetes_executor.py
[2025-04-04T09:23:36.479+0000] {processor.py:925} INFO - DAG(s) 'example_local_kubernetes_executor' retrieved from /home/airflow/.local/lib/python3.12/site-packages/airflow/example_dags/example_local_kubernetes_executor.py
[2025-04-04T09:23:36.684+0000] {logging_mixin.py:190} INFO - [2025-04-04T09:23:36.683+0000] {dag.py:3239} INFO - Sync 1 DAGs
[2025-04-04T09:23:36.828+0000] {logging_mixin.py:190} INFO - [2025-04-04T09:23:36.827+0000] {dag.py:4180} INFO - Setting next_dagrun for example_local_kubernetes_executor to None, run_after=None
[2025-04-04T09:23:37.003+0000] {processor.py:208} INFO - Processing /home/airflow/.local/lib/python3.12/site-packages/airflow/example_dags/example_local_kubernetes_executor.py took 0.718 seconds
[2025-04-04T09:24:07.835+0000] {processor.py:186} INFO - Started process (PID=660) to work on /home/airflow/.local/lib/python3.12/site-packages/airflow/example_dags/example_local_kubernetes_executor.py
[2025-04-04T09:24:07.840+0000] {processor.py:914} INFO - Processing file /home/airflow/.local/lib/python3.12/site-packages/airflow/example_dags/example_local_kubernetes_executor.py for tasks to queue
[2025-04-04T09:24:07.852+0000] {logging_mixin.py:190} INFO - [2025-04-04T09:24:07.850+0000] {dagbag.py:588} INFO - Filling up the DagBag from /home/airflow/.local/lib/python3.12/site-packages/airflow/example_dags/example_local_kubernetes_executor.py
[2025-04-04T09:24:07.904+0000] {processor.py:925} INFO - DAG(s) 'example_local_kubernetes_executor' retrieved from /home/airflow/.local/lib/python3.12/site-packages/airflow/example_dags/example_local_kubernetes_executor.py
[2025-04-04T09:24:08.022+0000] {logging_mixin.py:190} INFO - [2025-04-04T09:24:08.021+0000] {dag.py:3239} INFO - Sync 1 DAGs
[2025-04-04T09:24:08.092+0000] {logging_mixin.py:190} INFO - [2025-04-04T09:24:08.091+0000] {dag.py:4180} INFO - Setting next_dagrun for example_local_kubernetes_executor to None, run_after=None
[2025-04-04T09:24:08.178+0000] {processor.py:208} INFO - Processing /home/airflow/.local/lib/python3.12/site-packages/airflow/example_dags/example_local_kubernetes_executor.py took 0.377 seconds
[2025-04-04T09:24:49.515+0000] {processor.py:186} INFO - Started process (PID=729) to work on /home/airflow/.local/lib/python3.12/site-packages/airflow/example_dags/example_local_kubernetes_executor.py
[2025-04-04T09:24:49.521+0000] {processor.py:914} INFO - Processing file /home/airflow/.local/lib/python3.12/site-packages/airflow/example_dags/example_local_kubernetes_executor.py for tasks to queue
[2025-04-04T09:24:49.535+0000] {logging_mixin.py:190} INFO - [2025-04-04T09:24:49.533+0000] {dagbag.py:588} INFO - Filling up the DagBag from /home/airflow/.local/lib/python3.12/site-packages/airflow/example_dags/example_local_kubernetes_executor.py
[2025-04-04T09:24:49.596+0000] {processor.py:925} INFO - DAG(s) 'example_local_kubernetes_executor' retrieved from /home/airflow/.local/lib/python3.12/site-packages/airflow/example_dags/example_local_kubernetes_executor.py
[2025-04-04T09:24:49.817+0000] {logging_mixin.py:190} INFO - [2025-04-04T09:24:49.815+0000] {dag.py:3239} INFO - Sync 1 DAGs
[2025-04-04T09:24:50.032+0000] {logging_mixin.py:190} INFO - [2025-04-04T09:24:50.031+0000] {dag.py:4180} INFO - Setting next_dagrun for example_local_kubernetes_executor to None, run_after=None
[2025-04-04T09:24:50.230+0000] {processor.py:208} INFO - Processing /home/airflow/.local/lib/python3.12/site-packages/airflow/example_dags/example_local_kubernetes_executor.py took 0.758 seconds
[2025-04-04T09:25:22.646+0000] {processor.py:186} INFO - Started process (PID=792) to work on /home/airflow/.local/lib/python3.12/site-packages/airflow/example_dags/example_local_kubernetes_executor.py
[2025-04-04T09:25:22.652+0000] {processor.py:914} INFO - Processing file /home/airflow/.local/lib/python3.12/site-packages/airflow/example_dags/example_local_kubernetes_executor.py for tasks to queue
[2025-04-04T09:25:22.670+0000] {logging_mixin.py:190} INFO - [2025-04-04T09:25:22.668+0000] {dagbag.py:588} INFO - Filling up the DagBag from /home/airflow/.local/lib/python3.12/site-packages/airflow/example_dags/example_local_kubernetes_executor.py
[2025-04-04T09:25:22.752+0000] {processor.py:925} INFO - DAG(s) 'example_local_kubernetes_executor' retrieved from /home/airflow/.local/lib/python3.12/site-packages/airflow/example_dags/example_local_kubernetes_executor.py
[2025-04-04T09:25:22.876+0000] {logging_mixin.py:190} INFO - [2025-04-04T09:25:22.875+0000] {dag.py:3239} INFO - Sync 1 DAGs
[2025-04-04T09:25:22.976+0000] {logging_mixin.py:190} INFO - [2025-04-04T09:25:22.975+0000] {dag.py:4180} INFO - Setting next_dagrun for example_local_kubernetes_executor to None, run_after=None
[2025-04-04T09:25:23.144+0000] {processor.py:208} INFO - Processing /home/airflow/.local/lib/python3.12/site-packages/airflow/example_dags/example_local_kubernetes_executor.py took 0.540 seconds
[2025-04-04T09:26:13.227+0000] {processor.py:186} INFO - Started process (PID=863) to work on /home/airflow/.local/lib/python3.12/site-packages/airflow/example_dags/example_local_kubernetes_executor.py
[2025-04-04T09:26:13.238+0000] {processor.py:914} INFO - Processing file /home/airflow/.local/lib/python3.12/site-packages/airflow/example_dags/example_local_kubernetes_executor.py for tasks to queue
[2025-04-04T09:26:13.259+0000] {logging_mixin.py:190} INFO - [2025-04-04T09:26:13.257+0000] {dagbag.py:588} INFO - Filling up the DagBag from /home/airflow/.local/lib/python3.12/site-packages/airflow/example_dags/example_local_kubernetes_executor.py
[2025-04-04T09:26:13.338+0000] {processor.py:925} INFO - DAG(s) 'example_local_kubernetes_executor' retrieved from /home/airflow/.local/lib/python3.12/site-packages/airflow/example_dags/example_local_kubernetes_executor.py
[2025-04-04T09:26:13.487+0000] {logging_mixin.py:190} INFO - [2025-04-04T09:26:13.486+0000] {dag.py:3239} INFO - Sync 1 DAGs
[2025-04-04T09:26:13.692+0000] {logging_mixin.py:190} INFO - [2025-04-04T09:26:13.691+0000] {dag.py:4180} INFO - Setting next_dagrun for example_local_kubernetes_executor to None, run_after=None
[2025-04-04T09:26:13.880+0000] {processor.py:208} INFO - Processing /home/airflow/.local/lib/python3.12/site-packages/airflow/example_dags/example_local_kubernetes_executor.py took 0.701 seconds
[2025-04-04T09:26:49.575+0000] {processor.py:186} INFO - Started process (PID=931) to work on /home/airflow/.local/lib/python3.12/site-packages/airflow/example_dags/example_local_kubernetes_executor.py
[2025-04-04T09:26:49.591+0000] {processor.py:914} INFO - Processing file /home/airflow/.local/lib/python3.12/site-packages/airflow/example_dags/example_local_kubernetes_executor.py for tasks to queue
[2025-04-04T09:26:49.628+0000] {logging_mixin.py:190} INFO - [2025-04-04T09:26:49.626+0000] {dagbag.py:588} INFO - Filling up the DagBag from /home/airflow/.local/lib/python3.12/site-packages/airflow/example_dags/example_local_kubernetes_executor.py
[2025-04-04T09:26:49.745+0000] {processor.py:925} INFO - DAG(s) 'example_local_kubernetes_executor' retrieved from /home/airflow/.local/lib/python3.12/site-packages/airflow/example_dags/example_local_kubernetes_executor.py
[2025-04-04T09:26:50.017+0000] {logging_mixin.py:190} INFO - [2025-04-04T09:26:50.014+0000] {dag.py:3239} INFO - Sync 1 DAGs
[2025-04-04T09:26:50.202+0000] {logging_mixin.py:190} INFO - [2025-04-04T09:26:50.200+0000] {dag.py:4180} INFO - Setting next_dagrun for example_local_kubernetes_executor to None, run_after=None
[2025-04-04T09:26:50.358+0000] {processor.py:208} INFO - Processing /home/airflow/.local/lib/python3.12/site-packages/airflow/example_dags/example_local_kubernetes_executor.py took 0.847 seconds
[2025-04-04T09:33:17.589+0000] {processor.py:186} INFO - Started process (PID=145) to work on /home/airflow/.local/lib/python3.12/site-packages/airflow/example_dags/example_local_kubernetes_executor.py
[2025-04-04T09:33:17.595+0000] {processor.py:914} INFO - Processing file /home/airflow/.local/lib/python3.12/site-packages/airflow/example_dags/example_local_kubernetes_executor.py for tasks to queue
[2025-04-04T09:33:17.610+0000] {logging_mixin.py:190} INFO - [2025-04-04T09:33:17.608+0000] {dagbag.py:588} INFO - Filling up the DagBag from /home/airflow/.local/lib/python3.12/site-packages/airflow/example_dags/example_local_kubernetes_executor.py
[2025-04-04T09:33:17.781+0000] {processor.py:925} INFO - DAG(s) 'example_local_kubernetes_executor' retrieved from /home/airflow/.local/lib/python3.12/site-packages/airflow/example_dags/example_local_kubernetes_executor.py
[2025-04-04T09:33:18.117+0000] {logging_mixin.py:190} INFO - [2025-04-04T09:33:18.108+0000] {dag.py:3239} INFO - Sync 1 DAGs
[2025-04-04T09:33:18.271+0000] {logging_mixin.py:190} INFO - [2025-04-04T09:33:18.270+0000] {dag.py:4180} INFO - Setting next_dagrun for example_local_kubernetes_executor to None, run_after=None
[2025-04-04T09:33:18.608+0000] {processor.py:208} INFO - Processing /home/airflow/.local/lib/python3.12/site-packages/airflow/example_dags/example_local_kubernetes_executor.py took 1.056 seconds
