[2025-04-04T09:04:32.048+0000] {processor.py:186} INFO - Started process (PID=151) to work on /home/airflow/.local/lib/python3.12/site-packages/airflow/example_dags/example_workday_timetable.py
[2025-04-04T09:04:32.057+0000] {processor.py:914} INFO - Processing file /home/airflow/.local/lib/python3.12/site-packages/airflow/example_dags/example_workday_timetable.py for tasks to queue
[2025-04-04T09:04:32.070+0000] {logging_mixin.py:190} INFO - [2025-04-04T09:04:32.069+0000] {dagbag.py:588} INFO - Filling up the DagBag from /home/airflow/.local/lib/python3.12/site-packages/airflow/example_dags/example_workday_timetable.py
[2025-04-04T09:04:32.123+0000] {processor.py:925} INFO - DAG(s) 'example_workday_timetable' retrieved from /home/airflow/.local/lib/python3.12/site-packages/airflow/example_dags/example_workday_timetable.py
[2025-04-04T09:04:33.968+0000] {logging_mixin.py:190} INFO - [2025-04-04T09:04:33.962+0000] {override.py:1912} INFO - Created Permission View: can delete on DAG:example_workday_timetable
[2025-04-04T09:04:34.441+0000] {logging_mixin.py:190} INFO - [2025-04-04T09:04:34.423+0000] {override.py:1912} INFO - Created Permission View: can edit on DAG:example_workday_timetable
[2025-04-04T09:04:34.725+0000] {logging_mixin.py:190} INFO - [2025-04-04T09:04:34.724+0000] {override.py:1912} INFO - Created Permission View: can read on DAG:example_workday_timetable
[2025-04-04T09:04:34.918+0000] {logging_mixin.py:190} INFO - [2025-04-04T09:04:34.916+0000] {override.py:1912} INFO - Created Permission View: menu access on DAG Run:example_workday_timetable
[2025-04-04T09:04:34.994+0000] {logging_mixin.py:190} INFO - [2025-04-04T09:04:34.991+0000] {override.py:1912} INFO - Created Permission View: can create on DAG Run:example_workday_timetable
[2025-04-04T09:04:35.086+0000] {logging_mixin.py:190} INFO - [2025-04-04T09:04:35.084+0000] {override.py:1912} INFO - Created Permission View: can delete on DAG Run:example_workday_timetable
[2025-04-04T09:04:35.254+0000] {logging_mixin.py:190} INFO - [2025-04-04T09:04:35.253+0000] {override.py:1912} INFO - Created Permission View: can read on DAG Run:example_workday_timetable
[2025-04-04T09:04:35.269+0000] {logging_mixin.py:190} INFO - [2025-04-04T09:04:35.268+0000] {dag.py:3239} INFO - Sync 1 DAGs
[2025-04-04T09:04:35.561+0000] {logging_mixin.py:190} INFO - [2025-04-04T09:04:35.560+0000] {dag.py:3262} INFO - Creating ORM DAG for example_workday_timetable
[2025-04-04T09:04:37.222+0000] {logging_mixin.py:190} INFO - [2025-04-04T09:04:37.192+0000] {dag.py:4180} INFO - Setting next_dagrun for example_workday_timetable to 2021-01-04 00:00:00+00:00, run_after=2021-01-05 00:00:00+00:00
[2025-04-04T09:04:37.592+0000] {processor.py:208} INFO - Processing /home/airflow/.local/lib/python3.12/site-packages/airflow/example_dags/example_workday_timetable.py took 5.619 seconds
[2025-04-04T09:16:55.105+0000] {processor.py:186} INFO - Started process (PID=132) to work on /home/airflow/.local/lib/python3.12/site-packages/airflow/example_dags/example_workday_timetable.py
[2025-04-04T09:16:55.124+0000] {processor.py:914} INFO - Processing file /home/airflow/.local/lib/python3.12/site-packages/airflow/example_dags/example_workday_timetable.py for tasks to queue
[2025-04-04T09:16:55.168+0000] {logging_mixin.py:190} INFO - [2025-04-04T09:16:55.165+0000] {dagbag.py:588} INFO - Filling up the DagBag from /home/airflow/.local/lib/python3.12/site-packages/airflow/example_dags/example_workday_timetable.py
[2025-04-04T09:16:55.267+0000] {processor.py:925} INFO - DAG(s) 'example_workday_timetable' retrieved from /home/airflow/.local/lib/python3.12/site-packages/airflow/example_dags/example_workday_timetable.py
[2025-04-04T09:16:55.448+0000] {logging_mixin.py:190} INFO - [2025-04-04T09:16:55.447+0000] {dag.py:3239} INFO - Sync 1 DAGs
[2025-04-04T09:16:56.274+0000] {logging_mixin.py:190} INFO - [2025-04-04T09:16:56.273+0000] {dag.py:4180} INFO - Setting next_dagrun for example_workday_timetable to 2021-01-04 00:00:00+00:00, run_after=2021-01-05 00:00:00+00:00
[2025-04-04T09:16:56.485+0000] {processor.py:208} INFO - Processing /home/airflow/.local/lib/python3.12/site-packages/airflow/example_dags/example_workday_timetable.py took 1.460 seconds
[2025-04-04T09:18:05.476+0000] {processor.py:186} INFO - Started process (PID=207) to work on /home/airflow/.local/lib/python3.12/site-packages/airflow/example_dags/example_workday_timetable.py
[2025-04-04T09:18:05.493+0000] {processor.py:914} INFO - Processing file /home/airflow/.local/lib/python3.12/site-packages/airflow/example_dags/example_workday_timetable.py for tasks to queue
[2025-04-04T09:18:05.527+0000] {logging_mixin.py:190} INFO - [2025-04-04T09:18:05.522+0000] {dagbag.py:588} INFO - Filling up the DagBag from /home/airflow/.local/lib/python3.12/site-packages/airflow/example_dags/example_workday_timetable.py
[2025-04-04T09:18:05.586+0000] {processor.py:925} INFO - DAG(s) 'example_workday_timetable' retrieved from /home/airflow/.local/lib/python3.12/site-packages/airflow/example_dags/example_workday_timetable.py
[2025-04-04T09:18:05.790+0000] {logging_mixin.py:190} INFO - [2025-04-04T09:18:05.789+0000] {dag.py:3239} INFO - Sync 1 DAGs
[2025-04-04T09:18:06.810+0000] {logging_mixin.py:190} INFO - [2025-04-04T09:18:06.808+0000] {dag.py:4180} INFO - Setting next_dagrun for example_workday_timetable to 2021-01-04 00:00:00+00:00, run_after=2021-01-05 00:00:00+00:00
[2025-04-04T09:18:06.941+0000] {processor.py:208} INFO - Processing /home/airflow/.local/lib/python3.12/site-packages/airflow/example_dags/example_workday_timetable.py took 1.574 seconds
[2025-04-04T09:18:55.817+0000] {processor.py:186} INFO - Started process (PID=273) to work on /home/airflow/.local/lib/python3.12/site-packages/airflow/example_dags/example_workday_timetable.py
[2025-04-04T09:18:55.837+0000] {processor.py:914} INFO - Processing file /home/airflow/.local/lib/python3.12/site-packages/airflow/example_dags/example_workday_timetable.py for tasks to queue
[2025-04-04T09:18:55.880+0000] {logging_mixin.py:190} INFO - [2025-04-04T09:18:55.878+0000] {dagbag.py:588} INFO - Filling up the DagBag from /home/airflow/.local/lib/python3.12/site-packages/airflow/example_dags/example_workday_timetable.py
[2025-04-04T09:18:55.991+0000] {processor.py:925} INFO - DAG(s) 'example_workday_timetable' retrieved from /home/airflow/.local/lib/python3.12/site-packages/airflow/example_dags/example_workday_timetable.py
[2025-04-04T09:18:56.381+0000] {logging_mixin.py:190} INFO - [2025-04-04T09:18:56.380+0000] {dag.py:3239} INFO - Sync 1 DAGs
[2025-04-04T09:18:57.541+0000] {logging_mixin.py:190} INFO - [2025-04-04T09:18:57.537+0000] {dag.py:4180} INFO - Setting next_dagrun for example_workday_timetable to 2021-01-04 00:00:00+00:00, run_after=2021-01-05 00:00:00+00:00
[2025-04-04T09:18:57.843+0000] {processor.py:208} INFO - Processing /home/airflow/.local/lib/python3.12/site-packages/airflow/example_dags/example_workday_timetable.py took 2.119 seconds
[2025-04-04T09:20:33.351+0000] {processor.py:186} INFO - Started process (PID=362) to work on /home/airflow/.local/lib/python3.12/site-packages/airflow/example_dags/example_workday_timetable.py
[2025-04-04T09:20:33.361+0000] {processor.py:914} INFO - Processing file /home/airflow/.local/lib/python3.12/site-packages/airflow/example_dags/example_workday_timetable.py for tasks to queue
[2025-04-04T09:20:33.386+0000] {logging_mixin.py:190} INFO - [2025-04-04T09:20:33.384+0000] {dagbag.py:588} INFO - Filling up the DagBag from /home/airflow/.local/lib/python3.12/site-packages/airflow/example_dags/example_workday_timetable.py
[2025-04-04T09:20:33.464+0000] {processor.py:925} INFO - DAG(s) 'example_workday_timetable' retrieved from /home/airflow/.local/lib/python3.12/site-packages/airflow/example_dags/example_workday_timetable.py
[2025-04-04T09:20:33.727+0000] {logging_mixin.py:190} INFO - [2025-04-04T09:20:33.726+0000] {dag.py:3239} INFO - Sync 1 DAGs
[2025-04-04T09:20:34.751+0000] {logging_mixin.py:190} INFO - [2025-04-04T09:20:34.746+0000] {dag.py:4180} INFO - Setting next_dagrun for example_workday_timetable to 2021-01-04 00:00:00+00:00, run_after=2021-01-05 00:00:00+00:00
[2025-04-04T09:20:35.017+0000] {processor.py:208} INFO - Processing /home/airflow/.local/lib/python3.12/site-packages/airflow/example_dags/example_workday_timetable.py took 1.743 seconds
[2025-04-04T09:21:27.290+0000] {processor.py:186} INFO - Started process (PID=431) to work on /home/airflow/.local/lib/python3.12/site-packages/airflow/example_dags/example_workday_timetable.py
[2025-04-04T09:21:27.298+0000] {processor.py:914} INFO - Processing file /home/airflow/.local/lib/python3.12/site-packages/airflow/example_dags/example_workday_timetable.py for tasks to queue
[2025-04-04T09:21:27.317+0000] {logging_mixin.py:190} INFO - [2025-04-04T09:21:27.314+0000] {dagbag.py:588} INFO - Filling up the DagBag from /home/airflow/.local/lib/python3.12/site-packages/airflow/example_dags/example_workday_timetable.py
[2025-04-04T09:21:27.357+0000] {processor.py:925} INFO - DAG(s) 'example_workday_timetable' retrieved from /home/airflow/.local/lib/python3.12/site-packages/airflow/example_dags/example_workday_timetable.py
[2025-04-04T09:21:27.513+0000] {logging_mixin.py:190} INFO - [2025-04-04T09:21:27.511+0000] {dag.py:3239} INFO - Sync 1 DAGs
[2025-04-04T09:21:27.959+0000] {logging_mixin.py:190} INFO - [2025-04-04T09:21:27.957+0000] {dag.py:4180} INFO - Setting next_dagrun for example_workday_timetable to 2021-01-04 00:00:00+00:00, run_after=2021-01-05 00:00:00+00:00
[2025-04-04T09:21:28.070+0000] {processor.py:208} INFO - Processing /home/airflow/.local/lib/python3.12/site-packages/airflow/example_dags/example_workday_timetable.py took 0.835 seconds
[2025-04-04T09:22:11.198+0000] {processor.py:186} INFO - Started process (PID=504) to work on /home/airflow/.local/lib/python3.12/site-packages/airflow/example_dags/example_workday_timetable.py
[2025-04-04T09:22:11.208+0000] {processor.py:914} INFO - Processing file /home/airflow/.local/lib/python3.12/site-packages/airflow/example_dags/example_workday_timetable.py for tasks to queue
[2025-04-04T09:22:11.245+0000] {logging_mixin.py:190} INFO - [2025-04-04T09:22:11.243+0000] {dagbag.py:588} INFO - Filling up the DagBag from /home/airflow/.local/lib/python3.12/site-packages/airflow/example_dags/example_workday_timetable.py
[2025-04-04T09:22:11.298+0000] {processor.py:925} INFO - DAG(s) 'example_workday_timetable' retrieved from /home/airflow/.local/lib/python3.12/site-packages/airflow/example_dags/example_workday_timetable.py
[2025-04-04T09:22:11.488+0000] {logging_mixin.py:190} INFO - [2025-04-04T09:22:11.487+0000] {dag.py:3239} INFO - Sync 1 DAGs
[2025-04-04T09:22:12.789+0000] {logging_mixin.py:190} INFO - [2025-04-04T09:22:12.788+0000] {dag.py:4180} INFO - Setting next_dagrun for example_workday_timetable to 2021-01-04 00:00:00+00:00, run_after=2021-01-05 00:00:00+00:00
[2025-04-04T09:22:13.052+0000] {processor.py:208} INFO - Processing /home/airflow/.local/lib/python3.12/site-packages/airflow/example_dags/example_workday_timetable.py took 1.915 seconds
[2025-04-04T09:23:06.141+0000] {processor.py:186} INFO - Started process (PID=558) to work on /home/airflow/.local/lib/python3.12/site-packages/airflow/example_dags/example_workday_timetable.py
[2025-04-04T09:23:06.148+0000] {processor.py:914} INFO - Processing file /home/airflow/.local/lib/python3.12/site-packages/airflow/example_dags/example_workday_timetable.py for tasks to queue
[2025-04-04T09:23:06.184+0000] {logging_mixin.py:190} INFO - [2025-04-04T09:23:06.182+0000] {dagbag.py:588} INFO - Filling up the DagBag from /home/airflow/.local/lib/python3.12/site-packages/airflow/example_dags/example_workday_timetable.py
[2025-04-04T09:23:06.303+0000] {processor.py:925} INFO - DAG(s) 'example_workday_timetable' retrieved from /home/airflow/.local/lib/python3.12/site-packages/airflow/example_dags/example_workday_timetable.py
[2025-04-04T09:23:06.585+0000] {logging_mixin.py:190} INFO - [2025-04-04T09:23:06.584+0000] {dag.py:3239} INFO - Sync 1 DAGs
[2025-04-04T09:23:07.578+0000] {logging_mixin.py:190} INFO - [2025-04-04T09:23:07.576+0000] {dag.py:4180} INFO - Setting next_dagrun for example_workday_timetable to 2021-01-04 00:00:00+00:00, run_after=2021-01-05 00:00:00+00:00
[2025-04-04T09:23:07.770+0000] {processor.py:208} INFO - Processing /home/airflow/.local/lib/python3.12/site-packages/airflow/example_dags/example_workday_timetable.py took 1.716 seconds
[2025-04-04T09:23:51.250+0000] {processor.py:186} INFO - Started process (PID=627) to work on /home/airflow/.local/lib/python3.12/site-packages/airflow/example_dags/example_workday_timetable.py
[2025-04-04T09:23:51.255+0000] {processor.py:914} INFO - Processing file /home/airflow/.local/lib/python3.12/site-packages/airflow/example_dags/example_workday_timetable.py for tasks to queue
[2025-04-04T09:23:51.268+0000] {logging_mixin.py:190} INFO - [2025-04-04T09:23:51.267+0000] {dagbag.py:588} INFO - Filling up the DagBag from /home/airflow/.local/lib/python3.12/site-packages/airflow/example_dags/example_workday_timetable.py
[2025-04-04T09:23:51.306+0000] {processor.py:925} INFO - DAG(s) 'example_workday_timetable' retrieved from /home/airflow/.local/lib/python3.12/site-packages/airflow/example_dags/example_workday_timetable.py
[2025-04-04T09:23:51.444+0000] {logging_mixin.py:190} INFO - [2025-04-04T09:23:51.443+0000] {dag.py:3239} INFO - Sync 1 DAGs
[2025-04-04T09:23:51.977+0000] {logging_mixin.py:190} INFO - [2025-04-04T09:23:51.976+0000] {dag.py:4180} INFO - Setting next_dagrun for example_workday_timetable to 2021-01-04 00:00:00+00:00, run_after=2021-01-05 00:00:00+00:00
[2025-04-04T09:23:52.099+0000] {processor.py:208} INFO - Processing /home/airflow/.local/lib/python3.12/site-packages/airflow/example_dags/example_workday_timetable.py took 0.890 seconds
[2025-04-04T09:24:25.985+0000] {processor.py:186} INFO - Started process (PID=690) to work on /home/airflow/.local/lib/python3.12/site-packages/airflow/example_dags/example_workday_timetable.py
[2025-04-04T09:24:25.991+0000] {processor.py:914} INFO - Processing file /home/airflow/.local/lib/python3.12/site-packages/airflow/example_dags/example_workday_timetable.py for tasks to queue
[2025-04-04T09:24:26.005+0000] {logging_mixin.py:190} INFO - [2025-04-04T09:24:26.002+0000] {dagbag.py:588} INFO - Filling up the DagBag from /home/airflow/.local/lib/python3.12/site-packages/airflow/example_dags/example_workday_timetable.py
[2025-04-04T09:24:26.059+0000] {processor.py:925} INFO - DAG(s) 'example_workday_timetable' retrieved from /home/airflow/.local/lib/python3.12/site-packages/airflow/example_dags/example_workday_timetable.py
[2025-04-04T09:24:26.255+0000] {logging_mixin.py:190} INFO - [2025-04-04T09:24:26.253+0000] {dag.py:3239} INFO - Sync 1 DAGs
[2025-04-04T09:24:27.031+0000] {logging_mixin.py:190} INFO - [2025-04-04T09:24:27.028+0000] {dag.py:4180} INFO - Setting next_dagrun for example_workday_timetable to 2021-01-04 00:00:00+00:00, run_after=2021-01-05 00:00:00+00:00
[2025-04-04T09:24:27.189+0000] {processor.py:208} INFO - Processing /home/airflow/.local/lib/python3.12/site-packages/airflow/example_dags/example_workday_timetable.py took 1.231 seconds
[2025-04-04T09:25:08.708+0000] {processor.py:186} INFO - Started process (PID=758) to work on /home/airflow/.local/lib/python3.12/site-packages/airflow/example_dags/example_workday_timetable.py
[2025-04-04T09:25:08.716+0000] {processor.py:914} INFO - Processing file /home/airflow/.local/lib/python3.12/site-packages/airflow/example_dags/example_workday_timetable.py for tasks to queue
[2025-04-04T09:25:08.734+0000] {logging_mixin.py:190} INFO - [2025-04-04T09:25:08.732+0000] {dagbag.py:588} INFO - Filling up the DagBag from /home/airflow/.local/lib/python3.12/site-packages/airflow/example_dags/example_workday_timetable.py
[2025-04-04T09:25:08.770+0000] {processor.py:925} INFO - DAG(s) 'example_workday_timetable' retrieved from /home/airflow/.local/lib/python3.12/site-packages/airflow/example_dags/example_workday_timetable.py
[2025-04-04T09:25:08.960+0000] {logging_mixin.py:190} INFO - [2025-04-04T09:25:08.959+0000] {dag.py:3239} INFO - Sync 1 DAGs
[2025-04-04T09:25:09.565+0000] {logging_mixin.py:190} INFO - [2025-04-04T09:25:09.564+0000] {dag.py:4180} INFO - Setting next_dagrun for example_workday_timetable to 2021-01-04 00:00:00+00:00, run_after=2021-01-05 00:00:00+00:00
[2025-04-04T09:25:09.747+0000] {processor.py:208} INFO - Processing /home/airflow/.local/lib/python3.12/site-packages/airflow/example_dags/example_workday_timetable.py took 1.073 seconds
[2025-04-04T09:25:49.677+0000] {processor.py:186} INFO - Started process (PID=827) to work on /home/airflow/.local/lib/python3.12/site-packages/airflow/example_dags/example_workday_timetable.py
[2025-04-04T09:25:49.690+0000] {processor.py:914} INFO - Processing file /home/airflow/.local/lib/python3.12/site-packages/airflow/example_dags/example_workday_timetable.py for tasks to queue
[2025-04-04T09:25:49.739+0000] {logging_mixin.py:190} INFO - [2025-04-04T09:25:49.730+0000] {dagbag.py:588} INFO - Filling up the DagBag from /home/airflow/.local/lib/python3.12/site-packages/airflow/example_dags/example_workday_timetable.py
[2025-04-04T09:25:49.810+0000] {processor.py:925} INFO - DAG(s) 'example_workday_timetable' retrieved from /home/airflow/.local/lib/python3.12/site-packages/airflow/example_dags/example_workday_timetable.py
[2025-04-04T09:25:50.062+0000] {logging_mixin.py:190} INFO - [2025-04-04T09:25:50.060+0000] {dag.py:3239} INFO - Sync 1 DAGs
[2025-04-04T09:25:50.979+0000] {logging_mixin.py:190} INFO - [2025-04-04T09:25:50.978+0000] {dag.py:4180} INFO - Setting next_dagrun for example_workday_timetable to 2021-01-04 00:00:00+00:00, run_after=2021-01-05 00:00:00+00:00
[2025-04-04T09:25:51.166+0000] {processor.py:208} INFO - Processing /home/airflow/.local/lib/python3.12/site-packages/airflow/example_dags/example_workday_timetable.py took 1.568 seconds
[2025-04-04T09:26:33.376+0000] {processor.py:186} INFO - Started process (PID=896) to work on /home/airflow/.local/lib/python3.12/site-packages/airflow/example_dags/example_workday_timetable.py
[2025-04-04T09:26:33.381+0000] {processor.py:914} INFO - Processing file /home/airflow/.local/lib/python3.12/site-packages/airflow/example_dags/example_workday_timetable.py for tasks to queue
[2025-04-04T09:26:33.400+0000] {logging_mixin.py:190} INFO - [2025-04-04T09:26:33.399+0000] {dagbag.py:588} INFO - Filling up the DagBag from /home/airflow/.local/lib/python3.12/site-packages/airflow/example_dags/example_workday_timetable.py
[2025-04-04T09:26:33.445+0000] {processor.py:925} INFO - DAG(s) 'example_workday_timetable' retrieved from /home/airflow/.local/lib/python3.12/site-packages/airflow/example_dags/example_workday_timetable.py
[2025-04-04T09:26:33.593+0000] {logging_mixin.py:190} INFO - [2025-04-04T09:26:33.592+0000] {dag.py:3239} INFO - Sync 1 DAGs
[2025-04-04T09:26:34.060+0000] {logging_mixin.py:190} INFO - [2025-04-04T09:26:34.059+0000] {dag.py:4180} INFO - Setting next_dagrun for example_workday_timetable to 2021-01-04 00:00:00+00:00, run_after=2021-01-05 00:00:00+00:00
[2025-04-04T09:26:34.162+0000] {processor.py:208} INFO - Processing /home/airflow/.local/lib/python3.12/site-packages/airflow/example_dags/example_workday_timetable.py took 0.843 seconds
[2025-04-04T09:33:18.922+0000] {processor.py:186} INFO - Started process (PID=147) to work on /home/airflow/.local/lib/python3.12/site-packages/airflow/example_dags/example_workday_timetable.py
[2025-04-04T09:33:18.927+0000] {processor.py:914} INFO - Processing file /home/airflow/.local/lib/python3.12/site-packages/airflow/example_dags/example_workday_timetable.py for tasks to queue
[2025-04-04T09:33:18.944+0000] {logging_mixin.py:190} INFO - [2025-04-04T09:33:18.942+0000] {dagbag.py:588} INFO - Filling up the DagBag from /home/airflow/.local/lib/python3.12/site-packages/airflow/example_dags/example_workday_timetable.py
[2025-04-04T09:33:18.996+0000] {processor.py:925} INFO - DAG(s) 'example_workday_timetable' retrieved from /home/airflow/.local/lib/python3.12/site-packages/airflow/example_dags/example_workday_timetable.py
[2025-04-04T09:33:19.170+0000] {logging_mixin.py:190} INFO - [2025-04-04T09:33:19.168+0000] {dag.py:3239} INFO - Sync 1 DAGs
[2025-04-04T09:33:20.049+0000] {logging_mixin.py:190} INFO - [2025-04-04T09:33:20.047+0000] {dag.py:4180} INFO - Setting next_dagrun for example_workday_timetable to 2021-01-04 00:00:00+00:00, run_after=2021-01-05 00:00:00+00:00
[2025-04-04T09:33:20.290+0000] {processor.py:208} INFO - Processing /home/airflow/.local/lib/python3.12/site-packages/airflow/example_dags/example_workday_timetable.py took 1.420 seconds
