[2025-04-04T09:04:22.369+0000] {processor.py:186} INFO - Started process (PID=147) to work on /home/airflow/.local/lib/python3.12/site-packages/airflow/example_dags/example_branch_operator.py
[2025-04-04T09:04:22.388+0000] {processor.py:914} INFO - Processing file /home/airflow/.local/lib/python3.12/site-packages/airflow/example_dags/example_branch_operator.py for tasks to queue
[2025-04-04T09:04:22.427+0000] {logging_mixin.py:190} INFO - [2025-04-04T09:04:22.420+0000] {dagbag.py:588} INFO - Filling up the DagBag from /home/airflow/.local/lib/python3.12/site-packages/airflow/example_dags/example_branch_operator.py
[2025-04-04T09:04:22.810+0000] {processor.py:925} INFO - DAG(s) 'example_branch_operator' retrieved from /home/airflow/.local/lib/python3.12/site-packages/airflow/example_dags/example_branch_operator.py
[2025-04-04T09:04:24.633+0000] {logging_mixin.py:190} INFO - [2025-04-04T09:04:24.629+0000] {override.py:1912} INFO - Created Permission View: can delete on DAG:example_branch_operator
[2025-04-04T09:04:24.856+0000] {logging_mixin.py:190} INFO - [2025-04-04T09:04:24.855+0000] {override.py:1912} INFO - Created Permission View: can edit on DAG:example_branch_operator
[2025-04-04T09:04:25.076+0000] {logging_mixin.py:190} INFO - [2025-04-04T09:04:25.074+0000] {override.py:1912} INFO - Created Permission View: can read on DAG:example_branch_operator
[2025-04-04T09:04:25.304+0000] {logging_mixin.py:190} INFO - [2025-04-04T09:04:25.303+0000] {override.py:1912} INFO - Created Permission View: menu access on DAG Run:example_branch_operator
[2025-04-04T09:04:25.427+0000] {logging_mixin.py:190} INFO - [2025-04-04T09:04:25.426+0000] {override.py:1912} INFO - Created Permission View: can create on DAG Run:example_branch_operator
[2025-04-04T09:04:25.606+0000] {logging_mixin.py:190} INFO - [2025-04-04T09:04:25.602+0000] {override.py:1912} INFO - Created Permission View: can delete on DAG Run:example_branch_operator
[2025-04-04T09:04:25.762+0000] {logging_mixin.py:190} INFO - [2025-04-04T09:04:25.761+0000] {override.py:1912} INFO - Created Permission View: can read on DAG Run:example_branch_operator
[2025-04-04T09:04:25.793+0000] {logging_mixin.py:190} INFO - [2025-04-04T09:04:25.792+0000] {dag.py:3239} INFO - Sync 1 DAGs
[2025-04-04T09:04:25.992+0000] {logging_mixin.py:190} INFO - [2025-04-04T09:04:25.990+0000] {dag.py:3262} INFO - Creating ORM DAG for example_branch_operator
[2025-04-04T09:04:26.216+0000] {logging_mixin.py:190} INFO - [2025-04-04T09:04:26.215+0000] {dag.py:4180} INFO - Setting next_dagrun for example_branch_operator to 2025-04-03 00:00:00+00:00, run_after=2025-04-04 00:00:00+00:00
[2025-04-04T09:04:26.526+0000] {processor.py:208} INFO - Processing /home/airflow/.local/lib/python3.12/site-packages/airflow/example_dags/example_branch_operator.py took 4.292 seconds
[2025-04-04T09:16:52.427+0000] {processor.py:186} INFO - Started process (PID=128) to work on /home/airflow/.local/lib/python3.12/site-packages/airflow/example_dags/example_branch_operator.py
[2025-04-04T09:16:52.433+0000] {processor.py:914} INFO - Processing file /home/airflow/.local/lib/python3.12/site-packages/airflow/example_dags/example_branch_operator.py for tasks to queue
[2025-04-04T09:16:52.449+0000] {logging_mixin.py:190} INFO - [2025-04-04T09:16:52.448+0000] {dagbag.py:588} INFO - Filling up the DagBag from /home/airflow/.local/lib/python3.12/site-packages/airflow/example_dags/example_branch_operator.py
[2025-04-04T09:16:52.615+0000] {processor.py:925} INFO - DAG(s) 'example_branch_operator' retrieved from /home/airflow/.local/lib/python3.12/site-packages/airflow/example_dags/example_branch_operator.py
[2025-04-04T09:16:53.737+0000] {logging_mixin.py:190} INFO - [2025-04-04T09:16:53.735+0000] {dag.py:3239} INFO - Sync 1 DAGs
[2025-04-04T09:16:53.894+0000] {logging_mixin.py:190} INFO - [2025-04-04T09:16:53.891+0000] {dag.py:4180} INFO - Setting next_dagrun for example_branch_operator to 2025-04-03 00:00:00+00:00, run_after=2025-04-04 00:00:00+00:00
[2025-04-04T09:16:54.037+0000] {processor.py:208} INFO - Processing /home/airflow/.local/lib/python3.12/site-packages/airflow/example_dags/example_branch_operator.py took 1.648 seconds
[2025-04-04T09:18:01.387+0000] {processor.py:186} INFO - Started process (PID=197) to work on /home/airflow/.local/lib/python3.12/site-packages/airflow/example_dags/example_branch_operator.py
[2025-04-04T09:18:01.394+0000] {processor.py:914} INFO - Processing file /home/airflow/.local/lib/python3.12/site-packages/airflow/example_dags/example_branch_operator.py for tasks to queue
[2025-04-04T09:18:01.418+0000] {logging_mixin.py:190} INFO - [2025-04-04T09:18:01.415+0000] {dagbag.py:588} INFO - Filling up the DagBag from /home/airflow/.local/lib/python3.12/site-packages/airflow/example_dags/example_branch_operator.py
[2025-04-04T09:18:01.677+0000] {processor.py:925} INFO - DAG(s) 'example_branch_operator' retrieved from /home/airflow/.local/lib/python3.12/site-packages/airflow/example_dags/example_branch_operator.py
[2025-04-04T09:18:02.118+0000] {logging_mixin.py:190} INFO - [2025-04-04T09:18:02.117+0000] {dag.py:3239} INFO - Sync 1 DAGs
[2025-04-04T09:18:02.577+0000] {logging_mixin.py:190} INFO - [2025-04-04T09:18:02.569+0000] {dag.py:4180} INFO - Setting next_dagrun for example_branch_operator to 2025-04-03 00:00:00+00:00, run_after=2025-04-04 00:00:00+00:00
[2025-04-04T09:18:02.808+0000] {processor.py:208} INFO - Processing /home/airflow/.local/lib/python3.12/site-packages/airflow/example_dags/example_branch_operator.py took 1.494 seconds
[2025-04-04T09:18:40.785+0000] {processor.py:186} INFO - Started process (PID=266) to work on /home/airflow/.local/lib/python3.12/site-packages/airflow/example_dags/example_branch_operator.py
[2025-04-04T09:18:40.803+0000] {processor.py:914} INFO - Processing file /home/airflow/.local/lib/python3.12/site-packages/airflow/example_dags/example_branch_operator.py for tasks to queue
[2025-04-04T09:18:40.849+0000] {logging_mixin.py:190} INFO - [2025-04-04T09:18:40.847+0000] {dagbag.py:588} INFO - Filling up the DagBag from /home/airflow/.local/lib/python3.12/site-packages/airflow/example_dags/example_branch_operator.py
[2025-04-04T09:18:41.274+0000] {processor.py:925} INFO - DAG(s) 'example_branch_operator' retrieved from /home/airflow/.local/lib/python3.12/site-packages/airflow/example_dags/example_branch_operator.py
[2025-04-04T09:18:41.881+0000] {logging_mixin.py:190} INFO - [2025-04-04T09:18:41.867+0000] {dag.py:3239} INFO - Sync 1 DAGs
[2025-04-04T09:18:42.298+0000] {logging_mixin.py:190} INFO - [2025-04-04T09:18:42.296+0000] {dag.py:4180} INFO - Setting next_dagrun for example_branch_operator to 2025-04-03 00:00:00+00:00, run_after=2025-04-04 00:00:00+00:00
[2025-04-04T09:18:43.439+0000] {processor.py:208} INFO - Processing /home/airflow/.local/lib/python3.12/site-packages/airflow/example_dags/example_branch_operator.py took 2.792 seconds
[2025-04-04T09:20:03.298+0000] {processor.py:186} INFO - Started process (PID=327) to work on /home/airflow/.local/lib/python3.12/site-packages/airflow/example_dags/example_branch_operator.py
[2025-04-04T09:20:03.317+0000] {processor.py:914} INFO - Processing file /home/airflow/.local/lib/python3.12/site-packages/airflow/example_dags/example_branch_operator.py for tasks to queue
[2025-04-04T09:20:03.359+0000] {logging_mixin.py:190} INFO - [2025-04-04T09:20:03.357+0000] {dagbag.py:588} INFO - Filling up the DagBag from /home/airflow/.local/lib/python3.12/site-packages/airflow/example_dags/example_branch_operator.py
[2025-04-04T09:20:03.646+0000] {processor.py:925} INFO - DAG(s) 'example_branch_operator' retrieved from /home/airflow/.local/lib/python3.12/site-packages/airflow/example_dags/example_branch_operator.py
[2025-04-04T09:20:04.147+0000] {logging_mixin.py:190} INFO - [2025-04-04T09:20:04.145+0000] {dag.py:3239} INFO - Sync 1 DAGs
[2025-04-04T09:20:04.472+0000] {logging_mixin.py:190} INFO - [2025-04-04T09:20:04.470+0000] {dag.py:4180} INFO - Setting next_dagrun for example_branch_operator to 2025-04-03 00:00:00+00:00, run_after=2025-04-04 00:00:00+00:00
[2025-04-04T09:20:04.733+0000] {processor.py:208} INFO - Processing /home/airflow/.local/lib/python3.12/site-packages/airflow/example_dags/example_branch_operator.py took 1.493 seconds
[2025-04-04T09:21:10.858+0000] {processor.py:186} INFO - Started process (PID=409) to work on /home/airflow/.local/lib/python3.12/site-packages/airflow/example_dags/example_branch_operator.py
[2025-04-04T09:21:10.866+0000] {processor.py:914} INFO - Processing file /home/airflow/.local/lib/python3.12/site-packages/airflow/example_dags/example_branch_operator.py for tasks to queue
[2025-04-04T09:21:10.888+0000] {logging_mixin.py:190} INFO - [2025-04-04T09:21:10.886+0000] {dagbag.py:588} INFO - Filling up the DagBag from /home/airflow/.local/lib/python3.12/site-packages/airflow/example_dags/example_branch_operator.py
[2025-04-04T09:21:11.089+0000] {processor.py:925} INFO - DAG(s) 'example_branch_operator' retrieved from /home/airflow/.local/lib/python3.12/site-packages/airflow/example_dags/example_branch_operator.py
[2025-04-04T09:21:11.354+0000] {logging_mixin.py:190} INFO - [2025-04-04T09:21:11.353+0000] {dag.py:3239} INFO - Sync 1 DAGs
[2025-04-04T09:21:11.498+0000] {logging_mixin.py:190} INFO - [2025-04-04T09:21:11.497+0000] {dag.py:4180} INFO - Setting next_dagrun for example_branch_operator to 2025-04-03 00:00:00+00:00, run_after=2025-04-04 00:00:00+00:00
[2025-04-04T09:21:11.642+0000] {processor.py:208} INFO - Processing /home/airflow/.local/lib/python3.12/site-packages/airflow/example_dags/example_branch_operator.py took 0.841 seconds
[2025-04-04T09:21:45.793+0000] {processor.py:186} INFO - Started process (PID=471) to work on /home/airflow/.local/lib/python3.12/site-packages/airflow/example_dags/example_branch_operator.py
[2025-04-04T09:21:45.800+0000] {processor.py:914} INFO - Processing file /home/airflow/.local/lib/python3.12/site-packages/airflow/example_dags/example_branch_operator.py for tasks to queue
[2025-04-04T09:21:45.813+0000] {logging_mixin.py:190} INFO - [2025-04-04T09:21:45.811+0000] {dagbag.py:588} INFO - Filling up the DagBag from /home/airflow/.local/lib/python3.12/site-packages/airflow/example_dags/example_branch_operator.py
[2025-04-04T09:21:45.913+0000] {processor.py:925} INFO - DAG(s) 'example_branch_operator' retrieved from /home/airflow/.local/lib/python3.12/site-packages/airflow/example_dags/example_branch_operator.py
[2025-04-04T09:21:46.093+0000] {logging_mixin.py:190} INFO - [2025-04-04T09:21:46.091+0000] {dag.py:3239} INFO - Sync 1 DAGs
[2025-04-04T09:21:46.286+0000] {logging_mixin.py:190} INFO - [2025-04-04T09:21:46.285+0000] {dag.py:4180} INFO - Setting next_dagrun for example_branch_operator to 2025-04-03 00:00:00+00:00, run_after=2025-04-04 00:00:00+00:00
[2025-04-04T09:21:46.504+0000] {processor.py:208} INFO - Processing /home/airflow/.local/lib/python3.12/site-packages/airflow/example_dags/example_branch_operator.py took 0.744 seconds
[2025-04-04T09:22:34.700+0000] {processor.py:186} INFO - Started process (PID=530) to work on /home/airflow/.local/lib/python3.12/site-packages/airflow/example_dags/example_branch_operator.py
[2025-04-04T09:22:34.705+0000] {processor.py:914} INFO - Processing file /home/airflow/.local/lib/python3.12/site-packages/airflow/example_dags/example_branch_operator.py for tasks to queue
[2025-04-04T09:22:34.722+0000] {logging_mixin.py:190} INFO - [2025-04-04T09:22:34.720+0000] {dagbag.py:588} INFO - Filling up the DagBag from /home/airflow/.local/lib/python3.12/site-packages/airflow/example_dags/example_branch_operator.py
[2025-04-04T09:22:34.856+0000] {processor.py:925} INFO - DAG(s) 'example_branch_operator' retrieved from /home/airflow/.local/lib/python3.12/site-packages/airflow/example_dags/example_branch_operator.py
[2025-04-04T09:22:35.167+0000] {logging_mixin.py:190} INFO - [2025-04-04T09:22:35.166+0000] {dag.py:3239} INFO - Sync 1 DAGs
[2025-04-04T09:22:35.336+0000] {logging_mixin.py:190} INFO - [2025-04-04T09:22:35.335+0000] {dag.py:4180} INFO - Setting next_dagrun for example_branch_operator to 2025-04-03 00:00:00+00:00, run_after=2025-04-04 00:00:00+00:00
[2025-04-04T09:22:35.513+0000] {processor.py:208} INFO - Processing /home/airflow/.local/lib/python3.12/site-packages/airflow/example_dags/example_branch_operator.py took 0.853 seconds
[2025-04-04T09:23:34.016+0000] {processor.py:186} INFO - Started process (PID=595) to work on /home/airflow/.local/lib/python3.12/site-packages/airflow/example_dags/example_branch_operator.py
[2025-04-04T09:23:34.026+0000] {processor.py:914} INFO - Processing file /home/airflow/.local/lib/python3.12/site-packages/airflow/example_dags/example_branch_operator.py for tasks to queue
[2025-04-04T09:23:34.050+0000] {logging_mixin.py:190} INFO - [2025-04-04T09:23:34.047+0000] {dagbag.py:588} INFO - Filling up the DagBag from /home/airflow/.local/lib/python3.12/site-packages/airflow/example_dags/example_branch_operator.py
[2025-04-04T09:23:34.323+0000] {processor.py:925} INFO - DAG(s) 'example_branch_operator' retrieved from /home/airflow/.local/lib/python3.12/site-packages/airflow/example_dags/example_branch_operator.py
[2025-04-04T09:23:34.766+0000] {logging_mixin.py:190} INFO - [2025-04-04T09:23:34.764+0000] {dag.py:3239} INFO - Sync 1 DAGs
[2025-04-04T09:23:35.057+0000] {logging_mixin.py:190} INFO - [2025-04-04T09:23:35.055+0000] {dag.py:4180} INFO - Setting next_dagrun for example_branch_operator to 2025-04-03 00:00:00+00:00, run_after=2025-04-04 00:00:00+00:00
[2025-04-04T09:23:35.216+0000] {processor.py:208} INFO - Processing /home/airflow/.local/lib/python3.12/site-packages/airflow/example_dags/example_branch_operator.py took 1.243 seconds
[2025-04-04T09:24:06.665+0000] {processor.py:186} INFO - Started process (PID=657) to work on /home/airflow/.local/lib/python3.12/site-packages/airflow/example_dags/example_branch_operator.py
[2025-04-04T09:24:06.671+0000] {processor.py:914} INFO - Processing file /home/airflow/.local/lib/python3.12/site-packages/airflow/example_dags/example_branch_operator.py for tasks to queue
[2025-04-04T09:24:06.695+0000] {logging_mixin.py:190} INFO - [2025-04-04T09:24:06.691+0000] {dagbag.py:588} INFO - Filling up the DagBag from /home/airflow/.local/lib/python3.12/site-packages/airflow/example_dags/example_branch_operator.py
[2025-04-04T09:24:06.835+0000] {processor.py:925} INFO - DAG(s) 'example_branch_operator' retrieved from /home/airflow/.local/lib/python3.12/site-packages/airflow/example_dags/example_branch_operator.py
[2025-04-04T09:24:06.943+0000] {logging_mixin.py:190} INFO - [2025-04-04T09:24:06.943+0000] {dag.py:3239} INFO - Sync 1 DAGs
[2025-04-04T09:24:07.035+0000] {logging_mixin.py:190} INFO - [2025-04-04T09:24:07.035+0000] {dag.py:4180} INFO - Setting next_dagrun for example_branch_operator to 2025-04-03 00:00:00+00:00, run_after=2025-04-04 00:00:00+00:00
[2025-04-04T09:24:07.109+0000] {processor.py:208} INFO - Processing /home/airflow/.local/lib/python3.12/site-packages/airflow/example_dags/example_branch_operator.py took 0.482 seconds
[2025-04-04T09:24:48.273+0000] {processor.py:186} INFO - Started process (PID=727) to work on /home/airflow/.local/lib/python3.12/site-packages/airflow/example_dags/example_branch_operator.py
[2025-04-04T09:24:48.294+0000] {processor.py:914} INFO - Processing file /home/airflow/.local/lib/python3.12/site-packages/airflow/example_dags/example_branch_operator.py for tasks to queue
[2025-04-04T09:24:48.324+0000] {logging_mixin.py:190} INFO - [2025-04-04T09:24:48.322+0000] {dagbag.py:588} INFO - Filling up the DagBag from /home/airflow/.local/lib/python3.12/site-packages/airflow/example_dags/example_branch_operator.py
[2025-04-04T09:24:48.518+0000] {processor.py:925} INFO - DAG(s) 'example_branch_operator' retrieved from /home/airflow/.local/lib/python3.12/site-packages/airflow/example_dags/example_branch_operator.py
[2025-04-04T09:24:48.779+0000] {logging_mixin.py:190} INFO - [2025-04-04T09:24:48.777+0000] {dag.py:3239} INFO - Sync 1 DAGs
[2025-04-04T09:24:49.106+0000] {logging_mixin.py:190} INFO - [2025-04-04T09:24:49.101+0000] {dag.py:4180} INFO - Setting next_dagrun for example_branch_operator to 2025-04-03 00:00:00+00:00, run_after=2025-04-04 00:00:00+00:00
[2025-04-04T09:24:49.218+0000] {processor.py:208} INFO - Processing /home/airflow/.local/lib/python3.12/site-packages/airflow/example_dags/example_branch_operator.py took 1.026 seconds
[2025-04-04T09:25:20.660+0000] {processor.py:186} INFO - Started process (PID=790) to work on /home/airflow/.local/lib/python3.12/site-packages/airflow/example_dags/example_branch_operator.py
[2025-04-04T09:25:20.666+0000] {processor.py:914} INFO - Processing file /home/airflow/.local/lib/python3.12/site-packages/airflow/example_dags/example_branch_operator.py for tasks to queue
[2025-04-04T09:25:20.684+0000] {logging_mixin.py:190} INFO - [2025-04-04T09:25:20.680+0000] {dagbag.py:588} INFO - Filling up the DagBag from /home/airflow/.local/lib/python3.12/site-packages/airflow/example_dags/example_branch_operator.py
[2025-04-04T09:25:20.839+0000] {processor.py:925} INFO - DAG(s) 'example_branch_operator' retrieved from /home/airflow/.local/lib/python3.12/site-packages/airflow/example_dags/example_branch_operator.py
[2025-04-04T09:25:21.069+0000] {logging_mixin.py:190} INFO - [2025-04-04T09:25:21.068+0000] {dag.py:3239} INFO - Sync 1 DAGs
[2025-04-04T09:25:21.244+0000] {logging_mixin.py:190} INFO - [2025-04-04T09:25:21.239+0000] {dag.py:4180} INFO - Setting next_dagrun for example_branch_operator to 2025-04-03 00:00:00+00:00, run_after=2025-04-04 00:00:00+00:00
[2025-04-04T09:25:21.390+0000] {processor.py:208} INFO - Processing /home/airflow/.local/lib/python3.12/site-packages/airflow/example_dags/example_branch_operator.py took 0.786 seconds
[2025-04-04T09:26:03.310+0000] {processor.py:186} INFO - Started process (PID=844) to work on /home/airflow/.local/lib/python3.12/site-packages/airflow/example_dags/example_branch_operator.py
[2025-04-04T09:26:03.326+0000] {processor.py:914} INFO - Processing file /home/airflow/.local/lib/python3.12/site-packages/airflow/example_dags/example_branch_operator.py for tasks to queue
[2025-04-04T09:26:03.348+0000] {logging_mixin.py:190} INFO - [2025-04-04T09:26:03.346+0000] {dagbag.py:588} INFO - Filling up the DagBag from /home/airflow/.local/lib/python3.12/site-packages/airflow/example_dags/example_branch_operator.py
[2025-04-04T09:26:03.516+0000] {processor.py:925} INFO - DAG(s) 'example_branch_operator' retrieved from /home/airflow/.local/lib/python3.12/site-packages/airflow/example_dags/example_branch_operator.py
[2025-04-04T09:26:03.692+0000] {logging_mixin.py:190} INFO - [2025-04-04T09:26:03.691+0000] {dag.py:3239} INFO - Sync 1 DAGs
[2025-04-04T09:26:03.920+0000] {logging_mixin.py:190} INFO - [2025-04-04T09:26:03.919+0000] {dag.py:4180} INFO - Setting next_dagrun for example_branch_operator to 2025-04-03 00:00:00+00:00, run_after=2025-04-04 00:00:00+00:00
[2025-04-04T09:26:04.136+0000] {processor.py:208} INFO - Processing /home/airflow/.local/lib/python3.12/site-packages/airflow/example_dags/example_branch_operator.py took 0.925 seconds
[2025-04-04T09:26:39.577+0000] {processor.py:186} INFO - Started process (PID=907) to work on /home/airflow/.local/lib/python3.12/site-packages/airflow/example_dags/example_branch_operator.py
[2025-04-04T09:26:39.584+0000] {processor.py:914} INFO - Processing file /home/airflow/.local/lib/python3.12/site-packages/airflow/example_dags/example_branch_operator.py for tasks to queue
[2025-04-04T09:26:39.599+0000] {logging_mixin.py:190} INFO - [2025-04-04T09:26:39.597+0000] {dagbag.py:588} INFO - Filling up the DagBag from /home/airflow/.local/lib/python3.12/site-packages/airflow/example_dags/example_branch_operator.py
[2025-04-04T09:26:39.810+0000] {processor.py:925} INFO - DAG(s) 'example_branch_operator' retrieved from /home/airflow/.local/lib/python3.12/site-packages/airflow/example_dags/example_branch_operator.py
[2025-04-04T09:26:40.099+0000] {logging_mixin.py:190} INFO - [2025-04-04T09:26:40.098+0000] {dag.py:3239} INFO - Sync 1 DAGs
[2025-04-04T09:26:40.324+0000] {logging_mixin.py:190} INFO - [2025-04-04T09:26:40.323+0000] {dag.py:4180} INFO - Setting next_dagrun for example_branch_operator to 2025-04-03 00:00:00+00:00, run_after=2025-04-04 00:00:00+00:00
[2025-04-04T09:26:40.453+0000] {processor.py:208} INFO - Processing /home/airflow/.local/lib/python3.12/site-packages/airflow/example_dags/example_branch_operator.py took 0.919 seconds
[2025-04-04T09:33:15.921+0000] {processor.py:186} INFO - Started process (PID=143) to work on /home/airflow/.local/lib/python3.12/site-packages/airflow/example_dags/example_branch_operator.py
[2025-04-04T09:33:15.927+0000] {processor.py:914} INFO - Processing file /home/airflow/.local/lib/python3.12/site-packages/airflow/example_dags/example_branch_operator.py for tasks to queue
[2025-04-04T09:33:15.960+0000] {logging_mixin.py:190} INFO - [2025-04-04T09:33:15.957+0000] {dagbag.py:588} INFO - Filling up the DagBag from /home/airflow/.local/lib/python3.12/site-packages/airflow/example_dags/example_branch_operator.py
[2025-04-04T09:33:16.141+0000] {processor.py:925} INFO - DAG(s) 'example_branch_operator' retrieved from /home/airflow/.local/lib/python3.12/site-packages/airflow/example_dags/example_branch_operator.py
[2025-04-04T09:33:17.138+0000] {logging_mixin.py:190} INFO - [2025-04-04T09:33:17.137+0000] {dag.py:3239} INFO - Sync 1 DAGs
[2025-04-04T09:33:17.274+0000] {logging_mixin.py:190} INFO - [2025-04-04T09:33:17.273+0000] {dag.py:4180} INFO - Setting next_dagrun for example_branch_operator to 2025-04-03 00:00:00+00:00, run_after=2025-04-04 00:00:00+00:00
[2025-04-04T09:33:17.457+0000] {processor.py:208} INFO - Processing /home/airflow/.local/lib/python3.12/site-packages/airflow/example_dags/example_branch_operator.py took 1.581 seconds
