[2025-04-04T09:05:24.894+0000] {processor.py:186} INFO - Started process (PID=174) to work on /home/airflow/.local/lib/python3.12/site-packages/airflow/example_dags/example_dag_decorator.py
[2025-04-04T09:05:24.903+0000] {processor.py:914} INFO - Processing file /home/airflow/.local/lib/python3.12/site-packages/airflow/example_dags/example_dag_decorator.py for tasks to queue
[2025-04-04T09:05:25.166+0000] {logging_mixin.py:190} INFO - [2025-04-04T09:05:25.142+0000] {dagbag.py:588} INFO - Filling up the DagBag from /home/airflow/.local/lib/python3.12/site-packages/airflow/example_dags/example_dag_decorator.py
[2025-04-04T09:17:18.851+0000] {processor.py:186} INFO - Started process (PID=151) to work on /home/airflow/.local/lib/python3.12/site-packages/airflow/example_dags/example_dag_decorator.py
[2025-04-04T09:17:18.858+0000] {processor.py:914} INFO - Processing file /home/airflow/.local/lib/python3.12/site-packages/airflow/example_dags/example_dag_decorator.py for tasks to queue
[2025-04-04T09:17:18.884+0000] {logging_mixin.py:190} INFO - [2025-04-04T09:17:18.881+0000] {dagbag.py:588} INFO - Filling up the DagBag from /home/airflow/.local/lib/python3.12/site-packages/airflow/example_dags/example_dag_decorator.py
[2025-04-04T09:17:22.110+0000] {processor.py:925} INFO - DAG(s) 'example_dag_decorator' retrieved from /home/airflow/.local/lib/python3.12/site-packages/airflow/example_dags/example_dag_decorator.py
[2025-04-04T09:17:23.143+0000] {logging_mixin.py:190} INFO - [2025-04-04T09:17:23.137+0000] {override.py:1912} INFO - Created Permission View: can delete on DAG:example_dag_decorator
[2025-04-04T09:17:23.274+0000] {logging_mixin.py:190} INFO - [2025-04-04T09:17:23.273+0000] {override.py:1912} INFO - Created Permission View: can edit on DAG:example_dag_decorator
[2025-04-04T09:17:23.367+0000] {logging_mixin.py:190} INFO - [2025-04-04T09:17:23.365+0000] {override.py:1912} INFO - Created Permission View: can read on DAG:example_dag_decorator
[2025-04-04T09:17:23.433+0000] {logging_mixin.py:190} INFO - [2025-04-04T09:17:23.431+0000] {override.py:1912} INFO - Created Permission View: menu access on DAG Run:example_dag_decorator
[2025-04-04T09:17:23.489+0000] {logging_mixin.py:190} INFO - [2025-04-04T09:17:23.488+0000] {override.py:1912} INFO - Created Permission View: can delete on DAG Run:example_dag_decorator
[2025-04-04T09:17:23.541+0000] {logging_mixin.py:190} INFO - [2025-04-04T09:17:23.539+0000] {override.py:1912} INFO - Created Permission View: can read on DAG Run:example_dag_decorator
[2025-04-04T09:17:23.591+0000] {logging_mixin.py:190} INFO - [2025-04-04T09:17:23.590+0000] {override.py:1912} INFO - Created Permission View: can create on DAG Run:example_dag_decorator
[2025-04-04T09:17:23.595+0000] {logging_mixin.py:190} INFO - [2025-04-04T09:17:23.594+0000] {dag.py:3239} INFO - Sync 1 DAGs
[2025-04-04T09:17:23.696+0000] {logging_mixin.py:190} INFO - [2025-04-04T09:17:23.695+0000] {dag.py:3262} INFO - Creating ORM DAG for example_dag_decorator
[2025-04-04T09:17:23.703+0000] {logging_mixin.py:190} INFO - [2025-04-04T09:17:23.702+0000] {dag.py:4180} INFO - Setting next_dagrun for example_dag_decorator to None, run_after=None
[2025-04-04T09:17:23.896+0000] {processor.py:208} INFO - Processing /home/airflow/.local/lib/python3.12/site-packages/airflow/example_dags/example_dag_decorator.py took 5.088 seconds
[2025-04-04T09:18:16.405+0000] {processor.py:186} INFO - Started process (PID=222) to work on /home/airflow/.local/lib/python3.12/site-packages/airflow/example_dags/example_dag_decorator.py
[2025-04-04T09:18:16.410+0000] {processor.py:914} INFO - Processing file /home/airflow/.local/lib/python3.12/site-packages/airflow/example_dags/example_dag_decorator.py for tasks to queue
[2025-04-04T09:18:16.424+0000] {logging_mixin.py:190} INFO - [2025-04-04T09:18:16.422+0000] {dagbag.py:588} INFO - Filling up the DagBag from /home/airflow/.local/lib/python3.12/site-packages/airflow/example_dags/example_dag_decorator.py
[2025-04-04T09:18:16.847+0000] {processor.py:925} INFO - DAG(s) 'example_dag_decorator' retrieved from /home/airflow/.local/lib/python3.12/site-packages/airflow/example_dags/example_dag_decorator.py
[2025-04-04T09:18:17.413+0000] {logging_mixin.py:190} INFO - [2025-04-04T09:18:17.413+0000] {dag.py:3239} INFO - Sync 1 DAGs
[2025-04-04T09:18:17.455+0000] {logging_mixin.py:190} INFO - [2025-04-04T09:18:17.454+0000] {dag.py:4180} INFO - Setting next_dagrun for example_dag_decorator to None, run_after=None
[2025-04-04T09:18:17.533+0000] {processor.py:208} INFO - Processing /home/airflow/.local/lib/python3.12/site-packages/airflow/example_dags/example_dag_decorator.py took 1.163 seconds
[2025-04-04T09:19:19.162+0000] {processor.py:186} INFO - Started process (PID=291) to work on /home/airflow/.local/lib/python3.12/site-packages/airflow/example_dags/example_dag_decorator.py
[2025-04-04T09:19:19.215+0000] {processor.py:914} INFO - Processing file /home/airflow/.local/lib/python3.12/site-packages/airflow/example_dags/example_dag_decorator.py for tasks to queue
[2025-04-04T09:19:19.252+0000] {logging_mixin.py:190} INFO - [2025-04-04T09:19:19.250+0000] {dagbag.py:588} INFO - Filling up the DagBag from /home/airflow/.local/lib/python3.12/site-packages/airflow/example_dags/example_dag_decorator.py
[2025-04-04T09:19:20.481+0000] {processor.py:925} INFO - DAG(s) 'example_dag_decorator' retrieved from /home/airflow/.local/lib/python3.12/site-packages/airflow/example_dags/example_dag_decorator.py
[2025-04-04T09:19:22.180+0000] {logging_mixin.py:190} INFO - [2025-04-04T09:19:22.179+0000] {dag.py:3239} INFO - Sync 1 DAGs
[2025-04-04T09:19:22.341+0000] {logging_mixin.py:190} INFO - [2025-04-04T09:19:22.340+0000] {dag.py:4180} INFO - Setting next_dagrun for example_dag_decorator to None, run_after=None
[2025-04-04T09:19:22.532+0000] {processor.py:208} INFO - Processing /home/airflow/.local/lib/python3.12/site-packages/airflow/example_dags/example_dag_decorator.py took 3.462 seconds
[2025-04-04T09:20:52.458+0000] {processor.py:186} INFO - Started process (PID=380) to work on /home/airflow/.local/lib/python3.12/site-packages/airflow/example_dags/example_dag_decorator.py
[2025-04-04T09:20:52.474+0000] {processor.py:914} INFO - Processing file /home/airflow/.local/lib/python3.12/site-packages/airflow/example_dags/example_dag_decorator.py for tasks to queue
[2025-04-04T09:20:52.510+0000] {logging_mixin.py:190} INFO - [2025-04-04T09:20:52.501+0000] {dagbag.py:588} INFO - Filling up the DagBag from /home/airflow/.local/lib/python3.12/site-packages/airflow/example_dags/example_dag_decorator.py
[2025-04-04T09:20:53.802+0000] {processor.py:925} INFO - DAG(s) 'example_dag_decorator' retrieved from /home/airflow/.local/lib/python3.12/site-packages/airflow/example_dags/example_dag_decorator.py
[2025-04-04T09:20:55.597+0000] {logging_mixin.py:190} INFO - [2025-04-04T09:20:55.594+0000] {dag.py:3239} INFO - Sync 1 DAGs
[2025-04-04T09:20:55.775+0000] {logging_mixin.py:190} INFO - [2025-04-04T09:20:55.773+0000] {dag.py:4180} INFO - Setting next_dagrun for example_dag_decorator to None, run_after=None
[2025-04-04T09:20:55.913+0000] {processor.py:208} INFO - Processing /home/airflow/.local/lib/python3.12/site-packages/airflow/example_dags/example_dag_decorator.py took 3.539 seconds
[2025-04-04T09:21:37.541+0000] {processor.py:186} INFO - Started process (PID=449) to work on /home/airflow/.local/lib/python3.12/site-packages/airflow/example_dags/example_dag_decorator.py
[2025-04-04T09:21:37.546+0000] {processor.py:914} INFO - Processing file /home/airflow/.local/lib/python3.12/site-packages/airflow/example_dags/example_dag_decorator.py for tasks to queue
[2025-04-04T09:21:37.558+0000] {logging_mixin.py:190} INFO - [2025-04-04T09:21:37.556+0000] {dagbag.py:588} INFO - Filling up the DagBag from /home/airflow/.local/lib/python3.12/site-packages/airflow/example_dags/example_dag_decorator.py
[2025-04-04T09:21:38.000+0000] {processor.py:925} INFO - DAG(s) 'example_dag_decorator' retrieved from /home/airflow/.local/lib/python3.12/site-packages/airflow/example_dags/example_dag_decorator.py
[2025-04-04T09:21:38.709+0000] {logging_mixin.py:190} INFO - [2025-04-04T09:21:38.708+0000] {dag.py:3239} INFO - Sync 1 DAGs
[2025-04-04T09:21:38.799+0000] {logging_mixin.py:190} INFO - [2025-04-04T09:21:38.798+0000] {dag.py:4180} INFO - Setting next_dagrun for example_dag_decorator to None, run_after=None
[2025-04-04T09:21:38.907+0000] {processor.py:208} INFO - Processing /home/airflow/.local/lib/python3.12/site-packages/airflow/example_dags/example_dag_decorator.py took 1.391 seconds
[2025-04-04T09:22:46.206+0000] {processor.py:186} INFO - Started process (PID=540) to work on /home/airflow/.local/lib/python3.12/site-packages/airflow/example_dags/example_dag_decorator.py
[2025-04-04T09:22:46.220+0000] {processor.py:914} INFO - Processing file /home/airflow/.local/lib/python3.12/site-packages/airflow/example_dags/example_dag_decorator.py for tasks to queue
[2025-04-04T09:22:46.258+0000] {logging_mixin.py:190} INFO - [2025-04-04T09:22:46.256+0000] {dagbag.py:588} INFO - Filling up the DagBag from /home/airflow/.local/lib/python3.12/site-packages/airflow/example_dags/example_dag_decorator.py
[2025-04-04T09:22:47.242+0000] {processor.py:925} INFO - DAG(s) 'example_dag_decorator' retrieved from /home/airflow/.local/lib/python3.12/site-packages/airflow/example_dags/example_dag_decorator.py
[2025-04-04T09:22:48.392+0000] {logging_mixin.py:190} INFO - [2025-04-04T09:22:48.390+0000] {dag.py:3239} INFO - Sync 1 DAGs
[2025-04-04T09:22:48.535+0000] {logging_mixin.py:190} INFO - [2025-04-04T09:22:48.534+0000] {dag.py:4180} INFO - Setting next_dagrun for example_dag_decorator to None, run_after=None
[2025-04-04T09:22:48.785+0000] {processor.py:208} INFO - Processing /home/airflow/.local/lib/python3.12/site-packages/airflow/example_dags/example_dag_decorator.py took 2.680 seconds
[2025-04-04T09:23:42.455+0000] {processor.py:186} INFO - Started process (PID=611) to work on /home/airflow/.local/lib/python3.12/site-packages/airflow/example_dags/example_dag_decorator.py
[2025-04-04T09:23:42.460+0000] {processor.py:914} INFO - Processing file /home/airflow/.local/lib/python3.12/site-packages/airflow/example_dags/example_dag_decorator.py for tasks to queue
[2025-04-04T09:23:42.475+0000] {logging_mixin.py:190} INFO - [2025-04-04T09:23:42.473+0000] {dagbag.py:588} INFO - Filling up the DagBag from /home/airflow/.local/lib/python3.12/site-packages/airflow/example_dags/example_dag_decorator.py
[2025-04-04T09:23:43.158+0000] {processor.py:925} INFO - DAG(s) 'example_dag_decorator' retrieved from /home/airflow/.local/lib/python3.12/site-packages/airflow/example_dags/example_dag_decorator.py
[2025-04-04T09:23:43.746+0000] {logging_mixin.py:190} INFO - [2025-04-04T09:23:43.745+0000] {dag.py:3239} INFO - Sync 1 DAGs
[2025-04-04T09:23:43.800+0000] {logging_mixin.py:190} INFO - [2025-04-04T09:23:43.799+0000] {dag.py:4180} INFO - Setting next_dagrun for example_dag_decorator to None, run_after=None
[2025-04-04T09:23:43.903+0000] {processor.py:208} INFO - Processing /home/airflow/.local/lib/python3.12/site-packages/airflow/example_dags/example_dag_decorator.py took 1.485 seconds
[2025-04-04T09:24:15.041+0000] {processor.py:186} INFO - Started process (PID=674) to work on /home/airflow/.local/lib/python3.12/site-packages/airflow/example_dags/example_dag_decorator.py
[2025-04-04T09:24:15.045+0000] {processor.py:914} INFO - Processing file /home/airflow/.local/lib/python3.12/site-packages/airflow/example_dags/example_dag_decorator.py for tasks to queue
[2025-04-04T09:24:15.057+0000] {logging_mixin.py:190} INFO - [2025-04-04T09:24:15.055+0000] {dagbag.py:588} INFO - Filling up the DagBag from /home/airflow/.local/lib/python3.12/site-packages/airflow/example_dags/example_dag_decorator.py
[2025-04-04T09:24:15.524+0000] {processor.py:925} INFO - DAG(s) 'example_dag_decorator' retrieved from /home/airflow/.local/lib/python3.12/site-packages/airflow/example_dags/example_dag_decorator.py
[2025-04-04T09:24:16.095+0000] {logging_mixin.py:190} INFO - [2025-04-04T09:24:16.094+0000] {dag.py:3239} INFO - Sync 1 DAGs
[2025-04-04T09:24:16.173+0000] {logging_mixin.py:190} INFO - [2025-04-04T09:24:16.172+0000] {dag.py:4180} INFO - Setting next_dagrun for example_dag_decorator to None, run_after=None
[2025-04-04T09:24:16.260+0000] {processor.py:208} INFO - Processing /home/airflow/.local/lib/python3.12/site-packages/airflow/example_dags/example_dag_decorator.py took 1.252 seconds
[2025-04-04T09:25:00.528+0000] {processor.py:186} INFO - Started process (PID=746) to work on /home/airflow/.local/lib/python3.12/site-packages/airflow/example_dags/example_dag_decorator.py
[2025-04-04T09:25:00.532+0000] {processor.py:914} INFO - Processing file /home/airflow/.local/lib/python3.12/site-packages/airflow/example_dags/example_dag_decorator.py for tasks to queue
[2025-04-04T09:25:00.543+0000] {logging_mixin.py:190} INFO - [2025-04-04T09:25:00.542+0000] {dagbag.py:588} INFO - Filling up the DagBag from /home/airflow/.local/lib/python3.12/site-packages/airflow/example_dags/example_dag_decorator.py
[2025-04-04T09:25:01.018+0000] {processor.py:925} INFO - DAG(s) 'example_dag_decorator' retrieved from /home/airflow/.local/lib/python3.12/site-packages/airflow/example_dags/example_dag_decorator.py
[2025-04-04T09:25:01.572+0000] {logging_mixin.py:190} INFO - [2025-04-04T09:25:01.570+0000] {dag.py:3239} INFO - Sync 1 DAGs
[2025-04-04T09:25:01.635+0000] {logging_mixin.py:190} INFO - [2025-04-04T09:25:01.634+0000] {dag.py:4180} INFO - Setting next_dagrun for example_dag_decorator to None, run_after=None
[2025-04-04T09:25:01.726+0000] {processor.py:208} INFO - Processing /home/airflow/.local/lib/python3.12/site-packages/airflow/example_dags/example_dag_decorator.py took 1.223 seconds
[2025-04-04T09:25:36.646+0000] {processor.py:186} INFO - Started process (PID=808) to work on /home/airflow/.local/lib/python3.12/site-packages/airflow/example_dags/example_dag_decorator.py
[2025-04-04T09:25:36.656+0000] {processor.py:914} INFO - Processing file /home/airflow/.local/lib/python3.12/site-packages/airflow/example_dags/example_dag_decorator.py for tasks to queue
[2025-04-04T09:25:36.677+0000] {logging_mixin.py:190} INFO - [2025-04-04T09:25:36.675+0000] {dagbag.py:588} INFO - Filling up the DagBag from /home/airflow/.local/lib/python3.12/site-packages/airflow/example_dags/example_dag_decorator.py
[2025-04-04T09:25:37.414+0000] {processor.py:925} INFO - DAG(s) 'example_dag_decorator' retrieved from /home/airflow/.local/lib/python3.12/site-packages/airflow/example_dags/example_dag_decorator.py
[2025-04-04T09:25:38.083+0000] {logging_mixin.py:190} INFO - [2025-04-04T09:25:38.081+0000] {dag.py:3239} INFO - Sync 1 DAGs
[2025-04-04T09:25:38.158+0000] {logging_mixin.py:190} INFO - [2025-04-04T09:25:38.157+0000] {dag.py:4180} INFO - Setting next_dagrun for example_dag_decorator to None, run_after=None
[2025-04-04T09:25:38.249+0000] {processor.py:208} INFO - Processing /home/airflow/.local/lib/python3.12/site-packages/airflow/example_dags/example_dag_decorator.py took 1.655 seconds
[2025-04-04T09:26:25.672+0000] {processor.py:186} INFO - Started process (PID=886) to work on /home/airflow/.local/lib/python3.12/site-packages/airflow/example_dags/example_dag_decorator.py
[2025-04-04T09:26:25.708+0000] {processor.py:914} INFO - Processing file /home/airflow/.local/lib/python3.12/site-packages/airflow/example_dags/example_dag_decorator.py for tasks to queue
[2025-04-04T09:26:25.726+0000] {logging_mixin.py:190} INFO - [2025-04-04T09:26:25.724+0000] {dagbag.py:588} INFO - Filling up the DagBag from /home/airflow/.local/lib/python3.12/site-packages/airflow/example_dags/example_dag_decorator.py
[2025-04-04T09:26:26.438+0000] {processor.py:925} INFO - DAG(s) 'example_dag_decorator' retrieved from /home/airflow/.local/lib/python3.12/site-packages/airflow/example_dags/example_dag_decorator.py
[2025-04-04T09:26:27.531+0000] {logging_mixin.py:190} INFO - [2025-04-04T09:26:27.530+0000] {dag.py:3239} INFO - Sync 1 DAGs
[2025-04-04T09:26:27.683+0000] {logging_mixin.py:190} INFO - [2025-04-04T09:26:27.681+0000] {dag.py:4180} INFO - Setting next_dagrun for example_dag_decorator to None, run_after=None
[2025-04-04T09:26:27.962+0000] {processor.py:208} INFO - Processing /home/airflow/.local/lib/python3.12/site-packages/airflow/example_dags/example_dag_decorator.py took 2.332 seconds
[2025-04-04T09:33:32.186+0000] {processor.py:186} INFO - Started process (PID=165) to work on /home/airflow/.local/lib/python3.12/site-packages/airflow/example_dags/example_dag_decorator.py
[2025-04-04T09:33:32.191+0000] {processor.py:914} INFO - Processing file /home/airflow/.local/lib/python3.12/site-packages/airflow/example_dags/example_dag_decorator.py for tasks to queue
[2025-04-04T09:33:32.206+0000] {logging_mixin.py:190} INFO - [2025-04-04T09:33:32.204+0000] {dagbag.py:588} INFO - Filling up the DagBag from /home/airflow/.local/lib/python3.12/site-packages/airflow/example_dags/example_dag_decorator.py
[2025-04-04T09:33:34.550+0000] {processor.py:925} INFO - DAG(s) 'example_dag_decorator' retrieved from /home/airflow/.local/lib/python3.12/site-packages/airflow/example_dags/example_dag_decorator.py
[2025-04-04T09:33:35.803+0000] {logging_mixin.py:190} INFO - [2025-04-04T09:33:35.801+0000] {dag.py:3239} INFO - Sync 1 DAGs
[2025-04-04T09:33:35.906+0000] {logging_mixin.py:190} INFO - [2025-04-04T09:33:35.905+0000] {dag.py:4180} INFO - Setting next_dagrun for example_dag_decorator to None, run_after=None
[2025-04-04T09:33:36.010+0000] {processor.py:208} INFO - Processing /home/airflow/.local/lib/python3.12/site-packages/airflow/example_dags/example_dag_decorator.py took 3.855 seconds
