[2025-04-04T09:04:34.199+0000] {processor.py:186} INFO - Started process (PID=152) to work on /home/airflow/.local/lib/python3.12/site-packages/airflow/example_dags/tutorial.py
[2025-04-04T09:04:34.216+0000] {processor.py:914} INFO - Processing file /home/airflow/.local/lib/python3.12/site-packages/airflow/example_dags/tutorial.py for tasks to queue
[2025-04-04T09:04:34.280+0000] {logging_mixin.py:190} INFO - [2025-04-04T09:04:34.266+0000] {dagbag.py:588} INFO - Filling up the DagBag from /home/airflow/.local/lib/python3.12/site-packages/airflow/example_dags/tutorial.py
[2025-04-04T09:04:34.703+0000] {processor.py:925} INFO - DAG(s) 'tutorial' retrieved from /home/airflow/.local/lib/python3.12/site-packages/airflow/example_dags/tutorial.py
[2025-04-04T09:04:37.114+0000] {logging_mixin.py:190} INFO - [2025-04-04T09:04:37.104+0000] {override.py:1912} INFO - Created Permission View: can delete on DAG:tutorial
[2025-04-04T09:04:37.375+0000] {logging_mixin.py:190} INFO - [2025-04-04T09:04:37.374+0000] {override.py:1912} INFO - Created Permission View: can edit on DAG:tutorial
[2025-04-04T09:04:37.638+0000] {logging_mixin.py:190} INFO - [2025-04-04T09:04:37.635+0000] {override.py:1912} INFO - Created Permission View: can read on DAG:tutorial
[2025-04-04T09:04:37.786+0000] {logging_mixin.py:190} INFO - [2025-04-04T09:04:37.784+0000] {override.py:1912} INFO - Created Permission View: menu access on DAG Run:tutorial
[2025-04-04T09:04:37.901+0000] {logging_mixin.py:190} INFO - [2025-04-04T09:04:37.898+0000] {override.py:1912} INFO - Created Permission View: can create on DAG Run:tutorial
[2025-04-04T09:04:38.019+0000] {logging_mixin.py:190} INFO - [2025-04-04T09:04:37.996+0000] {override.py:1912} INFO - Created Permission View: can delete on DAG Run:tutorial
[2025-04-04T09:04:38.183+0000] {logging_mixin.py:190} INFO - [2025-04-04T09:04:38.182+0000] {override.py:1912} INFO - Created Permission View: can read on DAG Run:tutorial
[2025-04-04T09:04:38.200+0000] {logging_mixin.py:190} INFO - [2025-04-04T09:04:38.199+0000] {dag.py:3239} INFO - Sync 1 DAGs
[2025-04-04T09:04:38.409+0000] {logging_mixin.py:190} INFO - [2025-04-04T09:04:38.408+0000] {dag.py:3262} INFO - Creating ORM DAG for tutorial
[2025-04-04T09:04:38.800+0000] {logging_mixin.py:190} INFO - [2025-04-04T09:04:38.788+0000] {dag.py:4180} INFO - Setting next_dagrun for tutorial to 2025-04-03 00:00:00+00:00, run_after=2025-04-04 00:00:00+00:00
[2025-04-04T09:04:39.261+0000] {processor.py:208} INFO - Processing /home/airflow/.local/lib/python3.12/site-packages/airflow/example_dags/tutorial.py took 5.207 seconds
[2025-04-04T09:16:56.546+0000] {processor.py:186} INFO - Started process (PID=133) to work on /home/airflow/.local/lib/python3.12/site-packages/airflow/example_dags/tutorial.py
[2025-04-04T09:16:56.552+0000] {processor.py:914} INFO - Processing file /home/airflow/.local/lib/python3.12/site-packages/airflow/example_dags/tutorial.py for tasks to queue
[2025-04-04T09:16:56.568+0000] {logging_mixin.py:190} INFO - [2025-04-04T09:16:56.565+0000] {dagbag.py:588} INFO - Filling up the DagBag from /home/airflow/.local/lib/python3.12/site-packages/airflow/example_dags/tutorial.py
[2025-04-04T09:16:56.621+0000] {processor.py:925} INFO - DAG(s) 'tutorial' retrieved from /home/airflow/.local/lib/python3.12/site-packages/airflow/example_dags/tutorial.py
[2025-04-04T09:16:56.797+0000] {logging_mixin.py:190} INFO - [2025-04-04T09:16:56.796+0000] {dag.py:3239} INFO - Sync 1 DAGs
[2025-04-04T09:16:56.960+0000] {logging_mixin.py:190} INFO - [2025-04-04T09:16:56.959+0000] {dag.py:4180} INFO - Setting next_dagrun for tutorial to 2025-04-03 00:00:00+00:00, run_after=2025-04-04 00:00:00+00:00
[2025-04-04T09:16:57.055+0000] {processor.py:208} INFO - Processing /home/airflow/.local/lib/python3.12/site-packages/airflow/example_dags/tutorial.py took 0.549 seconds
[2025-04-04T09:18:07.630+0000] {processor.py:186} INFO - Started process (PID=208) to work on /home/airflow/.local/lib/python3.12/site-packages/airflow/example_dags/tutorial.py
[2025-04-04T09:18:07.637+0000] {processor.py:914} INFO - Processing file /home/airflow/.local/lib/python3.12/site-packages/airflow/example_dags/tutorial.py for tasks to queue
[2025-04-04T09:18:07.682+0000] {logging_mixin.py:190} INFO - [2025-04-04T09:18:07.678+0000] {dagbag.py:588} INFO - Filling up the DagBag from /home/airflow/.local/lib/python3.12/site-packages/airflow/example_dags/tutorial.py
[2025-04-04T09:18:07.774+0000] {processor.py:925} INFO - DAG(s) 'tutorial' retrieved from /home/airflow/.local/lib/python3.12/site-packages/airflow/example_dags/tutorial.py
[2025-04-04T09:18:08.030+0000] {logging_mixin.py:190} INFO - [2025-04-04T09:18:08.029+0000] {dag.py:3239} INFO - Sync 1 DAGs
[2025-04-04T09:18:08.308+0000] {logging_mixin.py:190} INFO - [2025-04-04T09:18:08.307+0000] {dag.py:4180} INFO - Setting next_dagrun for tutorial to 2025-04-03 00:00:00+00:00, run_after=2025-04-04 00:00:00+00:00
[2025-04-04T09:18:08.487+0000] {processor.py:208} INFO - Processing /home/airflow/.local/lib/python3.12/site-packages/airflow/example_dags/tutorial.py took 0.956 seconds
[2025-04-04T09:18:56.225+0000] {processor.py:186} INFO - Started process (PID=274) to work on /home/airflow/.local/lib/python3.12/site-packages/airflow/example_dags/tutorial.py
[2025-04-04T09:18:56.243+0000] {processor.py:914} INFO - Processing file /home/airflow/.local/lib/python3.12/site-packages/airflow/example_dags/tutorial.py for tasks to queue
[2025-04-04T09:18:56.289+0000] {logging_mixin.py:190} INFO - [2025-04-04T09:18:56.286+0000] {dagbag.py:588} INFO - Filling up the DagBag from /home/airflow/.local/lib/python3.12/site-packages/airflow/example_dags/tutorial.py
[2025-04-04T09:18:56.431+0000] {processor.py:925} INFO - DAG(s) 'tutorial' retrieved from /home/airflow/.local/lib/python3.12/site-packages/airflow/example_dags/tutorial.py
[2025-04-04T09:18:56.726+0000] {logging_mixin.py:190} INFO - [2025-04-04T09:18:56.725+0000] {dag.py:3239} INFO - Sync 1 DAGs
[2025-04-04T09:18:57.148+0000] {logging_mixin.py:190} INFO - [2025-04-04T09:18:57.147+0000] {dag.py:4180} INFO - Setting next_dagrun for tutorial to 2025-04-03 00:00:00+00:00, run_after=2025-04-04 00:00:00+00:00
[2025-04-04T09:18:57.424+0000] {processor.py:208} INFO - Processing /home/airflow/.local/lib/python3.12/site-packages/airflow/example_dags/tutorial.py took 1.295 seconds
[2025-04-04T09:20:34.093+0000] {processor.py:186} INFO - Started process (PID=363) to work on /home/airflow/.local/lib/python3.12/site-packages/airflow/example_dags/tutorial.py
[2025-04-04T09:20:34.112+0000] {processor.py:914} INFO - Processing file /home/airflow/.local/lib/python3.12/site-packages/airflow/example_dags/tutorial.py for tasks to queue
[2025-04-04T09:20:34.187+0000] {logging_mixin.py:190} INFO - [2025-04-04T09:20:34.174+0000] {dagbag.py:588} INFO - Filling up the DagBag from /home/airflow/.local/lib/python3.12/site-packages/airflow/example_dags/tutorial.py
[2025-04-04T09:20:34.338+0000] {processor.py:925} INFO - DAG(s) 'tutorial' retrieved from /home/airflow/.local/lib/python3.12/site-packages/airflow/example_dags/tutorial.py
[2025-04-04T09:20:34.614+0000] {logging_mixin.py:190} INFO - [2025-04-04T09:20:34.613+0000] {dag.py:3239} INFO - Sync 1 DAGs
[2025-04-04T09:20:35.090+0000] {logging_mixin.py:190} INFO - [2025-04-04T09:20:35.077+0000] {dag.py:4180} INFO - Setting next_dagrun for tutorial to 2025-04-03 00:00:00+00:00, run_after=2025-04-04 00:00:00+00:00
[2025-04-04T09:20:35.357+0000] {processor.py:208} INFO - Processing /home/airflow/.local/lib/python3.12/site-packages/airflow/example_dags/tutorial.py took 1.338 seconds
[2025-04-04T09:21:27.923+0000] {processor.py:186} INFO - Started process (PID=432) to work on /home/airflow/.local/lib/python3.12/site-packages/airflow/example_dags/tutorial.py
[2025-04-04T09:21:27.929+0000] {processor.py:914} INFO - Processing file /home/airflow/.local/lib/python3.12/site-packages/airflow/example_dags/tutorial.py for tasks to queue
[2025-04-04T09:21:27.942+0000] {logging_mixin.py:190} INFO - [2025-04-04T09:21:27.940+0000] {dagbag.py:588} INFO - Filling up the DagBag from /home/airflow/.local/lib/python3.12/site-packages/airflow/example_dags/tutorial.py
[2025-04-04T09:21:28.001+0000] {processor.py:925} INFO - DAG(s) 'tutorial' retrieved from /home/airflow/.local/lib/python3.12/site-packages/airflow/example_dags/tutorial.py
[2025-04-04T09:21:28.112+0000] {logging_mixin.py:190} INFO - [2025-04-04T09:21:28.111+0000] {dag.py:3239} INFO - Sync 1 DAGs
[2025-04-04T09:21:28.301+0000] {logging_mixin.py:190} INFO - [2025-04-04T09:21:28.299+0000] {dag.py:4180} INFO - Setting next_dagrun for tutorial to 2025-04-03 00:00:00+00:00, run_after=2025-04-04 00:00:00+00:00
[2025-04-04T09:21:28.409+0000] {processor.py:208} INFO - Processing /home/airflow/.local/lib/python3.12/site-packages/airflow/example_dags/tutorial.py took 0.533 seconds
[2025-04-04T09:22:12.071+0000] {processor.py:186} INFO - Started process (PID=505) to work on /home/airflow/.local/lib/python3.12/site-packages/airflow/example_dags/tutorial.py
[2025-04-04T09:22:12.077+0000] {processor.py:914} INFO - Processing file /home/airflow/.local/lib/python3.12/site-packages/airflow/example_dags/tutorial.py for tasks to queue
[2025-04-04T09:22:12.097+0000] {logging_mixin.py:190} INFO - [2025-04-04T09:22:12.095+0000] {dagbag.py:588} INFO - Filling up the DagBag from /home/airflow/.local/lib/python3.12/site-packages/airflow/example_dags/tutorial.py
[2025-04-04T09:22:12.206+0000] {processor.py:925} INFO - DAG(s) 'tutorial' retrieved from /home/airflow/.local/lib/python3.12/site-packages/airflow/example_dags/tutorial.py
[2025-04-04T09:22:12.662+0000] {logging_mixin.py:190} INFO - [2025-04-04T09:22:12.649+0000] {dag.py:3239} INFO - Sync 1 DAGs
[2025-04-04T09:22:13.120+0000] {logging_mixin.py:190} INFO - [2025-04-04T09:22:13.117+0000] {dag.py:4180} INFO - Setting next_dagrun for tutorial to 2025-04-03 00:00:00+00:00, run_after=2025-04-04 00:00:00+00:00
[2025-04-04T09:22:13.454+0000] {processor.py:208} INFO - Processing /home/airflow/.local/lib/python3.12/site-packages/airflow/example_dags/tutorial.py took 1.456 seconds
[2025-04-04T09:23:07.309+0000] {processor.py:186} INFO - Started process (PID=559) to work on /home/airflow/.local/lib/python3.12/site-packages/airflow/example_dags/tutorial.py
[2025-04-04T09:23:07.316+0000] {processor.py:914} INFO - Processing file /home/airflow/.local/lib/python3.12/site-packages/airflow/example_dags/tutorial.py for tasks to queue
[2025-04-04T09:23:07.343+0000] {logging_mixin.py:190} INFO - [2025-04-04T09:23:07.335+0000] {dagbag.py:588} INFO - Filling up the DagBag from /home/airflow/.local/lib/python3.12/site-packages/airflow/example_dags/tutorial.py
[2025-04-04T09:23:07.440+0000] {processor.py:925} INFO - DAG(s) 'tutorial' retrieved from /home/airflow/.local/lib/python3.12/site-packages/airflow/example_dags/tutorial.py
[2025-04-04T09:23:07.702+0000] {logging_mixin.py:190} INFO - [2025-04-04T09:23:07.701+0000] {dag.py:3239} INFO - Sync 1 DAGs
[2025-04-04T09:23:08.054+0000] {logging_mixin.py:190} INFO - [2025-04-04T09:23:08.043+0000] {dag.py:4180} INFO - Setting next_dagrun for tutorial to 2025-04-03 00:00:00+00:00, run_after=2025-04-04 00:00:00+00:00
[2025-04-04T09:23:08.247+0000] {processor.py:208} INFO - Processing /home/airflow/.local/lib/python3.12/site-packages/airflow/example_dags/tutorial.py took 1.011 seconds
[2025-04-04T09:23:51.865+0000] {processor.py:186} INFO - Started process (PID=628) to work on /home/airflow/.local/lib/python3.12/site-packages/airflow/example_dags/tutorial.py
[2025-04-04T09:23:51.870+0000] {processor.py:914} INFO - Processing file /home/airflow/.local/lib/python3.12/site-packages/airflow/example_dags/tutorial.py for tasks to queue
[2025-04-04T09:23:51.884+0000] {logging_mixin.py:190} INFO - [2025-04-04T09:23:51.882+0000] {dagbag.py:588} INFO - Filling up the DagBag from /home/airflow/.local/lib/python3.12/site-packages/airflow/example_dags/tutorial.py
[2025-04-04T09:23:51.935+0000] {processor.py:925} INFO - DAG(s) 'tutorial' retrieved from /home/airflow/.local/lib/python3.12/site-packages/airflow/example_dags/tutorial.py
[2025-04-04T09:23:52.056+0000] {logging_mixin.py:190} INFO - [2025-04-04T09:23:52.055+0000] {dag.py:3239} INFO - Sync 1 DAGs
[2025-04-04T09:23:52.220+0000] {logging_mixin.py:190} INFO - [2025-04-04T09:23:52.219+0000] {dag.py:4180} INFO - Setting next_dagrun for tutorial to 2025-04-03 00:00:00+00:00, run_after=2025-04-04 00:00:00+00:00
[2025-04-04T09:23:52.324+0000] {processor.py:208} INFO - Processing /home/airflow/.local/lib/python3.12/site-packages/airflow/example_dags/tutorial.py took 0.491 seconds
[2025-04-04T09:24:29.004+0000] {processor.py:186} INFO - Started process (PID=694) to work on /home/airflow/.local/lib/python3.12/site-packages/airflow/example_dags/tutorial.py
[2025-04-04T09:24:29.020+0000] {processor.py:914} INFO - Processing file /home/airflow/.local/lib/python3.12/site-packages/airflow/example_dags/tutorial.py for tasks to queue
[2025-04-04T09:24:29.038+0000] {logging_mixin.py:190} INFO - [2025-04-04T09:24:29.036+0000] {dagbag.py:588} INFO - Filling up the DagBag from /home/airflow/.local/lib/python3.12/site-packages/airflow/example_dags/tutorial.py
[2025-04-04T09:24:29.093+0000] {processor.py:925} INFO - DAG(s) 'tutorial' retrieved from /home/airflow/.local/lib/python3.12/site-packages/airflow/example_dags/tutorial.py
[2025-04-04T09:24:29.237+0000] {logging_mixin.py:190} INFO - [2025-04-04T09:24:29.236+0000] {dag.py:3239} INFO - Sync 1 DAGs
[2025-04-04T09:24:29.414+0000] {logging_mixin.py:190} INFO - [2025-04-04T09:24:29.413+0000] {dag.py:4180} INFO - Setting next_dagrun for tutorial to 2025-04-03 00:00:00+00:00, run_after=2025-04-04 00:00:00+00:00
[2025-04-04T09:24:29.506+0000] {processor.py:208} INFO - Processing /home/airflow/.local/lib/python3.12/site-packages/airflow/example_dags/tutorial.py took 0.545 seconds
[2025-04-04T09:25:09.207+0000] {processor.py:186} INFO - Started process (PID=759) to work on /home/airflow/.local/lib/python3.12/site-packages/airflow/example_dags/tutorial.py
[2025-04-04T09:25:09.217+0000] {processor.py:914} INFO - Processing file /home/airflow/.local/lib/python3.12/site-packages/airflow/example_dags/tutorial.py for tasks to queue
[2025-04-04T09:25:09.233+0000] {logging_mixin.py:190} INFO - [2025-04-04T09:25:09.231+0000] {dagbag.py:588} INFO - Filling up the DagBag from /home/airflow/.local/lib/python3.12/site-packages/airflow/example_dags/tutorial.py
[2025-04-04T09:25:09.286+0000] {processor.py:925} INFO - DAG(s) 'tutorial' retrieved from /home/airflow/.local/lib/python3.12/site-packages/airflow/example_dags/tutorial.py
[2025-04-04T09:25:09.495+0000] {logging_mixin.py:190} INFO - [2025-04-04T09:25:09.494+0000] {dag.py:3239} INFO - Sync 1 DAGs
[2025-04-04T09:25:09.760+0000] {logging_mixin.py:190} INFO - [2025-04-04T09:25:09.759+0000] {dag.py:4180} INFO - Setting next_dagrun for tutorial to 2025-04-03 00:00:00+00:00, run_after=2025-04-04 00:00:00+00:00
[2025-04-04T09:25:09.887+0000] {processor.py:208} INFO - Processing /home/airflow/.local/lib/python3.12/site-packages/airflow/example_dags/tutorial.py took 0.721 seconds
[2025-04-04T09:25:50.118+0000] {processor.py:186} INFO - Started process (PID=828) to work on /home/airflow/.local/lib/python3.12/site-packages/airflow/example_dags/tutorial.py
[2025-04-04T09:25:50.135+0000] {processor.py:914} INFO - Processing file /home/airflow/.local/lib/python3.12/site-packages/airflow/example_dags/tutorial.py for tasks to queue
[2025-04-04T09:25:50.171+0000] {logging_mixin.py:190} INFO - [2025-04-04T09:25:50.157+0000] {dagbag.py:588} INFO - Filling up the DagBag from /home/airflow/.local/lib/python3.12/site-packages/airflow/example_dags/tutorial.py
[2025-04-04T09:25:50.282+0000] {processor.py:925} INFO - DAG(s) 'tutorial' retrieved from /home/airflow/.local/lib/python3.12/site-packages/airflow/example_dags/tutorial.py
[2025-04-04T09:25:50.529+0000] {logging_mixin.py:190} INFO - [2025-04-04T09:25:50.528+0000] {dag.py:3239} INFO - Sync 1 DAGs
[2025-04-04T09:25:50.803+0000] {logging_mixin.py:190} INFO - [2025-04-04T09:25:50.800+0000] {dag.py:4180} INFO - Setting next_dagrun for tutorial to 2025-04-03 00:00:00+00:00, run_after=2025-04-04 00:00:00+00:00
[2025-04-04T09:25:51.031+0000] {processor.py:208} INFO - Processing /home/airflow/.local/lib/python3.12/site-packages/airflow/example_dags/tutorial.py took 0.995 seconds
[2025-04-04T09:26:33.803+0000] {processor.py:186} INFO - Started process (PID=897) to work on /home/airflow/.local/lib/python3.12/site-packages/airflow/example_dags/tutorial.py
[2025-04-04T09:26:33.810+0000] {processor.py:914} INFO - Processing file /home/airflow/.local/lib/python3.12/site-packages/airflow/example_dags/tutorial.py for tasks to queue
[2025-04-04T09:26:33.823+0000] {logging_mixin.py:190} INFO - [2025-04-04T09:26:33.821+0000] {dagbag.py:588} INFO - Filling up the DagBag from /home/airflow/.local/lib/python3.12/site-packages/airflow/example_dags/tutorial.py
[2025-04-04T09:26:33.873+0000] {processor.py:925} INFO - DAG(s) 'tutorial' retrieved from /home/airflow/.local/lib/python3.12/site-packages/airflow/example_dags/tutorial.py
[2025-04-04T09:26:34.026+0000] {logging_mixin.py:190} INFO - [2025-04-04T09:26:34.025+0000] {dag.py:3239} INFO - Sync 1 DAGs
[2025-04-04T09:26:34.161+0000] {logging_mixin.py:190} INFO - [2025-04-04T09:26:34.160+0000] {dag.py:4180} INFO - Setting next_dagrun for tutorial to 2025-04-03 00:00:00+00:00, run_after=2025-04-04 00:00:00+00:00
[2025-04-04T09:26:34.335+0000] {processor.py:208} INFO - Processing /home/airflow/.local/lib/python3.12/site-packages/airflow/example_dags/tutorial.py took 0.564 seconds
[2025-04-04T09:33:20.963+0000] {processor.py:186} INFO - Started process (PID=148) to work on /home/airflow/.local/lib/python3.12/site-packages/airflow/example_dags/tutorial.py
[2025-04-04T09:33:20.977+0000] {processor.py:914} INFO - Processing file /home/airflow/.local/lib/python3.12/site-packages/airflow/example_dags/tutorial.py for tasks to queue
[2025-04-04T09:33:21.011+0000] {logging_mixin.py:190} INFO - [2025-04-04T09:33:21.004+0000] {dagbag.py:588} INFO - Filling up the DagBag from /home/airflow/.local/lib/python3.12/site-packages/airflow/example_dags/tutorial.py
[2025-04-04T09:33:21.192+0000] {processor.py:925} INFO - DAG(s) 'tutorial' retrieved from /home/airflow/.local/lib/python3.12/site-packages/airflow/example_dags/tutorial.py
[2025-04-04T09:33:21.646+0000] {logging_mixin.py:190} INFO - [2025-04-04T09:33:21.645+0000] {dag.py:3239} INFO - Sync 1 DAGs
[2025-04-04T09:33:22.007+0000] {logging_mixin.py:190} INFO - [2025-04-04T09:33:22.006+0000] {dag.py:4180} INFO - Setting next_dagrun for tutorial to 2025-04-03 00:00:00+00:00, run_after=2025-04-04 00:00:00+00:00
[2025-04-04T09:33:22.252+0000] {processor.py:208} INFO - Processing /home/airflow/.local/lib/python3.12/site-packages/airflow/example_dags/tutorial.py took 1.388 seconds
