[2025-04-04T09:03:59.075+0000] {processor.py:186} INFO - Started process (PID=129) to work on /home/airflow/.local/lib/python3.12/site-packages/airflow/example_dags/tutorial_dag.py
[2025-04-04T09:03:59.091+0000] {processor.py:914} INFO - Processing file /home/airflow/.local/lib/python3.12/site-packages/airflow/example_dags/tutorial_dag.py for tasks to queue
[2025-04-04T09:03:59.144+0000] {logging_mixin.py:190} INFO - [2025-04-04T09:03:59.142+0000] {dagbag.py:588} INFO - Filling up the DagBag from /home/airflow/.local/lib/python3.12/site-packages/airflow/example_dags/tutorial_dag.py
[2025-04-04T09:03:59.322+0000] {processor.py:925} INFO - DAG(s) 'tutorial_dag' retrieved from /home/airflow/.local/lib/python3.12/site-packages/airflow/example_dags/tutorial_dag.py
[2025-04-04T09:04:00.554+0000] {logging_mixin.py:190} INFO - [2025-04-04T09:04:00.550+0000] {override.py:1912} INFO - Created Permission View: can delete on DAG:tutorial_dag
[2025-04-04T09:04:00.617+0000] {logging_mixin.py:190} INFO - [2025-04-04T09:04:00.616+0000] {override.py:1912} INFO - Created Permission View: can edit on DAG:tutorial_dag
[2025-04-04T09:04:00.666+0000] {logging_mixin.py:190} INFO - [2025-04-04T09:04:00.664+0000] {override.py:1912} INFO - Created Permission View: can read on DAG:tutorial_dag
[2025-04-04T09:04:00.746+0000] {logging_mixin.py:190} INFO - [2025-04-04T09:04:00.744+0000] {override.py:1912} INFO - Created Permission View: menu access on DAG Run:tutorial_dag
[2025-04-04T09:04:00.803+0000] {logging_mixin.py:190} INFO - [2025-04-04T09:04:00.802+0000] {override.py:1912} INFO - Created Permission View: can create on DAG Run:tutorial_dag
[2025-04-04T09:04:00.939+0000] {logging_mixin.py:190} INFO - [2025-04-04T09:04:00.930+0000] {override.py:1912} INFO - Created Permission View: can delete on DAG Run:tutorial_dag
[2025-04-04T09:04:01.102+0000] {logging_mixin.py:190} INFO - [2025-04-04T09:04:01.089+0000] {override.py:1912} INFO - Created Permission View: can read on DAG Run:tutorial_dag
[2025-04-04T09:04:01.136+0000] {logging_mixin.py:190} INFO - [2025-04-04T09:04:01.115+0000] {dag.py:3239} INFO - Sync 1 DAGs
[2025-04-04T09:04:01.408+0000] {logging_mixin.py:190} INFO - [2025-04-04T09:04:01.406+0000] {dag.py:3262} INFO - Creating ORM DAG for tutorial_dag
[2025-04-04T09:04:01.424+0000] {logging_mixin.py:190} INFO - [2025-04-04T09:04:01.423+0000] {dag.py:4180} INFO - Setting next_dagrun for tutorial_dag to None, run_after=None
[2025-04-04T09:04:01.774+0000] {processor.py:208} INFO - Processing /home/airflow/.local/lib/python3.12/site-packages/airflow/example_dags/tutorial_dag.py took 2.803 seconds
[2025-04-04T09:12:05.798+0000] {processor.py:186} INFO - Started process (PID=120) to work on /home/airflow/.local/lib/python3.12/site-packages/airflow/example_dags/tutorial_dag.py
[2025-04-04T09:12:05.806+0000] {processor.py:914} INFO - Processing file /home/airflow/.local/lib/python3.12/site-packages/airflow/example_dags/tutorial_dag.py for tasks to queue
[2025-04-04T09:12:05.832+0000] {logging_mixin.py:190} INFO - [2025-04-04T09:12:05.830+0000] {dagbag.py:588} INFO - Filling up the DagBag from /home/airflow/.local/lib/python3.12/site-packages/airflow/example_dags/tutorial_dag.py
[2025-04-04T09:12:05.921+0000] {processor.py:925} INFO - DAG(s) 'tutorial_dag' retrieved from /home/airflow/.local/lib/python3.12/site-packages/airflow/example_dags/tutorial_dag.py
[2025-04-04T09:12:06.112+0000] {logging_mixin.py:190} INFO - [2025-04-04T09:12:06.111+0000] {dag.py:3239} INFO - Sync 1 DAGs
[2025-04-04T09:12:06.326+0000] {logging_mixin.py:190} INFO - [2025-04-04T09:12:06.325+0000] {dag.py:4180} INFO - Setting next_dagrun for tutorial_dag to None, run_after=None
[2025-04-04T09:12:06.508+0000] {processor.py:208} INFO - Processing /home/airflow/.local/lib/python3.12/site-packages/airflow/example_dags/tutorial_dag.py took 0.783 seconds
[2025-04-04T09:16:46.561+0000] {processor.py:186} INFO - Started process (PID=116) to work on /home/airflow/.local/lib/python3.12/site-packages/airflow/example_dags/tutorial_dag.py
[2025-04-04T09:16:46.567+0000] {processor.py:914} INFO - Processing file /home/airflow/.local/lib/python3.12/site-packages/airflow/example_dags/tutorial_dag.py for tasks to queue
[2025-04-04T09:16:46.588+0000] {logging_mixin.py:190} INFO - [2025-04-04T09:16:46.585+0000] {dagbag.py:588} INFO - Filling up the DagBag from /home/airflow/.local/lib/python3.12/site-packages/airflow/example_dags/tutorial_dag.py
[2025-04-04T09:16:46.645+0000] {processor.py:925} INFO - DAG(s) 'tutorial_dag' retrieved from /home/airflow/.local/lib/python3.12/site-packages/airflow/example_dags/tutorial_dag.py
[2025-04-04T09:16:46.811+0000] {logging_mixin.py:190} INFO - [2025-04-04T09:16:46.810+0000] {dag.py:3239} INFO - Sync 1 DAGs
[2025-04-04T09:16:46.930+0000] {logging_mixin.py:190} INFO - [2025-04-04T09:16:46.929+0000] {dag.py:4180} INFO - Setting next_dagrun for tutorial_dag to None, run_after=None
[2025-04-04T09:16:47.046+0000] {processor.py:208} INFO - Processing /home/airflow/.local/lib/python3.12/site-packages/airflow/example_dags/tutorial_dag.py took 0.534 seconds
[2025-04-04T09:17:51.905+0000] {processor.py:186} INFO - Started process (PID=185) to work on /home/airflow/.local/lib/python3.12/site-packages/airflow/example_dags/tutorial_dag.py
[2025-04-04T09:17:51.912+0000] {processor.py:914} INFO - Processing file /home/airflow/.local/lib/python3.12/site-packages/airflow/example_dags/tutorial_dag.py for tasks to queue
[2025-04-04T09:17:51.946+0000] {logging_mixin.py:190} INFO - [2025-04-04T09:17:51.939+0000] {dagbag.py:588} INFO - Filling up the DagBag from /home/airflow/.local/lib/python3.12/site-packages/airflow/example_dags/tutorial_dag.py
[2025-04-04T09:17:52.024+0000] {processor.py:925} INFO - DAG(s) 'tutorial_dag' retrieved from /home/airflow/.local/lib/python3.12/site-packages/airflow/example_dags/tutorial_dag.py
[2025-04-04T09:17:52.194+0000] {logging_mixin.py:190} INFO - [2025-04-04T09:17:52.191+0000] {dag.py:3239} INFO - Sync 1 DAGs
[2025-04-04T09:17:52.299+0000] {logging_mixin.py:190} INFO - [2025-04-04T09:17:52.298+0000] {dag.py:4180} INFO - Setting next_dagrun for tutorial_dag to None, run_after=None
[2025-04-04T09:17:52.460+0000] {processor.py:208} INFO - Processing /home/airflow/.local/lib/python3.12/site-packages/airflow/example_dags/tutorial_dag.py took 0.602 seconds
[2025-04-04T09:18:31.392+0000] {processor.py:186} INFO - Started process (PID=248) to work on /home/airflow/.local/lib/python3.12/site-packages/airflow/example_dags/tutorial_dag.py
[2025-04-04T09:18:31.401+0000] {processor.py:914} INFO - Processing file /home/airflow/.local/lib/python3.12/site-packages/airflow/example_dags/tutorial_dag.py for tasks to queue
[2025-04-04T09:18:31.432+0000] {logging_mixin.py:190} INFO - [2025-04-04T09:18:31.429+0000] {dagbag.py:588} INFO - Filling up the DagBag from /home/airflow/.local/lib/python3.12/site-packages/airflow/example_dags/tutorial_dag.py
[2025-04-04T09:18:31.498+0000] {processor.py:925} INFO - DAG(s) 'tutorial_dag' retrieved from /home/airflow/.local/lib/python3.12/site-packages/airflow/example_dags/tutorial_dag.py
[2025-04-04T09:18:31.622+0000] {logging_mixin.py:190} INFO - [2025-04-04T09:18:31.621+0000] {dag.py:3239} INFO - Sync 1 DAGs
[2025-04-04T09:18:31.777+0000] {logging_mixin.py:190} INFO - [2025-04-04T09:18:31.775+0000] {dag.py:4180} INFO - Setting next_dagrun for tutorial_dag to None, run_after=None
[2025-04-04T09:18:31.908+0000] {processor.py:208} INFO - Processing /home/airflow/.local/lib/python3.12/site-packages/airflow/example_dags/tutorial_dag.py took 0.584 seconds
[2025-04-04T09:19:47.617+0000] {processor.py:186} INFO - Started process (PID=315) to work on /home/airflow/.local/lib/python3.12/site-packages/airflow/example_dags/tutorial_dag.py
[2025-04-04T09:19:47.662+0000] {processor.py:914} INFO - Processing file /home/airflow/.local/lib/python3.12/site-packages/airflow/example_dags/tutorial_dag.py for tasks to queue
[2025-04-04T09:19:47.743+0000] {logging_mixin.py:190} INFO - [2025-04-04T09:19:47.730+0000] {dagbag.py:588} INFO - Filling up the DagBag from /home/airflow/.local/lib/python3.12/site-packages/airflow/example_dags/tutorial_dag.py
[2025-04-04T09:19:48.009+0000] {processor.py:925} INFO - DAG(s) 'tutorial_dag' retrieved from /home/airflow/.local/lib/python3.12/site-packages/airflow/example_dags/tutorial_dag.py
[2025-04-04T09:19:48.725+0000] {logging_mixin.py:190} INFO - [2025-04-04T09:19:48.713+0000] {dag.py:3239} INFO - Sync 1 DAGs
[2025-04-04T09:19:49.209+0000] {logging_mixin.py:190} INFO - [2025-04-04T09:19:49.208+0000] {dag.py:4180} INFO - Setting next_dagrun for tutorial_dag to None, run_after=None
[2025-04-04T09:19:49.819+0000] {processor.py:208} INFO - Processing /home/airflow/.local/lib/python3.12/site-packages/airflow/example_dags/tutorial_dag.py took 2.345 seconds
[2025-04-04T09:21:01.923+0000] {processor.py:186} INFO - Started process (PID=391) to work on /home/airflow/.local/lib/python3.12/site-packages/airflow/example_dags/tutorial_dag.py
[2025-04-04T09:21:01.927+0000] {processor.py:914} INFO - Processing file /home/airflow/.local/lib/python3.12/site-packages/airflow/example_dags/tutorial_dag.py for tasks to queue
[2025-04-04T09:21:01.940+0000] {logging_mixin.py:190} INFO - [2025-04-04T09:21:01.938+0000] {dagbag.py:588} INFO - Filling up the DagBag from /home/airflow/.local/lib/python3.12/site-packages/airflow/example_dags/tutorial_dag.py
[2025-04-04T09:21:01.993+0000] {processor.py:925} INFO - DAG(s) 'tutorial_dag' retrieved from /home/airflow/.local/lib/python3.12/site-packages/airflow/example_dags/tutorial_dag.py
[2025-04-04T09:21:02.164+0000] {logging_mixin.py:190} INFO - [2025-04-04T09:21:02.163+0000] {dag.py:3239} INFO - Sync 1 DAGs
[2025-04-04T09:21:02.296+0000] {logging_mixin.py:190} INFO - [2025-04-04T09:21:02.295+0000] {dag.py:4180} INFO - Setting next_dagrun for tutorial_dag to None, run_after=None
[2025-04-04T09:21:02.402+0000] {processor.py:208} INFO - Processing /home/airflow/.local/lib/python3.12/site-packages/airflow/example_dags/tutorial_dag.py took 0.513 seconds
[2025-04-04T09:21:39.678+0000] {processor.py:186} INFO - Started process (PID=459) to work on /home/airflow/.local/lib/python3.12/site-packages/airflow/example_dags/tutorial_dag.py
[2025-04-04T09:21:39.682+0000] {processor.py:914} INFO - Processing file /home/airflow/.local/lib/python3.12/site-packages/airflow/example_dags/tutorial_dag.py for tasks to queue
[2025-04-04T09:21:39.696+0000] {logging_mixin.py:190} INFO - [2025-04-04T09:21:39.695+0000] {dagbag.py:588} INFO - Filling up the DagBag from /home/airflow/.local/lib/python3.12/site-packages/airflow/example_dags/tutorial_dag.py
[2025-04-04T09:21:39.769+0000] {processor.py:925} INFO - DAG(s) 'tutorial_dag' retrieved from /home/airflow/.local/lib/python3.12/site-packages/airflow/example_dags/tutorial_dag.py
[2025-04-04T09:21:39.886+0000] {logging_mixin.py:190} INFO - [2025-04-04T09:21:39.885+0000] {dag.py:3239} INFO - Sync 1 DAGs
[2025-04-04T09:21:39.941+0000] {logging_mixin.py:190} INFO - [2025-04-04T09:21:39.941+0000] {dag.py:4180} INFO - Setting next_dagrun for tutorial_dag to None, run_after=None
[2025-04-04T09:21:40.036+0000] {processor.py:208} INFO - Processing /home/airflow/.local/lib/python3.12/site-packages/airflow/example_dags/tutorial_dag.py took 0.382 seconds
[2025-04-04T09:22:22.855+0000] {processor.py:186} INFO - Started process (PID=518) to work on /home/airflow/.local/lib/python3.12/site-packages/airflow/example_dags/tutorial_dag.py
[2025-04-04T09:22:22.862+0000] {processor.py:914} INFO - Processing file /home/airflow/.local/lib/python3.12/site-packages/airflow/example_dags/tutorial_dag.py for tasks to queue
[2025-04-04T09:22:22.884+0000] {logging_mixin.py:190} INFO - [2025-04-04T09:22:22.882+0000] {dagbag.py:588} INFO - Filling up the DagBag from /home/airflow/.local/lib/python3.12/site-packages/airflow/example_dags/tutorial_dag.py
[2025-04-04T09:22:22.944+0000] {processor.py:925} INFO - DAG(s) 'tutorial_dag' retrieved from /home/airflow/.local/lib/python3.12/site-packages/airflow/example_dags/tutorial_dag.py
[2025-04-04T09:22:23.119+0000] {logging_mixin.py:190} INFO - [2025-04-04T09:22:23.115+0000] {dag.py:3239} INFO - Sync 1 DAGs
[2025-04-04T09:22:23.271+0000] {logging_mixin.py:190} INFO - [2025-04-04T09:22:23.270+0000] {dag.py:4180} INFO - Setting next_dagrun for tutorial_dag to None, run_after=None
[2025-04-04T09:22:23.381+0000] {processor.py:208} INFO - Processing /home/airflow/.local/lib/python3.12/site-packages/airflow/example_dags/tutorial_dag.py took 0.562 seconds
[2025-04-04T09:23:24.504+0000] {processor.py:186} INFO - Started process (PID=583) to work on /home/airflow/.local/lib/python3.12/site-packages/airflow/example_dags/tutorial_dag.py
[2025-04-04T09:23:24.510+0000] {processor.py:914} INFO - Processing file /home/airflow/.local/lib/python3.12/site-packages/airflow/example_dags/tutorial_dag.py for tasks to queue
[2025-04-04T09:23:24.524+0000] {logging_mixin.py:190} INFO - [2025-04-04T09:23:24.523+0000] {dagbag.py:588} INFO - Filling up the DagBag from /home/airflow/.local/lib/python3.12/site-packages/airflow/example_dags/tutorial_dag.py
[2025-04-04T09:23:24.600+0000] {processor.py:925} INFO - DAG(s) 'tutorial_dag' retrieved from /home/airflow/.local/lib/python3.12/site-packages/airflow/example_dags/tutorial_dag.py
[2025-04-04T09:23:24.799+0000] {logging_mixin.py:190} INFO - [2025-04-04T09:23:24.798+0000] {dag.py:3239} INFO - Sync 1 DAGs
[2025-04-04T09:23:25.011+0000] {logging_mixin.py:190} INFO - [2025-04-04T09:23:25.010+0000] {dag.py:4180} INFO - Setting next_dagrun for tutorial_dag to None, run_after=None
[2025-04-04T09:23:25.133+0000] {processor.py:208} INFO - Processing /home/airflow/.local/lib/python3.12/site-packages/airflow/example_dags/tutorial_dag.py took 0.681 seconds
[2025-04-04T09:24:01.827+0000] {processor.py:186} INFO - Started process (PID=646) to work on /home/airflow/.local/lib/python3.12/site-packages/airflow/example_dags/tutorial_dag.py
[2025-04-04T09:24:01.841+0000] {processor.py:914} INFO - Processing file /home/airflow/.local/lib/python3.12/site-packages/airflow/example_dags/tutorial_dag.py for tasks to queue
[2025-04-04T09:24:01.863+0000] {logging_mixin.py:190} INFO - [2025-04-04T09:24:01.860+0000] {dagbag.py:588} INFO - Filling up the DagBag from /home/airflow/.local/lib/python3.12/site-packages/airflow/example_dags/tutorial_dag.py
[2025-04-04T09:24:01.963+0000] {processor.py:925} INFO - DAG(s) 'tutorial_dag' retrieved from /home/airflow/.local/lib/python3.12/site-packages/airflow/example_dags/tutorial_dag.py
[2025-04-04T09:24:02.118+0000] {logging_mixin.py:190} INFO - [2025-04-04T09:24:02.117+0000] {dag.py:3239} INFO - Sync 1 DAGs
[2025-04-04T09:24:02.357+0000] {logging_mixin.py:190} INFO - [2025-04-04T09:24:02.355+0000] {dag.py:4180} INFO - Setting next_dagrun for tutorial_dag to None, run_after=None
[2025-04-04T09:24:02.517+0000] {processor.py:208} INFO - Processing /home/airflow/.local/lib/python3.12/site-packages/airflow/example_dags/tutorial_dag.py took 0.746 seconds
[2025-04-04T09:24:36.503+0000] {processor.py:186} INFO - Started process (PID=708) to work on /home/airflow/.local/lib/python3.12/site-packages/airflow/example_dags/tutorial_dag.py
[2025-04-04T09:24:36.523+0000] {processor.py:914} INFO - Processing file /home/airflow/.local/lib/python3.12/site-packages/airflow/example_dags/tutorial_dag.py for tasks to queue
[2025-04-04T09:24:36.557+0000] {logging_mixin.py:190} INFO - [2025-04-04T09:24:36.555+0000] {dagbag.py:588} INFO - Filling up the DagBag from /home/airflow/.local/lib/python3.12/site-packages/airflow/example_dags/tutorial_dag.py
[2025-04-04T09:24:36.680+0000] {processor.py:925} INFO - DAG(s) 'tutorial_dag' retrieved from /home/airflow/.local/lib/python3.12/site-packages/airflow/example_dags/tutorial_dag.py
[2025-04-04T09:24:36.946+0000] {logging_mixin.py:190} INFO - [2025-04-04T09:24:36.945+0000] {dag.py:3239} INFO - Sync 1 DAGs
[2025-04-04T09:24:37.141+0000] {logging_mixin.py:190} INFO - [2025-04-04T09:24:37.140+0000] {dag.py:4180} INFO - Setting next_dagrun for tutorial_dag to None, run_after=None
[2025-04-04T09:24:37.301+0000] {processor.py:208} INFO - Processing /home/airflow/.local/lib/python3.12/site-packages/airflow/example_dags/tutorial_dag.py took 0.881 seconds
[2025-04-04T09:25:12.044+0000] {processor.py:186} INFO - Started process (PID=765) to work on /home/airflow/.local/lib/python3.12/site-packages/airflow/example_dags/tutorial_dag.py
[2025-04-04T09:25:12.057+0000] {processor.py:914} INFO - Processing file /home/airflow/.local/lib/python3.12/site-packages/airflow/example_dags/tutorial_dag.py for tasks to queue
[2025-04-04T09:25:12.106+0000] {logging_mixin.py:190} INFO - [2025-04-04T09:25:12.098+0000] {dagbag.py:588} INFO - Filling up the DagBag from /home/airflow/.local/lib/python3.12/site-packages/airflow/example_dags/tutorial_dag.py
[2025-04-04T09:25:12.175+0000] {processor.py:925} INFO - DAG(s) 'tutorial_dag' retrieved from /home/airflow/.local/lib/python3.12/site-packages/airflow/example_dags/tutorial_dag.py
[2025-04-04T09:25:12.371+0000] {logging_mixin.py:190} INFO - [2025-04-04T09:25:12.370+0000] {dag.py:3239} INFO - Sync 1 DAGs
[2025-04-04T09:25:12.523+0000] {logging_mixin.py:190} INFO - [2025-04-04T09:25:12.519+0000] {dag.py:4180} INFO - Setting next_dagrun for tutorial_dag to None, run_after=None
[2025-04-04T09:25:12.704+0000] {processor.py:208} INFO - Processing /home/airflow/.local/lib/python3.12/site-packages/airflow/example_dags/tutorial_dag.py took 0.736 seconds
[2025-04-04T09:25:55.178+0000] {processor.py:186} INFO - Started process (PID=833) to work on /home/airflow/.local/lib/python3.12/site-packages/airflow/example_dags/tutorial_dag.py
[2025-04-04T09:25:55.194+0000] {processor.py:914} INFO - Processing file /home/airflow/.local/lib/python3.12/site-packages/airflow/example_dags/tutorial_dag.py for tasks to queue
[2025-04-04T09:25:55.244+0000] {logging_mixin.py:190} INFO - [2025-04-04T09:25:55.232+0000] {dagbag.py:588} INFO - Filling up the DagBag from /home/airflow/.local/lib/python3.12/site-packages/airflow/example_dags/tutorial_dag.py
[2025-04-04T09:25:55.336+0000] {processor.py:925} INFO - DAG(s) 'tutorial_dag' retrieved from /home/airflow/.local/lib/python3.12/site-packages/airflow/example_dags/tutorial_dag.py
[2025-04-04T09:25:55.606+0000] {logging_mixin.py:190} INFO - [2025-04-04T09:25:55.604+0000] {dag.py:3239} INFO - Sync 1 DAGs
[2025-04-04T09:25:55.861+0000] {logging_mixin.py:190} INFO - [2025-04-04T09:25:55.850+0000] {dag.py:4180} INFO - Setting next_dagrun for tutorial_dag to None, run_after=None
[2025-04-04T09:25:56.258+0000] {processor.py:208} INFO - Processing /home/airflow/.local/lib/python3.12/site-packages/airflow/example_dags/tutorial_dag.py took 1.142 seconds
[2025-04-04T09:26:31.570+0000] {processor.py:186} INFO - Started process (PID=891) to work on /home/airflow/.local/lib/python3.12/site-packages/airflow/example_dags/tutorial_dag.py
[2025-04-04T09:26:31.579+0000] {processor.py:914} INFO - Processing file /home/airflow/.local/lib/python3.12/site-packages/airflow/example_dags/tutorial_dag.py for tasks to queue
[2025-04-04T09:26:31.595+0000] {logging_mixin.py:190} INFO - [2025-04-04T09:26:31.594+0000] {dagbag.py:588} INFO - Filling up the DagBag from /home/airflow/.local/lib/python3.12/site-packages/airflow/example_dags/tutorial_dag.py
[2025-04-04T09:26:31.674+0000] {processor.py:925} INFO - DAG(s) 'tutorial_dag' retrieved from /home/airflow/.local/lib/python3.12/site-packages/airflow/example_dags/tutorial_dag.py
[2025-04-04T09:26:31.791+0000] {logging_mixin.py:190} INFO - [2025-04-04T09:26:31.790+0000] {dag.py:3239} INFO - Sync 1 DAGs
[2025-04-04T09:26:31.898+0000] {logging_mixin.py:190} INFO - [2025-04-04T09:26:31.895+0000] {dag.py:4180} INFO - Setting next_dagrun for tutorial_dag to None, run_after=None
[2025-04-04T09:26:32.001+0000] {processor.py:208} INFO - Processing /home/airflow/.local/lib/python3.12/site-packages/airflow/example_dags/tutorial_dag.py took 0.470 seconds
[2025-04-04T09:33:06.350+0000] {processor.py:186} INFO - Started process (PID=131) to work on /home/airflow/.local/lib/python3.12/site-packages/airflow/example_dags/tutorial_dag.py
[2025-04-04T09:33:06.358+0000] {processor.py:914} INFO - Processing file /home/airflow/.local/lib/python3.12/site-packages/airflow/example_dags/tutorial_dag.py for tasks to queue
[2025-04-04T09:33:06.381+0000] {logging_mixin.py:190} INFO - [2025-04-04T09:33:06.379+0000] {dagbag.py:588} INFO - Filling up the DagBag from /home/airflow/.local/lib/python3.12/site-packages/airflow/example_dags/tutorial_dag.py
[2025-04-04T09:33:06.572+0000] {processor.py:925} INFO - DAG(s) 'tutorial_dag' retrieved from /home/airflow/.local/lib/python3.12/site-packages/airflow/example_dags/tutorial_dag.py
[2025-04-04T09:33:06.926+0000] {logging_mixin.py:190} INFO - [2025-04-04T09:33:06.924+0000] {dag.py:3239} INFO - Sync 1 DAGs
[2025-04-04T09:33:07.065+0000] {logging_mixin.py:190} INFO - [2025-04-04T09:33:07.064+0000] {dag.py:4180} INFO - Setting next_dagrun for tutorial_dag to None, run_after=None
[2025-04-04T09:33:07.188+0000] {processor.py:208} INFO - Processing /home/airflow/.local/lib/python3.12/site-packages/airflow/example_dags/tutorial_dag.py took 0.882 seconds
