[2025-04-04T09:03:55.624+0000] {processor.py:186} INFO - Started process (PID=127) to work on /home/airflow/.local/lib/python3.12/site-packages/airflow/example_dags/tutorial_taskflow_api.py
[2025-04-04T09:03:55.641+0000] {processor.py:914} INFO - Processing file /home/airflow/.local/lib/python3.12/site-packages/airflow/example_dags/tutorial_taskflow_api.py for tasks to queue
[2025-04-04T09:03:55.702+0000] {logging_mixin.py:190} INFO - [2025-04-04T09:03:55.689+0000] {dagbag.py:588} INFO - Filling up the DagBag from /home/airflow/.local/lib/python3.12/site-packages/airflow/example_dags/tutorial_taskflow_api.py
[2025-04-04T09:03:55.948+0000] {processor.py:925} INFO - DAG(s) 'tutorial_taskflow_api' retrieved from /home/airflow/.local/lib/python3.12/site-packages/airflow/example_dags/tutorial_taskflow_api.py
[2025-04-04T09:03:57.702+0000] {logging_mixin.py:190} INFO - [2025-04-04T09:03:57.695+0000] {override.py:1912} INFO - Created Permission View: can delete on DAG:tutorial_taskflow_api
[2025-04-04T09:03:57.854+0000] {logging_mixin.py:190} INFO - [2025-04-04T09:03:57.852+0000] {override.py:1912} INFO - Created Permission View: can edit on DAG:tutorial_taskflow_api
[2025-04-04T09:03:57.938+0000] {logging_mixin.py:190} INFO - [2025-04-04T09:03:57.937+0000] {override.py:1912} INFO - Created Permission View: can read on DAG:tutorial_taskflow_api
[2025-04-04T09:03:58.009+0000] {logging_mixin.py:190} INFO - [2025-04-04T09:03:58.007+0000] {override.py:1912} INFO - Created Permission View: menu access on DAG Run:tutorial_taskflow_api
[2025-04-04T09:03:58.082+0000] {logging_mixin.py:190} INFO - [2025-04-04T09:03:58.080+0000] {override.py:1912} INFO - Created Permission View: can create on DAG Run:tutorial_taskflow_api
[2025-04-04T09:03:58.135+0000] {logging_mixin.py:190} INFO - [2025-04-04T09:03:58.133+0000] {override.py:1912} INFO - Created Permission View: can delete on DAG Run:tutorial_taskflow_api
[2025-04-04T09:03:58.195+0000] {logging_mixin.py:190} INFO - [2025-04-04T09:03:58.193+0000] {override.py:1912} INFO - Created Permission View: can read on DAG Run:tutorial_taskflow_api
[2025-04-04T09:03:58.199+0000] {logging_mixin.py:190} INFO - [2025-04-04T09:03:58.198+0000] {dag.py:3239} INFO - Sync 1 DAGs
[2025-04-04T09:03:58.347+0000] {logging_mixin.py:190} INFO - [2025-04-04T09:03:58.338+0000] {dag.py:3262} INFO - Creating ORM DAG for tutorial_taskflow_api
[2025-04-04T09:03:58.355+0000] {logging_mixin.py:190} INFO - [2025-04-04T09:03:58.353+0000] {dag.py:4180} INFO - Setting next_dagrun for tutorial_taskflow_api to None, run_after=None
[2025-04-04T09:03:58.581+0000] {processor.py:208} INFO - Processing /home/airflow/.local/lib/python3.12/site-packages/airflow/example_dags/tutorial_taskflow_api.py took 3.128 seconds
[2025-04-04T09:12:04.497+0000] {processor.py:186} INFO - Started process (PID=118) to work on /home/airflow/.local/lib/python3.12/site-packages/airflow/example_dags/tutorial_taskflow_api.py
[2025-04-04T09:12:04.606+0000] {processor.py:914} INFO - Processing file /home/airflow/.local/lib/python3.12/site-packages/airflow/example_dags/tutorial_taskflow_api.py for tasks to queue
[2025-04-04T09:12:04.653+0000] {logging_mixin.py:190} INFO - [2025-04-04T09:12:04.651+0000] {dagbag.py:588} INFO - Filling up the DagBag from /home/airflow/.local/lib/python3.12/site-packages/airflow/example_dags/tutorial_taskflow_api.py
[2025-04-04T09:12:04.766+0000] {processor.py:925} INFO - DAG(s) 'tutorial_taskflow_api' retrieved from /home/airflow/.local/lib/python3.12/site-packages/airflow/example_dags/tutorial_taskflow_api.py
[2025-04-04T09:12:04.940+0000] {logging_mixin.py:190} INFO - [2025-04-04T09:12:04.939+0000] {dag.py:3239} INFO - Sync 1 DAGs
[2025-04-04T09:12:05.107+0000] {logging_mixin.py:190} INFO - [2025-04-04T09:12:05.106+0000] {dag.py:4180} INFO - Setting next_dagrun for tutorial_taskflow_api to None, run_after=None
[2025-04-04T09:12:05.266+0000] {processor.py:208} INFO - Processing /home/airflow/.local/lib/python3.12/site-packages/airflow/example_dags/tutorial_taskflow_api.py took 0.900 seconds
[2025-04-04T09:16:45.846+0000] {processor.py:186} INFO - Started process (PID=114) to work on /home/airflow/.local/lib/python3.12/site-packages/airflow/example_dags/tutorial_taskflow_api.py
[2025-04-04T09:16:45.857+0000] {processor.py:914} INFO - Processing file /home/airflow/.local/lib/python3.12/site-packages/airflow/example_dags/tutorial_taskflow_api.py for tasks to queue
[2025-04-04T09:16:45.873+0000] {logging_mixin.py:190} INFO - [2025-04-04T09:16:45.871+0000] {dagbag.py:588} INFO - Filling up the DagBag from /home/airflow/.local/lib/python3.12/site-packages/airflow/example_dags/tutorial_taskflow_api.py
[2025-04-04T09:16:45.932+0000] {processor.py:925} INFO - DAG(s) 'tutorial_taskflow_api' retrieved from /home/airflow/.local/lib/python3.12/site-packages/airflow/example_dags/tutorial_taskflow_api.py
[2025-04-04T09:16:46.045+0000] {logging_mixin.py:190} INFO - [2025-04-04T09:16:46.043+0000] {dag.py:3239} INFO - Sync 1 DAGs
[2025-04-04T09:16:46.141+0000] {logging_mixin.py:190} INFO - [2025-04-04T09:16:46.140+0000] {dag.py:4180} INFO - Setting next_dagrun for tutorial_taskflow_api to None, run_after=None
[2025-04-04T09:16:46.241+0000] {processor.py:208} INFO - Processing /home/airflow/.local/lib/python3.12/site-packages/airflow/example_dags/tutorial_taskflow_api.py took 0.432 seconds
[2025-04-04T09:17:51.113+0000] {processor.py:186} INFO - Started process (PID=183) to work on /home/airflow/.local/lib/python3.12/site-packages/airflow/example_dags/tutorial_taskflow_api.py
[2025-04-04T09:17:51.119+0000] {processor.py:914} INFO - Processing file /home/airflow/.local/lib/python3.12/site-packages/airflow/example_dags/tutorial_taskflow_api.py for tasks to queue
[2025-04-04T09:17:51.140+0000] {logging_mixin.py:190} INFO - [2025-04-04T09:17:51.138+0000] {dagbag.py:588} INFO - Filling up the DagBag from /home/airflow/.local/lib/python3.12/site-packages/airflow/example_dags/tutorial_taskflow_api.py
[2025-04-04T09:17:51.210+0000] {processor.py:925} INFO - DAG(s) 'tutorial_taskflow_api' retrieved from /home/airflow/.local/lib/python3.12/site-packages/airflow/example_dags/tutorial_taskflow_api.py
[2025-04-04T09:17:51.333+0000] {logging_mixin.py:190} INFO - [2025-04-04T09:17:51.331+0000] {dag.py:3239} INFO - Sync 1 DAGs
[2025-04-04T09:17:51.453+0000] {logging_mixin.py:190} INFO - [2025-04-04T09:17:51.451+0000] {dag.py:4180} INFO - Setting next_dagrun for tutorial_taskflow_api to None, run_after=None
[2025-04-04T09:17:51.590+0000] {processor.py:208} INFO - Processing /home/airflow/.local/lib/python3.12/site-packages/airflow/example_dags/tutorial_taskflow_api.py took 0.521 seconds
[2025-04-04T09:18:30.424+0000] {processor.py:186} INFO - Started process (PID=246) to work on /home/airflow/.local/lib/python3.12/site-packages/airflow/example_dags/tutorial_taskflow_api.py
[2025-04-04T09:18:30.433+0000] {processor.py:914} INFO - Processing file /home/airflow/.local/lib/python3.12/site-packages/airflow/example_dags/tutorial_taskflow_api.py for tasks to queue
[2025-04-04T09:18:30.456+0000] {logging_mixin.py:190} INFO - [2025-04-04T09:18:30.454+0000] {dagbag.py:588} INFO - Filling up the DagBag from /home/airflow/.local/lib/python3.12/site-packages/airflow/example_dags/tutorial_taskflow_api.py
[2025-04-04T09:18:30.547+0000] {processor.py:925} INFO - DAG(s) 'tutorial_taskflow_api' retrieved from /home/airflow/.local/lib/python3.12/site-packages/airflow/example_dags/tutorial_taskflow_api.py
[2025-04-04T09:18:30.704+0000] {logging_mixin.py:190} INFO - [2025-04-04T09:18:30.702+0000] {dag.py:3239} INFO - Sync 1 DAGs
[2025-04-04T09:18:30.884+0000] {logging_mixin.py:190} INFO - [2025-04-04T09:18:30.883+0000] {dag.py:4180} INFO - Setting next_dagrun for tutorial_taskflow_api to None, run_after=None
[2025-04-04T09:18:31.004+0000] {processor.py:208} INFO - Processing /home/airflow/.local/lib/python3.12/site-packages/airflow/example_dags/tutorial_taskflow_api.py took 0.683 seconds
[2025-04-04T09:19:44.478+0000] {processor.py:186} INFO - Started process (PID=313) to work on /home/airflow/.local/lib/python3.12/site-packages/airflow/example_dags/tutorial_taskflow_api.py
[2025-04-04T09:19:44.504+0000] {processor.py:914} INFO - Processing file /home/airflow/.local/lib/python3.12/site-packages/airflow/example_dags/tutorial_taskflow_api.py for tasks to queue
[2025-04-04T09:19:44.573+0000] {logging_mixin.py:190} INFO - [2025-04-04T09:19:44.570+0000] {dagbag.py:588} INFO - Filling up the DagBag from /home/airflow/.local/lib/python3.12/site-packages/airflow/example_dags/tutorial_taskflow_api.py
[2025-04-04T09:19:44.843+0000] {processor.py:925} INFO - DAG(s) 'tutorial_taskflow_api' retrieved from /home/airflow/.local/lib/python3.12/site-packages/airflow/example_dags/tutorial_taskflow_api.py
[2025-04-04T09:19:45.251+0000] {logging_mixin.py:190} INFO - [2025-04-04T09:19:45.244+0000] {dag.py:3239} INFO - Sync 1 DAGs
[2025-04-04T09:19:45.525+0000] {logging_mixin.py:190} INFO - [2025-04-04T09:19:45.524+0000] {dag.py:4180} INFO - Setting next_dagrun for tutorial_taskflow_api to None, run_after=None
[2025-04-04T09:19:45.935+0000] {processor.py:208} INFO - Processing /home/airflow/.local/lib/python3.12/site-packages/airflow/example_dags/tutorial_taskflow_api.py took 1.616 seconds
[2025-04-04T09:21:00.881+0000] {processor.py:186} INFO - Started process (PID=389) to work on /home/airflow/.local/lib/python3.12/site-packages/airflow/example_dags/tutorial_taskflow_api.py
[2025-04-04T09:21:00.895+0000] {processor.py:914} INFO - Processing file /home/airflow/.local/lib/python3.12/site-packages/airflow/example_dags/tutorial_taskflow_api.py for tasks to queue
[2025-04-04T09:21:00.916+0000] {logging_mixin.py:190} INFO - [2025-04-04T09:21:00.914+0000] {dagbag.py:588} INFO - Filling up the DagBag from /home/airflow/.local/lib/python3.12/site-packages/airflow/example_dags/tutorial_taskflow_api.py
[2025-04-04T09:21:01.006+0000] {processor.py:925} INFO - DAG(s) 'tutorial_taskflow_api' retrieved from /home/airflow/.local/lib/python3.12/site-packages/airflow/example_dags/tutorial_taskflow_api.py
[2025-04-04T09:21:01.224+0000] {logging_mixin.py:190} INFO - [2025-04-04T09:21:01.223+0000] {dag.py:3239} INFO - Sync 1 DAGs
[2025-04-04T09:21:01.542+0000] {logging_mixin.py:190} INFO - [2025-04-04T09:21:01.541+0000] {dag.py:4180} INFO - Setting next_dagrun for tutorial_taskflow_api to None, run_after=None
[2025-04-04T09:21:01.651+0000] {processor.py:208} INFO - Processing /home/airflow/.local/lib/python3.12/site-packages/airflow/example_dags/tutorial_taskflow_api.py took 0.828 seconds
[2025-04-04T09:21:39.142+0000] {processor.py:186} INFO - Started process (PID=452) to work on /home/airflow/.local/lib/python3.12/site-packages/airflow/example_dags/tutorial_taskflow_api.py
[2025-04-04T09:21:39.146+0000] {processor.py:914} INFO - Processing file /home/airflow/.local/lib/python3.12/site-packages/airflow/example_dags/tutorial_taskflow_api.py for tasks to queue
[2025-04-04T09:21:39.157+0000] {logging_mixin.py:190} INFO - [2025-04-04T09:21:39.155+0000] {dagbag.py:588} INFO - Filling up the DagBag from /home/airflow/.local/lib/python3.12/site-packages/airflow/example_dags/tutorial_taskflow_api.py
[2025-04-04T09:21:39.195+0000] {processor.py:925} INFO - DAG(s) 'tutorial_taskflow_api' retrieved from /home/airflow/.local/lib/python3.12/site-packages/airflow/example_dags/tutorial_taskflow_api.py
[2025-04-04T09:21:39.279+0000] {logging_mixin.py:190} INFO - [2025-04-04T09:21:39.278+0000] {dag.py:3239} INFO - Sync 1 DAGs
[2025-04-04T09:21:39.336+0000] {logging_mixin.py:190} INFO - [2025-04-04T09:21:39.335+0000] {dag.py:4180} INFO - Setting next_dagrun for tutorial_taskflow_api to None, run_after=None
[2025-04-04T09:21:39.431+0000] {processor.py:208} INFO - Processing /home/airflow/.local/lib/python3.12/site-packages/airflow/example_dags/tutorial_taskflow_api.py took 0.317 seconds
[2025-04-04T09:22:22.198+0000] {processor.py:186} INFO - Started process (PID=516) to work on /home/airflow/.local/lib/python3.12/site-packages/airflow/example_dags/tutorial_taskflow_api.py
[2025-04-04T09:22:22.204+0000] {processor.py:914} INFO - Processing file /home/airflow/.local/lib/python3.12/site-packages/airflow/example_dags/tutorial_taskflow_api.py for tasks to queue
[2025-04-04T09:22:22.220+0000] {logging_mixin.py:190} INFO - [2025-04-04T09:22:22.217+0000] {dagbag.py:588} INFO - Filling up the DagBag from /home/airflow/.local/lib/python3.12/site-packages/airflow/example_dags/tutorial_taskflow_api.py
[2025-04-04T09:22:22.278+0000] {processor.py:925} INFO - DAG(s) 'tutorial_taskflow_api' retrieved from /home/airflow/.local/lib/python3.12/site-packages/airflow/example_dags/tutorial_taskflow_api.py
[2025-04-04T09:22:22.411+0000] {logging_mixin.py:190} INFO - [2025-04-04T09:22:22.410+0000] {dag.py:3239} INFO - Sync 1 DAGs
[2025-04-04T09:22:22.519+0000] {logging_mixin.py:190} INFO - [2025-04-04T09:22:22.518+0000] {dag.py:4180} INFO - Setting next_dagrun for tutorial_taskflow_api to None, run_after=None
[2025-04-04T09:22:22.621+0000] {processor.py:208} INFO - Processing /home/airflow/.local/lib/python3.12/site-packages/airflow/example_dags/tutorial_taskflow_api.py took 0.457 seconds
[2025-04-04T09:23:23.411+0000] {processor.py:186} INFO - Started process (PID=581) to work on /home/airflow/.local/lib/python3.12/site-packages/airflow/example_dags/tutorial_taskflow_api.py
[2025-04-04T09:23:23.417+0000] {processor.py:914} INFO - Processing file /home/airflow/.local/lib/python3.12/site-packages/airflow/example_dags/tutorial_taskflow_api.py for tasks to queue
[2025-04-04T09:23:23.433+0000] {logging_mixin.py:190} INFO - [2025-04-04T09:23:23.431+0000] {dagbag.py:588} INFO - Filling up the DagBag from /home/airflow/.local/lib/python3.12/site-packages/airflow/example_dags/tutorial_taskflow_api.py
[2025-04-04T09:23:23.485+0000] {processor.py:925} INFO - DAG(s) 'tutorial_taskflow_api' retrieved from /home/airflow/.local/lib/python3.12/site-packages/airflow/example_dags/tutorial_taskflow_api.py
[2025-04-04T09:23:23.726+0000] {logging_mixin.py:190} INFO - [2025-04-04T09:23:23.724+0000] {dag.py:3239} INFO - Sync 1 DAGs
[2025-04-04T09:23:23.913+0000] {logging_mixin.py:190} INFO - [2025-04-04T09:23:23.912+0000] {dag.py:4180} INFO - Setting next_dagrun for tutorial_taskflow_api to None, run_after=None
[2025-04-04T09:23:24.078+0000] {processor.py:208} INFO - Processing /home/airflow/.local/lib/python3.12/site-packages/airflow/example_dags/tutorial_taskflow_api.py took 0.740 seconds
[2025-04-04T09:24:00.941+0000] {processor.py:186} INFO - Started process (PID=644) to work on /home/airflow/.local/lib/python3.12/site-packages/airflow/example_dags/tutorial_taskflow_api.py
[2025-04-04T09:24:00.948+0000] {processor.py:914} INFO - Processing file /home/airflow/.local/lib/python3.12/site-packages/airflow/example_dags/tutorial_taskflow_api.py for tasks to queue
[2025-04-04T09:24:00.966+0000] {logging_mixin.py:190} INFO - [2025-04-04T09:24:00.964+0000] {dagbag.py:588} INFO - Filling up the DagBag from /home/airflow/.local/lib/python3.12/site-packages/airflow/example_dags/tutorial_taskflow_api.py
[2025-04-04T09:24:01.029+0000] {processor.py:925} INFO - DAG(s) 'tutorial_taskflow_api' retrieved from /home/airflow/.local/lib/python3.12/site-packages/airflow/example_dags/tutorial_taskflow_api.py
[2025-04-04T09:24:01.204+0000] {logging_mixin.py:190} INFO - [2025-04-04T09:24:01.203+0000] {dag.py:3239} INFO - Sync 1 DAGs
[2025-04-04T09:24:01.344+0000] {logging_mixin.py:190} INFO - [2025-04-04T09:24:01.343+0000] {dag.py:4180} INFO - Setting next_dagrun for tutorial_taskflow_api to None, run_after=None
[2025-04-04T09:24:01.517+0000] {processor.py:208} INFO - Processing /home/airflow/.local/lib/python3.12/site-packages/airflow/example_dags/tutorial_taskflow_api.py took 0.625 seconds
[2025-04-04T09:24:35.150+0000] {processor.py:186} INFO - Started process (PID=706) to work on /home/airflow/.local/lib/python3.12/site-packages/airflow/example_dags/tutorial_taskflow_api.py
[2025-04-04T09:24:35.165+0000] {processor.py:914} INFO - Processing file /home/airflow/.local/lib/python3.12/site-packages/airflow/example_dags/tutorial_taskflow_api.py for tasks to queue
[2025-04-04T09:24:35.191+0000] {logging_mixin.py:190} INFO - [2025-04-04T09:24:35.188+0000] {dagbag.py:588} INFO - Filling up the DagBag from /home/airflow/.local/lib/python3.12/site-packages/airflow/example_dags/tutorial_taskflow_api.py
[2025-04-04T09:24:35.297+0000] {processor.py:925} INFO - DAG(s) 'tutorial_taskflow_api' retrieved from /home/airflow/.local/lib/python3.12/site-packages/airflow/example_dags/tutorial_taskflow_api.py
[2025-04-04T09:24:35.524+0000] {logging_mixin.py:190} INFO - [2025-04-04T09:24:35.524+0000] {dag.py:3239} INFO - Sync 1 DAGs
[2025-04-04T09:24:35.723+0000] {logging_mixin.py:190} INFO - [2025-04-04T09:24:35.721+0000] {dag.py:4180} INFO - Setting next_dagrun for tutorial_taskflow_api to None, run_after=None
[2025-04-04T09:24:35.957+0000] {processor.py:208} INFO - Processing /home/airflow/.local/lib/python3.12/site-packages/airflow/example_dags/tutorial_taskflow_api.py took 0.894 seconds
[2025-04-04T09:25:11.299+0000] {processor.py:186} INFO - Started process (PID=763) to work on /home/airflow/.local/lib/python3.12/site-packages/airflow/example_dags/tutorial_taskflow_api.py
[2025-04-04T09:25:11.304+0000] {processor.py:914} INFO - Processing file /home/airflow/.local/lib/python3.12/site-packages/airflow/example_dags/tutorial_taskflow_api.py for tasks to queue
[2025-04-04T09:25:11.317+0000] {logging_mixin.py:190} INFO - [2025-04-04T09:25:11.315+0000] {dagbag.py:588} INFO - Filling up the DagBag from /home/airflow/.local/lib/python3.12/site-packages/airflow/example_dags/tutorial_taskflow_api.py
[2025-04-04T09:25:11.377+0000] {processor.py:925} INFO - DAG(s) 'tutorial_taskflow_api' retrieved from /home/airflow/.local/lib/python3.12/site-packages/airflow/example_dags/tutorial_taskflow_api.py
[2025-04-04T09:25:11.491+0000] {logging_mixin.py:190} INFO - [2025-04-04T09:25:11.490+0000] {dag.py:3239} INFO - Sync 1 DAGs
[2025-04-04T09:25:11.583+0000] {logging_mixin.py:190} INFO - [2025-04-04T09:25:11.582+0000] {dag.py:4180} INFO - Setting next_dagrun for tutorial_taskflow_api to None, run_after=None
[2025-04-04T09:25:11.705+0000] {processor.py:208} INFO - Processing /home/airflow/.local/lib/python3.12/site-packages/airflow/example_dags/tutorial_taskflow_api.py took 0.441 seconds
[2025-04-04T09:25:53.420+0000] {processor.py:186} INFO - Started process (PID=831) to work on /home/airflow/.local/lib/python3.12/site-packages/airflow/example_dags/tutorial_taskflow_api.py
[2025-04-04T09:25:53.429+0000] {processor.py:914} INFO - Processing file /home/airflow/.local/lib/python3.12/site-packages/airflow/example_dags/tutorial_taskflow_api.py for tasks to queue
[2025-04-04T09:25:53.443+0000] {logging_mixin.py:190} INFO - [2025-04-04T09:25:53.441+0000] {dagbag.py:588} INFO - Filling up the DagBag from /home/airflow/.local/lib/python3.12/site-packages/airflow/example_dags/tutorial_taskflow_api.py
[2025-04-04T09:25:53.514+0000] {processor.py:925} INFO - DAG(s) 'tutorial_taskflow_api' retrieved from /home/airflow/.local/lib/python3.12/site-packages/airflow/example_dags/tutorial_taskflow_api.py
[2025-04-04T09:25:53.718+0000] {logging_mixin.py:190} INFO - [2025-04-04T09:25:53.714+0000] {dag.py:3239} INFO - Sync 1 DAGs
[2025-04-04T09:25:53.892+0000] {logging_mixin.py:190} INFO - [2025-04-04T09:25:53.891+0000] {dag.py:4180} INFO - Setting next_dagrun for tutorial_taskflow_api to None, run_after=None
[2025-04-04T09:25:54.138+0000] {processor.py:208} INFO - Processing /home/airflow/.local/lib/python3.12/site-packages/airflow/example_dags/tutorial_taskflow_api.py took 0.768 seconds
[2025-04-04T09:26:30.030+0000] {processor.py:186} INFO - Started process (PID=889) to work on /home/airflow/.local/lib/python3.12/site-packages/airflow/example_dags/tutorial_taskflow_api.py
[2025-04-04T09:26:30.040+0000] {processor.py:914} INFO - Processing file /home/airflow/.local/lib/python3.12/site-packages/airflow/example_dags/tutorial_taskflow_api.py for tasks to queue
[2025-04-04T09:26:30.060+0000] {logging_mixin.py:190} INFO - [2025-04-04T09:26:30.058+0000] {dagbag.py:588} INFO - Filling up the DagBag from /home/airflow/.local/lib/python3.12/site-packages/airflow/example_dags/tutorial_taskflow_api.py
[2025-04-04T09:26:30.153+0000] {processor.py:925} INFO - DAG(s) 'tutorial_taskflow_api' retrieved from /home/airflow/.local/lib/python3.12/site-packages/airflow/example_dags/tutorial_taskflow_api.py
[2025-04-04T09:26:30.387+0000] {logging_mixin.py:190} INFO - [2025-04-04T09:26:30.383+0000] {dag.py:3239} INFO - Sync 1 DAGs
[2025-04-04T09:26:30.468+0000] {logging_mixin.py:190} INFO - [2025-04-04T09:26:30.467+0000] {dag.py:4180} INFO - Setting next_dagrun for tutorial_taskflow_api to None, run_after=None
[2025-04-04T09:26:30.573+0000] {processor.py:208} INFO - Processing /home/airflow/.local/lib/python3.12/site-packages/airflow/example_dags/tutorial_taskflow_api.py took 0.591 seconds
[2025-04-04T09:33:05.511+0000] {processor.py:186} INFO - Started process (PID=129) to work on /home/airflow/.local/lib/python3.12/site-packages/airflow/example_dags/tutorial_taskflow_api.py
[2025-04-04T09:33:05.520+0000] {processor.py:914} INFO - Processing file /home/airflow/.local/lib/python3.12/site-packages/airflow/example_dags/tutorial_taskflow_api.py for tasks to queue
[2025-04-04T09:33:05.551+0000] {logging_mixin.py:190} INFO - [2025-04-04T09:33:05.545+0000] {dagbag.py:588} INFO - Filling up the DagBag from /home/airflow/.local/lib/python3.12/site-packages/airflow/example_dags/tutorial_taskflow_api.py
[2025-04-04T09:33:05.622+0000] {processor.py:925} INFO - DAG(s) 'tutorial_taskflow_api' retrieved from /home/airflow/.local/lib/python3.12/site-packages/airflow/example_dags/tutorial_taskflow_api.py
[2025-04-04T09:33:05.758+0000] {logging_mixin.py:190} INFO - [2025-04-04T09:33:05.756+0000] {dag.py:3239} INFO - Sync 1 DAGs
[2025-04-04T09:33:05.869+0000] {logging_mixin.py:190} INFO - [2025-04-04T09:33:05.868+0000] {dag.py:4180} INFO - Setting next_dagrun for tutorial_taskflow_api to None, run_after=None
[2025-04-04T09:33:05.993+0000] {processor.py:208} INFO - Processing /home/airflow/.local/lib/python3.12/site-packages/airflow/example_dags/tutorial_taskflow_api.py took 0.555 seconds
